Module;Type;Date;Details;Time;Error Type;Error Details;Error Line
Batch 0;INFO;2020-04-12 17:06:41;1. Select all songs in match-query (S3)
Batch 0;INFO;2020-04-12 17:06:41;1. Select all songs in match-query (S3) (Completed)
Batch 0;INFO;2020-04-12 17:06:41;2. Running download iterations
Batch 0;INFO;2020-04-12 17:06:44;        Downloaded: TRNPEOL12903CBC2B8
Batch 0;INFO;2020-04-12 17:06:48;        Downloaded: TRXRACP12903CDB5E3
Batch 0;INFO;2020-04-12 17:06:50;        Downloaded: TRFTZYT12903CF81B1
Batch 0;INFO;2020-04-12 17:06:53;        Downloaded: TRUQYPR128F92D067F
Batch 0;INFO;2020-04-12 17:06:56;        Downloaded: TRIWOBB128F4264F5F
Batch 0;INFO;2020-04-12 17:06:59;        Downloaded: TRURJVA128F931FAC2
Batch 0;INFO;2020-04-12 17:07:02;        Downloaded: TRXQNOE128F932C2FD
Batch 0;INFO;2020-04-12 17:07:05;        Downloaded: TRCNXRX128F4270ABD
Batch 0;INFO;2020-04-12 17:07:11;        Downloaded: TRPNWLF128F92F7B78
Batch 0;INFO;2020-04-12 17:07:14;        Downloaded: TRCOTCP12903CD43C4
Batch 0;INFO;2020-04-12 17:07:18;        Downloaded: TRFTURH128F9330FCA
Batch 0;INFO;2020-04-12 17:07:22;        Downloaded: TRPNZGM12903CD9143
Batch 0;INFO;2020-04-12 17:07:24;        Downloaded: TRCOVPI128F931B5D0
Batch 0;INFO;2020-04-12 17:07:27;        Downloaded: TRXQHWF12903D02324
Batch 0;INFO;2020-04-12 17:07:30;        Downloaded: TRIWOVY12903CE68A5
Batch 0;INFO;2020-04-12 17:07:33;        Downloaded: TRXRCHH128F428DB09
Batch 0;INFO;2020-04-12 17:07:36;        Downloaded: TRXRDYU128F4290ADB
Batch 0;INFO;2020-04-12 17:07:38;        Downloaded: TRLLVVC128F428B577
Batch 0;INFO;2020-04-12 17:07:41;        Downloaded: TRCNBYA12903D098B4
Batch 0;INFO;2020-04-12 17:07:45;        Downloaded: TRXSCHT128F930F924
Batch 0;INFO;2020-04-12 17:07:48;        Downloaded: TRUQPBX128F9316B24
Batch 0;INFO;2020-04-12 17:07:52;        Downloaded: TRFUHCL12903D052E5
Batch 0;INFO;2020-04-12 17:07:56;        Downloaded: TRCNJCT128F42636B9
Batch 0;INFO;2020-04-12 17:07:59;        Downloaded: TRPMZXK128F92D382A
Batch 0;INFO;2020-04-12 17:08:03;        Downloaded: TRCNKID128F427B703
Batch 0;INFO;2020-04-12 17:08:07;        Downloaded: TRXRRBS128F9323755
Batch 0;INFO;2020-04-12 17:08:10;        Downloaded: TRUQXHB12903CA91A2
Batch 0;INFO;2020-04-12 17:08:13;        Downloaded: TRLLYSJ128F932D5AD
Batch 0;INFO;2020-04-12 17:08:16;        Downloaded: TRFUCJQ12903CE77A5
Batch 0;INFO;2020-04-12 17:08:19;        Downloaded: TRFTTDL128F9337C5C
Batch 0;INFO;2020-04-12 17:08:22;        Downloaded: TRLMTKS128F1484C91
Batch 0;INFO;2020-04-12 17:08:24;        Downloaded: TRFTSUS128F427C89E
Batch 0;INFO;2020-04-12 17:12:16;        -- Uploaded: TRCNBYA12903D098B4.mp3
Batch 0;INFO;2020-04-12 17:17:50;1. Select all songs in match-query (S3)
Batch 0;INFO;2020-04-12 17:17:50;1. Select all songs in match-query (S3) (Completed)
Batch 0;INFO;2020-04-12 17:17:50;2. Running download iterations
Batch 0;INFO;2020-04-12 17:17:53;        Downloaded: TRNPEOL12903CBC2B8
Batch 0;INFO;2020-04-12 17:17:56;        Downloaded: TRXRACP12903CDB5E3
Batch 0;INFO;2020-04-12 17:17:58;        Downloaded: TRFTZYT12903CF81B1
Batch 0;INFO;2020-04-12 17:18:01;        Downloaded: TRUQYPR128F92D067F
Batch 0;INFO;2020-04-12 17:18:04;        Downloaded: TRIWOBB128F4264F5F
Batch 0;INFO;2020-04-12 17:18:08;        Downloaded: TRURJVA128F931FAC2
Batch 0;INFO;2020-04-12 17:18:10;        Downloaded: TRXQNOE128F932C2FD
Batch 0;INFO;2020-04-12 17:18:13;        Downloaded: TRCNXRX128F4270ABD
Batch 0;INFO;2020-04-12 17:18:18;        Downloaded: TRPNWLF128F92F7B78
Batch 0;INFO;2020-04-12 17:18:22;        Downloaded: TRCOTCP12903CD43C4
Batch 0;INFO;2020-04-12 17:18:25;        Downloaded: TRFTURH128F9330FCA
Batch 0;INFO;2020-04-12 17:18:29;        Downloaded: TRPNZGM12903CD9143
Batch 0;INFO;2020-04-12 17:18:32;        Downloaded: TRCOVPI128F931B5D0
Batch 0;INFO;2020-04-12 17:18:35;        Downloaded: TRXQHWF12903D02324
Batch 0;INFO;2020-04-12 17:18:37;        Downloaded: TRIWOVY12903CE68A5
