Module;Type;Date;Details;Time;Error Type;Error Details;Error Line
Batch 1;INFO;2020-03-31 18:18:58;1. Select all songs in nonmatch-query (S3)
Batch 1;INFO;2020-03-31 18:18:58;1. Select all songs in nonmatch-query (S3) (Completed)
Batch 1;INFO;2020-03-31 18:18:58;3 Starting webscrapping...
Batch 1;INFO;2020-03-31 18:19:02;    3.0 ERROR: Error in iteration : 1
Batch 1;INFO;2020-03-31 18:19:59;    3.1 Uploaded Counter Iteration: 50
Batch 1;INFO;2020-03-31 18:20:54;    3.1 Uploaded Counter Iteration: 100
Batch 1;INFO;2020-03-31 18:21:51;    3.1 Uploaded Counter Iteration: 150
Batch 1;INFO;2020-03-31 18:22:46;    3.1 Uploaded Counter Iteration: 200
Batch 1;INFO;2020-03-31 18:23:42;    3.1 Uploaded Counter Iteration: 250
Batch 1;INFO;2020-03-31 18:24:41;    3.1 Uploaded Counter Iteration: 300
Batch 1;INFO;2020-03-31 18:25:39;    3.1 Uploaded Counter Iteration: 350
Batch 1;INFO;2020-03-31 18:26:36;    3.1 Uploaded Counter Iteration: 400
Batch 1;INFO;2020-03-31 18:27:32;    3.1 Uploaded Counter Iteration: 450
Batch 1;INFO;2020-03-31 18:28:27;    3.1 Uploaded Counter Iteration: 500
Batch 1;INFO;2020-03-31 18:29:24;    3.1 Uploaded Counter Iteration: 550
Batch 1;INFO;2020-03-31 18:30:23;    3.1 Uploaded Counter Iteration: 600
Batch 1;INFO;2020-03-31 18:31:19;    3.1 Uploaded Counter Iteration: 650
Batch 1;INFO;2020-03-31 18:32:16;    3.1 Uploaded Counter Iteration: 700
Batch 1;INFO;2020-03-31 18:33:14;    3.1 Uploaded Counter Iteration: 750
Batch 1;INFO;2020-03-31 18:34:10;    3.1 Uploaded Counter Iteration: 800
Batch 1;INFO;2020-03-31 18:35:07;    3.1 Uploaded Counter Iteration: 850
Batch 1;INFO;2020-03-31 18:36:05;    3.1 Uploaded Counter Iteration: 900
Batch 1;INFO;2020-03-31 18:37:00;    3.1 Uploaded Counter Iteration: 950
Batch 1;INFO;2020-03-31 18:37:57;    3.1 Uploaded Counter Iteration: 1000
Batch 1;INFO;2020-03-31 18:38:54;    3.1 Uploaded Counter Iteration: 1050
Batch 1;INFO;2020-03-31 18:39:51;    3.1 Uploaded Counter Iteration: 1100
Batch 1;INFO;2020-03-31 18:40:50;    3.1 Uploaded Counter Iteration: 1150
Batch 1;INFO;2020-03-31 18:41:48;    3.1 Uploaded Counter Iteration: 1200
Batch 1;INFO;2020-03-31 18:42:44;    3.1 Uploaded Counter Iteration: 1250
Batch 1;INFO;2020-03-31 18:43:42;    3.1 Uploaded Counter Iteration: 1300
Batch 1;INFO;2020-03-31 18:44:38;    3.1 Uploaded Counter Iteration: 1350
Batch 1;INFO;2020-03-31 18:45:34;    3.1 Uploaded Counter Iteration: 1400
Batch 1;INFO;2020-03-31 18:46:31;    3.1 Uploaded Counter Iteration: 1450
Batch 1;INFO;2020-03-31 18:47:28;    3.1 Uploaded Counter Iteration: 1500
Batch 1;INFO;2020-03-31 18:48:25;    3.1 Uploaded Counter Iteration: 1550
Batch 1;INFO;2020-03-31 18:49:21;    3.1 Uploaded Counter Iteration: 1600
Batch 1;INFO;2020-03-31 18:50:17;    3.1 Uploaded Counter Iteration: 1650
Batch 1;INFO;2020-03-31 18:51:15;    3.1 Uploaded Counter Iteration: 1700
Batch 1;INFO;2020-03-31 18:52:16;    3.1 Uploaded Counter Iteration: 1750
Batch 1;INFO;2020-03-31 18:53:13;    3.1 Uploaded Counter Iteration: 1800
Batch 1;INFO;2020-03-31 18:54:09;    3.1 Uploaded Counter Iteration: 1850
Batch 1;INFO;2020-03-31 18:55:04;    3.1 Uploaded Counter Iteration: 1900
Batch 1;INFO;2020-03-31 18:56:03;    3.1 Uploaded Counter Iteration: 1950
Batch 1;INFO;2020-03-31 18:56:59;    3.1 Uploaded Counter Iteration: 2000
Batch 1;INFO;2020-03-31 18:57:58;    3.1 Uploaded Counter Iteration: 2050
Batch 1;INFO;2020-03-31 18:58:54;    3.1 Uploaded Counter Iteration: 2100
Batch 1;INFO;2020-03-31 18:59:52;    3.1 Uploaded Counter Iteration: 2150
Batch 1;INFO;2020-03-31 19:00:52;    3.1 Uploaded Counter Iteration: 2200
Batch 1;INFO;2020-03-31 19:01:52;    3.1 Uploaded Counter Iteration: 2250
Batch 1;INFO;2020-03-31 19:02:50;    3.1 Uploaded Counter Iteration: 2300
Batch 1;INFO;2020-03-31 19:03:50;    3.1 Uploaded Counter Iteration: 2350
Batch 1;INFO;2020-03-31 19:04:48;    3.1 Uploaded Counter Iteration: 2400
Batch 1;INFO;2020-03-31 19:05:45;    3.1 Uploaded Counter Iteration: 2450
Batch 1;INFO;2020-03-31 19:06:43;    3.1 Uploaded Counter Iteration: 2500
Batch 1;INFO;2020-03-31 19:07:41;    3.1 Uploaded Counter Iteration: 2550
Batch 1;INFO;2020-03-31 19:08:41;    3.1 Uploaded Counter Iteration: 2600
Batch 1;INFO;2020-03-31 19:09:41;    3.1 Uploaded Counter Iteration: 2650
Batch 1;INFO;2020-03-31 19:10:37;    3.1 Uploaded Counter Iteration: 2700
Batch 1;INFO;2020-03-31 19:11:38;    3.1 Uploaded Counter Iteration: 2750
Batch 1;INFO;2020-03-31 19:12:36;    3.1 Uploaded Counter Iteration: 2800
Batch 1;INFO;2020-03-31 19:13:36;    3.1 Uploaded Counter Iteration: 2850
Batch 1;INFO;2020-03-31 19:14:32;    3.1 Uploaded Counter Iteration: 2900
Batch 1;INFO;2020-03-31 19:15:32;    3.1 Uploaded Counter Iteration: 2950
Batch 1;INFO;2020-03-31 19:16:32;    3.1 Uploaded Counter Iteration: 3000
Batch 1;INFO;2020-03-31 19:17:31;    3.1 Uploaded Counter Iteration: 3050
Batch 1;INFO;2020-03-31 19:18:30;    3.1 Uploaded Counter Iteration: 3100
Batch 1;INFO;2020-03-31 19:19:28;    3.1 Uploaded Counter Iteration: 3150
Batch 1;INFO;2020-03-31 19:20:26;    3.1 Uploaded Counter Iteration: 3200
Batch 1;INFO;2020-03-31 19:21:24;    3.1 Uploaded Counter Iteration: 3250
Batch 1;INFO;2020-03-31 19:22:22;    3.1 Uploaded Counter Iteration: 3300
Batch 1;INFO;2020-03-31 19:23:22;    3.1 Uploaded Counter Iteration: 3350
Batch 1;INFO;2020-03-31 19:24:19;    3.1 Uploaded Counter Iteration: 3400
Batch 1;INFO;2020-03-31 19:25:16;    3.1 Uploaded Counter Iteration: 3450
Batch 1;INFO;2020-03-31 19:26:13;    3.1 Uploaded Counter Iteration: 3500
Batch 1;INFO;2020-03-31 19:27:10;    3.1 Uploaded Counter Iteration: 3550
Batch 1;INFO;2020-03-31 19:28:08;    3.1 Uploaded Counter Iteration: 3600
Batch 1;INFO;2020-03-31 19:29:09;    3.1 Uploaded Counter Iteration: 3650
Batch 1;INFO;2020-03-31 19:30:09;    3.1 Uploaded Counter Iteration: 3700
Batch 1;INFO;2020-03-31 19:31:09;    3.1 Uploaded Counter Iteration: 3750
Batch 1;INFO;2020-03-31 19:32:06;    3.1 Uploaded Counter Iteration: 3800
Batch 1;INFO;2020-03-31 19:33:08;    3.1 Uploaded Counter Iteration: 3850
Batch 1;INFO;2020-03-31 19:34:10;    3.1 Uploaded Counter Iteration: 3900
Batch 1;INFO;2020-03-31 19:35:11;    3.1 Uploaded Counter Iteration: 3950
Batch 1;INFO;2020-03-31 19:36:12;    3.1 Uploaded Counter Iteration: 4000
Batch 1;INFO;2020-03-31 19:37:12;    3.1 Uploaded Counter Iteration: 4050
Batch 1;INFO;2020-03-31 19:38:12;    3.1 Uploaded Counter Iteration: 4100
Batch 1;INFO;2020-03-31 19:39:09;    3.1 Uploaded Counter Iteration: 4150
Batch 1;INFO;2020-03-31 19:40:13;    3.1 Uploaded Counter Iteration: 4200
Batch 1;INFO;2020-03-31 19:41:14;    3.1 Uploaded Counter Iteration: 4250
Batch 1;INFO;2020-03-31 19:42:14;    3.1 Uploaded Counter Iteration: 4300
Batch 1;INFO;2020-03-31 19:43:16;    3.1 Uploaded Counter Iteration: 4350
Batch 1;INFO;2020-03-31 19:44:18;    3.1 Uploaded Counter Iteration: 4400
Batch 1;INFO;2020-03-31 19:45:17;    3.1 Uploaded Counter Iteration: 4450
Batch 1;INFO;2020-03-31 19:46:16;    3.1 Uploaded Counter Iteration: 4500
Batch 1;INFO;2020-03-31 19:47:14;    3.1 Uploaded Counter Iteration: 4550
Batch 1;INFO;2020-03-31 19:48:18;    3.1 Uploaded Counter Iteration: 4600
Batch 1;INFO;2020-03-31 19:49:16;    3.1 Uploaded Counter Iteration: 4650
Batch 1;INFO;2020-03-31 19:50:18;    3.1 Uploaded Counter Iteration: 4700
Batch 1;INFO;2020-03-31 19:51:18;    3.1 Uploaded Counter Iteration: 4750
Batch 1;INFO;2020-03-31 19:52:18;    3.1 Uploaded Counter Iteration: 4800
Batch 1;INFO;2020-03-31 19:53:17;    3.1 Uploaded Counter Iteration: 4850
Batch 1;INFO;2020-03-31 19:54:20;    3.1 Uploaded Counter Iteration: 4900
Batch 1;INFO;2020-03-31 19:55:25;    3.1 Uploaded Counter Iteration: 4950
Batch 1;INFO;2020-03-31 19:56:24;    3.1 Uploaded Counter Iteration: 5000
Batch 1;INFO;2020-03-31 19:57:24;    3.1 Uploaded Counter Iteration: 5050
Batch 1;INFO;2020-03-31 19:58:24;    3.1 Uploaded Counter Iteration: 5100
Batch 1;INFO;2020-03-31 19:59:23;    3.1 Uploaded Counter Iteration: 5150
Batch 1;INFO;2020-03-31 20:00:28;    3.1 Uploaded Counter Iteration: 5200
Batch 1;INFO;2020-03-31 20:01:29;    3.1 Uploaded Counter Iteration: 5250
Batch 1;INFO;2020-03-31 20:02:28;    3.1 Uploaded Counter Iteration: 5300
Batch 1;INFO;2020-03-31 20:03:29;    3.1 Uploaded Counter Iteration: 5350
Batch 1;INFO;2020-03-31 20:04:28;    3.1 Uploaded Counter Iteration: 5400
Batch 1;INFO;2020-03-31 20:05:29;    3.1 Uploaded Counter Iteration: 5450
Batch 1;INFO;2020-03-31 20:06:30;    3.1 Uploaded Counter Iteration: 5500
Batch 1;INFO;2020-03-31 20:07:30;    3.1 Uploaded Counter Iteration: 5550
Batch 1;INFO;2020-03-31 20:08:33;    3.1 Uploaded Counter Iteration: 5600
Batch 1;INFO;2020-03-31 20:09:35;    3.1 Uploaded Counter Iteration: 5650
Batch 1;INFO;2020-03-31 20:10:37;    3.1 Uploaded Counter Iteration: 5700
Batch 1;INFO;2020-03-31 20:11:39;    3.1 Uploaded Counter Iteration: 5750
Batch 1;INFO;2020-03-31 20:12:41;    3.1 Uploaded Counter Iteration: 5800
Batch 1;INFO;2020-03-31 20:13:43;    3.1 Uploaded Counter Iteration: 5850
Batch 1;INFO;2020-03-31 20:14:44;    3.1 Uploaded Counter Iteration: 5900
Batch 1;INFO;2020-03-31 20:15:47;    3.1 Uploaded Counter Iteration: 5950
Batch 1;INFO;2020-03-31 20:16:48;    3.1 Uploaded Counter Iteration: 6000
Batch 1;INFO;2020-03-31 20:17:50;    3.1 Uploaded Counter Iteration: 6050
Batch 1;INFO;2020-03-31 20:18:52;    3.1 Uploaded Counter Iteration: 6100
Batch 1;INFO;2020-03-31 20:19:53;    3.1 Uploaded Counter Iteration: 6150
Batch 1;INFO;2020-03-31 20:20:54;    3.1 Uploaded Counter Iteration: 6200
Batch 1;INFO;2020-03-31 20:21:55;    3.1 Uploaded Counter Iteration: 6250
Batch 1;INFO;2020-03-31 20:22:57;    3.1 Uploaded Counter Iteration: 6300
Batch 1;INFO;2020-03-31 20:23:57;    3.1 Uploaded Counter Iteration: 6350
Batch 1;INFO;2020-03-31 20:24:58;    3.1 Uploaded Counter Iteration: 6400
Batch 1;INFO;2020-03-31 20:25:59;    3.1 Uploaded Counter Iteration: 6450
Batch 1;INFO;2020-03-31 20:27:02;    3.1 Uploaded Counter Iteration: 6500
Batch 1;INFO;2020-03-31 20:28:04;    3.1 Uploaded Counter Iteration: 6550
Batch 1;INFO;2020-03-31 20:29:05;    3.1 Uploaded Counter Iteration: 6600
Batch 1;INFO;2020-03-31 20:30:06;    3.1 Uploaded Counter Iteration: 6650
Batch 1;INFO;2020-03-31 20:31:07;    3.1 Uploaded Counter Iteration: 6700
Batch 1;INFO;2020-03-31 20:32:07;    3.1 Uploaded Counter Iteration: 6750
Batch 1;INFO;2020-03-31 20:33:10;    3.1 Uploaded Counter Iteration: 6800
Batch 1;INFO;2020-03-31 20:34:12;    3.1 Uploaded Counter Iteration: 6850
Batch 1;INFO;2020-03-31 20:35:13;    3.1 Uploaded Counter Iteration: 6900
Batch 1;INFO;2020-03-31 20:36:18;    3.1 Uploaded Counter Iteration: 6950
Batch 1;INFO;2020-03-31 20:37:19;    3.1 Uploaded Counter Iteration: 7000
Batch 1;INFO;2020-03-31 20:38:19;    3.1 Uploaded Counter Iteration: 7050
Batch 1;INFO;2020-03-31 20:39:20;    3.1 Uploaded Counter Iteration: 7100
Batch 1;INFO;2020-03-31 20:40:22;    3.1 Uploaded Counter Iteration: 7150
Batch 1;INFO;2020-03-31 20:41:24;    3.1 Uploaded Counter Iteration: 7200
Batch 1;INFO;2020-03-31 20:42:25;    3.1 Uploaded Counter Iteration: 7250
Batch 1;INFO;2020-03-31 20:43:29;    3.1 Uploaded Counter Iteration: 7300
Batch 1;INFO;2020-03-31 20:44:33;    3.1 Uploaded Counter Iteration: 7350
Batch 1;INFO;2020-03-31 20:45:34;    3.1 Uploaded Counter Iteration: 7400
Batch 1;INFO;2020-03-31 20:46:36;    3.1 Uploaded Counter Iteration: 7450
Batch 1;INFO;2020-03-31 20:48:51;    3.1 Uploaded Counter Iteration: 7500
Batch 1;INFO;2020-03-31 20:50:44;    3.1 Uploaded Counter Iteration: 7550
Batch 1;INFO;2020-03-31 20:53:16;    3.1 Uploaded Counter Iteration: 7600
Batch 1;INFO;2020-03-31 20:55:32;    3.1 Uploaded Counter Iteration: 7650
Batch 1;INFO;2020-03-31 20:57:39;    3.1 Uploaded Counter Iteration: 7700
Batch 1;INFO;2020-03-31 21:00:25;    3.1 Uploaded Counter Iteration: 7750
Batch 1;INFO;2020-03-31 21:02:06;    3.1 Uploaded Counter Iteration: 7800
Batch 1;INFO;2020-03-31 21:05:16;    3.1 Uploaded Counter Iteration: 7850
Batch 1;INFO;2020-03-31 21:06:29;    3.1 Uploaded Counter Iteration: 7900
Batch 1;INFO;2020-03-31 21:10:05;    3.1 Uploaded Counter Iteration: 7950
Batch 1;INFO;2020-03-31 21:11:10;    3.1 Uploaded Counter Iteration: 8000
Batch 1;INFO;2020-03-31 21:14:51;    3.1 Uploaded Counter Iteration: 8050
Batch 1;INFO;2020-03-31 21:15:59;    3.1 Uploaded Counter Iteration: 8100
Batch 1;INFO;2020-03-31 21:19:12;    3.1 Uploaded Counter Iteration: 8150
Batch 1;INFO;2020-03-31 21:20:49;    3.1 Uploaded Counter Iteration: 8200
Batch 1;INFO;2020-03-31 21:23:46;    3.1 Uploaded Counter Iteration: 8250
Batch 1;INFO;2020-03-31 21:25:43;    3.1 Uploaded Counter Iteration: 8300
Batch 1;INFO;2020-03-31 21:28:20;    3.1 Uploaded Counter Iteration: 8350
Batch 1;INFO;2020-03-31 21:30:37;    3.1 Uploaded Counter Iteration: 8400
Batch 1;INFO;2020-03-31 21:32:59;    3.1 Uploaded Counter Iteration: 8450
Batch 1;INFO;2020-03-31 21:35:31;    3.1 Uploaded Counter Iteration: 8500
Batch 1;INFO;2020-03-31 21:37:28;    3.1 Uploaded Counter Iteration: 8550
Batch 1;INFO;2020-03-31 21:40:24;    3.1 Uploaded Counter Iteration: 8600
Batch 1;INFO;2020-03-31 21:42:02;    3.1 Uploaded Counter Iteration: 8650
Batch 1;INFO;2020-03-31 21:45:16;    3.1 Uploaded Counter Iteration: 8700
Batch 1;INFO;2020-03-31 21:46:36;    3.1 Uploaded Counter Iteration: 8750
Batch 1;INFO;2020-03-31 21:50:10;    3.1 Uploaded Counter Iteration: 8800
Batch 1;INFO;2020-03-31 21:51:15;    3.1 Uploaded Counter Iteration: 8850
Batch 1;INFO;2020-03-31 21:54:50;    3.1 Uploaded Counter Iteration: 8900
Batch 1;INFO;2020-03-31 21:55:56;    3.1 Uploaded Counter Iteration: 8950
Batch 1;INFO;2020-03-31 21:59:17;    3.1 Uploaded Counter Iteration: 9000
Batch 1;INFO;2020-03-31 22:00:47;    3.1 Uploaded Counter Iteration: 9050
Batch 1;INFO;2020-03-31 22:03:37;    3.1 Uploaded Counter Iteration: 9100
Batch 1;INFO;2020-03-31 22:05:38;    3.1 Uploaded Counter Iteration: 9150
Batch 1;INFO;2020-03-31 22:07:50;    3.1 Uploaded Counter Iteration: 9200
Batch 1;INFO;2020-03-31 22:10:26;    3.1 Uploaded Counter Iteration: 9250
Batch 1;INFO;2020-03-31 22:12:13;    3.1 Uploaded Counter Iteration: 9300
Batch 1;INFO;2020-03-31 22:15:17;    3.1 Uploaded Counter Iteration: 9350
Batch 1;INFO;2020-03-31 22:16:38;    3.1 Uploaded Counter Iteration: 9400
Batch 1;INFO;2020-03-31 22:20:10;    3.1 Uploaded Counter Iteration: 9450
Batch 1;INFO;2020-03-31 22:21:14;    3.1 Uploaded Counter Iteration: 9500
Batch 1;INFO;2020-03-31 22:24:51;    3.1 Uploaded Counter Iteration: 9550
Batch 1;INFO;2020-03-31 22:25:57;    3.1 Uploaded Counter Iteration: 9600
Batch 1;INFO;2020-03-31 22:29:14;    3.1 Uploaded Counter Iteration: 9650
Batch 1;INFO;2020-03-31 22:30:48;    3.1 Uploaded Counter Iteration: 9700
Batch 1;INFO;2020-03-31 22:33:32;    3.1 Uploaded Counter Iteration: 9750
Batch 1;INFO;2020-03-31 22:35:41;    3.1 Uploaded Counter Iteration: 9800
Batch 1;INFO;2020-03-31 22:38:06;    3.1 Uploaded Counter Iteration: 9850
Batch 1;INFO;2020-03-31 22:40:35;    3.1 Uploaded Counter Iteration: 9900
Batch 1;INFO;2020-03-31 22:42:48;    3.1 Uploaded Counter Iteration: 9950
Batch 1;INFO;2020-03-31 22:45:29;    3.1 Uploaded Counter Iteration: 10000
Batch 1;INFO;2020-03-31 22:47:23;    3.1 Uploaded Counter Iteration: 10050
Batch 1;INFO;2020-03-31 22:50:23;    3.1 Uploaded Counter Iteration: 10100
Batch 1;INFO;2020-03-31 22:52:08;    3.1 Uploaded Counter Iteration: 10150
Batch 1;INFO;2020-03-31 22:55:16;    3.1 Uploaded Counter Iteration: 10200
Batch 1;INFO;2020-03-31 22:56:25;    3.1 Uploaded Counter Iteration: 10250
Batch 1;INFO;2020-03-31 22:59:58;    3.1 Uploaded Counter Iteration: 10300
Batch 1;INFO;2020-03-31 23:01:07;    3.1 Uploaded Counter Iteration: 10350
Batch 1;INFO;2020-03-31 23:04:38;    3.1 Uploaded Counter Iteration: 10400
Batch 1;INFO;2020-03-31 23:05:53;    3.1 Uploaded Counter Iteration: 10450
Batch 1;INFO;2020-03-31 23:08:55;    3.1 Uploaded Counter Iteration: 10500
Batch 1;INFO;2020-03-31 23:10:42;    3.1 Uploaded Counter Iteration: 10550
Batch 1;INFO;2020-03-31 23:13:13;    3.1 Uploaded Counter Iteration: 10600
Batch 1;INFO;2020-03-31 23:15:32;    3.1 Uploaded Counter Iteration: 10650
Batch 1;INFO;2020-03-31 23:17:35;    3.1 Uploaded Counter Iteration: 10700
Batch 1;INFO;2020-03-31 23:20:22;    3.1 Uploaded Counter Iteration: 10750
Batch 1;INFO;2020-03-31 23:21:50;    3.1 Uploaded Counter Iteration: 10800
Batch 1;INFO;2020-03-31 23:25:10;    3.1 Uploaded Counter Iteration: 10850
Batch 1;INFO;2020-03-31 23:26:14;    3.1 Uploaded Counter Iteration: 10900
Batch 1;INFO;2020-03-31 23:29:44;    3.1 Uploaded Counter Iteration: 10950
Batch 1;INFO;2020-03-31 23:30:56;    3.1 Uploaded Counter Iteration: 11000
Batch 1;INFO;2020-03-31 23:34:04;    3.1 Uploaded Counter Iteration: 11050
Batch 1;INFO;2020-03-31 23:35:44;    3.1 Uploaded Counter Iteration: 11100
Batch 1;INFO;2020-03-31 23:38:26;    3.1 Uploaded Counter Iteration: 11150
Batch 1;INFO;2020-03-31 23:40:36;    3.1 Uploaded Counter Iteration: 11200
Batch 1;INFO;2020-03-31 23:42:39;    3.1 Uploaded Counter Iteration: 11250
Batch 1;INFO;2020-03-31 23:45:22;    3.1 Uploaded Counter Iteration: 11300
Batch 1;INFO;2020-03-31 23:46:59;    3.1 Uploaded Counter Iteration: 11350
Batch 1;INFO;2020-03-31 23:50:13;    3.1 Uploaded Counter Iteration: 11400
Batch 1;INFO;2020-03-31 23:51:21;    3.1 Uploaded Counter Iteration: 11450
Batch 1;INFO;2020-03-31 23:54:51;    3.1 Uploaded Counter Iteration: 11500
Batch 1;INFO;2020-03-31 23:56:04;    3.1 Uploaded Counter Iteration: 11550
Batch 1;INFO;2020-03-31 23:59:28;    3.1 Uploaded Counter Iteration: 11600
Batch 1;INFO;2020-04-01 00:00:51;    3.1 Uploaded Counter Iteration: 11650
Batch 1;INFO;2020-04-01 00:03:48;    3.1 Uploaded Counter Iteration: 11700
Batch 1;INFO;2020-04-01 00:05:43;    3.1 Uploaded Counter Iteration: 11750
Batch 1;INFO;2020-04-01 00:08:25;    3.1 Uploaded Counter Iteration: 11800
Batch 1;INFO;2020-04-01 00:10:40;    3.1 Uploaded Counter Iteration: 11850
Batch 1;INFO;2020-04-01 00:13:12;    3.1 Uploaded Counter Iteration: 11900
Batch 1;INFO;2020-04-01 00:14:08;3 Starting webscrapping... (Completed)
Batch 1;INFO;2020-04-01 00:14:08;5. Succesfully run batch: 1
