Module;Type;Date;Details;Time;Error Type;Error Details;Error Line
Batch 14;INFO;2020-04-01 06:38:32;1. Select all songs in nonmatch-query (S3)
Batch 14;INFO;2020-04-01 06:38:32;1. Select all songs in nonmatch-query (S3) (Completed)
Batch 14;INFO;2020-04-01 06:38:32;3 Starting webscrapping...
Batch 14;INFO;2020-04-01 06:38:37;    3.0 ERROR: Error in iteration : 2
Batch 14;INFO;2020-04-01 06:39:32;    3.1 Uploaded Counter Iteration: 50
Batch 14;INFO;2020-04-01 06:40:30;    3.1 Uploaded Counter Iteration: 100
Batch 14;INFO;2020-04-01 06:41:28;    3.1 Uploaded Counter Iteration: 150
Batch 14;INFO;2020-04-01 06:42:26;    3.1 Uploaded Counter Iteration: 200
Batch 14;INFO;2020-04-01 06:43:24;    3.1 Uploaded Counter Iteration: 250
Batch 14;INFO;2020-04-01 06:44:22;    3.1 Uploaded Counter Iteration: 300
Batch 14;INFO;2020-04-01 06:45:21;    3.1 Uploaded Counter Iteration: 350
Batch 14;INFO;2020-04-01 06:46:21;    3.1 Uploaded Counter Iteration: 400
Batch 14;INFO;2020-04-01 06:47:22;    3.1 Uploaded Counter Iteration: 450
Batch 14;INFO;2020-04-01 06:48:21;    3.1 Uploaded Counter Iteration: 500
Batch 14;INFO;2020-04-01 06:49:22;    3.1 Uploaded Counter Iteration: 550
Batch 14;INFO;2020-04-01 06:50:23;    3.1 Uploaded Counter Iteration: 600
Batch 14;INFO;2020-04-01 06:51:20;    3.1 Uploaded Counter Iteration: 650
Batch 14;INFO;2020-04-01 06:52:19;    3.1 Uploaded Counter Iteration: 700
Batch 14;INFO;2020-04-01 06:53:17;    3.1 Uploaded Counter Iteration: 750
Batch 14;INFO;2020-04-01 06:54:15;    3.1 Uploaded Counter Iteration: 800
Batch 14;INFO;2020-04-01 06:55:14;    3.1 Uploaded Counter Iteration: 850
Batch 14;INFO;2020-04-01 06:56:12;    3.1 Uploaded Counter Iteration: 900
Batch 14;INFO;2020-04-01 06:57:09;    3.1 Uploaded Counter Iteration: 950
Batch 14;INFO;2020-04-01 06:58:08;    3.1 Uploaded Counter Iteration: 1000
Batch 14;INFO;2020-04-01 06:59:08;    3.1 Uploaded Counter Iteration: 1050
Batch 14;INFO;2020-04-01 07:00:09;    3.1 Uploaded Counter Iteration: 1100
Batch 14;INFO;2020-04-01 07:01:06;    3.1 Uploaded Counter Iteration: 1150
Batch 14;INFO;2020-04-01 07:02:05;    3.1 Uploaded Counter Iteration: 1200
Batch 14;INFO;2020-04-01 07:03:04;    3.1 Uploaded Counter Iteration: 1250
Batch 14;INFO;2020-04-01 07:04:06;    3.1 Uploaded Counter Iteration: 1300
Batch 14;INFO;2020-04-01 07:05:03;    3.1 Uploaded Counter Iteration: 1350
Batch 14;INFO;2020-04-01 07:06:05;    3.1 Uploaded Counter Iteration: 1400
Batch 14;INFO;2020-04-01 07:07:05;    3.1 Uploaded Counter Iteration: 1450
Batch 14;INFO;2020-04-01 07:08:04;    3.1 Uploaded Counter Iteration: 1500
Batch 14;INFO;2020-04-01 07:09:03;    3.1 Uploaded Counter Iteration: 1550
Batch 14;INFO;2020-04-01 07:10:04;    3.1 Uploaded Counter Iteration: 1600
Batch 14;INFO;2020-04-01 07:11:03;    3.1 Uploaded Counter Iteration: 1650
Batch 14;INFO;2020-04-01 07:12:02;    3.1 Uploaded Counter Iteration: 1700
Batch 14;INFO;2020-04-01 07:13:01;    3.1 Uploaded Counter Iteration: 1750
Batch 14;INFO;2020-04-01 07:14:03;    3.1 Uploaded Counter Iteration: 1800
Batch 14;INFO;2020-04-01 07:15:01;    3.1 Uploaded Counter Iteration: 1850
Batch 14;INFO;2020-04-01 07:16:01;    3.1 Uploaded Counter Iteration: 1900
Batch 14;INFO;2020-04-01 07:17:01;    3.1 Uploaded Counter Iteration: 1950
Batch 14;INFO;2020-04-01 07:18:04;    3.1 Uploaded Counter Iteration: 2000
Batch 14;INFO;2020-04-01 07:19:04;    3.1 Uploaded Counter Iteration: 2050
Batch 14;INFO;2020-04-01 07:20:04;    3.1 Uploaded Counter Iteration: 2100
Batch 14;INFO;2020-04-01 07:21:03;    3.1 Uploaded Counter Iteration: 2150
Batch 14;INFO;2020-04-01 07:22:03;    3.1 Uploaded Counter Iteration: 2200
Batch 14;INFO;2020-04-01 07:22:59;    3.1 Uploaded Counter Iteration: 2250
Batch 14;INFO;2020-04-01 07:23:56;    3.1 Uploaded Counter Iteration: 2300
Batch 14;INFO;2020-04-01 07:24:56;    3.1 Uploaded Counter Iteration: 2350
Batch 14;INFO;2020-04-01 07:25:55;    3.1 Uploaded Counter Iteration: 2400
Batch 14;INFO;2020-04-01 07:26:54;    3.1 Uploaded Counter Iteration: 2450
Batch 14;INFO;2020-04-01 07:27:53;    3.1 Uploaded Counter Iteration: 2500
Batch 14;INFO;2020-04-01 07:28:52;    3.1 Uploaded Counter Iteration: 2550
Batch 14;INFO;2020-04-01 07:29:52;    3.1 Uploaded Counter Iteration: 2600
Batch 14;INFO;2020-04-01 07:30:52;    3.1 Uploaded Counter Iteration: 2650
Batch 14;INFO;2020-04-01 07:31:53;    3.1 Uploaded Counter Iteration: 2700
Batch 14;INFO;2020-04-01 07:32:53;    3.1 Uploaded Counter Iteration: 2750
Batch 14;INFO;2020-04-01 07:33:52;    3.1 Uploaded Counter Iteration: 2800
Batch 14;INFO;2020-04-01 07:34:50;    3.1 Uploaded Counter Iteration: 2850
Batch 14;INFO;2020-04-01 07:35:52;    3.1 Uploaded Counter Iteration: 2900
Batch 14;INFO;2020-04-01 07:36:52;    3.1 Uploaded Counter Iteration: 2950
Batch 14;INFO;2020-04-01 07:37:54;    3.1 Uploaded Counter Iteration: 3000
Batch 14;INFO;2020-04-01 07:38:54;    3.1 Uploaded Counter Iteration: 3050
Batch 14;INFO;2020-04-01 07:39:51;    3.1 Uploaded Counter Iteration: 3100
Batch 14;INFO;2020-04-01 07:40:47;    3.1 Uploaded Counter Iteration: 3150
Batch 14;INFO;2020-04-01 07:41:45;    3.1 Uploaded Counter Iteration: 3200
Batch 14;INFO;2020-04-01 07:42:44;    3.1 Uploaded Counter Iteration: 3250
Batch 14;INFO;2020-04-01 07:43:45;    3.1 Uploaded Counter Iteration: 3300
Batch 14;INFO;2020-04-01 07:44:46;    3.1 Uploaded Counter Iteration: 3350
Batch 14;INFO;2020-04-01 07:45:49;    3.1 Uploaded Counter Iteration: 3400
Batch 14;INFO;2020-04-01 07:46:47;    3.1 Uploaded Counter Iteration: 3450
Batch 14;INFO;2020-04-01 07:47:48;    3.1 Uploaded Counter Iteration: 3500
Batch 14;INFO;2020-04-01 07:48:47;    3.1 Uploaded Counter Iteration: 3550
Batch 14;INFO;2020-04-01 07:49:47;    3.1 Uploaded Counter Iteration: 3600
Batch 14;INFO;2020-04-01 07:50:46;    3.1 Uploaded Counter Iteration: 3650
Batch 14;INFO;2020-04-01 07:51:46;    3.1 Uploaded Counter Iteration: 3700
Batch 14;INFO;2020-04-01 07:52:46;    3.1 Uploaded Counter Iteration: 3750
Batch 14;INFO;2020-04-01 07:53:50;    3.1 Uploaded Counter Iteration: 3800
Batch 14;INFO;2020-04-01 07:54:52;    3.1 Uploaded Counter Iteration: 3850
Batch 14;INFO;2020-04-01 07:55:53;    3.1 Uploaded Counter Iteration: 3900
Batch 14;INFO;2020-04-01 07:56:51;    3.1 Uploaded Counter Iteration: 3950
Batch 14;INFO;2020-04-01 07:57:49;    3.1 Uploaded Counter Iteration: 4000
Batch 14;INFO;2020-04-01 07:58:51;    3.1 Uploaded Counter Iteration: 4050
Batch 14;INFO;2020-04-01 07:59:51;    3.1 Uploaded Counter Iteration: 4100
Batch 14;INFO;2020-04-01 08:00:48;    3.1 Uploaded Counter Iteration: 4150
Batch 14;INFO;2020-04-01 08:01:50;    3.1 Uploaded Counter Iteration: 4200
Batch 14;INFO;2020-04-01 08:02:54;    3.1 Uploaded Counter Iteration: 4250
Batch 14;INFO;2020-04-01 08:03:55;    3.1 Uploaded Counter Iteration: 4300
Batch 14;INFO;2020-04-01 08:04:55;    3.1 Uploaded Counter Iteration: 4350
Batch 14;INFO;2020-04-01 08:05:54;    3.1 Uploaded Counter Iteration: 4400
Batch 14;INFO;2020-04-01 08:06:54;    3.1 Uploaded Counter Iteration: 4450
Batch 14;INFO;2020-04-01 08:07:57;    3.1 Uploaded Counter Iteration: 4500
Batch 14;INFO;2020-04-01 08:08:57;    3.1 Uploaded Counter Iteration: 4550
Batch 14;INFO;2020-04-01 08:09:54;    3.1 Uploaded Counter Iteration: 4600
Batch 14;INFO;2020-04-01 08:10:53;    3.1 Uploaded Counter Iteration: 4650
Batch 14;INFO;2020-04-01 08:11:52;    3.1 Uploaded Counter Iteration: 4700
Batch 14;INFO;2020-04-01 08:12:54;    3.1 Uploaded Counter Iteration: 4750
Batch 14;INFO;2020-04-01 08:13:54;    3.1 Uploaded Counter Iteration: 4800
Batch 14;INFO;2020-04-01 08:14:54;    3.1 Uploaded Counter Iteration: 4850
Batch 14;INFO;2020-04-01 08:15:59;    3.1 Uploaded Counter Iteration: 4900
Batch 14;INFO;2020-04-01 08:17:00;    3.1 Uploaded Counter Iteration: 4950
Batch 14;INFO;2020-04-01 08:18:00;    3.1 Uploaded Counter Iteration: 5000
Batch 14;INFO;2020-04-01 08:19:02;    3.1 Uploaded Counter Iteration: 5050
Batch 14;INFO;2020-04-01 08:20:06;    3.1 Uploaded Counter Iteration: 5100
Batch 14;INFO;2020-04-01 08:21:07;    3.1 Uploaded Counter Iteration: 5150
Batch 14;INFO;2020-04-01 08:22:07;    3.1 Uploaded Counter Iteration: 5200
Batch 14;INFO;2020-04-01 08:23:09;    3.1 Uploaded Counter Iteration: 5250
Batch 14;INFO;2020-04-01 08:24:07;    3.1 Uploaded Counter Iteration: 5300
Batch 14;INFO;2020-04-01 08:25:07;    3.1 Uploaded Counter Iteration: 5350
Batch 14;INFO;2020-04-01 08:26:08;    3.1 Uploaded Counter Iteration: 5400
Batch 14;INFO;2020-04-01 08:27:09;    3.1 Uploaded Counter Iteration: 5450
Batch 14;INFO;2020-04-01 08:28:10;    3.1 Uploaded Counter Iteration: 5500
Batch 14;INFO;2020-04-01 08:29:10;    3.1 Uploaded Counter Iteration: 5550
Batch 14;INFO;2020-04-01 08:30:11;    3.1 Uploaded Counter Iteration: 5600
Batch 14;INFO;2020-04-01 08:31:10;    3.1 Uploaded Counter Iteration: 5650
Batch 14;INFO;2020-04-01 08:32:09;    3.1 Uploaded Counter Iteration: 5700
Batch 14;INFO;2020-04-01 08:33:10;    3.1 Uploaded Counter Iteration: 5750
Batch 14;INFO;2020-04-01 08:34:08;    3.1 Uploaded Counter Iteration: 5800
Batch 14;INFO;2020-04-01 08:35:08;    3.1 Uploaded Counter Iteration: 5850
Batch 14;INFO;2020-04-01 08:36:08;    3.1 Uploaded Counter Iteration: 5900
Batch 14;INFO;2020-04-01 08:37:10;    3.1 Uploaded Counter Iteration: 5950
Batch 14;INFO;2020-04-01 08:38:11;    3.1 Uploaded Counter Iteration: 6000
Batch 14;INFO;2020-04-01 08:39:12;    3.1 Uploaded Counter Iteration: 6050
Batch 14;INFO;2020-04-01 08:40:13;    3.1 Uploaded Counter Iteration: 6100
Batch 14;INFO;2020-04-01 08:41:14;    3.1 Uploaded Counter Iteration: 6150
Batch 14;INFO;2020-04-01 08:42:16;    3.1 Uploaded Counter Iteration: 6200
Batch 14;INFO;2020-04-01 08:43:15;    3.1 Uploaded Counter Iteration: 6250
Batch 14;INFO;2020-04-01 08:44:14;    3.1 Uploaded Counter Iteration: 6300
Batch 14;INFO;2020-04-01 08:45:12;    3.1 Uploaded Counter Iteration: 6350
Batch 14;INFO;2020-04-01 08:46:14;    3.1 Uploaded Counter Iteration: 6400
Batch 14;INFO;2020-04-01 08:47:10;    3.1 Uploaded Counter Iteration: 6450
Batch 14;INFO;2020-04-01 08:48:11;    3.1 Uploaded Counter Iteration: 6500
Batch 14;INFO;2020-04-01 08:49:08;    3.1 Uploaded Counter Iteration: 6550
Batch 14;INFO;2020-04-01 08:50:10;    3.1 Uploaded Counter Iteration: 6600
Batch 14;INFO;2020-04-01 08:51:09;    3.1 Uploaded Counter Iteration: 6650
Batch 14;INFO;2020-04-01 08:52:10;    3.1 Uploaded Counter Iteration: 6700
Batch 14;INFO;2020-04-01 08:53:10;    3.1 Uploaded Counter Iteration: 6750
Batch 14;INFO;2020-04-01 08:54:12;    3.1 Uploaded Counter Iteration: 6800
Batch 14;INFO;2020-04-01 08:55:15;    3.1 Uploaded Counter Iteration: 6850
Batch 14;INFO;2020-04-01 08:56:13;    3.1 Uploaded Counter Iteration: 6900
Batch 14;INFO;2020-04-01 08:57:15;    3.1 Uploaded Counter Iteration: 6950
Batch 14;INFO;2020-04-01 08:58:16;    3.1 Uploaded Counter Iteration: 7000
Batch 14;INFO;2020-04-01 08:59:18;    3.1 Uploaded Counter Iteration: 7050
Batch 14;INFO;2020-04-01 09:00:21;    3.1 Uploaded Counter Iteration: 7100
Batch 14;INFO;2020-04-01 09:01:23;    3.1 Uploaded Counter Iteration: 7150
Batch 14;INFO;2020-04-01 09:02:23;    3.1 Uploaded Counter Iteration: 7200
Batch 14;INFO;2020-04-01 09:03:24;    3.1 Uploaded Counter Iteration: 7250
Batch 14;INFO;2020-04-01 09:04:25;    3.1 Uploaded Counter Iteration: 7300
Batch 14;INFO;2020-04-01 09:05:27;    3.1 Uploaded Counter Iteration: 7350
Batch 14;INFO;2020-04-01 09:06:25;    3.1 Uploaded Counter Iteration: 7400
Batch 14;INFO;2020-04-01 09:07:26;    3.1 Uploaded Counter Iteration: 7450
Batch 14;INFO;2020-04-01 09:08:25;    3.1 Uploaded Counter Iteration: 7500
Batch 14;INFO;2020-04-01 09:09:24;    3.1 Uploaded Counter Iteration: 7550
Batch 14;INFO;2020-04-01 09:10:24;    3.1 Uploaded Counter Iteration: 7600
Batch 14;INFO;2020-04-01 09:11:24;    3.1 Uploaded Counter Iteration: 7650
Batch 14;INFO;2020-04-01 09:12:25;    3.1 Uploaded Counter Iteration: 7700
Batch 14;INFO;2020-04-01 09:13:26;    3.1 Uploaded Counter Iteration: 7750
Batch 14;INFO;2020-04-01 09:14:27;    3.1 Uploaded Counter Iteration: 7800
Batch 14;INFO;2020-04-01 09:15:28;    3.1 Uploaded Counter Iteration: 7850
Batch 14;INFO;2020-04-01 09:16:29;    3.1 Uploaded Counter Iteration: 7900
Batch 14;INFO;2020-04-01 09:17:30;    3.1 Uploaded Counter Iteration: 7950
Batch 14;INFO;2020-04-01 09:18:31;    3.1 Uploaded Counter Iteration: 8000
Batch 14;INFO;2020-04-01 09:19:32;    3.1 Uploaded Counter Iteration: 8050
Batch 14;INFO;2020-04-01 09:20:32;    3.1 Uploaded Counter Iteration: 8100
Batch 14;INFO;2020-04-01 09:21:30;    3.1 Uploaded Counter Iteration: 8150
Batch 14;INFO;2020-04-01 09:22:30;    3.1 Uploaded Counter Iteration: 8200
Batch 14;INFO;2020-04-01 09:23:30;    3.1 Uploaded Counter Iteration: 8250
Batch 14;INFO;2020-04-01 09:24:31;    3.1 Uploaded Counter Iteration: 8300
Batch 14;INFO;2020-04-01 09:25:31;    3.1 Uploaded Counter Iteration: 8350
Batch 14;INFO;2020-04-01 09:26:33;    3.1 Uploaded Counter Iteration: 8400
Batch 14;INFO;2020-04-01 09:27:32;    3.1 Uploaded Counter Iteration: 8450
Batch 14;INFO;2020-04-01 09:28:34;    3.1 Uploaded Counter Iteration: 8500
Batch 14;INFO;2020-04-01 09:29:37;    3.1 Uploaded Counter Iteration: 8550
Batch 14;INFO;2020-04-01 09:30:42;    3.1 Uploaded Counter Iteration: 8600
Batch 14;INFO;2020-04-01 09:31:43;    3.1 Uploaded Counter Iteration: 8650
Batch 14;INFO;2020-04-01 09:32:47;    3.1 Uploaded Counter Iteration: 8700
Batch 14;INFO;2020-04-01 09:33:49;    3.1 Uploaded Counter Iteration: 8750
Batch 14;INFO;2020-04-01 09:34:48;    3.1 Uploaded Counter Iteration: 8800
Batch 14;INFO;2020-04-01 09:35:51;    3.1 Uploaded Counter Iteration: 8850
Batch 14;INFO;2020-04-01 09:36:55;    3.1 Uploaded Counter Iteration: 8900
Batch 14;INFO;2020-04-01 09:37:54;    3.1 Uploaded Counter Iteration: 8950
Batch 14;INFO;2020-04-01 09:39:34;    3.1 Uploaded Counter Iteration: 9000
Batch 14;INFO;2020-04-01 09:40:59;    3.1 Uploaded Counter Iteration: 9050
Batch 14;INFO;2020-04-01 09:43:43;    3.1 Uploaded Counter Iteration: 9100
Batch 14;INFO;2020-04-01 09:45:45;    3.1 Uploaded Counter Iteration: 9150
Batch 14;INFO;2020-04-01 09:48:29;    3.1 Uploaded Counter Iteration: 9200
Batch 14;INFO;2020-04-01 09:50:40;    3.1 Uploaded Counter Iteration: 9250
Batch 14;INFO;2020-04-01 09:53:11;    3.1 Uploaded Counter Iteration: 9300
Batch 14;INFO;2020-04-01 09:55:34;    3.1 Uploaded Counter Iteration: 9350
Batch 14;INFO;2020-04-01 09:57:46;    3.1 Uploaded Counter Iteration: 9400
Batch 14;INFO;2020-04-01 10:00:32;    3.1 Uploaded Counter Iteration: 9450
Batch 14;INFO;2020-04-01 10:02:41;    3.1 Uploaded Counter Iteration: 9500
Batch 14;INFO;2020-04-01 10:05:27;    3.1 Uploaded Counter Iteration: 9550
Batch 14;INFO;2020-04-01 10:07:31;    3.1 Uploaded Counter Iteration: 9600
Batch 14;INFO;2020-04-01 10:10:26;    3.1 Uploaded Counter Iteration: 9650
Batch 14;INFO;2020-04-01 10:12:18;    3.1 Uploaded Counter Iteration: 9700
Batch 14;INFO;2020-04-01 10:15:24;    3.1 Uploaded Counter Iteration: 9750
Batch 14;INFO;2020-04-01 10:17:01;    3.1 Uploaded Counter Iteration: 9800
Batch 14;INFO;2020-04-01 10:20:18;    3.1 Uploaded Counter Iteration: 9850
Batch 14;INFO;2020-04-01 10:21:55;    3.1 Uploaded Counter Iteration: 9900
Batch 14;INFO;2020-04-01 10:25:17;    3.1 Uploaded Counter Iteration: 9950
Batch 14;INFO;2020-04-01 10:26:48;    3.1 Uploaded Counter Iteration: 10000
Batch 14;INFO;2020-04-01 10:30:15;    3.1 Uploaded Counter Iteration: 10050
Batch 14;INFO;2020-04-01 10:31:38;    3.1 Uploaded Counter Iteration: 10100
Batch 14;INFO;2020-04-01 10:35:12;    3.1 Uploaded Counter Iteration: 10150
Batch 14;INFO;2020-04-01 10:36:40;    3.1 Uploaded Counter Iteration: 10200
Batch 14;INFO;2020-04-01 10:40:14;    3.1 Uploaded Counter Iteration: 10250
Batch 14;INFO;2020-04-01 10:41:42;    3.1 Uploaded Counter Iteration: 10300
Batch 14;INFO;2020-04-01 10:45:12;    3.1 Uploaded Counter Iteration: 10350
Batch 14;INFO;2020-04-01 10:46:39;    3.1 Uploaded Counter Iteration: 10400
Batch 14;INFO;2020-04-01 10:50:07;    3.1 Uploaded Counter Iteration: 10450
Batch 14;INFO;2020-04-01 10:51:15;    3.1 Uploaded Counter Iteration: 10500
Batch 14;INFO;2020-04-01 10:54:51;    3.1 Uploaded Counter Iteration: 10550
Batch 14;INFO;2020-04-01 10:56:07;    3.1 Uploaded Counter Iteration: 10600
Batch 14;INFO;2020-04-01 10:59:43;    3.1 Uploaded Counter Iteration: 10650
Batch 14;INFO;2020-04-01 11:01:05;    3.1 Uploaded Counter Iteration: 10700
Batch 14;INFO;2020-04-01 11:04:48;    3.1 Uploaded Counter Iteration: 10750
Batch 14;INFO;2020-04-01 11:06:05;    3.1 Uploaded Counter Iteration: 10800
Batch 14;INFO;2020-04-01 11:09:37;    3.1 Uploaded Counter Iteration: 10850
Batch 14;INFO;2020-04-01 11:11:01;    3.1 Uploaded Counter Iteration: 10900
Batch 14;INFO;2020-04-01 11:14:23;    3.1 Uploaded Counter Iteration: 10950
Batch 14;INFO;2020-04-01 11:15:57;    3.1 Uploaded Counter Iteration: 11000
Batch 14;INFO;2020-04-01 11:19:08;    3.1 Uploaded Counter Iteration: 11050
Batch 14;INFO;2020-04-01 11:20:51;    3.1 Uploaded Counter Iteration: 11100
Batch 14;INFO;2020-04-01 11:23:50;    3.1 Uploaded Counter Iteration: 11150
Batch 14;INFO;2020-04-01 11:25:47;    3.1 Uploaded Counter Iteration: 11200
Batch 14;INFO;2020-04-01 11:28:37;    3.1 Uploaded Counter Iteration: 11250
Batch 14;INFO;2020-04-01 11:30:45;    3.1 Uploaded Counter Iteration: 11300
Batch 14;INFO;2020-04-01 11:33:30;    3.1 Uploaded Counter Iteration: 11350
Batch 14;INFO;2020-04-01 11:35:41;    3.1 Uploaded Counter Iteration: 11400
Batch 14;INFO;2020-04-01 11:38:13;    3.1 Uploaded Counter Iteration: 11450
Batch 14;INFO;2020-04-01 11:40:36;    3.1 Uploaded Counter Iteration: 11500
Batch 14;INFO;2020-04-01 11:42:58;    3.1 Uploaded Counter Iteration: 11550
Batch 14;INFO;2020-04-01 11:45:31;    3.1 Uploaded Counter Iteration: 11600
Batch 14;INFO;2020-04-01 11:47:45;    3.1 Uploaded Counter Iteration: 11650
Batch 14;INFO;2020-04-01 11:50:27;    3.1 Uploaded Counter Iteration: 11700
Batch 14;INFO;2020-04-01 11:52:20;    3.1 Uploaded Counter Iteration: 11750
Batch 14;INFO;2020-04-01 11:55:20;    3.1 Uploaded Counter Iteration: 11800
Batch 14;INFO;2020-04-01 11:56:51;    3.1 Uploaded Counter Iteration: 11850
Batch 14;INFO;2020-04-01 12:00:12;    3.1 Uploaded Counter Iteration: 11900
Batch 14;INFO;2020-04-01 12:01:28;    3.1 Uploaded Counter Iteration: 11950
Batch 14;INFO;2020-04-01 12:05:03;    3.1 Uploaded Counter Iteration: 12000
Batch 14;INFO;2020-04-01 12:06:14;    3.1 Uploaded Counter Iteration: 12050
Batch 14;INFO;2020-04-01 12:09:52;    3.1 Uploaded Counter Iteration: 12100
Batch 14;INFO;2020-04-01 12:11:02;    3.1 Uploaded Counter Iteration: 12150
Batch 14;INFO;2020-04-01 12:14:33;    3.1 Uploaded Counter Iteration: 12200
Batch 14;INFO;2020-04-01 12:15:57;    3.1 Uploaded Counter Iteration: 12250
Batch 14;INFO;2020-04-01 12:19:06;    3.1 Uploaded Counter Iteration: 12300
Batch 14;INFO;2020-04-01 12:20:52;    3.1 Uploaded Counter Iteration: 12350
Batch 14;INFO;2020-04-01 12:23:43;    3.1 Uploaded Counter Iteration: 12400
Batch 14;INFO;2020-04-01 12:25:46;    3.1 Uploaded Counter Iteration: 12450
Batch 14;INFO;2020-04-01 12:28:29;    3.1 Uploaded Counter Iteration: 12500
Batch 14;INFO;2020-04-01 12:30:40;    3.1 Uploaded Counter Iteration: 12550
Batch 14;INFO;2020-04-01 12:33:00;    3.1 Uploaded Counter Iteration: 12600
Batch 14;INFO;2020-04-01 12:35:30;    3.1 Uploaded Counter Iteration: 12650
Batch 14;INFO;2020-04-01 12:37:31;    3.1 Uploaded Counter Iteration: 12700
Batch 14;INFO;2020-04-01 12:40:26;    3.1 Uploaded Counter Iteration: 12750
Batch 14;INFO;2020-04-01 12:42:18;    3.1 Uploaded Counter Iteration: 12800
Batch 14;INFO;2020-04-01 12:45:21;    3.1 Uploaded Counter Iteration: 12850
Batch 14;INFO;2020-04-01 12:46:57;    3.1 Uploaded Counter Iteration: 12900
Batch 14;INFO;2020-04-01 12:50:16;    3.1 Uploaded Counter Iteration: 12950
Batch 14;INFO;2020-04-01 12:51:39;    3.1 Uploaded Counter Iteration: 13000
Batch 14;INFO;2020-04-01 12:55:08;    3.1 Uploaded Counter Iteration: 13050
Batch 14;INFO;2020-04-01 12:56:14;    3.1 Uploaded Counter Iteration: 13100
Batch 14;INFO;2020-04-01 12:59:47;    3.1 Uploaded Counter Iteration: 13150
Batch 14;INFO;2020-04-01 13:01:04;    3.1 Uploaded Counter Iteration: 13200
Batch 14;INFO;2020-04-01 13:04:33;    3.1 Uploaded Counter Iteration: 13250
Batch 14;INFO;2020-04-01 13:06:00;    3.1 Uploaded Counter Iteration: 13300
Batch 14;INFO;2020-04-01 13:09:23;    3.1 Uploaded Counter Iteration: 13350
Batch 14;INFO;2020-04-01 13:10:53;    3.1 Uploaded Counter Iteration: 13400
Batch 14;INFO;2020-04-01 13:14:03;    3.1 Uploaded Counter Iteration: 13450
Batch 14;INFO;2020-04-01 13:15:51;    3.1 Uploaded Counter Iteration: 13500
Batch 14;INFO;2020-04-01 13:18:51;    3.1 Uploaded Counter Iteration: 13550
Batch 14;INFO;2020-04-01 13:20:47;    3.1 Uploaded Counter Iteration: 13600
Batch 14;INFO;2020-04-01 13:23:35;    3.1 Uploaded Counter Iteration: 13650
Batch 14;INFO;2020-04-01 13:25:44;    3.1 Uploaded Counter Iteration: 13700
Batch 14;INFO;2020-04-01 13:28:17;    3.1 Uploaded Counter Iteration: 13750
Batch 14;INFO;2020-04-01 13:30:37;    3.1 Uploaded Counter Iteration: 13800
Batch 14;INFO;2020-04-01 13:33:04;    3.1 Uploaded Counter Iteration: 13850
Batch 14;INFO;2020-04-01 13:35:34;    3.1 Uploaded Counter Iteration: 13900
Batch 14;INFO;2020-04-01 13:37:39;    3.1 Uploaded Counter Iteration: 13950
Batch 14;INFO;2020-04-01 13:40:27;    3.1 Uploaded Counter Iteration: 14000
Batch 14;INFO;2020-04-01 13:42:29;    3.1 Uploaded Counter Iteration: 14050
Batch 14;INFO;2020-04-01 13:45:26;    3.1 Uploaded Counter Iteration: 14100
Batch 14;INFO;2020-04-01 13:47:13;    3.1 Uploaded Counter Iteration: 14150
Batch 14;INFO;2020-04-01 13:50:20;    3.1 Uploaded Counter Iteration: 14200
Batch 14;INFO;2020-04-01 13:52:07;    3.1 Uploaded Counter Iteration: 14250
Batch 14;INFO;2020-04-01 13:55:17;    3.1 Uploaded Counter Iteration: 14300
Batch 14;INFO;2020-04-01 13:57:03;    3.1 Uploaded Counter Iteration: 14350
Batch 14;INFO;2020-04-01 14:00:16;    3.1 Uploaded Counter Iteration: 14400
Batch 14;INFO;2020-04-01 14:01:54;    3.1 Uploaded Counter Iteration: 14450
Batch 14;INFO;2020-04-01 14:05:08;    3.1 Uploaded Counter Iteration: 14500
Batch 14;INFO;2020-04-01 14:06:31;    3.1 Uploaded Counter Iteration: 14550
Batch 14;INFO;2020-04-01 14:10:06;    3.1 Uploaded Counter Iteration: 14600
Batch 14;INFO;2020-04-01 14:11:21;    3.1 Uploaded Counter Iteration: 14650
Batch 14;INFO;2020-04-01 14:14:56;    3.1 Uploaded Counter Iteration: 14700
Batch 14;INFO;2020-04-01 14:16:07;    3.1 Uploaded Counter Iteration: 14750
Batch 14;INFO;2020-04-01 14:19:30;    3.1 Uploaded Counter Iteration: 14800
Batch 14;INFO;2020-04-01 14:20:54;    3.1 Uploaded Counter Iteration: 14850
Batch 14;INFO;2020-04-01 14:24:08;    3.1 Uploaded Counter Iteration: 14900
Batch 14;INFO;2020-04-01 14:25:49;    3.1 Uploaded Counter Iteration: 14950
Batch 14;INFO;2020-04-01 14:28:52;    3.1 Uploaded Counter Iteration: 15000
Batch 14;INFO;2020-04-01 14:30:45;    3.1 Uploaded Counter Iteration: 15050
Batch 14;INFO;2020-04-01 14:33:40;    3.1 Uploaded Counter Iteration: 15100
Batch 14;INFO;2020-04-01 14:35:43;    3.1 Uploaded Counter Iteration: 15150
Batch 14;INFO;2020-04-01 14:38:28;    3.1 Uploaded Counter Iteration: 15200
Batch 14;INFO;2020-04-01 14:40:39;    3.1 Uploaded Counter Iteration: 15250
Batch 14;INFO;2020-04-01 14:43:21;    3.1 Uploaded Counter Iteration: 15300
Batch 14;INFO;2020-04-01 14:45:36;    3.1 Uploaded Counter Iteration: 15350
Batch 14;INFO;2020-04-01 14:48:04;    3.1 Uploaded Counter Iteration: 15400
Batch 14;INFO;2020-04-01 14:50:33;    3.1 Uploaded Counter Iteration: 15450
Batch 14;INFO;2020-04-01 14:53:04;    3.1 Uploaded Counter Iteration: 15500
Batch 14;INFO;2020-04-01 14:55:29;    3.1 Uploaded Counter Iteration: 15550
Batch 14;INFO;2020-04-01 14:57:50;    3.1 Uploaded Counter Iteration: 15600
Batch 14;INFO;2020-04-01 15:00:30;    3.1 Uploaded Counter Iteration: 15650
Batch 14;INFO;2020-04-01 15:02:53;    3.1 Uploaded Counter Iteration: 15700
Batch 14;INFO;2020-04-01 15:05:29;    3.1 Uploaded Counter Iteration: 15750
Batch 14;INFO;2020-04-01 15:07:44;    3.1 Uploaded Counter Iteration: 15800
Batch 14;INFO;2020-04-01 15:10:28;    3.1 Uploaded Counter Iteration: 15850
Batch 14;INFO;2020-04-01 15:12:41;    3.1 Uploaded Counter Iteration: 15900
Batch 14;INFO;2020-04-01 15:15:25;    3.1 Uploaded Counter Iteration: 15950
Batch 14;INFO;2020-04-01 15:16:59;3 Starting webscrapping... (Completed)
Batch 14;INFO;2020-04-01 15:16:59;5. Succesfully run batch: 14
