Module;Type;Date;Details;Time;Error Type;Error Details;Error Line
Batch 16;INFO;2020-04-02 10:41:06;1. Select all songs in nonmatch-query (S3)
Batch 16;INFO;2020-04-02 10:41:06;1. Select all songs in nonmatch-query (S3) (Completed)
Batch 16;INFO;2020-04-02 10:41:06;3 Starting webscrapping...
Batch 16;INFO;2020-04-02 10:42:04;    3.1 Uploaded Counter Iteration: 50
Batch 16;INFO;2020-04-02 10:43:03;    3.1 Uploaded Counter Iteration: 100
Batch 16;INFO;2020-04-02 10:44:00;    3.1 Uploaded Counter Iteration: 150
Batch 16;INFO;2020-04-02 10:44:56;    3.1 Uploaded Counter Iteration: 200
Batch 16;INFO;2020-04-02 10:45:56;    3.1 Uploaded Counter Iteration: 250
Batch 16;INFO;2020-04-02 10:46:53;    3.1 Uploaded Counter Iteration: 300
Batch 16;INFO;2020-04-02 10:47:49;    3.1 Uploaded Counter Iteration: 350
Batch 16;INFO;2020-04-02 10:48:46;    3.1 Uploaded Counter Iteration: 400
Batch 16;INFO;2020-04-02 10:49:45;    3.1 Uploaded Counter Iteration: 450
Batch 16;INFO;2020-04-02 10:50:43;    3.1 Uploaded Counter Iteration: 500
Batch 16;INFO;2020-04-02 10:51:41;    3.1 Uploaded Counter Iteration: 550
Batch 16;INFO;2020-04-02 10:52:39;    3.1 Uploaded Counter Iteration: 600
Batch 16;INFO;2020-04-02 10:53:36;    3.1 Uploaded Counter Iteration: 650
Batch 16;INFO;2020-04-02 10:54:31;    3.1 Uploaded Counter Iteration: 700
Batch 16;INFO;2020-04-02 10:55:28;    3.1 Uploaded Counter Iteration: 750
Batch 16;INFO;2020-04-02 10:56:27;    3.1 Uploaded Counter Iteration: 800
Batch 16;INFO;2020-04-02 10:57:28;    3.1 Uploaded Counter Iteration: 850
Batch 16;INFO;2020-04-02 10:58:26;    3.1 Uploaded Counter Iteration: 900
Batch 16;INFO;2020-04-02 10:59:23;    3.1 Uploaded Counter Iteration: 950
Batch 16;INFO;2020-04-02 11:00:20;    3.1 Uploaded Counter Iteration: 1000
Batch 16;INFO;2020-04-02 11:01:17;    3.1 Uploaded Counter Iteration: 1050
Batch 16;INFO;2020-04-02 11:02:14;    3.1 Uploaded Counter Iteration: 1100
Batch 16;INFO;2020-04-02 11:03:12;    3.1 Uploaded Counter Iteration: 1150
Batch 16;INFO;2020-04-02 11:04:11;    3.1 Uploaded Counter Iteration: 1200
Batch 16;INFO;2020-04-02 11:05:08;    3.1 Uploaded Counter Iteration: 1250
Batch 16;INFO;2020-04-02 11:06:06;    3.1 Uploaded Counter Iteration: 1300
Batch 16;INFO;2020-04-02 11:07:03;    3.1 Uploaded Counter Iteration: 1350
Batch 16;INFO;2020-04-02 11:08:00;    3.1 Uploaded Counter Iteration: 1400
Batch 16;INFO;2020-04-02 11:09:00;    3.1 Uploaded Counter Iteration: 1450
Batch 16;INFO;2020-04-02 11:09:58;    3.1 Uploaded Counter Iteration: 1500
Batch 16;INFO;2020-04-02 11:10:54;    3.1 Uploaded Counter Iteration: 1550
Batch 16;INFO;2020-04-02 11:11:54;    3.1 Uploaded Counter Iteration: 1600
Batch 16;INFO;2020-04-02 11:12:51;    3.1 Uploaded Counter Iteration: 1650
Batch 16;INFO;2020-04-02 11:13:51;    3.1 Uploaded Counter Iteration: 1700
Batch 16;INFO;2020-04-02 11:14:50;    3.1 Uploaded Counter Iteration: 1750
Batch 16;INFO;2020-04-02 11:15:47;    3.1 Uploaded Counter Iteration: 1800
Batch 16;INFO;2020-04-02 11:16:43;    3.1 Uploaded Counter Iteration: 1850
Batch 16;INFO;2020-04-02 11:17:39;    3.1 Uploaded Counter Iteration: 1900
Batch 16;INFO;2020-04-02 11:18:36;    3.1 Uploaded Counter Iteration: 1950
Batch 16;INFO;2020-04-02 11:19:34;    3.1 Uploaded Counter Iteration: 2000
Batch 16;INFO;2020-04-02 11:20:31;    3.1 Uploaded Counter Iteration: 2050
Batch 16;INFO;2020-04-02 11:21:29;    3.1 Uploaded Counter Iteration: 2100
Batch 16;INFO;2020-04-02 11:22:27;    3.1 Uploaded Counter Iteration: 2150
Batch 16;INFO;2020-04-02 11:23:25;    3.1 Uploaded Counter Iteration: 2200
Batch 16;INFO;2020-04-02 11:24:22;    3.1 Uploaded Counter Iteration: 2250
Batch 16;INFO;2020-04-02 11:25:21;    3.1 Uploaded Counter Iteration: 2300
Batch 16;INFO;2020-04-02 11:26:16;    3.1 Uploaded Counter Iteration: 2350
Batch 16;INFO;2020-04-02 11:27:14;    3.1 Uploaded Counter Iteration: 2400
Batch 16;INFO;2020-04-02 11:28:08;    3.1 Uploaded Counter Iteration: 2450
Batch 16;INFO;2020-04-02 11:29:08;    3.1 Uploaded Counter Iteration: 2500
Batch 16;INFO;2020-04-02 11:30:05;    3.1 Uploaded Counter Iteration: 2550
Batch 16;INFO;2020-04-02 11:31:01;    3.1 Uploaded Counter Iteration: 2600
Batch 16;INFO;2020-04-02 11:31:58;    3.1 Uploaded Counter Iteration: 2650
Batch 16;INFO;2020-04-02 11:32:56;    3.1 Uploaded Counter Iteration: 2700
Batch 16;INFO;2020-04-02 11:33:54;    3.1 Uploaded Counter Iteration: 2750
Batch 16;INFO;2020-04-02 11:34:53;    3.1 Uploaded Counter Iteration: 2800
Batch 16;INFO;2020-04-02 11:35:50;    3.1 Uploaded Counter Iteration: 2850
Batch 16;INFO;2020-04-02 11:36:48;    3.1 Uploaded Counter Iteration: 2900
Batch 16;INFO;2020-04-02 11:37:47;    3.1 Uploaded Counter Iteration: 2950
Batch 16;INFO;2020-04-02 11:38:46;    3.1 Uploaded Counter Iteration: 3000
Batch 16;INFO;2020-04-02 11:39:42;    3.1 Uploaded Counter Iteration: 3050
Batch 16;INFO;2020-04-02 11:40:39;    3.1 Uploaded Counter Iteration: 3100
Batch 16;INFO;2020-04-02 11:41:36;    3.1 Uploaded Counter Iteration: 3150
Batch 16;INFO;2020-04-02 11:42:33;    3.1 Uploaded Counter Iteration: 3200
Batch 16;INFO;2020-04-02 11:43:29;    3.1 Uploaded Counter Iteration: 3250
Batch 16;INFO;2020-04-02 11:44:25;    3.1 Uploaded Counter Iteration: 3300
Batch 16;INFO;2020-04-02 11:45:23;    3.1 Uploaded Counter Iteration: 3350
Batch 16;INFO;2020-04-02 11:46:23;    3.1 Uploaded Counter Iteration: 3400
Batch 16;INFO;2020-04-02 11:47:18;    3.1 Uploaded Counter Iteration: 3450
Batch 16;INFO;2020-04-02 11:48:16;    3.1 Uploaded Counter Iteration: 3500
Batch 16;INFO;2020-04-02 11:49:14;    3.1 Uploaded Counter Iteration: 3550
Batch 16;INFO;2020-04-02 11:50:11;    3.1 Uploaded Counter Iteration: 3600
Batch 16;INFO;2020-04-02 11:51:09;    3.1 Uploaded Counter Iteration: 3650
Batch 16;INFO;2020-04-02 11:52:08;    3.1 Uploaded Counter Iteration: 3700
Batch 16;INFO;2020-04-02 11:53:05;    3.1 Uploaded Counter Iteration: 3750
Batch 16;INFO;2020-04-02 11:55:09;    3.1 Uploaded Counter Iteration: 3800
Batch 16;INFO;2020-04-02 11:56:07;    3.1 Uploaded Counter Iteration: 3850
Batch 16;INFO;2020-04-02 11:59:34;    3.1 Uploaded Counter Iteration: 3900
Batch 16;INFO;2020-04-02 12:00:57;    3.1 Uploaded Counter Iteration: 3950
Batch 16;INFO;2020-04-02 12:04:15;    3.1 Uploaded Counter Iteration: 4000
Batch 16;INFO;2020-04-02 12:05:52;    3.1 Uploaded Counter Iteration: 4050
Batch 16;INFO;2020-04-02 12:08:56;    3.1 Uploaded Counter Iteration: 4100
Batch 16;INFO;2020-04-02 12:10:44;    3.1 Uploaded Counter Iteration: 4150
Batch 16;INFO;2020-04-02 12:13:28;    3.1 Uploaded Counter Iteration: 4200
Batch 16;INFO;2020-04-02 12:15:39;    3.1 Uploaded Counter Iteration: 4250
Batch 16;INFO;2020-04-02 12:18:06;    3.1 Uploaded Counter Iteration: 4300
Batch 16;INFO;2020-04-02 12:20:33;    3.1 Uploaded Counter Iteration: 4350
Batch 16;INFO;2020-04-02 12:22:32;    3.1 Uploaded Counter Iteration: 4400
Batch 16;INFO;2020-04-02 12:25:25;    3.1 Uploaded Counter Iteration: 4450
Batch 16;INFO;2020-04-02 12:27:04;    3.1 Uploaded Counter Iteration: 4500
Batch 16;INFO;2020-04-02 12:30:17;    3.1 Uploaded Counter Iteration: 4550
Batch 16;INFO;2020-04-02 12:31:38;    3.1 Uploaded Counter Iteration: 4600
Batch 16;INFO;2020-04-02 12:35:13;    3.1 Uploaded Counter Iteration: 4650
Batch 16;INFO;2020-04-02 12:36:18;    3.1 Uploaded Counter Iteration: 4700
Batch 16;INFO;2020-04-02 12:40:04;    3.1 Uploaded Counter Iteration: 4750
Batch 16;INFO;2020-04-02 12:41:06;    3.1 Uploaded Counter Iteration: 4800
Batch 16;INFO;2020-04-02 12:44:51;    3.1 Uploaded Counter Iteration: 4850
Batch 16;INFO;2020-04-02 12:46:01;    3.1 Uploaded Counter Iteration: 4900
Batch 16;INFO;2020-04-02 12:49:34;    3.1 Uploaded Counter Iteration: 4950
Batch 16;INFO;2020-04-02 12:50:57;    3.1 Uploaded Counter Iteration: 5000
Batch 16;INFO;2020-04-02 12:54:20;    3.1 Uploaded Counter Iteration: 5050
Batch 16;INFO;2020-04-02 12:55:51;    3.1 Uploaded Counter Iteration: 5100
Batch 16;INFO;2020-04-02 12:58:46;    3.1 Uploaded Counter Iteration: 5150
Batch 16;INFO;2020-04-02 13:00:44;    3.1 Uploaded Counter Iteration: 5200
Batch 16;INFO;2020-04-02 13:03:31;    3.1 Uploaded Counter Iteration: 5250
Batch 16;INFO;2020-04-02 13:05:38;    3.1 Uploaded Counter Iteration: 5300
Batch 16;INFO;2020-04-02 13:07:53;    3.1 Uploaded Counter Iteration: 5350
Batch 16;INFO;2020-04-02 13:10:32;    3.1 Uploaded Counter Iteration: 5400
Batch 16;INFO;2020-04-02 13:12:34;    3.1 Uploaded Counter Iteration: 5450
Batch 16;INFO;2020-04-02 13:15:26;    3.1 Uploaded Counter Iteration: 5500
Batch 16;INFO;2020-04-02 13:17:16;    3.1 Uploaded Counter Iteration: 5550
Batch 16;INFO;2020-04-02 13:20:20;    3.1 Uploaded Counter Iteration: 5600
Batch 16;INFO;2020-04-02 13:21:52;    3.1 Uploaded Counter Iteration: 5650
Batch 16;INFO;2020-04-02 13:25:14;    3.1 Uploaded Counter Iteration: 5700
Batch 16;INFO;2020-04-02 13:26:30;    3.1 Uploaded Counter Iteration: 5750
Batch 16;INFO;2020-04-02 13:30:05;    3.1 Uploaded Counter Iteration: 5800
Batch 16;INFO;2020-04-02 13:31:05;    3.1 Uploaded Counter Iteration: 5850
Batch 16;INFO;2020-04-02 13:34:54;    3.1 Uploaded Counter Iteration: 5900
Batch 16;INFO;2020-04-02 13:36:01;    3.1 Uploaded Counter Iteration: 5950
Batch 16;INFO;2020-04-02 13:39:24;    3.1 Uploaded Counter Iteration: 6000
Batch 16;INFO;2020-04-02 13:40:56;    3.1 Uploaded Counter Iteration: 6050
Batch 16;INFO;2020-04-02 13:44:09;    3.1 Uploaded Counter Iteration: 6100
Batch 16;INFO;2020-04-02 13:45:52;    3.1 Uploaded Counter Iteration: 6150
Batch 16;INFO;2020-04-02 13:49:08;    3.1 Uploaded Counter Iteration: 6200
Batch 16;INFO;2020-04-02 13:50:52;    3.1 Uploaded Counter Iteration: 6250
Batch 16;INFO;2020-04-02 13:53:59;    3.1 Uploaded Counter Iteration: 6300
Batch 16;INFO;2020-04-02 13:55:48;    3.1 Uploaded Counter Iteration: 6350
Batch 16;INFO;2020-04-02 13:58:43;    3.1 Uploaded Counter Iteration: 6400
Batch 16;INFO;2020-04-02 14:00:42;    3.1 Uploaded Counter Iteration: 6450
Batch 16;INFO;2020-04-02 14:03:31;    3.1 Uploaded Counter Iteration: 6500
Batch 16;INFO;2020-04-02 14:05:44;    3.1 Uploaded Counter Iteration: 6550
Batch 16;INFO;2020-04-02 14:08:28;    3.1 Uploaded Counter Iteration: 6600
Batch 16;INFO;2020-04-02 14:10:44;    3.1 Uploaded Counter Iteration: 6650
Batch 16;INFO;2020-04-02 14:13:38;    3.1 Uploaded Counter Iteration: 6700
Batch 16;INFO;2020-04-02 14:15:41;    3.1 Uploaded Counter Iteration: 6750
Batch 16;INFO;2020-04-02 14:18:25;    3.1 Uploaded Counter Iteration: 6800
Batch 16;INFO;2020-04-02 14:20:41;    3.1 Uploaded Counter Iteration: 6850
Batch 16;INFO;2020-04-02 14:23:03;    3.1 Uploaded Counter Iteration: 6900
Batch 16;INFO;2020-04-02 14:25:34;    3.1 Uploaded Counter Iteration: 6950
Batch 16;INFO;2020-04-02 14:27:48;    3.1 Uploaded Counter Iteration: 7000
Batch 16;INFO;2020-04-02 14:30:30;    3.1 Uploaded Counter Iteration: 7050
Batch 16;INFO;2020-04-02 14:32:35;    3.1 Uploaded Counter Iteration: 7100
Batch 16;INFO;2020-04-02 14:35:27;    3.1 Uploaded Counter Iteration: 7150
Batch 16;INFO;2020-04-02 14:37:17;    3.1 Uploaded Counter Iteration: 7200
Batch 16;INFO;2020-04-02 14:40:24;    3.1 Uploaded Counter Iteration: 7250
Batch 16;INFO;2020-04-02 14:42:17;    3.1 Uploaded Counter Iteration: 7300
Batch 16;INFO;2020-04-02 14:45:26;    3.1 Uploaded Counter Iteration: 7350
Batch 16;INFO;2020-04-02 14:47:16;    3.1 Uploaded Counter Iteration: 7400
Batch 16;INFO;2020-04-02 14:50:24;    3.1 Uploaded Counter Iteration: 7450
Batch 16;INFO;2020-04-02 14:52:06;    3.1 Uploaded Counter Iteration: 7500
Batch 16;INFO;2020-04-02 14:55:22;    3.1 Uploaded Counter Iteration: 7550
Batch 16;INFO;2020-04-02 14:57:05;    3.1 Uploaded Counter Iteration: 7600
Batch 16;INFO;2020-04-02 15:00:20;    3.1 Uploaded Counter Iteration: 7650
Batch 16;INFO;2020-04-02 15:01:53;    3.1 Uploaded Counter Iteration: 7700
Batch 16;INFO;2020-04-02 15:05:19;    3.1 Uploaded Counter Iteration: 7750
Batch 16;INFO;2020-04-02 15:06:51;    3.1 Uploaded Counter Iteration: 7800
Batch 16;INFO;2020-04-02 15:10:17;    3.1 Uploaded Counter Iteration: 7850
Batch 16;INFO;2020-04-02 15:11:51;    3.1 Uploaded Counter Iteration: 7900
Batch 16;INFO;2020-04-02 15:15:13;    3.1 Uploaded Counter Iteration: 7950
Batch 16;INFO;2020-04-02 15:16:30;    3.1 Uploaded Counter Iteration: 8000
Batch 16;INFO;2020-04-02 15:20:11;    3.1 Uploaded Counter Iteration: 8050
Batch 16;INFO;2020-04-02 15:21:15;    3.1 Uploaded Counter Iteration: 8100
Batch 16;INFO;2020-04-02 15:24:56;    3.1 Uploaded Counter Iteration: 8150
Batch 16;INFO;2020-04-02 15:26:10;    3.1 Uploaded Counter Iteration: 8200
Batch 16;INFO;2020-04-02 15:29:56;    3.1 Uploaded Counter Iteration: 8250
Batch 16;INFO;2020-04-02 15:31:03;    3.1 Uploaded Counter Iteration: 8300
Batch 16;INFO;2020-04-02 15:34:46;    3.1 Uploaded Counter Iteration: 8350
Batch 16;INFO;2020-04-02 15:36:01;    3.1 Uploaded Counter Iteration: 8400
Batch 16;INFO;2020-04-02 15:39:31;    3.1 Uploaded Counter Iteration: 8450
Batch 16;INFO;2020-04-02 15:40:54;    3.1 Uploaded Counter Iteration: 8500
Batch 16;INFO;2020-04-02 15:44:06;    3.1 Uploaded Counter Iteration: 8550
Batch 16;INFO;2020-04-02 15:45:53;    3.1 Uploaded Counter Iteration: 8600
Batch 16;INFO;2020-04-02 15:48:58;    3.1 Uploaded Counter Iteration: 8650
Batch 16;INFO;2020-04-02 15:50:51;    3.1 Uploaded Counter Iteration: 8700
Batch 16;INFO;2020-04-02 15:53:54;    3.1 Uploaded Counter Iteration: 8750
Batch 16;INFO;2020-04-02 15:55:50;    3.1 Uploaded Counter Iteration: 8800
Batch 16;INFO;2020-04-02 15:58:54;    3.1 Uploaded Counter Iteration: 8850
Batch 16;INFO;2020-04-02 16:00:53;    3.1 Uploaded Counter Iteration: 8900
Batch 16;INFO;2020-04-02 16:03:29;    3.1 Uploaded Counter Iteration: 8950
Batch 16;INFO;2020-04-02 16:05:41;    3.1 Uploaded Counter Iteration: 9000
Batch 16;INFO;2020-04-02 16:08:31;    3.1 Uploaded Counter Iteration: 9050
Batch 16;INFO;2020-04-02 16:10:47;    3.1 Uploaded Counter Iteration: 9100
Batch 16;INFO;2020-04-02 16:13:38;    3.1 Uploaded Counter Iteration: 9150
Batch 16;INFO;2020-04-02 16:15:44;    3.1 Uploaded Counter Iteration: 9200
Batch 16;INFO;2020-04-02 16:18:18;    3.1 Uploaded Counter Iteration: 9250
Batch 16;INFO;2020-04-02 16:20:37;    3.1 Uploaded Counter Iteration: 9300
Batch 16;INFO;2020-04-02 16:23:08;    3.1 Uploaded Counter Iteration: 9350
Batch 16;INFO;2020-04-02 16:25:35;    3.1 Uploaded Counter Iteration: 9400
Batch 16;INFO;2020-04-02 16:28:00;    3.1 Uploaded Counter Iteration: 9450
Batch 16;INFO;2020-04-02 16:30:35;    3.1 Uploaded Counter Iteration: 9500
Batch 16;INFO;2020-04-02 16:32:47;    3.1 Uploaded Counter Iteration: 9550
Batch 16;INFO;2020-04-02 16:35:30;    3.1 Uploaded Counter Iteration: 9600
Batch 16;INFO;2020-04-02 16:37:27;    3.1 Uploaded Counter Iteration: 9650
Batch 16;INFO;2020-04-02 16:40:24;    3.1 Uploaded Counter Iteration: 9700
Batch 16;INFO;2020-04-02 16:42:00;    3.1 Uploaded Counter Iteration: 9750
Batch 16;INFO;2020-04-02 16:45:17;    3.1 Uploaded Counter Iteration: 9800
Batch 16;INFO;2020-04-02 16:46:34;    3.1 Uploaded Counter Iteration: 9850
Batch 16;INFO;2020-04-02 16:50:11;    3.1 Uploaded Counter Iteration: 9900
Batch 16;INFO;2020-04-02 16:51:15;    3.1 Uploaded Counter Iteration: 9950
Batch 16;INFO;2020-04-02 16:55:08;    3.1 Uploaded Counter Iteration: 10000
Batch 16;INFO;2020-04-02 16:56:08;    3.1 Uploaded Counter Iteration: 10050
Batch 16;INFO;2020-04-02 16:59:47;    3.1 Uploaded Counter Iteration: 10100
Batch 16;INFO;2020-04-02 17:01:06;    3.1 Uploaded Counter Iteration: 10150
Batch 16;INFO;2020-04-02 17:04:49;    3.1 Uploaded Counter Iteration: 10200
Batch 16;INFO;2020-04-02 17:06:00;    3.1 Uploaded Counter Iteration: 10250
Batch 16;INFO;2020-04-02 17:09:42;    3.1 Uploaded Counter Iteration: 10300
Batch 16;INFO;2020-04-02 17:10:55;    3.1 Uploaded Counter Iteration: 10350
Batch 16;INFO;2020-04-02 17:14:26;    3.1 Uploaded Counter Iteration: 10400
Batch 16;INFO;2020-04-02 17:15:54;    3.1 Uploaded Counter Iteration: 10450
Batch 16;INFO;2020-04-02 17:19:15;    3.1 Uploaded Counter Iteration: 10500
Batch 16;INFO;2020-04-02 17:20:49;    3.1 Uploaded Counter Iteration: 10550
Batch 16;INFO;2020-04-02 17:23:58;    3.1 Uploaded Counter Iteration: 10600
Batch 16;INFO;2020-04-02 17:25:42;    3.1 Uploaded Counter Iteration: 10650
Batch 16;INFO;2020-04-02 17:28:25;    3.1 Uploaded Counter Iteration: 10700
Batch 16;INFO;2020-04-02 17:30:36;    3.1 Uploaded Counter Iteration: 10750
Batch 16;INFO;2020-04-02 17:33:04;    3.1 Uploaded Counter Iteration: 10800
Batch 16;INFO;2020-04-02 17:35:31;    3.1 Uploaded Counter Iteration: 10850
Batch 16;INFO;2020-04-02 17:37:41;    3.1 Uploaded Counter Iteration: 10900
Batch 16;INFO;2020-04-02 17:40:26;    3.1 Uploaded Counter Iteration: 10950
Batch 16;INFO;2020-04-02 17:42:13;    3.1 Uploaded Counter Iteration: 11000
Batch 16;INFO;2020-04-02 17:45:21;    3.1 Uploaded Counter Iteration: 11050
Batch 16;INFO;2020-04-02 17:46:55;    3.1 Uploaded Counter Iteration: 11100
Batch 16;INFO;2020-04-02 17:50:15;    3.1 Uploaded Counter Iteration: 11150
Batch 16;INFO;2020-04-02 17:51:57;    3.1 Uploaded Counter Iteration: 11200
Batch 16;INFO;2020-04-02 17:55:15;    3.1 Uploaded Counter Iteration: 11250
Batch 16;INFO;2020-04-02 17:56:55;    3.1 Uploaded Counter Iteration: 11300
Batch 16;INFO;2020-04-02 18:00:12;    3.1 Uploaded Counter Iteration: 11350
Batch 16;INFO;2020-04-02 18:01:36;    3.1 Uploaded Counter Iteration: 11400
Batch 16;INFO;2020-04-02 18:05:09;    3.1 Uploaded Counter Iteration: 11450
Batch 16;INFO;2020-04-02 18:06:28;    3.1 Uploaded Counter Iteration: 11500
Batch 16;INFO;2020-04-02 18:10:08;    3.1 Uploaded Counter Iteration: 11550
Batch 16;INFO;2020-04-02 18:11:15;    3.1 Uploaded Counter Iteration: 11600
Batch 16;INFO;2020-04-02 18:14:46;    3.1 Uploaded Counter Iteration: 11650
Batch 16;INFO;2020-04-02 18:15:57;    3.1 Uploaded Counter Iteration: 11700
Batch 16;INFO;2020-04-02 18:19:23;    3.1 Uploaded Counter Iteration: 11750
Batch 16;INFO;2020-04-02 18:20:53;    3.1 Uploaded Counter Iteration: 11800
Batch 16;INFO;2020-04-02 18:24:07;    3.1 Uploaded Counter Iteration: 11850
Batch 16;INFO;2020-04-02 18:25:45;    3.1 Uploaded Counter Iteration: 11900
Batch 16;INFO;2020-04-02 18:28:42;    3.1 Uploaded Counter Iteration: 11950
Batch 16;INFO;2020-04-02 18:30:41;    3.1 Uploaded Counter Iteration: 12000
Batch 16;INFO;2020-04-02 18:33:22;    3.1 Uploaded Counter Iteration: 12050
Batch 16;INFO;2020-04-02 18:35:35;    3.1 Uploaded Counter Iteration: 12100
Batch 16;INFO;2020-04-02 18:37:50;    3.1 Uploaded Counter Iteration: 12150
Batch 16;INFO;2020-04-02 18:40:27;    3.1 Uploaded Counter Iteration: 12200
Batch 16;INFO;2020-04-02 18:42:19;    3.1 Uploaded Counter Iteration: 12250
Batch 16;INFO;2020-04-02 18:45:20;    3.1 Uploaded Counter Iteration: 12300
Batch 16;INFO;2020-04-02 18:46:58;    3.1 Uploaded Counter Iteration: 12350
Batch 16;INFO;2020-04-02 18:50:13;    3.1 Uploaded Counter Iteration: 12400
Batch 16;INFO;2020-04-02 18:51:26;    3.1 Uploaded Counter Iteration: 12450
Batch 16;INFO;2020-04-02 18:55:04;    3.1 Uploaded Counter Iteration: 12500
Batch 16;INFO;2020-04-02 18:56:05;    3.1 Uploaded Counter Iteration: 12550
Batch 16;INFO;2020-04-02 18:59:47;    3.1 Uploaded Counter Iteration: 12600
Batch 16;INFO;2020-04-02 19:00:58;    3.1 Uploaded Counter Iteration: 12650
Batch 16;INFO;2020-04-02 19:04:30;    3.1 Uploaded Counter Iteration: 12700
Batch 16;INFO;2020-04-02 19:05:52;    3.1 Uploaded Counter Iteration: 12750
Batch 16;INFO;2020-04-02 19:09:06;    3.1 Uploaded Counter Iteration: 12800
Batch 16;INFO;2020-04-02 19:10:45;    3.1 Uploaded Counter Iteration: 12850
Batch 16;INFO;2020-04-02 19:13:43;    3.1 Uploaded Counter Iteration: 12900
Batch 16;INFO;2020-04-02 19:15:44;    3.1 Uploaded Counter Iteration: 12950
Batch 16;INFO;2020-04-02 19:18:40;    3.1 Uploaded Counter Iteration: 13000
Batch 16;INFO;2020-04-02 19:20:41;    3.1 Uploaded Counter Iteration: 13050
Batch 16;INFO;2020-04-02 19:23:20;    3.1 Uploaded Counter Iteration: 13100
Batch 16;INFO;2020-04-02 19:25:35;    3.1 Uploaded Counter Iteration: 13150
Batch 16;INFO;2020-04-02 19:28:03;    3.1 Uploaded Counter Iteration: 13200
Batch 16;INFO;2020-04-02 19:30:30;    3.1 Uploaded Counter Iteration: 13250
Batch 16;INFO;2020-04-02 19:32:50;    3.1 Uploaded Counter Iteration: 13300
Batch 16;INFO;2020-04-02 19:35:28;    3.1 Uploaded Counter Iteration: 13350
Batch 16;INFO;2020-04-02 19:37:27;    3.1 Uploaded Counter Iteration: 13400
Batch 16;INFO;2020-04-02 19:40:21;    3.1 Uploaded Counter Iteration: 13450
Batch 16;INFO;2020-04-02 19:42:17;    3.1 Uploaded Counter Iteration: 13500
Batch 16;INFO;2020-04-02 19:45:18;    3.1 Uploaded Counter Iteration: 13550
Batch 16;INFO;2020-04-02 19:46:53;    3.1 Uploaded Counter Iteration: 13600
Batch 16;INFO;2020-04-02 19:50:10;    3.1 Uploaded Counter Iteration: 13650
Batch 16;INFO;2020-04-02 19:51:23;    3.1 Uploaded Counter Iteration: 13700
Batch 16;INFO;2020-04-02 19:55:02;    3.1 Uploaded Counter Iteration: 13750
Batch 16;INFO;2020-04-02 19:56:00;    3.1 Uploaded Counter Iteration: 13800
Batch 16;INFO;2020-04-02 19:59:29;    3.1 Uploaded Counter Iteration: 13850
Batch 16;INFO;2020-04-02 20:00:53;    3.1 Uploaded Counter Iteration: 13900
Batch 16;INFO;2020-04-02 20:04:12;    3.1 Uploaded Counter Iteration: 13950
Batch 16;INFO;2020-04-02 20:05:47;    3.1 Uploaded Counter Iteration: 14000
Batch 16;INFO;2020-04-02 20:08:54;    3.1 Uploaded Counter Iteration: 14050
Batch 16;INFO;2020-04-02 20:10:44;    3.1 Uploaded Counter Iteration: 14100
Batch 16;INFO;2020-04-02 20:13:37;    3.1 Uploaded Counter Iteration: 14150
Batch 16;INFO;2020-04-02 20:15:39;    3.1 Uploaded Counter Iteration: 14200
Batch 16;INFO;2020-04-02 20:18:17;    3.1 Uploaded Counter Iteration: 14250
Batch 16;INFO;2020-04-02 20:20:32;    3.1 Uploaded Counter Iteration: 14300
Batch 16;INFO;2020-04-02 20:22:42;    3.1 Uploaded Counter Iteration: 14350
Batch 16;INFO;2020-04-02 20:25:26;    3.1 Uploaded Counter Iteration: 14400
Batch 16;INFO;2020-04-02 20:27:26;    3.1 Uploaded Counter Iteration: 14450
Batch 16;INFO;2020-04-02 20:30:20;    3.1 Uploaded Counter Iteration: 14500
Batch 16;INFO;2020-04-02 20:31:57;    3.1 Uploaded Counter Iteration: 14550
Batch 16;INFO;2020-04-02 20:35:13;    3.1 Uploaded Counter Iteration: 14600
Batch 16;INFO;2020-04-02 20:36:33;    3.1 Uploaded Counter Iteration: 14650
Batch 16;INFO;2020-04-02 20:40:07;    3.1 Uploaded Counter Iteration: 14700
Batch 16;INFO;2020-04-02 20:41:05;    3.1 Uploaded Counter Iteration: 14750
Batch 16;INFO;2020-04-02 20:44:42;    3.1 Uploaded Counter Iteration: 14800
Batch 16;INFO;2020-04-02 20:45:54;    3.1 Uploaded Counter Iteration: 14850
Batch 16;INFO;2020-04-02 20:49:15;    3.1 Uploaded Counter Iteration: 14900
Batch 16;INFO;2020-04-02 20:50:49;    3.1 Uploaded Counter Iteration: 14950
Batch 16;INFO;2020-04-02 20:53:54;    3.1 Uploaded Counter Iteration: 15000
Batch 16;INFO;2020-04-02 20:55:44;    3.1 Uploaded Counter Iteration: 15050
Batch 16;INFO;2020-04-02 20:58:37;    3.1 Uploaded Counter Iteration: 15100
Batch 16;INFO;2020-04-02 21:00:38;    3.1 Uploaded Counter Iteration: 15150
Batch 16;INFO;2020-04-02 21:03:18;    3.1 Uploaded Counter Iteration: 15200
Batch 16;INFO;2020-04-02 21:05:36;    3.1 Uploaded Counter Iteration: 15250
Batch 16;INFO;2020-04-02 21:07:52;    3.1 Uploaded Counter Iteration: 15300
Batch 16;INFO;2020-04-02 21:10:26;    3.1 Uploaded Counter Iteration: 15350
Batch 16;INFO;2020-04-02 21:12:31;    3.1 Uploaded Counter Iteration: 15400
Batch 16;INFO;2020-04-02 21:15:23;    3.1 Uploaded Counter Iteration: 15450
Batch 16;INFO;2020-04-02 21:17:04;    3.1 Uploaded Counter Iteration: 15500
Batch 16;INFO;2020-04-02 21:20:17;    3.1 Uploaded Counter Iteration: 15550
Batch 16;INFO;2020-04-02 21:21:41;    3.1 Uploaded Counter Iteration: 15600
Batch 16;INFO;2020-04-02 21:25:11;    3.1 Uploaded Counter Iteration: 15650
Batch 16;INFO;2020-04-02 21:26:24;    3.1 Uploaded Counter Iteration: 15700
Batch 16;INFO;2020-04-02 21:30:07;    3.1 Uploaded Counter Iteration: 15750
Batch 16;INFO;2020-04-02 21:31:08;    3.1 Uploaded Counter Iteration: 15800
Batch 16;INFO;2020-04-02 21:34:55;    3.1 Uploaded Counter Iteration: 15850
Batch 16;INFO;2020-04-02 21:36:02;    3.1 Uploaded Counter Iteration: 15900
Batch 16;INFO;2020-04-02 21:39:38;    3.1 Uploaded Counter Iteration: 15950
Batch 16;INFO;2020-04-02 21:40:55;    3.1 Uploaded Counter Iteration: 16000
Batch 16;INFO;2020-04-02 21:44:05;    3.1 Uploaded Counter Iteration: 16050
Batch 16;INFO;2020-04-02 21:45:46;    3.1 Uploaded Counter Iteration: 16100
Batch 16;INFO;2020-04-02 21:48:33;    3.1 Uploaded Counter Iteration: 16150
Batch 16;INFO;2020-04-02 21:50:38;    3.1 Uploaded Counter Iteration: 16200
Batch 16;INFO;2020-04-02 21:53:01;    3.1 Uploaded Counter Iteration: 16250
Batch 16;INFO;2020-04-02 21:55:30;    3.1 Uploaded Counter Iteration: 16300
Batch 16;INFO;2020-04-02 21:57:37;    3.1 Uploaded Counter Iteration: 16350
Batch 16;INFO;2020-04-02 22:00:23;    3.1 Uploaded Counter Iteration: 16400
Batch 16;INFO;2020-04-02 22:02:06;    3.1 Uploaded Counter Iteration: 16450
Batch 16;INFO;2020-04-02 22:05:18;    3.1 Uploaded Counter Iteration: 16500
Batch 16;INFO;2020-04-02 22:06:36;    3.1 Uploaded Counter Iteration: 16550
Batch 16;INFO;2020-04-02 22:10:07;    3.1 Uploaded Counter Iteration: 16600
Batch 16;INFO;2020-04-02 22:11:06;    3.1 Uploaded Counter Iteration: 16650
Batch 16;INFO;2020-04-02 22:14:46;    3.1 Uploaded Counter Iteration: 16700
Batch 16;INFO;2020-04-02 22:15:57;    3.1 Uploaded Counter Iteration: 16750
Batch 16;INFO;2020-04-02 22:19:19;    3.1 Uploaded Counter Iteration: 16800
Batch 16;INFO;2020-04-02 22:20:49;    3.1 Uploaded Counter Iteration: 16850
Batch 16;INFO;2020-04-02 22:23:41;    3.1 Uploaded Counter Iteration: 16900
Batch 16;INFO;2020-04-02 22:25:41;    3.1 Uploaded Counter Iteration: 16950
Batch 16;INFO;2020-04-02 22:28:22;    3.1 Uploaded Counter Iteration: 17000
Batch 16;INFO;2020-04-02 22:30:35;    3.1 Uploaded Counter Iteration: 17050
Batch 16;INFO;2020-04-02 22:32:58;    3.1 Uploaded Counter Iteration: 17100
Batch 16;INFO;2020-04-02 22:35:28;    3.1 Uploaded Counter Iteration: 17150
Batch 16;INFO;2020-04-02 22:37:24;    3.1 Uploaded Counter Iteration: 17200
Batch 16;INFO;2020-04-02 22:40:22;    3.1 Uploaded Counter Iteration: 17250
Batch 16;INFO;2020-04-02 22:42:07;    3.1 Uploaded Counter Iteration: 17300
Batch 16;INFO;2020-04-02 22:45:18;    3.1 Uploaded Counter Iteration: 17350
Batch 16;INFO;2020-04-02 22:47:02;    3.1 Uploaded Counter Iteration: 17400
Batch 16;INFO;2020-04-02 22:50:16;    3.1 Uploaded Counter Iteration: 17450
Batch 16;INFO;2020-04-02 22:51:45;    3.1 Uploaded Counter Iteration: 17500
Batch 16;INFO;2020-04-02 22:55:13;    3.1 Uploaded Counter Iteration: 17550
Batch 16;INFO;2020-04-02 22:56:33;    3.1 Uploaded Counter Iteration: 17600
Batch 16;INFO;2020-04-02 23:00:06;    3.1 Uploaded Counter Iteration: 17650
Batch 16;INFO;2020-04-02 23:01:08;    3.1 Uploaded Counter Iteration: 17700
Batch 16;INFO;2020-04-02 23:04:45;    3.1 Uploaded Counter Iteration: 17750
Batch 16;INFO;2020-04-02 23:06:00;    3.1 Uploaded Counter Iteration: 17800
Batch 16;INFO;2020-04-02 23:09:13;    3.1 Uploaded Counter Iteration: 17850
Batch 16;INFO;2020-04-02 23:10:47;    3.1 Uploaded Counter Iteration: 17900
Batch 16;INFO;2020-04-02 23:13:49;    3.1 Uploaded Counter Iteration: 17950
Batch 16;INFO;2020-04-02 23:15:42;    3.1 Uploaded Counter Iteration: 18000
Batch 16;INFO;2020-04-02 23:18:19;    3.1 Uploaded Counter Iteration: 18050
Batch 16;INFO;2020-04-02 23:20:35;    3.1 Uploaded Counter Iteration: 18100
Batch 16;INFO;2020-04-02 23:22:59;    3.1 Uploaded Counter Iteration: 18150
Batch 16;INFO;2020-04-02 23:25:31;    3.1 Uploaded Counter Iteration: 18200
Batch 16;INFO;2020-04-02 23:27:37;    3.1 Uploaded Counter Iteration: 18250
Batch 16;INFO;2020-04-02 23:30:25;    3.1 Uploaded Counter Iteration: 18300
Batch 16;INFO;2020-04-02 23:32:19;    3.1 Uploaded Counter Iteration: 18350
Batch 16;INFO;2020-04-02 23:35:20;    3.1 Uploaded Counter Iteration: 18400
Batch 16;INFO;2020-04-02 23:37:06;    3.1 Uploaded Counter Iteration: 18450
Batch 16;INFO;2020-04-02 23:40:18;    3.1 Uploaded Counter Iteration: 18500
Batch 16;INFO;2020-04-02 23:41:57;    3.1 Uploaded Counter Iteration: 18550
Batch 16;INFO;2020-04-02 23:45:13;    3.1 Uploaded Counter Iteration: 18600
Batch 16;INFO;2020-04-02 23:46:30;    3.1 Uploaded Counter Iteration: 18650
Batch 16;INFO;2020-04-02 23:49:57;    3.1 Uploaded Counter Iteration: 18700
Batch 16;INFO;2020-04-02 23:51:00;    3.1 Uploaded Counter Iteration: 18750
Batch 16;INFO;2020-04-02 23:54:27;    3.1 Uploaded Counter Iteration: 18800
Batch 16;INFO;2020-04-02 23:55:52;    3.1 Uploaded Counter Iteration: 18850
Batch 16;INFO;2020-04-02 23:58:54;    3.1 Uploaded Counter Iteration: 18900
Batch 16;INFO;2020-04-03 00:00:43;    3.1 Uploaded Counter Iteration: 18950
Batch 16;INFO;2020-04-03 00:03:23;    3.1 Uploaded Counter Iteration: 19000
Batch 16;INFO;2020-04-03 00:05:36;    3.1 Uploaded Counter Iteration: 19050
Batch 16;INFO;2020-04-03 00:08:02;    3.1 Uploaded Counter Iteration: 19100
Batch 16;INFO;2020-04-03 00:10:31;    3.1 Uploaded Counter Iteration: 19150
Batch 16;INFO;2020-04-03 00:10:34;3 Starting webscrapping... (Completed)
Batch 16;INFO;2020-04-03 00:10:34;5. Succesfully run batch: 16
