Module;Type;Date;Details;Time;Error Type;Error Details;Error Line
Batch 17;INFO;2020-04-03 00:10:36;1. Select all songs in nonmatch-query (S3)
Batch 17;INFO;2020-04-03 00:10:36;1. Select all songs in nonmatch-query (S3) (Completed)
Batch 17;INFO;2020-04-03 00:10:36;3 Starting webscrapping...
Batch 17;INFO;2020-04-03 00:13:11;    3.1 Uploaded Counter Iteration: 50
Batch 17;INFO;2020-04-03 00:15:32;    3.1 Uploaded Counter Iteration: 100
Batch 17;INFO;2020-04-03 00:17:49;    3.1 Uploaded Counter Iteration: 150
Batch 17;INFO;2020-04-03 00:20:29;    3.1 Uploaded Counter Iteration: 200
Batch 17;INFO;2020-04-03 00:22:28;    3.1 Uploaded Counter Iteration: 250
Batch 17;INFO;2020-04-03 00:25:21;    3.1 Uploaded Counter Iteration: 300
Batch 17;INFO;2020-04-03 00:27:02;    3.1 Uploaded Counter Iteration: 350
Batch 17;INFO;2020-04-03 00:30:15;    3.1 Uploaded Counter Iteration: 400
Batch 17;INFO;2020-04-03 00:31:36;    3.1 Uploaded Counter Iteration: 450
Batch 17;INFO;2020-04-03 00:35:09;    3.1 Uploaded Counter Iteration: 500
Batch 17;INFO;2020-04-03 00:36:15;    3.1 Uploaded Counter Iteration: 550
Batch 17;INFO;2020-04-03 00:40:03;    3.1 Uploaded Counter Iteration: 600
Batch 17;INFO;2020-04-03 00:41:03;    3.1 Uploaded Counter Iteration: 650
Batch 17;INFO;2020-04-03 00:44:48;    3.1 Uploaded Counter Iteration: 700
Batch 17;INFO;2020-04-03 00:45:58;    3.1 Uploaded Counter Iteration: 750
Batch 17;INFO;2020-04-03 00:49:34;    3.1 Uploaded Counter Iteration: 800
Batch 17;INFO;2020-04-03 00:50:58;    3.1 Uploaded Counter Iteration: 850
Batch 17;INFO;2020-04-03 00:54:22;    3.1 Uploaded Counter Iteration: 900
Batch 17;INFO;2020-04-03 00:55:54;    3.1 Uploaded Counter Iteration: 950
Batch 17;INFO;2020-04-03 00:59:07;    3.1 Uploaded Counter Iteration: 1000
Batch 17;INFO;2020-04-03 01:00:48;    3.1 Uploaded Counter Iteration: 1050
Batch 17;INFO;2020-04-03 01:03:50;    3.1 Uploaded Counter Iteration: 1100
Batch 17;INFO;2020-04-03 01:05:44;    3.1 Uploaded Counter Iteration: 1150
Batch 17;INFO;2020-04-03 01:08:36;    3.1 Uploaded Counter Iteration: 1200
Batch 17;INFO;2020-04-03 01:10:41;    3.1 Uploaded Counter Iteration: 1250
Batch 17;INFO;2020-04-03 01:13:24;    3.1 Uploaded Counter Iteration: 1300
Batch 17;INFO;2020-04-03 01:15:37;    3.1 Uploaded Counter Iteration: 1350
Batch 17;INFO;2020-04-03 01:18:10;    3.1 Uploaded Counter Iteration: 1400
Batch 17;INFO;2020-04-03 01:20:36;    3.1 Uploaded Counter Iteration: 1450
Batch 17;INFO;2020-04-03 01:23:00;    3.1 Uploaded Counter Iteration: 1500
Batch 17;INFO;2020-04-03 01:25:32;    3.1 Uploaded Counter Iteration: 1550
Batch 17;INFO;2020-04-03 01:27:51;    3.1 Uploaded Counter Iteration: 1600
Batch 17;INFO;2020-04-03 01:30:28;    3.1 Uploaded Counter Iteration: 1650
Batch 17;INFO;2020-04-03 01:32:27;    3.1 Uploaded Counter Iteration: 1700
Batch 17;INFO;2020-04-03 01:35:22;    3.1 Uploaded Counter Iteration: 1750
Batch 17;INFO;2020-04-03 01:37:10;    3.1 Uploaded Counter Iteration: 1800
Batch 17;INFO;2020-04-03 01:40:19;    3.1 Uploaded Counter Iteration: 1850
Batch 17;INFO;2020-04-03 01:41:54;    3.1 Uploaded Counter Iteration: 1900
Batch 17;INFO;2020-04-03 01:45:15;    3.1 Uploaded Counter Iteration: 1950
Batch 17;INFO;2020-04-03 01:46:42;    3.1 Uploaded Counter Iteration: 2000
Batch 17;INFO;2020-04-03 01:50:13;    3.1 Uploaded Counter Iteration: 2050
Batch 17;INFO;2020-04-03 01:51:26;    3.1 Uploaded Counter Iteration: 2100
Batch 17;INFO;2020-04-03 01:55:10;    3.1 Uploaded Counter Iteration: 2150
Batch 17;INFO;2020-04-03 01:56:23;    3.1 Uploaded Counter Iteration: 2200
Batch 17;INFO;2020-04-03 02:00:06;    3.1 Uploaded Counter Iteration: 2250
Batch 17;INFO;2020-04-03 02:01:05;    3.1 Uploaded Counter Iteration: 2300
Batch 17;INFO;2020-04-03 02:04:45;    3.1 Uploaded Counter Iteration: 2350
Batch 17;INFO;2020-04-03 02:06:00;    3.1 Uploaded Counter Iteration: 2400
Batch 17;INFO;2020-04-03 02:09:48;    3.1 Uploaded Counter Iteration: 2450
Batch 17;INFO;2020-04-03 02:10:59;    3.1 Uploaded Counter Iteration: 2500
Batch 17;INFO;2020-04-03 02:14:31;    3.1 Uploaded Counter Iteration: 2550
Batch 17;INFO;2020-04-03 02:15:53;    3.1 Uploaded Counter Iteration: 2600
Batch 17;INFO;2020-04-03 02:19:13;    3.1 Uploaded Counter Iteration: 2650
Batch 17;INFO;2020-04-03 02:20:50;    3.1 Uploaded Counter Iteration: 2700
Batch 17;INFO;2020-04-03 02:24:04;    3.1 Uploaded Counter Iteration: 2750
Batch 17;INFO;2020-04-03 02:25:49;    3.1 Uploaded Counter Iteration: 2800
Batch 17;INFO;2020-04-03 02:28:53;    3.1 Uploaded Counter Iteration: 2850
Batch 17;INFO;2020-04-03 02:30:43;    3.1 Uploaded Counter Iteration: 2900
Batch 17;INFO;2020-04-03 02:33:27;    3.1 Uploaded Counter Iteration: 2950
Batch 17;INFO;2020-04-03 02:35:39;    3.1 Uploaded Counter Iteration: 3000
Batch 17;INFO;2020-04-03 02:38:18;    3.1 Uploaded Counter Iteration: 3050
Batch 17;INFO;2020-04-03 02:40:36;    3.1 Uploaded Counter Iteration: 3100
Batch 17;INFO;2020-04-03 02:43:12;    3.1 Uploaded Counter Iteration: 3150
Batch 17;INFO;2020-04-03 02:45:35;    3.1 Uploaded Counter Iteration: 3200
Batch 17;INFO;2020-04-03 02:48:09;    3.1 Uploaded Counter Iteration: 3250
Batch 17;INFO;2020-04-03 02:50:37;    3.1 Uploaded Counter Iteration: 3300
Batch 17;INFO;2020-04-03 02:53:06;    3.1 Uploaded Counter Iteration: 3350
Batch 17;INFO;2020-04-03 02:55:35;    3.1 Uploaded Counter Iteration: 3400
Batch 17;INFO;2020-04-03 02:57:56;    3.1 Uploaded Counter Iteration: 3450
Batch 17;INFO;2020-04-03 03:00:32;    3.1 Uploaded Counter Iteration: 3500
Batch 17;INFO;2020-04-03 03:02:49;    3.1 Uploaded Counter Iteration: 3550
Batch 17;INFO;2020-04-03 03:05:25;    3.1 Uploaded Counter Iteration: 3600
Batch 17;INFO;2020-04-03 03:07:20;    3.1 Uploaded Counter Iteration: 3650
Batch 17;INFO;2020-04-03 03:10:22;    3.1 Uploaded Counter Iteration: 3700
Batch 17;INFO;2020-04-03 03:12:17;    3.1 Uploaded Counter Iteration: 3750
Batch 17;INFO;2020-04-03 03:15:20;    3.1 Uploaded Counter Iteration: 3800
Batch 17;INFO;2020-04-03 03:17:03;    3.1 Uploaded Counter Iteration: 3850
Batch 17;INFO;2020-04-03 03:20:18;    3.1 Uploaded Counter Iteration: 3900
Batch 17;INFO;2020-04-03 03:21:52;    3.1 Uploaded Counter Iteration: 3950
Batch 17;INFO;2020-04-03 03:25:14;    3.1 Uploaded Counter Iteration: 4000
Batch 17;INFO;2020-04-03 03:26:34;    3.1 Uploaded Counter Iteration: 4050
Batch 17;INFO;2020-04-03 03:30:09;    3.1 Uploaded Counter Iteration: 4100
Batch 17;INFO;2020-04-03 03:31:25;    3.1 Uploaded Counter Iteration: 4150
Batch 17;INFO;2020-04-03 03:35:08;    3.1 Uploaded Counter Iteration: 4200
Batch 17;INFO;2020-04-03 03:36:06;    3.1 Uploaded Counter Iteration: 4250
Batch 17;INFO;2020-04-03 03:39:49;    3.1 Uploaded Counter Iteration: 4300
Batch 17;INFO;2020-04-03 03:40:59;    3.1 Uploaded Counter Iteration: 4350
Batch 17;INFO;2020-04-03 03:44:38;    3.1 Uploaded Counter Iteration: 4400
Batch 17;INFO;2020-04-03 03:46:03;    3.1 Uploaded Counter Iteration: 4450
Batch 17;INFO;2020-04-03 03:49:41;    3.1 Uploaded Counter Iteration: 4500
Batch 17;INFO;2020-04-03 03:50:59;    3.1 Uploaded Counter Iteration: 4550
Batch 17;INFO;2020-04-03 03:54:20;    3.1 Uploaded Counter Iteration: 4600
Batch 17;INFO;2020-04-03 03:55:51;    3.1 Uploaded Counter Iteration: 4650
Batch 17;INFO;2020-04-03 03:59:12;    3.1 Uploaded Counter Iteration: 4700
Batch 17;INFO;2020-04-03 04:00:51;    3.1 Uploaded Counter Iteration: 4750
Batch 17;INFO;2020-04-03 04:04:05;    3.1 Uploaded Counter Iteration: 4800
Batch 17;INFO;2020-04-03 04:05:48;    3.1 Uploaded Counter Iteration: 4850
Batch 17;INFO;2020-04-03 04:09:03;    3.1 Uploaded Counter Iteration: 4900
Batch 17;INFO;2020-04-03 04:10:50;    3.1 Uploaded Counter Iteration: 4950
Batch 17;INFO;2020-04-03 04:14:10;    3.1 Uploaded Counter Iteration: 5000
Batch 17;INFO;2020-04-03 04:15:49;    3.1 Uploaded Counter Iteration: 5050
Batch 17;INFO;2020-04-03 04:19:12;    3.1 Uploaded Counter Iteration: 5100
Batch 17;INFO;2020-04-03 04:20:48;    3.1 Uploaded Counter Iteration: 5150
Batch 17;INFO;2020-04-03 04:24:06;    3.1 Uploaded Counter Iteration: 5200
Batch 17;INFO;2020-04-03 04:25:49;    3.1 Uploaded Counter Iteration: 5250
Batch 17;INFO;2020-04-03 04:29:07;    3.1 Uploaded Counter Iteration: 5300
Batch 17;INFO;2020-04-03 04:30:51;    3.1 Uploaded Counter Iteration: 5350
Batch 17;INFO;2020-04-03 04:34:00;    3.1 Uploaded Counter Iteration: 5400
Batch 17;INFO;2020-04-03 04:35:48;    3.1 Uploaded Counter Iteration: 5450
Batch 17;INFO;2020-04-03 04:38:44;    3.1 Uploaded Counter Iteration: 5500
Batch 17;INFO;2020-04-03 04:40:43;    3.1 Uploaded Counter Iteration: 5550
Batch 17;INFO;2020-04-03 04:43:23;    3.1 Uploaded Counter Iteration: 5600
Batch 17;INFO;2020-04-03 04:45:38;    3.1 Uploaded Counter Iteration: 5650
Batch 17;INFO;2020-04-03 04:48:07;    3.1 Uploaded Counter Iteration: 5700
Batch 17;INFO;2020-04-03 04:50:33;    3.1 Uploaded Counter Iteration: 5750
Batch 17;INFO;2020-04-03 04:52:47;    3.1 Uploaded Counter Iteration: 5800
Batch 17;INFO;2020-04-03 04:55:27;    3.1 Uploaded Counter Iteration: 5850
Batch 17;INFO;2020-04-03 04:57:24;    3.1 Uploaded Counter Iteration: 5900
Batch 17;INFO;2020-04-03 05:00:22;    3.1 Uploaded Counter Iteration: 5950
Batch 17;INFO;2020-04-03 05:02:07;    3.1 Uploaded Counter Iteration: 6000
Batch 17;INFO;2020-04-03 05:05:17;    3.1 Uploaded Counter Iteration: 6050
Batch 17;INFO;2020-04-03 05:06:47;    3.1 Uploaded Counter Iteration: 6100
Batch 17;INFO;2020-04-03 05:10:13;    3.1 Uploaded Counter Iteration: 6150
Batch 17;INFO;2020-04-03 05:11:46;    3.1 Uploaded Counter Iteration: 6200
Batch 17;INFO;2020-04-03 05:15:12;    3.1 Uploaded Counter Iteration: 6250
Batch 17;INFO;2020-04-03 05:16:31;    3.1 Uploaded Counter Iteration: 6300
Batch 17;INFO;2020-04-03 05:20:10;    3.1 Uploaded Counter Iteration: 6350
Batch 17;INFO;2020-04-03 05:21:20;    3.1 Uploaded Counter Iteration: 6400
Batch 17;INFO;2020-04-03 05:25:10;    3.1 Uploaded Counter Iteration: 6450
Batch 17;INFO;2020-04-03 05:26:20;    3.1 Uploaded Counter Iteration: 6500
Batch 17;INFO;2020-04-03 05:29:59;    3.1 Uploaded Counter Iteration: 6550
Batch 17;INFO;2020-04-03 05:31:15;    3.1 Uploaded Counter Iteration: 6600
Batch 17;INFO;2020-04-03 05:35:07;    3.1 Uploaded Counter Iteration: 6650
Batch 17;INFO;2020-04-03 05:36:25;    3.1 Uploaded Counter Iteration: 6700
Batch 17;INFO;2020-04-03 05:40:08;    3.1 Uploaded Counter Iteration: 6750
Batch 17;INFO;2020-04-03 05:41:10;    3.1 Uploaded Counter Iteration: 6800
Batch 17;INFO;2020-04-03 05:44:49;    3.1 Uploaded Counter Iteration: 6850
Batch 17;INFO;2020-04-03 05:46:00;    3.1 Uploaded Counter Iteration: 6900
Batch 17;INFO;2020-04-03 05:49:44;    3.1 Uploaded Counter Iteration: 6950
Batch 17;INFO;2020-04-03 05:50:59;    3.1 Uploaded Counter Iteration: 7000
Batch 17;INFO;2020-04-03 05:54:35;    3.1 Uploaded Counter Iteration: 7050
Batch 17;INFO;2020-04-03 05:55:58;    3.1 Uploaded Counter Iteration: 7100
Batch 17;INFO;2020-04-03 05:59:38;    3.1 Uploaded Counter Iteration: 7150
Batch 17;INFO;2020-04-03 06:01:01;    3.1 Uploaded Counter Iteration: 7200
Batch 17;INFO;2020-04-03 06:04:36;    3.1 Uploaded Counter Iteration: 7250
Batch 17;INFO;2020-04-03 06:06:04;    3.1 Uploaded Counter Iteration: 7300
Batch 17;INFO;2020-04-03 06:09:53;    3.1 Uploaded Counter Iteration: 7350
Batch 17;INFO;2020-04-03 06:11:07;    3.1 Uploaded Counter Iteration: 7400
Batch 17;INFO;2020-04-03 06:15:06;    3.1 Uploaded Counter Iteration: 7450
Batch 17;INFO;2020-04-03 06:16:07;    3.1 Uploaded Counter Iteration: 7500
Batch 17;INFO;2020-04-03 06:20:00;    3.1 Uploaded Counter Iteration: 7550
Batch 17;INFO;2020-04-03 06:21:24;    3.1 Uploaded Counter Iteration: 7600
Batch 17;INFO;2020-04-03 06:25:09;    3.1 Uploaded Counter Iteration: 7650
Batch 17;INFO;2020-04-03 06:26:48;    3.1 Uploaded Counter Iteration: 7700
Batch 17;INFO;2020-04-03 06:30:19;    3.1 Uploaded Counter Iteration: 7750
Batch 17;INFO;2020-04-03 06:32:22;    3.1 Uploaded Counter Iteration: 7800
Batch 17;INFO;2020-04-03 06:35:25;    3.1 Uploaded Counter Iteration: 7850
Batch 17;INFO;2020-04-03 06:37:24;    3.1 Uploaded Counter Iteration: 7900
Batch 17;INFO;2020-04-03 06:40:25;    3.1 Uploaded Counter Iteration: 7950
Batch 17;INFO;2020-04-03 06:42:21;    3.1 Uploaded Counter Iteration: 8000
Batch 17;INFO;2020-04-03 06:45:23;    3.1 Uploaded Counter Iteration: 8050
Batch 17;INFO;2020-04-03 06:47:11;    3.1 Uploaded Counter Iteration: 8100
Batch 17;INFO;2020-04-03 06:50:25;    3.1 Uploaded Counter Iteration: 8150
Batch 17;INFO;2020-04-03 06:52:35;    3.1 Uploaded Counter Iteration: 8200
Batch 17;INFO;2020-04-03 06:55:29;    3.1 Uploaded Counter Iteration: 8250
Batch 17;INFO;2020-04-03 06:57:45;    3.1 Uploaded Counter Iteration: 8300
Batch 17;INFO;2020-04-03 07:00:28;    3.1 Uploaded Counter Iteration: 8350
Batch 17;INFO;2020-04-03 07:02:41;    3.1 Uploaded Counter Iteration: 8400
Batch 17;INFO;2020-04-03 07:05:32;    3.1 Uploaded Counter Iteration: 8450
Batch 17;INFO;2020-04-03 07:08:05;    3.1 Uploaded Counter Iteration: 8500
Batch 17;INFO;2020-04-03 07:10:36;    3.1 Uploaded Counter Iteration: 8550
Batch 17;INFO;2020-04-03 07:13:07;    3.1 Uploaded Counter Iteration: 8600
Batch 17;INFO;2020-04-03 07:15:36;    3.1 Uploaded Counter Iteration: 8650
Batch 17;INFO;2020-04-03 07:18:07;    3.1 Uploaded Counter Iteration: 8700
Batch 17;INFO;2020-04-03 07:20:37;    3.1 Uploaded Counter Iteration: 8750
Batch 17;INFO;2020-04-03 07:23:17;    3.1 Uploaded Counter Iteration: 8800
Batch 17;INFO;2020-04-03 07:25:40;    3.1 Uploaded Counter Iteration: 8850
Batch 17;INFO;2020-04-03 07:28:42;    3.1 Uploaded Counter Iteration: 8900
Batch 17;INFO;2020-04-03 07:30:46;    3.1 Uploaded Counter Iteration: 8950
Batch 17;INFO;2020-04-03 07:34:08;    3.1 Uploaded Counter Iteration: 9000
Batch 17;INFO;2020-04-03 07:35:53;    3.1 Uploaded Counter Iteration: 9050
Batch 17;INFO;2020-04-03 07:39:28;    3.1 Uploaded Counter Iteration: 9100
Batch 17;INFO;2020-04-03 07:40:58;    3.1 Uploaded Counter Iteration: 9150
Batch 17;INFO;2020-04-03 07:44:43;    3.1 Uploaded Counter Iteration: 9200
Batch 17;INFO;2020-04-03 07:45:59;    3.1 Uploaded Counter Iteration: 9250
Batch 17;INFO;2020-04-03 07:49:48;    3.1 Uploaded Counter Iteration: 9300
Batch 17;INFO;2020-04-03 07:51:00;    3.1 Uploaded Counter Iteration: 9350
Batch 17;INFO;2020-04-03 07:54:42;    3.1 Uploaded Counter Iteration: 9400
Batch 17;INFO;2020-04-03 07:56:01;    3.1 Uploaded Counter Iteration: 9450
Batch 17;INFO;2020-04-03 07:59:48;    3.1 Uploaded Counter Iteration: 9500
Batch 17;INFO;2020-04-03 08:01:02;    3.1 Uploaded Counter Iteration: 9550
Batch 17;INFO;2020-04-03 08:04:59;    3.1 Uploaded Counter Iteration: 9600
Batch 17;INFO;2020-04-03 08:06:17;    3.1 Uploaded Counter Iteration: 9650
Batch 17;INFO;2020-04-03 08:10:11;    3.1 Uploaded Counter Iteration: 9700
Batch 17;INFO;2020-04-03 08:11:35;    3.1 Uploaded Counter Iteration: 9750
Batch 17;INFO;2020-04-03 08:15:15;    3.1 Uploaded Counter Iteration: 9800
Batch 17;INFO;2020-04-03 08:16:46;    3.1 Uploaded Counter Iteration: 9850
Batch 17;INFO;2020-04-03 08:20:17;    3.1 Uploaded Counter Iteration: 9900
Batch 17;INFO;2020-04-03 08:22:07;    3.1 Uploaded Counter Iteration: 9950
Batch 17;INFO;2020-04-03 08:25:22;    3.1 Uploaded Counter Iteration: 10000
Batch 17;INFO;2020-04-03 08:27:25;    3.1 Uploaded Counter Iteration: 10050
Batch 17;INFO;2020-04-03 08:30:27;    3.1 Uploaded Counter Iteration: 10100
Batch 17;INFO;2020-04-03 08:32:34;    3.1 Uploaded Counter Iteration: 10150
Batch 17;INFO;2020-04-03 08:35:30;    3.1 Uploaded Counter Iteration: 10200
Batch 17;INFO;2020-04-03 08:38:09;    3.1 Uploaded Counter Iteration: 10250
Batch 17;INFO;2020-04-03 08:40:35;    3.1 Uploaded Counter Iteration: 10300
Batch 17;INFO;2020-04-03 08:43:04;    3.1 Uploaded Counter Iteration: 10350
Batch 17;INFO;2020-04-03 08:45:34;    3.1 Uploaded Counter Iteration: 10400
Batch 17;INFO;2020-04-03 08:47:53;    3.1 Uploaded Counter Iteration: 10450
Batch 17;INFO;2020-04-03 08:50:30;    3.1 Uploaded Counter Iteration: 10500
Batch 17;INFO;2020-04-03 08:52:34;    3.1 Uploaded Counter Iteration: 10550
Batch 17;INFO;2020-04-03 08:55:28;    3.1 Uploaded Counter Iteration: 10600
Batch 17;INFO;2020-04-03 08:57:42;    3.1 Uploaded Counter Iteration: 10650
Batch 17;INFO;2020-04-03 09:00:32;    3.1 Uploaded Counter Iteration: 10700
Batch 17;INFO;2020-04-03 09:02:51;    3.1 Uploaded Counter Iteration: 10750
Batch 17;INFO;2020-04-03 09:05:30;    3.1 Uploaded Counter Iteration: 10800
Batch 17;INFO;2020-04-03 09:07:59;    3.1 Uploaded Counter Iteration: 10850
Batch 17;INFO;2020-04-03 09:10:36;    3.1 Uploaded Counter Iteration: 10900
Batch 17;INFO;2020-04-03 09:13:23;    3.1 Uploaded Counter Iteration: 10950
Batch 17;INFO;2020-04-03 09:15:43;    3.1 Uploaded Counter Iteration: 11000
Batch 17;INFO;2020-04-03 09:18:50;    3.1 Uploaded Counter Iteration: 11050
Batch 17;INFO;2020-04-03 09:20:47;    3.1 Uploaded Counter Iteration: 11100
Batch 17;INFO;2020-04-03 09:23:50;    3.1 Uploaded Counter Iteration: 11150
Batch 17;INFO;2020-04-03 09:25:49;    3.1 Uploaded Counter Iteration: 11200
Batch 17;INFO;2020-04-03 09:29:06;    3.1 Uploaded Counter Iteration: 11250
Batch 17;INFO;2020-04-03 09:30:55;    3.1 Uploaded Counter Iteration: 11300
Batch 17;INFO;2020-04-03 09:34:33;    3.1 Uploaded Counter Iteration: 11350
Batch 17;INFO;2020-04-03 09:36:03;    3.1 Uploaded Counter Iteration: 11400
Batch 17;INFO;2020-04-03 09:39:56;    3.1 Uploaded Counter Iteration: 11450
Batch 17;INFO;2020-04-03 09:41:23;    3.1 Uploaded Counter Iteration: 11500
Batch 17;INFO;2020-04-03 09:45:12;    3.1 Uploaded Counter Iteration: 11550
Batch 17;INFO;2020-04-03 09:46:40;    3.1 Uploaded Counter Iteration: 11600
Batch 17;INFO;2020-04-03 09:50:15;    3.1 Uploaded Counter Iteration: 11650
Batch 17;INFO;2020-04-03 09:51:30;    3.1 Uploaded Counter Iteration: 11700
Batch 17;INFO;2020-04-03 09:55:13;    3.1 Uploaded Counter Iteration: 11750
Batch 17;INFO;2020-04-03 09:56:27;    3.1 Uploaded Counter Iteration: 11800
Batch 17;INFO;2020-04-03 10:00:11;    3.1 Uploaded Counter Iteration: 11850
Batch 17;INFO;2020-04-03 10:01:25;    3.1 Uploaded Counter Iteration: 11900
Batch 17;INFO;2020-04-03 10:05:11;    3.1 Uploaded Counter Iteration: 11950
Batch 17;INFO;2020-04-03 10:06:30;    3.1 Uploaded Counter Iteration: 12000
Batch 17;INFO;2020-04-03 10:10:14;    3.1 Uploaded Counter Iteration: 12050
Batch 17;INFO;2020-04-03 10:11:38;    3.1 Uploaded Counter Iteration: 12100
Batch 17;INFO;2020-04-03 10:15:16;    3.1 Uploaded Counter Iteration: 12150
Batch 17;INFO;2020-04-03 10:16:35;    3.1 Uploaded Counter Iteration: 12200
Batch 17;INFO;2020-04-03 10:20:13;    3.1 Uploaded Counter Iteration: 12250
Batch 17;INFO;2020-04-03 10:21:46;    3.1 Uploaded Counter Iteration: 12300
Batch 17;INFO;2020-04-03 10:25:17;    3.1 Uploaded Counter Iteration: 12350
Batch 17;INFO;2020-04-03 10:26:45;    3.1 Uploaded Counter Iteration: 12400
Batch 17;INFO;2020-04-03 10:30:17;    3.1 Uploaded Counter Iteration: 12450
Batch 17;INFO;2020-04-03 10:32:01;    3.1 Uploaded Counter Iteration: 12500
Batch 17;INFO;2020-04-03 10:35:18;    3.1 Uploaded Counter Iteration: 12550
Batch 17;INFO;2020-04-03 10:36:53;    3.1 Uploaded Counter Iteration: 12600
Batch 17;INFO;2020-04-03 10:40:18;    3.1 Uploaded Counter Iteration: 12650
Batch 17;INFO;2020-04-03 10:41:45;    3.1 Uploaded Counter Iteration: 12700
Batch 17;INFO;2020-04-03 10:45:17;    3.1 Uploaded Counter Iteration: 12750
Batch 17;INFO;2020-04-03 10:46:38;    3.1 Uploaded Counter Iteration: 12800
Batch 17;INFO;2020-04-03 10:50:17;    3.1 Uploaded Counter Iteration: 12850
Batch 17;INFO;2020-04-03 10:51:34;    3.1 Uploaded Counter Iteration: 12900
Batch 17;INFO;2020-04-03 10:55:14;    3.1 Uploaded Counter Iteration: 12950
Batch 17;INFO;2020-04-03 10:56:39;    3.1 Uploaded Counter Iteration: 13000
Batch 17;INFO;2020-04-03 11:00:13;    3.1 Uploaded Counter Iteration: 13050
Batch 17;INFO;2020-04-03 11:01:28;    3.1 Uploaded Counter Iteration: 13100
Batch 17;INFO;2020-04-03 11:05:11;    3.1 Uploaded Counter Iteration: 13150
Batch 17;INFO;2020-04-03 11:06:34;    3.1 Uploaded Counter Iteration: 13200
Batch 17;INFO;2020-04-03 11:10:12;    3.1 Uploaded Counter Iteration: 13250
Batch 17;INFO;2020-04-03 11:11:38;    3.1 Uploaded Counter Iteration: 13300
Batch 17;INFO;2020-04-03 11:15:16;    3.1 Uploaded Counter Iteration: 13350
Batch 17;INFO;2020-04-03 11:16:40;    3.1 Uploaded Counter Iteration: 13400
Batch 17;INFO;2020-04-03 11:20:18;    3.1 Uploaded Counter Iteration: 13450
Batch 17;INFO;2020-04-03 11:21:39;    3.1 Uploaded Counter Iteration: 13500
Batch 17;INFO;2020-04-03 11:25:13;    3.1 Uploaded Counter Iteration: 13550
Batch 17;INFO;2020-04-03 11:26:41;    3.1 Uploaded Counter Iteration: 13600
Batch 17;INFO;2020-04-03 11:30:15;    3.1 Uploaded Counter Iteration: 13650
Batch 17;INFO;2020-04-03 11:31:44;    3.1 Uploaded Counter Iteration: 13700
Batch 17;INFO;2020-04-03 11:35:17;    3.1 Uploaded Counter Iteration: 13750
Batch 17;INFO;2020-04-03 11:36:49;    3.1 Uploaded Counter Iteration: 13800
Batch 17;INFO;2020-04-03 11:40:18;    3.1 Uploaded Counter Iteration: 13850
Batch 17;INFO;2020-04-03 11:41:53;    3.1 Uploaded Counter Iteration: 13900
Batch 17;INFO;2020-04-03 11:45:17;    3.1 Uploaded Counter Iteration: 13950
Batch 17;INFO;2020-04-03 11:46:42;    3.1 Uploaded Counter Iteration: 14000
Batch 17;INFO;2020-04-03 11:50:14;    3.1 Uploaded Counter Iteration: 14050
Batch 17;INFO;2020-04-03 11:51:30;    3.1 Uploaded Counter Iteration: 14100
Batch 17;INFO;2020-04-03 11:55:09;    3.1 Uploaded Counter Iteration: 14150
Batch 17;INFO;2020-04-03 11:56:08;    3.1 Uploaded Counter Iteration: 14200
Batch 17;INFO;2020-04-03 11:59:57;    3.1 Uploaded Counter Iteration: 14250
Batch 17;INFO;2020-04-03 12:01:08;    3.1 Uploaded Counter Iteration: 14300
Batch 17;INFO;2020-04-03 12:04:56;    3.1 Uploaded Counter Iteration: 14350
Batch 17;INFO;2020-04-03 12:06:05;    3.1 Uploaded Counter Iteration: 14400
Batch 17;INFO;2020-04-03 12:09:49;    3.1 Uploaded Counter Iteration: 14450
Batch 17;INFO;2020-04-03 12:11:01;    3.1 Uploaded Counter Iteration: 14500
Batch 17;INFO;2020-04-03 12:14:39;    3.1 Uploaded Counter Iteration: 14550
Batch 17;INFO;2020-04-03 12:15:58;    3.1 Uploaded Counter Iteration: 14600
Batch 17;INFO;2020-04-03 12:19:25;    3.1 Uploaded Counter Iteration: 14650
Batch 17;INFO;2020-04-03 12:20:57;    3.1 Uploaded Counter Iteration: 14700
Batch 17;INFO;2020-04-03 12:24:27;    3.1 Uploaded Counter Iteration: 14750
Batch 17;INFO;2020-04-03 12:25:59;    3.1 Uploaded Counter Iteration: 14800
Batch 17;INFO;2020-04-03 12:29:35;    3.1 Uploaded Counter Iteration: 14850
Batch 17;INFO;2020-04-03 12:30:59;    3.1 Uploaded Counter Iteration: 14900
Batch 17;INFO;2020-04-03 12:34:48;    3.1 Uploaded Counter Iteration: 14950
Batch 17;INFO;2020-04-03 12:36:01;    3.1 Uploaded Counter Iteration: 15000
Batch 17;INFO;2020-04-03 12:39:32;    3.1 Uploaded Counter Iteration: 15050
Batch 17;INFO;2020-04-03 12:40:58;    3.1 Uploaded Counter Iteration: 15100
Batch 17;INFO;2020-04-03 12:44:31;    3.1 Uploaded Counter Iteration: 15150
Batch 17;INFO;2020-04-03 12:46:00;    3.1 Uploaded Counter Iteration: 15200
Batch 17;INFO;2020-04-03 12:49:36;    3.1 Uploaded Counter Iteration: 15250
Batch 17;INFO;2020-04-03 12:50:58;    3.1 Uploaded Counter Iteration: 15300
Batch 17;INFO;2020-04-03 12:54:32;    3.1 Uploaded Counter Iteration: 15350
Batch 17;INFO;2020-04-03 12:55:57;    3.1 Uploaded Counter Iteration: 15400
Batch 17;INFO;2020-04-03 12:59:12;    3.1 Uploaded Counter Iteration: 15450
Batch 17;INFO;2020-04-03 13:00:52;    3.1 Uploaded Counter Iteration: 15500
Batch 17;INFO;2020-04-03 13:03:58;    3.1 Uploaded Counter Iteration: 15550
Batch 17;INFO;2020-04-03 13:05:49;    3.1 Uploaded Counter Iteration: 15600
Batch 17;INFO;2020-04-03 13:09:17;    3.1 Uploaded Counter Iteration: 15650
Batch 17;INFO;2020-04-03 13:10:51;    3.1 Uploaded Counter Iteration: 15700
Batch 17;INFO;2020-04-03 13:14:20;    3.1 Uploaded Counter Iteration: 15750
Batch 17;INFO;2020-04-03 13:15:54;    3.1 Uploaded Counter Iteration: 15800
Batch 17;INFO;2020-04-03 13:19:39;    3.1 Uploaded Counter Iteration: 15850
Batch 17;INFO;2020-04-03 13:20:59;    3.1 Uploaded Counter Iteration: 15900
Batch 17;INFO;2020-04-03 13:24:50;    3.1 Uploaded Counter Iteration: 15950
Batch 17;INFO;2020-04-03 13:26:06;    3.1 Uploaded Counter Iteration: 16000
Batch 17;INFO;2020-04-03 13:29:57;    3.1 Uploaded Counter Iteration: 16050
Batch 17;INFO;2020-04-03 13:31:07;    3.1 Uploaded Counter Iteration: 16100
Batch 17;INFO;2020-04-03 13:35:09;    3.1 Uploaded Counter Iteration: 16150
Batch 17;INFO;2020-04-03 13:36:23;    3.1 Uploaded Counter Iteration: 16200
Batch 17;INFO;2020-04-03 13:40:11;    3.1 Uploaded Counter Iteration: 16250
Batch 17;INFO;2020-04-03 13:41:33;    3.1 Uploaded Counter Iteration: 16300
Batch 17;INFO;2020-04-03 13:45:12;    3.1 Uploaded Counter Iteration: 16350
Batch 17;INFO;2020-04-03 13:46:25;    3.1 Uploaded Counter Iteration: 16400
Batch 17;INFO;2020-04-03 13:50:12;    3.1 Uploaded Counter Iteration: 16450
Batch 17;INFO;2020-04-03 13:51:43;    3.1 Uploaded Counter Iteration: 16500
Batch 17;INFO;2020-04-03 13:55:16;    3.1 Uploaded Counter Iteration: 16550
Batch 17;INFO;2020-04-03 13:56:44;    3.1 Uploaded Counter Iteration: 16600
Batch 17;INFO;2020-04-03 14:00:18;    3.1 Uploaded Counter Iteration: 16650
Batch 17;INFO;2020-04-03 14:02:01;    3.1 Uploaded Counter Iteration: 16700
Batch 17;INFO;2020-04-03 14:05:21;    3.1 Uploaded Counter Iteration: 16750
Batch 17;INFO;2020-04-03 14:07:13;    3.1 Uploaded Counter Iteration: 16800
Batch 17;INFO;2020-04-03 14:10:24;    3.1 Uploaded Counter Iteration: 16850
Batch 17;INFO;2020-04-03 14:12:18;    3.1 Uploaded Counter Iteration: 16900
Batch 17;INFO;2020-04-03 14:13:10;3 Starting webscrapping... (Completed)
Batch 17;INFO;2020-04-03 14:13:10;5. Succesfully run batch: 17
