Module;Type;Date;Details;Time;Error Type;Error Details;Error Line
Batch 18;INFO;2020-04-03 14:13:16;1. Select all songs in nonmatch-query (S3)
Batch 18;INFO;2020-04-03 14:13:16;1. Select all songs in nonmatch-query (S3) (Completed)
Batch 18;INFO;2020-04-03 14:13:16;3 Starting webscrapping...
Batch 18;INFO;2020-04-03 14:13:35;    3.0 ERROR: Error in iteration : 3
Batch 18;INFO;2020-04-03 14:15:38;    3.1 Uploaded Counter Iteration: 50
Batch 18;INFO;2020-04-03 14:18:08;    3.1 Uploaded Counter Iteration: 100
Batch 18;INFO;2020-04-03 14:20:36;    3.1 Uploaded Counter Iteration: 150
Batch 18;INFO;2020-04-03 14:23:03;    3.1 Uploaded Counter Iteration: 200
Batch 18;INFO;2020-04-03 14:25:36;    3.1 Uploaded Counter Iteration: 250
Batch 18;INFO;2020-04-03 14:27:50;    3.1 Uploaded Counter Iteration: 300
Batch 18;INFO;2020-04-03 14:30:31;    3.1 Uploaded Counter Iteration: 350
Batch 18;INFO;2020-04-03 14:32:51;    3.1 Uploaded Counter Iteration: 400
Batch 18;INFO;2020-04-03 14:35:35;    3.1 Uploaded Counter Iteration: 450
Batch 18;INFO;2020-04-03 14:38:00;    3.1 Uploaded Counter Iteration: 500
Batch 18;INFO;2020-04-03 14:40:41;    3.1 Uploaded Counter Iteration: 550
Batch 18;INFO;2020-04-03 14:43:11;    3.1 Uploaded Counter Iteration: 600
Batch 18;INFO;2020-04-03 14:45:39;    3.1 Uploaded Counter Iteration: 650
Batch 18;INFO;2020-04-03 14:48:06;    3.1 Uploaded Counter Iteration: 700
Batch 18;INFO;2020-04-03 14:50:36;    3.1 Uploaded Counter Iteration: 750
Batch 18;INFO;2020-04-03 14:53:09;    3.1 Uploaded Counter Iteration: 800
Batch 18;INFO;2020-04-03 14:55:37;    3.1 Uploaded Counter Iteration: 850
Batch 18;INFO;2020-04-03 14:57:58;    3.1 Uploaded Counter Iteration: 900
Batch 18;INFO;2020-04-03 15:00:36;    3.1 Uploaded Counter Iteration: 950
Batch 18;INFO;2020-04-03 15:03:12;    3.1 Uploaded Counter Iteration: 1000
Batch 18;INFO;2020-04-03 15:05:42;    3.1 Uploaded Counter Iteration: 1050
Batch 18;INFO;2020-04-03 15:08:30;    3.1 Uploaded Counter Iteration: 1100
Batch 18;INFO;2020-04-03 15:10:46;    3.1 Uploaded Counter Iteration: 1150
Batch 18;INFO;2020-04-03 15:13:53;    3.1 Uploaded Counter Iteration: 1200
Batch 18;INFO;2020-04-03 15:15:47;    3.1 Uploaded Counter Iteration: 1250
Batch 18;INFO;2020-04-03 15:18:50;    3.1 Uploaded Counter Iteration: 1300
Batch 18;INFO;2020-04-03 15:20:52;    3.1 Uploaded Counter Iteration: 1350
Batch 18;INFO;2020-04-03 15:24:24;    3.1 Uploaded Counter Iteration: 1400
Batch 18;INFO;2020-04-03 15:25:59;    3.1 Uploaded Counter Iteration: 1450
Batch 18;INFO;2020-04-03 15:29:53;    3.1 Uploaded Counter Iteration: 1500
Batch 18;INFO;2020-04-03 15:31:04;    3.1 Uploaded Counter Iteration: 1550
Batch 18;INFO;2020-04-03 15:34:54;    3.1 Uploaded Counter Iteration: 1600
Batch 18;INFO;2020-04-03 15:36:04;    3.1 Uploaded Counter Iteration: 1650
Batch 18;INFO;2020-04-03 15:39:39;    3.1 Uploaded Counter Iteration: 1700
Batch 18;INFO;2020-04-03 15:40:58;    3.1 Uploaded Counter Iteration: 1750
Batch 18;INFO;2020-04-03 15:44:40;    3.1 Uploaded Counter Iteration: 1800
Batch 18;INFO;2020-04-03 15:45:59;    3.1 Uploaded Counter Iteration: 1850
Batch 18;INFO;2020-04-03 15:49:28;    3.1 Uploaded Counter Iteration: 1900
Batch 18;INFO;2020-04-03 15:50:56;    3.1 Uploaded Counter Iteration: 1950
Batch 18;INFO;2020-04-03 15:54:21;    3.1 Uploaded Counter Iteration: 2000
Batch 18;INFO;2020-04-03 15:55:56;    3.1 Uploaded Counter Iteration: 2050
Batch 18;INFO;2020-04-03 15:59:20;    3.1 Uploaded Counter Iteration: 2100
Batch 18;INFO;2020-04-03 16:00:56;    3.1 Uploaded Counter Iteration: 2150
Batch 18;INFO;2020-04-03 16:04:32;    3.1 Uploaded Counter Iteration: 2200
Batch 18;INFO;2020-04-03 16:06:00;    3.1 Uploaded Counter Iteration: 2250
Batch 18;INFO;2020-04-03 16:09:31;    3.1 Uploaded Counter Iteration: 2300
Batch 18;INFO;2020-04-03 16:10:56;    3.1 Uploaded Counter Iteration: 2350
Batch 18;INFO;2020-04-03 16:14:15;    3.1 Uploaded Counter Iteration: 2400
Batch 18;INFO;2020-04-03 16:15:54;    3.1 Uploaded Counter Iteration: 2450
Batch 18;INFO;2020-04-03 16:19:06;    3.1 Uploaded Counter Iteration: 2500
Batch 18;INFO;2020-04-03 16:20:52;    3.1 Uploaded Counter Iteration: 2550
Batch 18;INFO;2020-04-03 16:24:15;    3.1 Uploaded Counter Iteration: 2600
Batch 18;INFO;2020-04-03 16:25:57;    3.1 Uploaded Counter Iteration: 2650
Batch 18;INFO;2020-04-03 16:29:30;    3.1 Uploaded Counter Iteration: 2700
Batch 18;INFO;2020-04-03 16:31:01;    3.1 Uploaded Counter Iteration: 2750
Batch 18;INFO;2020-04-03 16:34:41;    3.1 Uploaded Counter Iteration: 2800
Batch 18;INFO;2020-04-03 16:36:03;    3.1 Uploaded Counter Iteration: 2850
Batch 18;INFO;2020-04-03 16:39:39;    3.1 Uploaded Counter Iteration: 2900
Batch 18;INFO;2020-04-03 16:41:05;    3.1 Uploaded Counter Iteration: 2950
Batch 18;INFO;2020-04-03 16:44:46;    3.1 Uploaded Counter Iteration: 3000
Batch 18;INFO;2020-04-03 16:46:07;    3.1 Uploaded Counter Iteration: 3050
Batch 18;INFO;2020-04-03 16:50:09;    3.1 Uploaded Counter Iteration: 3100
Batch 18;INFO;2020-04-03 16:51:10;    3.1 Uploaded Counter Iteration: 3150
Batch 18;INFO;2020-04-03 16:54:54;    3.1 Uploaded Counter Iteration: 3200
Batch 18;INFO;2020-04-03 16:56:02;    3.1 Uploaded Counter Iteration: 3250
Batch 18;INFO;2020-04-03 16:59:34;    3.1 Uploaded Counter Iteration: 3300
Batch 18;INFO;2020-04-03 17:00:56;    3.1 Uploaded Counter Iteration: 3350
Batch 18;INFO;2020-04-03 17:04:19;    3.1 Uploaded Counter Iteration: 3400
Batch 18;INFO;2020-04-03 17:05:59;    3.1 Uploaded Counter Iteration: 3450
Batch 18;INFO;2020-04-03 17:09:27;    3.1 Uploaded Counter Iteration: 3500
Batch 18;INFO;2020-04-03 17:10:57;    3.1 Uploaded Counter Iteration: 3550
Batch 18;INFO;2020-04-03 17:14:22;    3.1 Uploaded Counter Iteration: 3600
Batch 18;INFO;2020-04-03 17:15:58;    3.1 Uploaded Counter Iteration: 3650
Batch 18;INFO;2020-04-03 17:19:28;    3.1 Uploaded Counter Iteration: 3700
Batch 18;INFO;2020-04-03 17:20:56;    3.1 Uploaded Counter Iteration: 3750
Batch 18;INFO;2020-04-03 17:24:13;    3.1 Uploaded Counter Iteration: 3800
Batch 18;INFO;2020-04-03 17:25:53;    3.1 Uploaded Counter Iteration: 3850
Batch 18;INFO;2020-04-03 17:29:08;    3.1 Uploaded Counter Iteration: 3900
Batch 18;INFO;2020-04-03 17:30:53;    3.1 Uploaded Counter Iteration: 3950
Batch 18;INFO;2020-04-03 17:34:02;    3.1 Uploaded Counter Iteration: 4000
Batch 18;INFO;2020-04-03 17:35:47;    3.1 Uploaded Counter Iteration: 4050
Batch 18;INFO;2020-04-03 17:38:44;    3.1 Uploaded Counter Iteration: 4100
Batch 18;INFO;2020-04-03 17:40:42;    3.1 Uploaded Counter Iteration: 4150
Batch 18;INFO;2020-04-03 17:43:32;    3.1 Uploaded Counter Iteration: 4200
Batch 18;INFO;2020-04-03 17:45:39;    3.1 Uploaded Counter Iteration: 4250
Batch 18;INFO;2020-04-03 17:48:34;    3.1 Uploaded Counter Iteration: 4300
Batch 18;INFO;2020-04-03 17:50:41;    3.1 Uploaded Counter Iteration: 4350
Batch 18;INFO;2020-04-03 17:53:24;    3.1 Uploaded Counter Iteration: 4400
Batch 18;INFO;2020-04-03 17:55:42;    3.1 Uploaded Counter Iteration: 4450
Batch 18;INFO;2020-04-03 17:58:30;    3.1 Uploaded Counter Iteration: 4500
Batch 18;INFO;2020-04-03 18:00:40;    3.1 Uploaded Counter Iteration: 4550
Batch 18;INFO;2020-04-03 18:03:26;    3.1 Uploaded Counter Iteration: 4600
Batch 18;INFO;2020-04-03 18:05:41;    3.1 Uploaded Counter Iteration: 4650
Batch 18;INFO;2020-04-03 18:08:39;    3.1 Uploaded Counter Iteration: 4700
Batch 18;INFO;2020-04-03 18:10:41;    3.1 Uploaded Counter Iteration: 4750
Batch 18;INFO;2020-04-03 18:13:22;    3.1 Uploaded Counter Iteration: 4800
Batch 18;INFO;2020-04-03 18:15:35;    3.1 Uploaded Counter Iteration: 4850
Batch 18;INFO;2020-04-03 18:18:14;    3.1 Uploaded Counter Iteration: 4900
Batch 18;INFO;2020-04-03 18:20:35;    3.1 Uploaded Counter Iteration: 4950
Batch 18;INFO;2020-04-03 18:23:10;    3.1 Uploaded Counter Iteration: 5000
Batch 18;INFO;2020-04-03 18:25:34;    3.1 Uploaded Counter Iteration: 5050
Batch 18;INFO;2020-04-03 18:28:17;    3.1 Uploaded Counter Iteration: 5100
Batch 18;INFO;2020-04-03 18:30:35;    3.1 Uploaded Counter Iteration: 5150
Batch 18;INFO;2020-04-03 18:33:22;    3.1 Uploaded Counter Iteration: 5200
Batch 18;INFO;2020-04-03 18:35:40;    3.1 Uploaded Counter Iteration: 5250
Batch 18;INFO;2020-04-03 18:38:22;    3.1 Uploaded Counter Iteration: 5300
Batch 18;INFO;2020-04-03 18:40:40;    3.1 Uploaded Counter Iteration: 5350
Batch 18;INFO;2020-04-03 18:43:23;    3.1 Uploaded Counter Iteration: 5400
Batch 18;INFO;2020-04-03 18:45:39;    3.1 Uploaded Counter Iteration: 5450
Batch 18;INFO;2020-04-03 18:48:21;    3.1 Uploaded Counter Iteration: 5500
Batch 18;INFO;2020-04-03 18:50:39;    3.1 Uploaded Counter Iteration: 5550
Batch 18;INFO;2020-04-03 18:53:17;    3.1 Uploaded Counter Iteration: 5600
Batch 18;INFO;2020-04-03 18:55:36;    3.1 Uploaded Counter Iteration: 5650
Batch 18;INFO;2020-04-03 18:58:09;    3.1 Uploaded Counter Iteration: 5700
Batch 18;INFO;2020-04-03 19:00:35;    3.1 Uploaded Counter Iteration: 5750
Batch 18;INFO;2020-04-03 19:03:08;    3.1 Uploaded Counter Iteration: 5800
Batch 18;INFO;2020-04-03 19:05:30;    3.1 Uploaded Counter Iteration: 5850
Batch 18;INFO;2020-04-03 19:07:49;    3.1 Uploaded Counter Iteration: 5900
Batch 18;INFO;2020-04-03 19:10:31;    3.1 Uploaded Counter Iteration: 5950
Batch 18;INFO;2020-04-03 19:12:48;    3.1 Uploaded Counter Iteration: 6000
Batch 18;INFO;2020-04-03 19:15:27;    3.1 Uploaded Counter Iteration: 6050
Batch 18;INFO;2020-04-03 19:17:47;    3.1 Uploaded Counter Iteration: 6100
Batch 18;INFO;2020-04-03 19:20:26;    3.1 Uploaded Counter Iteration: 6150
Batch 18;INFO;2020-04-03 19:22:22;    3.1 Uploaded Counter Iteration: 6200
Batch 18;INFO;2020-04-03 19:25:22;    3.1 Uploaded Counter Iteration: 6250
Batch 18;INFO;2020-04-03 19:27:10;    3.1 Uploaded Counter Iteration: 6300
Batch 18;INFO;2020-04-03 19:30:18;    3.1 Uploaded Counter Iteration: 6350
Batch 18;INFO;2020-04-03 19:32:05;    3.1 Uploaded Counter Iteration: 6400
Batch 18;INFO;2020-04-03 19:35:15;    3.1 Uploaded Counter Iteration: 6450
Batch 18;INFO;2020-04-03 19:36:49;    3.1 Uploaded Counter Iteration: 6500
Batch 18;INFO;2020-04-03 19:40:15;    3.1 Uploaded Counter Iteration: 6550
Batch 18;INFO;2020-04-03 19:41:49;    3.1 Uploaded Counter Iteration: 6600
Batch 18;INFO;2020-04-03 19:45:10;    3.1 Uploaded Counter Iteration: 6650
Batch 18;INFO;2020-04-03 19:46:28;    3.1 Uploaded Counter Iteration: 6700
Batch 18;INFO;2020-04-03 19:50:06;    3.1 Uploaded Counter Iteration: 6750
Batch 18;INFO;2020-04-03 19:51:11;    3.1 Uploaded Counter Iteration: 6800
Batch 18;INFO;2020-04-03 19:55:04;    3.1 Uploaded Counter Iteration: 6850
Batch 18;INFO;2020-04-03 19:56:10;    3.1 Uploaded Counter Iteration: 6900
Batch 18;INFO;2020-04-03 19:59:53;    3.1 Uploaded Counter Iteration: 6950
Batch 18;INFO;2020-04-03 20:00:59;    3.1 Uploaded Counter Iteration: 7000
Batch 18;INFO;2020-04-03 20:04:46;    3.1 Uploaded Counter Iteration: 7050
Batch 18;INFO;2020-04-03 20:05:56;    3.1 Uploaded Counter Iteration: 7100
Batch 18;INFO;2020-04-03 20:09:34;    3.1 Uploaded Counter Iteration: 7150
Batch 18;INFO;2020-04-03 20:10:56;    3.1 Uploaded Counter Iteration: 7200
Batch 18;INFO;2020-04-03 20:14:18;    3.1 Uploaded Counter Iteration: 7250
Batch 18;INFO;2020-04-03 20:15:51;    3.1 Uploaded Counter Iteration: 7300
Batch 18;INFO;2020-04-03 20:18:59;    3.1 Uploaded Counter Iteration: 7350
Batch 18;INFO;2020-04-03 20:20:43;    3.1 Uploaded Counter Iteration: 7400
Batch 18;INFO;2020-04-03 20:23:44;    3.1 Uploaded Counter Iteration: 7450
Batch 18;INFO;2020-04-03 20:25:43;    3.1 Uploaded Counter Iteration: 7500
Batch 18;INFO;2020-04-03 20:28:38;    3.1 Uploaded Counter Iteration: 7550
Batch 18;INFO;2020-04-03 20:30:43;    3.1 Uploaded Counter Iteration: 7600
Batch 18;INFO;2020-04-03 20:33:24;    3.1 Uploaded Counter Iteration: 7650
Batch 18;INFO;2020-04-03 20:35:37;    3.1 Uploaded Counter Iteration: 7700
Batch 18;INFO;2020-04-03 20:38:29;    3.1 Uploaded Counter Iteration: 7750
Batch 18;INFO;2020-04-03 20:40:37;    3.1 Uploaded Counter Iteration: 7800
Batch 18;INFO;2020-04-03 20:43:19;    3.1 Uploaded Counter Iteration: 7850
Batch 18;INFO;2020-04-03 20:45:37;    3.1 Uploaded Counter Iteration: 7900
Batch 18;INFO;2020-04-03 20:48:07;    3.1 Uploaded Counter Iteration: 7950
Batch 18;INFO;2020-04-03 20:50:33;    3.1 Uploaded Counter Iteration: 8000
Batch 18;INFO;2020-04-03 20:53:01;    3.1 Uploaded Counter Iteration: 8050
Batch 18;INFO;2020-04-03 20:55:31;    3.1 Uploaded Counter Iteration: 8100
Batch 18;INFO;2020-04-03 20:57:46;    3.1 Uploaded Counter Iteration: 8150
Batch 18;INFO;2020-04-03 21:00:27;    3.1 Uploaded Counter Iteration: 8200
Batch 18;INFO;2020-04-03 21:02:31;    3.1 Uploaded Counter Iteration: 8250
Batch 18;INFO;2020-04-03 21:05:25;    3.1 Uploaded Counter Iteration: 8300
Batch 18;INFO;2020-04-03 21:07:33;    3.1 Uploaded Counter Iteration: 8350
Batch 18;INFO;2020-04-03 21:10:25;    3.1 Uploaded Counter Iteration: 8400
Batch 18;INFO;2020-04-03 21:12:25;    3.1 Uploaded Counter Iteration: 8450
Batch 18;INFO;2020-04-03 21:15:24;    3.1 Uploaded Counter Iteration: 8500
Batch 18;INFO;2020-04-03 21:17:23;    3.1 Uploaded Counter Iteration: 8550
Batch 18;INFO;2020-04-03 21:20:22;    3.1 Uploaded Counter Iteration: 8600
Batch 18;INFO;2020-04-03 21:22:07;    3.1 Uploaded Counter Iteration: 8650
Batch 18;INFO;2020-04-03 21:25:15;    3.1 Uploaded Counter Iteration: 8700
Batch 18;INFO;2020-04-03 21:26:42;    3.1 Uploaded Counter Iteration: 8750
Batch 18;INFO;2020-04-03 21:30:10;    3.1 Uploaded Counter Iteration: 8800
Batch 18;INFO;2020-04-03 21:31:18;    3.1 Uploaded Counter Iteration: 8850
Batch 18;INFO;2020-04-03 21:34:57;    3.1 Uploaded Counter Iteration: 8900
Batch 18;INFO;2020-04-03 21:36:04;    3.1 Uploaded Counter Iteration: 8950
Batch 18;INFO;2020-04-03 21:39:53;    3.1 Uploaded Counter Iteration: 9000
Batch 18;INFO;2020-04-03 21:40:58;    3.1 Uploaded Counter Iteration: 9050
Batch 18;INFO;2020-04-03 21:44:25;    3.1 Uploaded Counter Iteration: 9100
Batch 18;INFO;2020-04-03 21:45:53;    3.1 Uploaded Counter Iteration: 9150
Batch 18;INFO;2020-04-03 21:49:29;    3.1 Uploaded Counter Iteration: 9200
Batch 18;INFO;2020-04-03 21:50:52;    3.1 Uploaded Counter Iteration: 9250
Batch 18;INFO;2020-04-03 21:54:20;    3.1 Uploaded Counter Iteration: 9300
Batch 18;INFO;2020-04-03 21:55:53;    3.1 Uploaded Counter Iteration: 9350
Batch 18;INFO;2020-04-03 21:59:14;    3.1 Uploaded Counter Iteration: 9400
Batch 18;INFO;2020-04-03 22:00:49;    3.1 Uploaded Counter Iteration: 9450
Batch 18;INFO;2020-04-03 22:04:24;    3.1 Uploaded Counter Iteration: 9500
Batch 18;INFO;2020-04-03 22:05:56;    3.1 Uploaded Counter Iteration: 9550
Batch 18;INFO;2020-04-03 22:09:21;    3.1 Uploaded Counter Iteration: 9600
Batch 18;INFO;2020-04-03 22:10:51;    3.1 Uploaded Counter Iteration: 9650
Batch 18;INFO;2020-04-03 22:14:05;    3.1 Uploaded Counter Iteration: 9700
Batch 18;INFO;2020-04-03 22:15:59;    3.1 Uploaded Counter Iteration: 9750
Batch 18;INFO;2020-04-03 22:19:15;    3.1 Uploaded Counter Iteration: 9800
Batch 18;INFO;2020-04-03 22:20:52;    3.1 Uploaded Counter Iteration: 9850
Batch 18;INFO;2020-04-03 22:24:06;    3.1 Uploaded Counter Iteration: 9900
Batch 18;INFO;2020-04-03 22:25:48;    3.1 Uploaded Counter Iteration: 9950
Batch 18;INFO;2020-04-03 22:28:58;    3.1 Uploaded Counter Iteration: 10000
Batch 18;INFO;2020-04-03 22:30:49;    3.1 Uploaded Counter Iteration: 10050
Batch 18;INFO;2020-04-03 22:33:54;    3.1 Uploaded Counter Iteration: 10100
Batch 18;INFO;2020-04-03 22:35:44;    3.1 Uploaded Counter Iteration: 10150
Batch 18;INFO;2020-04-03 22:38:33;    3.1 Uploaded Counter Iteration: 10200
Batch 18;INFO;2020-04-03 22:40:41;    3.1 Uploaded Counter Iteration: 10250
Batch 18;INFO;2020-04-03 22:43:24;    3.1 Uploaded Counter Iteration: 10300
Batch 18;INFO;2020-04-03 22:45:36;    3.1 Uploaded Counter Iteration: 10350
Batch 18;INFO;2020-04-03 22:48:07;    3.1 Uploaded Counter Iteration: 10400
Batch 18;INFO;2020-04-03 22:50:31;    3.1 Uploaded Counter Iteration: 10450
Batch 18;INFO;2020-04-03 22:52:46;    3.1 Uploaded Counter Iteration: 10500
Batch 18;INFO;2020-04-03 22:55:27;    3.1 Uploaded Counter Iteration: 10550
Batch 18;INFO;2020-04-03 22:57:36;    3.1 Uploaded Counter Iteration: 10600
Batch 18;INFO;2020-04-03 23:00:26;    3.1 Uploaded Counter Iteration: 10650
Batch 18;INFO;2020-04-03 23:02:26;    3.1 Uploaded Counter Iteration: 10700
Batch 18;INFO;2020-04-03 23:05:22;    3.1 Uploaded Counter Iteration: 10750
Batch 18;INFO;2020-04-03 23:07:17;    3.1 Uploaded Counter Iteration: 10800
Batch 18;INFO;2020-04-03 23:10:23;    3.1 Uploaded Counter Iteration: 10850
Batch 18;INFO;2020-04-03 23:12:09;    3.1 Uploaded Counter Iteration: 10900
Batch 18;INFO;2020-04-03 23:15:16;    3.1 Uploaded Counter Iteration: 10950
Batch 18;INFO;2020-04-03 23:16:54;    3.1 Uploaded Counter Iteration: 11000
Batch 18;INFO;2020-04-03 23:20:18;    3.1 Uploaded Counter Iteration: 11050
Batch 18;INFO;2020-04-03 23:22:04;    3.1 Uploaded Counter Iteration: 11100
Batch 18;INFO;2020-04-03 23:25:18;    3.1 Uploaded Counter Iteration: 11150
Batch 18;INFO;2020-04-03 23:27:21;    3.1 Uploaded Counter Iteration: 11200
Batch 18;INFO;2020-04-03 23:30:22;    3.1 Uploaded Counter Iteration: 11250
Batch 18;INFO;2020-04-03 23:32:09;    3.1 Uploaded Counter Iteration: 11300
Batch 18;INFO;2020-04-03 23:35:19;    3.1 Uploaded Counter Iteration: 11350
Batch 18;INFO;2020-04-03 23:37:01;    3.1 Uploaded Counter Iteration: 11400
Batch 18;INFO;2020-04-03 23:40:17;    3.1 Uploaded Counter Iteration: 11450
Batch 18;INFO;2020-04-03 23:41:47;    3.1 Uploaded Counter Iteration: 11500
Batch 18;INFO;2020-04-03 23:45:12;    3.1 Uploaded Counter Iteration: 11550
Batch 18;INFO;2020-04-03 23:46:34;    3.1 Uploaded Counter Iteration: 11600
Batch 18;INFO;2020-04-03 23:50:12;    3.1 Uploaded Counter Iteration: 11650
Batch 18;INFO;2020-04-03 23:51:33;    3.1 Uploaded Counter Iteration: 11700
Batch 18;INFO;2020-04-03 23:55:07;    3.1 Uploaded Counter Iteration: 11750
Batch 18;INFO;2020-04-03 23:56:16;    3.1 Uploaded Counter Iteration: 11800
Batch 18;INFO;2020-04-03 23:59:55;    3.1 Uploaded Counter Iteration: 11850
Batch 18;INFO;2020-04-04 00:01:15;    3.1 Uploaded Counter Iteration: 11900
Batch 18;INFO;2020-04-04 00:05:00;    3.1 Uploaded Counter Iteration: 11950
Batch 18;INFO;2020-04-04 00:06:01;    3.1 Uploaded Counter Iteration: 12000
Batch 18;INFO;2020-04-04 00:09:36;    3.1 Uploaded Counter Iteration: 12050
Batch 18;INFO;2020-04-04 00:11:01;    3.1 Uploaded Counter Iteration: 12100
Batch 18;INFO;2020-04-04 00:14:42;    3.1 Uploaded Counter Iteration: 12150
Batch 18;INFO;2020-04-04 00:16:00;    3.1 Uploaded Counter Iteration: 12200
Batch 18;INFO;2020-04-04 00:19:29;    3.1 Uploaded Counter Iteration: 12250
Batch 18;INFO;2020-04-04 00:20:54;    3.1 Uploaded Counter Iteration: 12300
Batch 18;INFO;2020-04-04 00:24:17;    3.1 Uploaded Counter Iteration: 12350
Batch 18;INFO;2020-04-04 00:25:50;    3.1 Uploaded Counter Iteration: 12400
Batch 18;INFO;2020-04-04 00:28:56;    3.1 Uploaded Counter Iteration: 12450
Batch 18;INFO;2020-04-04 00:30:47;    3.1 Uploaded Counter Iteration: 12500
Batch 18;INFO;2020-04-04 00:33:54;    3.1 Uploaded Counter Iteration: 12550
Batch 18;INFO;2020-04-04 00:35:46;    3.1 Uploaded Counter Iteration: 12600
Batch 18;INFO;2020-04-04 00:38:43;    3.1 Uploaded Counter Iteration: 12650
Batch 18;INFO;2020-04-04 00:40:43;    3.1 Uploaded Counter Iteration: 12700
Batch 18;INFO;2020-04-04 00:43:31;    3.1 Uploaded Counter Iteration: 12750
Batch 18;INFO;2020-04-04 00:45:43;    3.1 Uploaded Counter Iteration: 12800
Batch 18;INFO;2020-04-04 00:48:33;    3.1 Uploaded Counter Iteration: 12850
Batch 18;INFO;2020-04-04 00:50:40;    3.1 Uploaded Counter Iteration: 12900
Batch 18;INFO;2020-04-04 00:53:28;    3.1 Uploaded Counter Iteration: 12950
Batch 18;INFO;2020-04-04 00:55:38;    3.1 Uploaded Counter Iteration: 13000
Batch 18;INFO;2020-04-04 00:58:09;    3.1 Uploaded Counter Iteration: 13050
Batch 18;INFO;2020-04-04 01:00:34;    3.1 Uploaded Counter Iteration: 13100
Batch 18;INFO;2020-04-04 01:03:06;    3.1 Uploaded Counter Iteration: 13150
Batch 18;INFO;2020-04-04 01:05:32;    3.1 Uploaded Counter Iteration: 13200
Batch 18;INFO;2020-04-04 01:07:59;    3.1 Uploaded Counter Iteration: 13250
Batch 18;INFO;2020-04-04 01:10:32;    3.1 Uploaded Counter Iteration: 13300
Batch 18;INFO;2020-04-04 01:12:49;    3.1 Uploaded Counter Iteration: 13350
Batch 18;INFO;2020-04-04 01:15:29;    3.1 Uploaded Counter Iteration: 13400
Batch 18;INFO;2020-04-04 01:17:38;    3.1 Uploaded Counter Iteration: 13450
Batch 18;INFO;2020-04-04 01:20:25;    3.1 Uploaded Counter Iteration: 13500
Batch 18;INFO;2020-04-04 01:22:24;    3.1 Uploaded Counter Iteration: 13550
Batch 18;INFO;2020-04-04 01:25:25;    3.1 Uploaded Counter Iteration: 13600
Batch 18;INFO;2020-04-04 01:27:41;    3.1 Uploaded Counter Iteration: 13650
Batch 18;INFO;2020-04-04 01:30:31;    3.1 Uploaded Counter Iteration: 13700
Batch 18;INFO;2020-04-04 01:32:37;    3.1 Uploaded Counter Iteration: 13750
Batch 18;INFO;2020-04-04 01:35:27;    3.1 Uploaded Counter Iteration: 13800
Batch 18;INFO;2020-04-04 01:37:38;    3.1 Uploaded Counter Iteration: 13850
Batch 18;INFO;2020-04-04 01:40:26;    3.1 Uploaded Counter Iteration: 13900
Batch 18;INFO;2020-04-04 01:42:26;    3.1 Uploaded Counter Iteration: 13950
Batch 18;INFO;2020-04-04 01:45:23;    3.1 Uploaded Counter Iteration: 14000
Batch 18;INFO;2020-04-04 01:47:08;    3.1 Uploaded Counter Iteration: 14050
Batch 18;INFO;2020-04-04 01:50:19;    3.1 Uploaded Counter Iteration: 14100
Batch 18;INFO;2020-04-04 01:52:02;    3.1 Uploaded Counter Iteration: 14150
Batch 18;INFO;2020-04-04 01:55:15;    3.1 Uploaded Counter Iteration: 14200
Batch 18;INFO;2020-04-04 01:56:53;    3.1 Uploaded Counter Iteration: 14250
Batch 18;INFO;2020-04-04 02:00:12;    3.1 Uploaded Counter Iteration: 14300
Batch 18;INFO;2020-04-04 02:01:33;    3.1 Uploaded Counter Iteration: 14350
Batch 18;INFO;2020-04-04 02:05:09;    3.1 Uploaded Counter Iteration: 14400
Batch 18;INFO;2020-04-04 02:06:20;    3.1 Uploaded Counter Iteration: 14450
Batch 18;INFO;2020-04-04 02:10:05;    3.1 Uploaded Counter Iteration: 14500
Batch 18;INFO;2020-04-04 02:11:21;    3.1 Uploaded Counter Iteration: 14550
Batch 18;INFO;2020-04-04 02:15:05;    3.1 Uploaded Counter Iteration: 14600
Batch 18;INFO;2020-04-04 02:16:17;    3.1 Uploaded Counter Iteration: 14650
Batch 18;INFO;2020-04-04 02:20:07;    3.1 Uploaded Counter Iteration: 14700
Batch 18;INFO;2020-04-04 02:21:35;    3.1 Uploaded Counter Iteration: 14750
Batch 18;INFO;2020-04-04 02:25:07;    3.1 Uploaded Counter Iteration: 14800
Batch 18;INFO;2020-04-04 02:26:26;    3.1 Uploaded Counter Iteration: 14850
Batch 18;INFO;2020-04-04 02:30:06;    3.1 Uploaded Counter Iteration: 14900
Batch 18;INFO;2020-04-04 02:31:05;    3.1 Uploaded Counter Iteration: 14950
Batch 18;INFO;2020-04-04 02:34:52;    3.1 Uploaded Counter Iteration: 15000
Batch 18;INFO;2020-04-04 02:35:57;    3.1 Uploaded Counter Iteration: 15050
Batch 18;INFO;2020-04-04 02:39:28;    3.1 Uploaded Counter Iteration: 15100
Batch 18;INFO;2020-04-04 02:40:54;    3.1 Uploaded Counter Iteration: 15150
Batch 18;INFO;2020-04-04 02:44:09;    3.1 Uploaded Counter Iteration: 15200
Batch 18;INFO;2020-04-04 02:45:46;    3.1 Uploaded Counter Iteration: 15250
Batch 18;INFO;2020-04-04 02:48:39;    3.1 Uploaded Counter Iteration: 15300
Batch 18;INFO;2020-04-04 02:50:41;    3.1 Uploaded Counter Iteration: 15350
Batch 18;INFO;2020-04-04 02:53:20;    3.1 Uploaded Counter Iteration: 15400
Batch 18;INFO;2020-04-04 02:55:37;    3.1 Uploaded Counter Iteration: 15450
Batch 18;INFO;2020-04-04 02:58:11;    3.1 Uploaded Counter Iteration: 15500
Batch 18;INFO;2020-04-04 03:00:36;    3.1 Uploaded Counter Iteration: 15550
Batch 18;INFO;2020-04-04 03:03:04;    3.1 Uploaded Counter Iteration: 15600
Batch 18;INFO;2020-04-04 03:05:33;    3.1 Uploaded Counter Iteration: 15650
Batch 18;INFO;2020-04-04 03:07:56;    3.1 Uploaded Counter Iteration: 15700
Batch 18;INFO;2020-04-04 03:10:31;    3.1 Uploaded Counter Iteration: 15750
Batch 18;INFO;2020-04-04 03:12:42;    3.1 Uploaded Counter Iteration: 15800
Batch 18;INFO;2020-04-04 03:15:25;    3.1 Uploaded Counter Iteration: 15850
Batch 18;INFO;2020-04-04 03:17:32;    3.1 Uploaded Counter Iteration: 15900
Batch 18;INFO;2020-04-04 03:20:25;    3.1 Uploaded Counter Iteration: 15950
Batch 18;INFO;2020-04-04 03:22:21;    3.1 Uploaded Counter Iteration: 16000
Batch 18;INFO;2020-04-04 03:25:22;    3.1 Uploaded Counter Iteration: 16050
Batch 18;INFO;2020-04-04 03:27:18;    3.1 Uploaded Counter Iteration: 16100
Batch 18;INFO;2020-04-04 03:30:22;    3.1 Uploaded Counter Iteration: 16150
Batch 18;INFO;2020-04-04 03:32:15;    3.1 Uploaded Counter Iteration: 16200
Batch 18;INFO;2020-04-04 03:35:20;    3.1 Uploaded Counter Iteration: 16250
Batch 18;INFO;2020-04-04 03:37:09;    3.1 Uploaded Counter Iteration: 16300
Batch 18;INFO;2020-04-04 03:40:20;    3.1 Uploaded Counter Iteration: 16350
Batch 18;INFO;2020-04-04 03:41:58;    3.1 Uploaded Counter Iteration: 16400
Batch 18;INFO;2020-04-04 03:45:16;    3.1 Uploaded Counter Iteration: 16450
Batch 18;INFO;2020-04-04 03:46:57;    3.1 Uploaded Counter Iteration: 16500
Batch 18;INFO;2020-04-04 03:50:14;    3.1 Uploaded Counter Iteration: 16550
Batch 18;INFO;2020-04-04 03:52:01;    3.1 Uploaded Counter Iteration: 16600
Batch 18;INFO;2020-04-04 03:55:17;    3.1 Uploaded Counter Iteration: 16650
Batch 18;INFO;2020-04-04 03:56:47;    3.1 Uploaded Counter Iteration: 16700
Batch 18;INFO;2020-04-04 04:00:12;    3.1 Uploaded Counter Iteration: 16750
Batch 18;INFO;2020-04-04 04:01:41;    3.1 Uploaded Counter Iteration: 16800
Batch 18;INFO;2020-04-04 04:05:10;    3.1 Uploaded Counter Iteration: 16850
Batch 18;INFO;2020-04-04 04:06:25;    3.1 Uploaded Counter Iteration: 16900
Batch 18;INFO;2020-04-04 04:10:07;    3.1 Uploaded Counter Iteration: 16950
Batch 18;INFO;2020-04-04 04:11:18;    3.1 Uploaded Counter Iteration: 17000
Batch 18;INFO;2020-04-04 04:15:05;    3.1 Uploaded Counter Iteration: 17050
Batch 18;INFO;2020-04-04 04:16:06;    3.1 Uploaded Counter Iteration: 17100
Batch 18;INFO;2020-04-04 04:20:08;    3.1 Uploaded Counter Iteration: 17150
Batch 18;INFO;2020-04-04 04:21:16;    3.1 Uploaded Counter Iteration: 17200
Batch 18;INFO;2020-04-04 04:24:56;    3.1 Uploaded Counter Iteration: 17250
Batch 18;INFO;2020-04-04 04:26:00;    3.1 Uploaded Counter Iteration: 17300
Batch 18;INFO;2020-04-04 04:29:28;    3.1 Uploaded Counter Iteration: 17350
Batch 18;INFO;2020-04-04 04:30:54;    3.1 Uploaded Counter Iteration: 17400
Batch 18;INFO;2020-04-04 04:34:06;    3.1 Uploaded Counter Iteration: 17450
Batch 18;INFO;2020-04-04 04:35:51;    3.1 Uploaded Counter Iteration: 17500
Batch 18;INFO;2020-04-04 04:38:57;    3.1 Uploaded Counter Iteration: 17550
Batch 18;INFO;2020-04-04 04:40:47;    3.1 Uploaded Counter Iteration: 17600
Batch 18;INFO;2020-04-04 04:43:39;    3.1 Uploaded Counter Iteration: 17650
Batch 18;INFO;2020-04-04 04:45:41;    3.1 Uploaded Counter Iteration: 17700
Batch 18;INFO;2020-04-04 04:48:15;    3.1 Uploaded Counter Iteration: 17750
Batch 18;INFO;2020-04-04 04:50:35;    3.1 Uploaded Counter Iteration: 17800
Batch 18;INFO;2020-04-04 04:53:16;    3.1 Uploaded Counter Iteration: 17850
Batch 18;INFO;2020-04-04 04:55:35;3 Starting webscrapping... (Completed)
Batch 18;INFO;2020-04-04 04:55:35;5. Succesfully run batch: 18
