Module;Type;Date;Details;Time;Error Type;Error Details;Error Line
Batch 19;INFO;2020-04-04 04:55:37;1. Select all songs in nonmatch-query (S3)
Batch 19;INFO;2020-04-04 04:55:37;1. Select all songs in nonmatch-query (S3) (Completed)
Batch 19;INFO;2020-04-04 04:55:37;3 Starting webscrapping...
Batch 19;INFO;2020-04-04 04:55:41;    3.0 ERROR: Error in iteration : 2
Batch 19;INFO;2020-04-04 04:57:52;    3.1 Uploaded Counter Iteration: 50
Batch 19;INFO;2020-04-04 05:00:26;    3.1 Uploaded Counter Iteration: 100
Batch 19;INFO;2020-04-04 05:02:09;    3.1 Uploaded Counter Iteration: 150
Batch 19;INFO;2020-04-04 05:05:13;    3.1 Uploaded Counter Iteration: 200
Batch 19;INFO;2020-04-04 05:06:12;    3.1 Uploaded Counter Iteration: 250
Batch 19;INFO;2020-04-04 05:09:23;    3.1 Uploaded Counter Iteration: 300
Batch 19;INFO;2020-04-04 05:10:51;    3.1 Uploaded Counter Iteration: 350
Batch 19;INFO;2020-04-04 05:13:31;    3.1 Uploaded Counter Iteration: 400
Batch 19;INFO;2020-04-04 05:15:34;    3.1 Uploaded Counter Iteration: 450
Batch 19;INFO;2020-04-04 05:17:55;    3.1 Uploaded Counter Iteration: 500
Batch 19;INFO;2020-04-04 05:20:26;    3.1 Uploaded Counter Iteration: 550
Batch 19;INFO;2020-04-04 05:22:09;    3.1 Uploaded Counter Iteration: 600
Batch 19;INFO;2020-04-04 05:25:12;    3.1 Uploaded Counter Iteration: 650
Batch 19;INFO;2020-04-04 05:26:19;    3.1 Uploaded Counter Iteration: 700
Batch 19;INFO;2020-04-04 05:29:40;    3.1 Uploaded Counter Iteration: 750
Batch 19;INFO;2020-04-04 05:30:55;    3.1 Uploaded Counter Iteration: 800
Batch 19;INFO;2020-04-04 05:33:55;    3.1 Uploaded Counter Iteration: 850
Batch 19;INFO;2020-04-04 05:35:43;    3.1 Uploaded Counter Iteration: 900
Batch 19;INFO;2020-04-04 05:38:08;    3.1 Uploaded Counter Iteration: 950
Batch 19;INFO;2020-04-04 05:40:29;    3.1 Uploaded Counter Iteration: 1000
Batch 19;INFO;2020-04-04 05:42:23;    3.1 Uploaded Counter Iteration: 1050
Batch 19;INFO;2020-04-04 05:45:17;    3.1 Uploaded Counter Iteration: 1100
Batch 19;INFO;2020-04-04 05:46:34;    3.1 Uploaded Counter Iteration: 1150
Batch 19;INFO;2020-04-04 05:49:51;    3.1 Uploaded Counter Iteration: 1200
Batch 19;INFO;2020-04-04 05:50:59;    3.1 Uploaded Counter Iteration: 1250
Batch 19;INFO;2020-04-04 05:54:09;    3.1 Uploaded Counter Iteration: 1300
Batch 19;INFO;2020-04-04 05:55:47;    3.1 Uploaded Counter Iteration: 1350
Batch 19;INFO;2020-04-04 05:58:29;    3.1 Uploaded Counter Iteration: 1400
Batch 19;INFO;2020-04-04 06:00:36;    3.1 Uploaded Counter Iteration: 1450
Batch 19;INFO;2020-04-04 06:02:44;    3.1 Uploaded Counter Iteration: 1500
Batch 19;INFO;2020-04-04 06:05:24;    3.1 Uploaded Counter Iteration: 1550
Batch 19;INFO;2020-04-04 06:07:12;    3.1 Uploaded Counter Iteration: 1600
Batch 19;INFO;2020-04-04 06:10:14;    3.1 Uploaded Counter Iteration: 1650
Batch 19;INFO;2020-04-04 06:11:33;    3.1 Uploaded Counter Iteration: 1700
Batch 19;INFO;2020-04-04 06:15:04;    3.1 Uploaded Counter Iteration: 1750
Batch 19;INFO;2020-04-04 06:16:02;    3.1 Uploaded Counter Iteration: 1800
Batch 19;INFO;2020-04-04 06:19:27;    3.1 Uploaded Counter Iteration: 1850
Batch 19;INFO;2020-04-04 06:20:50;    3.1 Uploaded Counter Iteration: 1900
Batch 19;INFO;2020-04-04 06:23:29;    3.1 Uploaded Counter Iteration: 1950
Batch 19;INFO;2020-04-04 06:25:35;    3.1 Uploaded Counter Iteration: 2000
Batch 19;INFO;2020-04-04 06:27:42;    3.1 Uploaded Counter Iteration: 2050
Batch 19;INFO;2020-04-04 06:30:25;    3.1 Uploaded Counter Iteration: 2100
Batch 19;INFO;2020-04-04 06:31:56;    3.1 Uploaded Counter Iteration: 2150
Batch 19;INFO;2020-04-04 06:35:08;    3.1 Uploaded Counter Iteration: 2200
Batch 19;INFO;2020-04-04 06:36:04;    3.1 Uploaded Counter Iteration: 2250
Batch 19;INFO;2020-04-04 06:39:22;    3.1 Uploaded Counter Iteration: 2300
Batch 19;INFO;2020-04-04 06:40:47;    3.1 Uploaded Counter Iteration: 2350
Batch 19;INFO;2020-04-04 06:43:33;    3.1 Uploaded Counter Iteration: 2400
Batch 19;INFO;2020-04-04 06:45:39;    3.1 Uploaded Counter Iteration: 2450
Batch 19;INFO;2020-04-04 06:47:45;    3.1 Uploaded Counter Iteration: 2500
Batch 19;INFO;2020-04-04 06:50:24;    3.1 Uploaded Counter Iteration: 2550
Batch 19;INFO;2020-04-04 06:51:51;    3.1 Uploaded Counter Iteration: 2600
Batch 19;INFO;2020-04-04 06:55:05;    3.1 Uploaded Counter Iteration: 2650
Batch 19;INFO;2020-04-04 06:56:07;    3.1 Uploaded Counter Iteration: 2700
Batch 19;INFO;2020-04-04 06:59:29;    3.1 Uploaded Counter Iteration: 2750
Batch 19;INFO;2020-04-04 07:00:52;    3.1 Uploaded Counter Iteration: 2800
Batch 19;INFO;2020-04-04 07:03:47;    3.1 Uploaded Counter Iteration: 2850
Batch 19;INFO;2020-04-04 07:05:42;    3.1 Uploaded Counter Iteration: 2900
Batch 19;INFO;2020-04-04 07:08:04;    3.1 Uploaded Counter Iteration: 2950
Batch 19;INFO;2020-04-04 07:10:31;    3.1 Uploaded Counter Iteration: 3000
Batch 19;INFO;2020-04-04 07:12:31;    3.1 Uploaded Counter Iteration: 3050
Batch 19;INFO;2020-04-04 07:15:20;    3.1 Uploaded Counter Iteration: 3100
Batch 19;INFO;2020-04-04 07:16:40;    3.1 Uploaded Counter Iteration: 3150
Batch 19;INFO;2020-04-04 07:20:02;    3.1 Uploaded Counter Iteration: 3200
Batch 19;INFO;2020-04-04 07:21:04;    3.1 Uploaded Counter Iteration: 3250
Batch 19;INFO;2020-04-04 07:24:30;    3.1 Uploaded Counter Iteration: 3300
Batch 19;INFO;2020-04-04 07:25:51;    3.1 Uploaded Counter Iteration: 3350
Batch 19;INFO;2020-04-04 07:28:38;    3.1 Uploaded Counter Iteration: 3400
Batch 19;INFO;2020-04-04 07:30:38;    3.1 Uploaded Counter Iteration: 3450
Batch 19;INFO;2020-04-04 07:32:56;    3.1 Uploaded Counter Iteration: 3500
Batch 19;INFO;2020-04-04 07:35:29;    3.1 Uploaded Counter Iteration: 3550
Batch 19;INFO;2020-04-04 07:37:17;    3.1 Uploaded Counter Iteration: 3600
Batch 19;INFO;2020-04-04 07:40:16;    3.1 Uploaded Counter Iteration: 3650
Batch 19;INFO;2020-04-04 07:41:32;    3.1 Uploaded Counter Iteration: 3700
Batch 19;INFO;2020-04-04 07:45:00;    3.1 Uploaded Counter Iteration: 3750
Batch 19;INFO;2020-04-04 07:46:01;    3.1 Uploaded Counter Iteration: 3800
Batch 19;INFO;2020-04-04 07:49:17;    3.1 Uploaded Counter Iteration: 3850
Batch 19;INFO;2020-04-04 07:50:48;    3.1 Uploaded Counter Iteration: 3900
Batch 19;INFO;2020-04-04 07:53:23;    3.1 Uploaded Counter Iteration: 3950
Batch 19;INFO;2020-04-04 07:55:37;    3.1 Uploaded Counter Iteration: 4000
Batch 19;INFO;2020-04-04 07:57:48;    3.1 Uploaded Counter Iteration: 4050
Batch 19;INFO;2020-04-04 08:00:25;    3.1 Uploaded Counter Iteration: 4100
Batch 19;INFO;2020-04-04 08:02:14;    3.1 Uploaded Counter Iteration: 4150
Batch 19;INFO;2020-04-04 08:05:18;    3.1 Uploaded Counter Iteration: 4200
Batch 19;INFO;2020-04-04 08:06:37;    3.1 Uploaded Counter Iteration: 4250
Batch 19;INFO;2020-04-04 08:10:01;    3.1 Uploaded Counter Iteration: 4300
Batch 19;INFO;2020-04-04 08:11:04;    3.1 Uploaded Counter Iteration: 4350
Batch 19;INFO;2020-04-04 08:14:21;    3.1 Uploaded Counter Iteration: 4400
Batch 19;INFO;2020-04-04 08:15:51;    3.1 Uploaded Counter Iteration: 4450
Batch 19;INFO;2020-04-04 08:18:39;    3.1 Uploaded Counter Iteration: 4500
Batch 19;INFO;2020-04-04 08:20:40;    3.1 Uploaded Counter Iteration: 4550
Batch 19;INFO;2020-04-04 08:23:07;    3.1 Uploaded Counter Iteration: 4600
Batch 19;INFO;2020-04-04 08:25:29;    3.1 Uploaded Counter Iteration: 4650
Batch 19;INFO;2020-04-04 08:27:30;    3.1 Uploaded Counter Iteration: 4700
Batch 19;INFO;2020-04-04 08:30:22;    3.1 Uploaded Counter Iteration: 4750
Batch 19;INFO;2020-04-04 08:32:04;    3.1 Uploaded Counter Iteration: 4800
Batch 19;INFO;2020-04-04 08:35:12;    3.1 Uploaded Counter Iteration: 4850
Batch 19;INFO;2020-04-04 08:36:16;    3.1 Uploaded Counter Iteration: 4900
Batch 19;INFO;2020-04-04 08:39:34;    3.1 Uploaded Counter Iteration: 4950
Batch 19;INFO;2020-04-04 08:40:55;    3.1 Uploaded Counter Iteration: 5000
Batch 19;INFO;2020-04-04 08:43:55;    3.1 Uploaded Counter Iteration: 5050
Batch 19;INFO;2020-04-04 08:45:44;    3.1 Uploaded Counter Iteration: 5100
Batch 19;INFO;2020-04-04 08:48:20;    3.1 Uploaded Counter Iteration: 5150
Batch 19;INFO;2020-04-04 08:50:34;    3.1 Uploaded Counter Iteration: 5200
Batch 19;INFO;2020-04-04 08:52:40;    3.1 Uploaded Counter Iteration: 5250
Batch 19;INFO;2020-04-04 08:55:20;    3.1 Uploaded Counter Iteration: 5300
Batch 19;INFO;2020-04-04 08:56:52;    3.1 Uploaded Counter Iteration: 5350
Batch 19;INFO;2020-04-04 09:00:11;    3.1 Uploaded Counter Iteration: 5400
Batch 19;INFO;2020-04-04 09:01:07;    3.1 Uploaded Counter Iteration: 5450
Batch 19;INFO;2020-04-04 09:04:34;    3.1 Uploaded Counter Iteration: 5500
Batch 19;INFO;2020-04-04 09:05:57;    3.1 Uploaded Counter Iteration: 5550
Batch 19;INFO;2020-04-04 09:09:12;    3.1 Uploaded Counter Iteration: 5600
Batch 19;INFO;2020-04-04 09:10:48;    3.1 Uploaded Counter Iteration: 5650
Batch 19;INFO;2020-04-04 09:13:32;    3.1 Uploaded Counter Iteration: 5700
Batch 19;INFO;2020-04-04 09:15:38;    3.1 Uploaded Counter Iteration: 5750
Batch 19;INFO;2020-04-04 09:18:02;    3.1 Uploaded Counter Iteration: 5800
Batch 19;INFO;2020-04-04 09:20:29;    3.1 Uploaded Counter Iteration: 5850
Batch 19;INFO;2020-04-04 09:22:21;    3.1 Uploaded Counter Iteration: 5900
Batch 19;INFO;2020-04-04 09:25:18;    3.1 Uploaded Counter Iteration: 5950
Batch 19;INFO;2020-04-04 09:26:44;    3.1 Uploaded Counter Iteration: 6000
Batch 19;INFO;2020-04-04 09:30:08;    3.1 Uploaded Counter Iteration: 6050
Batch 19;INFO;2020-04-04 09:31:02;    3.1 Uploaded Counter Iteration: 6100
Batch 19;INFO;2020-04-04 09:34:19;    3.1 Uploaded Counter Iteration: 6150
Batch 19;INFO;2020-04-04 09:35:51;    3.1 Uploaded Counter Iteration: 6200
Batch 19;INFO;2020-04-04 09:38:33;    3.1 Uploaded Counter Iteration: 6250
Batch 19;INFO;2020-04-04 09:40:37;    3.1 Uploaded Counter Iteration: 6300
Batch 19;INFO;2020-04-04 09:42:47;    3.1 Uploaded Counter Iteration: 6350
Batch 19;INFO;2020-04-04 09:45:27;    3.1 Uploaded Counter Iteration: 6400
Batch 19;INFO;2020-04-04 09:47:21;    3.1 Uploaded Counter Iteration: 6450
Batch 19;INFO;2020-04-04 09:50:16;    3.1 Uploaded Counter Iteration: 6500
Batch 19;INFO;2020-04-04 09:51:32;    3.1 Uploaded Counter Iteration: 6550
Batch 19;INFO;2020-04-04 09:55:05;    3.1 Uploaded Counter Iteration: 6600
Batch 19;INFO;2020-04-04 09:56:01;    3.1 Uploaded Counter Iteration: 6650
Batch 19;INFO;2020-04-04 09:59:17;    3.1 Uploaded Counter Iteration: 6700
Batch 19;INFO;2020-04-04 10:00:49;    3.1 Uploaded Counter Iteration: 6750
Batch 19;INFO;2020-04-04 10:03:43;    3.1 Uploaded Counter Iteration: 6800
Batch 19;INFO;2020-04-04 10:05:40;    3.1 Uploaded Counter Iteration: 6850
Batch 19;INFO;2020-04-04 10:08:12;    3.1 Uploaded Counter Iteration: 6900
Batch 19;INFO;2020-04-04 10:10:29;    3.1 Uploaded Counter Iteration: 6950
Batch 19;INFO;2020-04-04 10:12:19;    3.1 Uploaded Counter Iteration: 7000
Batch 19;INFO;2020-04-04 10:15:20;    3.1 Uploaded Counter Iteration: 7050
Batch 19;INFO;2020-04-04 10:16:54;    3.1 Uploaded Counter Iteration: 7100
Batch 19;INFO;2020-04-04 10:20:09;    3.1 Uploaded Counter Iteration: 7150
Batch 19;INFO;2020-04-04 10:21:11;    3.1 Uploaded Counter Iteration: 7200
Batch 19;INFO;2020-04-04 10:24:28;    3.1 Uploaded Counter Iteration: 7250
Batch 19;INFO;2020-04-04 10:25:51;    3.1 Uploaded Counter Iteration: 7300
Batch 19;INFO;2020-04-04 10:28:31;    3.1 Uploaded Counter Iteration: 7350
Batch 19;INFO;2020-04-04 10:30:37;    3.1 Uploaded Counter Iteration: 7400
Batch 19;INFO;2020-04-04 10:32:58;    3.1 Uploaded Counter Iteration: 7450
Batch 19;INFO;2020-04-04 10:35:28;    3.1 Uploaded Counter Iteration: 7500
Batch 19;INFO;2020-04-04 10:37:25;    3.1 Uploaded Counter Iteration: 7550
Batch 19;INFO;2020-04-04 10:40:19;    3.1 Uploaded Counter Iteration: 7600
Batch 19;INFO;2020-04-04 10:41:42;    3.1 Uploaded Counter Iteration: 7650
Batch 19;INFO;2020-04-04 10:45:05;    3.1 Uploaded Counter Iteration: 7700
Batch 19;INFO;2020-04-04 10:46:01;    3.1 Uploaded Counter Iteration: 7750
Batch 19;INFO;2020-04-04 10:49:22;    3.1 Uploaded Counter Iteration: 7800
Batch 19;INFO;2020-04-04 10:50:53;    3.1 Uploaded Counter Iteration: 7850
Batch 19;INFO;2020-04-04 10:53:43;    3.1 Uploaded Counter Iteration: 7900
Batch 19;INFO;2020-04-04 10:55:40;    3.1 Uploaded Counter Iteration: 7950
Batch 19;INFO;2020-04-04 10:57:54;    3.1 Uploaded Counter Iteration: 8000
Batch 19;INFO;2020-04-04 11:00:30;    3.1 Uploaded Counter Iteration: 8050
Batch 19;INFO;2020-04-04 11:02:27;    3.1 Uploaded Counter Iteration: 8100
Batch 19;INFO;2020-04-04 11:05:20;    3.1 Uploaded Counter Iteration: 8150
Batch 19;INFO;2020-04-04 11:06:35;    3.1 Uploaded Counter Iteration: 8200
Batch 19;INFO;2020-04-04 11:09:53;    3.1 Uploaded Counter Iteration: 8250
Batch 19;INFO;2020-04-04 11:11:00;    3.1 Uploaded Counter Iteration: 8300
Batch 19;INFO;2020-04-04 11:14:14;    3.1 Uploaded Counter Iteration: 8350
Batch 19;INFO;2020-04-04 11:15:46;    3.1 Uploaded Counter Iteration: 8400
Batch 19;INFO;2020-04-04 11:18:24;    3.1 Uploaded Counter Iteration: 8450
Batch 19;INFO;2020-04-04 11:20:36;    3.1 Uploaded Counter Iteration: 8500
Batch 19;INFO;2020-04-04 11:23:06;    3.1 Uploaded Counter Iteration: 8550
Batch 19;INFO;2020-04-04 11:25:33;    3.1 Uploaded Counter Iteration: 8600
Batch 19;INFO;2020-04-04 11:27:32;    3.1 Uploaded Counter Iteration: 8650
Batch 19;INFO;2020-04-04 11:30:20;    3.1 Uploaded Counter Iteration: 8700
Batch 19;INFO;2020-04-04 11:31:53;    3.1 Uploaded Counter Iteration: 8750
Batch 19;INFO;2020-04-04 11:35:11;    3.1 Uploaded Counter Iteration: 8800
Batch 19;INFO;2020-04-04 11:36:26;    3.1 Uploaded Counter Iteration: 8850
Batch 19;INFO;2020-04-04 11:39:50;    3.1 Uploaded Counter Iteration: 8900
Batch 19;INFO;2020-04-04 11:40:58;    3.1 Uploaded Counter Iteration: 8950
Batch 19;INFO;2020-04-04 11:44:05;    3.1 Uploaded Counter Iteration: 9000
Batch 19;INFO;2020-04-04 11:45:45;    3.1 Uploaded Counter Iteration: 9050
Batch 19;INFO;2020-04-04 11:48:26;    3.1 Uploaded Counter Iteration: 9100
Batch 19;INFO;2020-04-04 11:50:37;    3.1 Uploaded Counter Iteration: 9150
Batch 19;INFO;2020-04-04 11:52:53;    3.1 Uploaded Counter Iteration: 9200
Batch 19;INFO;2020-04-04 11:55:25;    3.1 Uploaded Counter Iteration: 9250
Batch 19;INFO;2020-04-04 11:57:06;    3.1 Uploaded Counter Iteration: 9300
Batch 19;INFO;2020-04-04 12:00:15;    3.1 Uploaded Counter Iteration: 9350
Batch 19;INFO;2020-04-04 12:01:32;    3.1 Uploaded Counter Iteration: 9400
Batch 19;INFO;2020-04-04 12:04:51;    3.1 Uploaded Counter Iteration: 9450
Batch 19;INFO;2020-04-04 12:06:00;    3.1 Uploaded Counter Iteration: 9500
Batch 19;INFO;2020-04-04 12:09:15;    3.1 Uploaded Counter Iteration: 9550
Batch 19;INFO;2020-04-04 12:10:47;    3.1 Uploaded Counter Iteration: 9600
Batch 19;INFO;2020-04-04 12:13:28;    3.1 Uploaded Counter Iteration: 9650
Batch 19;INFO;2020-04-04 12:15:36;    3.1 Uploaded Counter Iteration: 9700
Batch 19;INFO;2020-04-04 12:17:42;    3.1 Uploaded Counter Iteration: 9750
Batch 19;INFO;2020-04-04 12:20:26;    3.1 Uploaded Counter Iteration: 9800
Batch 19;INFO;2020-04-04 12:22:11;    3.1 Uploaded Counter Iteration: 9850
Batch 19;INFO;2020-04-04 12:25:16;    3.1 Uploaded Counter Iteration: 9900
Batch 19;INFO;2020-04-04 12:26:37;    3.1 Uploaded Counter Iteration: 9950
Batch 19;INFO;2020-04-04 12:30:02;    3.1 Uploaded Counter Iteration: 10000
Batch 19;INFO;2020-04-04 12:31:04;    3.1 Uploaded Counter Iteration: 10050
Batch 19;INFO;2020-04-04 12:34:31;    3.1 Uploaded Counter Iteration: 10100
Batch 19;INFO;2020-04-04 12:35:54;    3.1 Uploaded Counter Iteration: 10150
Batch 19;INFO;2020-04-04 12:38:59;    3.1 Uploaded Counter Iteration: 10200
Batch 19;INFO;2020-04-04 12:40:43;    3.1 Uploaded Counter Iteration: 10250
Batch 19;INFO;2020-04-04 12:43:11;    3.1 Uploaded Counter Iteration: 10300
Batch 19;INFO;2020-04-04 12:45:31;    3.1 Uploaded Counter Iteration: 10350
Batch 19;INFO;2020-04-04 12:47:28;    3.1 Uploaded Counter Iteration: 10400
Batch 19;INFO;2020-04-04 12:50:19;    3.1 Uploaded Counter Iteration: 10450
Batch 19;INFO;2020-04-04 12:51:42;    3.1 Uploaded Counter Iteration: 10500
Batch 19;INFO;2020-04-04 12:55:09;    3.1 Uploaded Counter Iteration: 10550
Batch 19;INFO;2020-04-04 12:56:08;    3.1 Uploaded Counter Iteration: 10600
Batch 19;INFO;2020-04-04 12:59:36;    3.1 Uploaded Counter Iteration: 10650
Batch 19;INFO;2020-04-04 13:00:55;    3.1 Uploaded Counter Iteration: 10700
Batch 19;INFO;2020-04-04 13:04:01;    3.1 Uploaded Counter Iteration: 10750
Batch 19;INFO;2020-04-04 13:05:46;    3.1 Uploaded Counter Iteration: 10800
Batch 19;INFO;2020-04-04 13:08:15;    3.1 Uploaded Counter Iteration: 10850
Batch 19;INFO;2020-04-04 13:10:32;    3.1 Uploaded Counter Iteration: 10900
Batch 19;INFO;2020-04-04 13:12:21;    3.1 Uploaded Counter Iteration: 10950
Batch 19;INFO;2020-04-04 13:15:19;    3.1 Uploaded Counter Iteration: 11000
Batch 19;INFO;2020-04-04 13:16:42;    3.1 Uploaded Counter Iteration: 11050
Batch 19;INFO;2020-04-04 13:20:01;    3.1 Uploaded Counter Iteration: 11100
Batch 19;INFO;2020-04-04 13:21:04;    3.1 Uploaded Counter Iteration: 11150
Batch 19;INFO;2020-04-04 13:24:17;    3.1 Uploaded Counter Iteration: 11200
Batch 19;INFO;2020-04-04 13:25:48;    3.1 Uploaded Counter Iteration: 11250
Batch 19;INFO;2020-04-04 13:28:36;    3.1 Uploaded Counter Iteration: 11300
Batch 19;INFO;2020-04-04 13:30:37;    3.1 Uploaded Counter Iteration: 11350
Batch 19;INFO;2020-04-04 13:32:48;    3.1 Uploaded Counter Iteration: 11400
Batch 19;INFO;2020-04-04 13:35:27;    3.1 Uploaded Counter Iteration: 11450
Batch 19;INFO;2020-04-04 13:37:02;    3.1 Uploaded Counter Iteration: 11500
Batch 19;INFO;2020-04-04 13:40:13;    3.1 Uploaded Counter Iteration: 11550
Batch 19;INFO;2020-04-04 13:41:21;    3.1 Uploaded Counter Iteration: 11600
Batch 19;INFO;2020-04-04 13:44:36;    3.1 Uploaded Counter Iteration: 11650
Batch 19;INFO;2020-04-04 13:45:58;    3.1 Uploaded Counter Iteration: 11700
Batch 19;INFO;2020-04-04 13:49:20;    3.1 Uploaded Counter Iteration: 11750
Batch 19;INFO;2020-04-04 13:50:54;    3.1 Uploaded Counter Iteration: 11800
Batch 19;INFO;2020-04-04 13:53:49;    3.1 Uploaded Counter Iteration: 11850
Batch 19;INFO;2020-04-04 13:55:43;    3.1 Uploaded Counter Iteration: 11900
Batch 19;INFO;2020-04-04 13:58:10;    3.1 Uploaded Counter Iteration: 11950
Batch 19;INFO;2020-04-04 14:00:33;    3.1 Uploaded Counter Iteration: 12000
Batch 19;INFO;2020-04-04 14:02:31;    3.1 Uploaded Counter Iteration: 12050
Batch 19;INFO;2020-04-04 14:05:23;    3.1 Uploaded Counter Iteration: 12100
Batch 19;INFO;2020-04-04 14:06:56;    3.1 Uploaded Counter Iteration: 12150
Batch 19;INFO;2020-04-04 14:10:11;    3.1 Uploaded Counter Iteration: 12200
Batch 19;INFO;2020-04-04 14:11:07;    3.1 Uploaded Counter Iteration: 12250
Batch 19;INFO;2020-04-04 14:14:27;    3.1 Uploaded Counter Iteration: 12300
Batch 19;INFO;2020-04-04 14:15:54;    3.1 Uploaded Counter Iteration: 12350
Batch 19;INFO;2020-04-04 14:18:51;    3.1 Uploaded Counter Iteration: 12400
Batch 19;INFO;2020-04-04 14:20:41;    3.1 Uploaded Counter Iteration: 12450
Batch 19;INFO;2020-04-04 14:23:10;    3.1 Uploaded Counter Iteration: 12500
Batch 19;INFO;2020-04-04 14:25:32;    3.1 Uploaded Counter Iteration: 12550
Batch 19;INFO;2020-04-04 14:27:31;    3.1 Uploaded Counter Iteration: 12600
Batch 19;INFO;2020-04-04 14:30:19;    3.1 Uploaded Counter Iteration: 12650
Batch 19;INFO;2020-04-04 14:31:41;    3.1 Uploaded Counter Iteration: 12700
Batch 19;INFO;2020-04-04 14:35:07;    3.1 Uploaded Counter Iteration: 12750
Batch 19;INFO;2020-04-04 14:36:06;    3.1 Uploaded Counter Iteration: 12800
Batch 19;INFO;2020-04-04 14:39:22;    3.1 Uploaded Counter Iteration: 12850
Batch 19;INFO;2020-04-04 14:40:51;    3.1 Uploaded Counter Iteration: 12900
Batch 19;INFO;2020-04-04 14:43:40;    3.1 Uploaded Counter Iteration: 12950
Batch 19;INFO;2020-04-04 14:45:39;    3.1 Uploaded Counter Iteration: 13000
Batch 19;INFO;2020-04-04 14:48:03;    3.1 Uploaded Counter Iteration: 13050
Batch 19;INFO;2020-04-04 14:50:29;    3.1 Uploaded Counter Iteration: 13100
Batch 19;INFO;2020-04-04 14:52:21;    3.1 Uploaded Counter Iteration: 13150
Batch 19;INFO;2020-04-04 14:55:19;    3.1 Uploaded Counter Iteration: 13200
Batch 19;INFO;2020-04-04 14:56:32;    3.1 Uploaded Counter Iteration: 13250
Batch 19;INFO;2020-04-04 15:00:02;    3.1 Uploaded Counter Iteration: 13300
Batch 19;INFO;2020-04-04 15:01:03;    3.1 Uploaded Counter Iteration: 13350
Batch 19;INFO;2020-04-04 15:04:17;    3.1 Uploaded Counter Iteration: 13400
Batch 19;INFO;2020-04-04 15:05:52;    3.1 Uploaded Counter Iteration: 13450
Batch 19;INFO;2020-04-04 15:08:35;    3.1 Uploaded Counter Iteration: 13500
Batch 19;INFO;2020-04-04 15:10:39;    3.1 Uploaded Counter Iteration: 13550
Batch 19;INFO;2020-04-04 15:12:48;    3.1 Uploaded Counter Iteration: 13600
Batch 19;INFO;2020-04-04 15:15:27;    3.1 Uploaded Counter Iteration: 13650
Batch 19;INFO;2020-04-04 15:17:17;    3.1 Uploaded Counter Iteration: 13700
Batch 19;INFO;2020-04-04 15:20:17;    3.1 Uploaded Counter Iteration: 13750
Batch 19;INFO;2020-04-04 15:21:32;    3.1 Uploaded Counter Iteration: 13800
Batch 19;INFO;2020-04-04 15:24:44;    3.1 Uploaded Counter Iteration: 13850
Batch 19;INFO;2020-04-04 15:25:58;    3.1 Uploaded Counter Iteration: 13900
Batch 19;INFO;2020-04-04 15:29:18;    3.1 Uploaded Counter Iteration: 13950
Batch 19;INFO;2020-04-04 15:30:52;    3.1 Uploaded Counter Iteration: 14000
Batch 19;INFO;2020-04-04 15:33:39;    3.1 Uploaded Counter Iteration: 14050
Batch 19;INFO;2020-04-04 15:35:38;    3.1 Uploaded Counter Iteration: 14100
Batch 19;INFO;2020-04-04 15:37:53;    3.1 Uploaded Counter Iteration: 14150
Batch 19;INFO;2020-04-04 15:40:27;    3.1 Uploaded Counter Iteration: 14200
Batch 19;INFO;2020-04-04 15:42:07;    3.1 Uploaded Counter Iteration: 14250
Batch 19;INFO;2020-04-04 15:45:13;    3.1 Uploaded Counter Iteration: 14300
Batch 19;INFO;2020-04-04 15:46:21;    3.1 Uploaded Counter Iteration: 14350
Batch 19;INFO;2020-04-04 15:49:36;    3.1 Uploaded Counter Iteration: 14400
Batch 19;INFO;2020-04-04 15:50:54;    3.1 Uploaded Counter Iteration: 14450
Batch 19;INFO;2020-04-04 15:53:50;    3.1 Uploaded Counter Iteration: 14500
Batch 19;INFO;2020-04-04 15:55:43;    3.1 Uploaded Counter Iteration: 14550
Batch 19;INFO;2020-04-04 15:58:11;    3.1 Uploaded Counter Iteration: 14600
Batch 19;INFO;2020-04-04 16:00:32;    3.1 Uploaded Counter Iteration: 14650
Batch 19;INFO;2020-04-04 16:02:30;    3.1 Uploaded Counter Iteration: 14700
Batch 19;INFO;2020-04-04 16:05:22;    3.1 Uploaded Counter Iteration: 14750
Batch 19;INFO;2020-04-04 16:06:58;    3.1 Uploaded Counter Iteration: 14800
Batch 19;INFO;2020-04-04 16:10:12;    3.1 Uploaded Counter Iteration: 14850
Batch 19;INFO;2020-04-04 16:11:31;    3.1 Uploaded Counter Iteration: 14900
Batch 19;INFO;2020-04-04 16:15:00;    3.1 Uploaded Counter Iteration: 14950
Batch 19;INFO;2020-04-04 16:15:59;    3.1 Uploaded Counter Iteration: 15000
Batch 19;INFO;2020-04-04 16:19:14;    3.1 Uploaded Counter Iteration: 15050
Batch 19;INFO;2020-04-04 16:20:48;    3.1 Uploaded Counter Iteration: 15100
Batch 19;INFO;2020-04-04 16:23:35;    3.1 Uploaded Counter Iteration: 15150
Batch 19;INFO;2020-04-04 16:25:39;    3.1 Uploaded Counter Iteration: 15200
Batch 19;INFO;2020-04-04 16:27:45;    3.1 Uploaded Counter Iteration: 15250
Batch 19;INFO;2020-04-04 16:30:24;    3.1 Uploaded Counter Iteration: 15300
Batch 19;INFO;2020-04-04 16:31:52;    3.1 Uploaded Counter Iteration: 15350
Batch 19;INFO;2020-04-04 16:35:09;    3.1 Uploaded Counter Iteration: 15400
Batch 19;INFO;2020-04-04 16:36:12;    3.1 Uploaded Counter Iteration: 15450
Batch 19;INFO;2020-04-04 16:39:38;    3.1 Uploaded Counter Iteration: 15500
Batch 19;INFO;2020-04-04 16:40:57;    3.1 Uploaded Counter Iteration: 15550
Batch 19;INFO;2020-04-04 16:44:11;    3.1 Uploaded Counter Iteration: 15600
Batch 19;INFO;2020-04-04 16:45:50;    3.1 Uploaded Counter Iteration: 15650
Batch 19;INFO;2020-04-04 16:48:37;    3.1 Uploaded Counter Iteration: 15700
Batch 19;INFO;2020-04-04 16:50:40;    3.1 Uploaded Counter Iteration: 15750
Batch 19;INFO;2020-04-04 16:53:01;    3.1 Uploaded Counter Iteration: 15800
Batch 19;INFO;2020-04-04 16:55:30;    3.1 Uploaded Counter Iteration: 15850
Batch 19;INFO;2020-04-04 16:57:28;    3.1 Uploaded Counter Iteration: 15900
Batch 19;INFO;2020-04-04 17:00:21;    3.1 Uploaded Counter Iteration: 15950
Batch 19;INFO;2020-04-04 17:01:59;    3.1 Uploaded Counter Iteration: 16000
Batch 19;INFO;2020-04-04 17:05:14;    3.1 Uploaded Counter Iteration: 16050
Batch 19;INFO;2020-04-04 17:06:31;    3.1 Uploaded Counter Iteration: 16100
Batch 19;INFO;2020-04-04 17:10:02;    3.1 Uploaded Counter Iteration: 16150
Batch 19;INFO;2020-04-04 17:11:05;    3.1 Uploaded Counter Iteration: 16200
Batch 19;INFO;2020-04-04 17:14:28;    3.1 Uploaded Counter Iteration: 16250
Batch 19;INFO;2020-04-04 17:15:56;    3.1 Uploaded Counter Iteration: 16300
Batch 19;INFO;2020-04-04 17:18:59;    3.1 Uploaded Counter Iteration: 16350
Batch 19;INFO;2020-04-04 17:20:47;    3.1 Uploaded Counter Iteration: 16400
Batch 19;INFO;2020-04-04 17:23:30;    3.1 Uploaded Counter Iteration: 16450
Batch 19;INFO;2020-04-04 17:25:37;    3.1 Uploaded Counter Iteration: 16500
Batch 19;INFO;2020-04-04 17:27:37;    3.1 Uploaded Counter Iteration: 16550
Batch 19;INFO;2020-04-04 17:30:25;    3.1 Uploaded Counter Iteration: 16600
Batch 19;INFO;2020-04-04 17:32:19;    3.1 Uploaded Counter Iteration: 16650
Batch 19;INFO;2020-04-04 17:35:24;    3.1 Uploaded Counter Iteration: 16700
Batch 19;INFO;2020-04-04 17:37:01;    3.1 Uploaded Counter Iteration: 16750
Batch 19;INFO;2020-04-04 17:40:14;    3.1 Uploaded Counter Iteration: 16800
Batch 19;INFO;2020-04-04 17:41:26;    3.1 Uploaded Counter Iteration: 16850
Batch 19;INFO;2020-04-04 17:44:57;    3.1 Uploaded Counter Iteration: 16900
Batch 19;INFO;2020-04-04 17:46:04;    3.1 Uploaded Counter Iteration: 16950
Batch 19;INFO;2020-04-04 17:49:30;    3.1 Uploaded Counter Iteration: 17000
Batch 19;INFO;2020-04-04 17:50:57;    3.1 Uploaded Counter Iteration: 17050
Batch 19;INFO;2020-04-04 17:54:07;    3.1 Uploaded Counter Iteration: 17100
Batch 19;INFO;2020-04-04 17:55:49;    3.1 Uploaded Counter Iteration: 17150
Batch 19;INFO;2020-04-04 17:58:47;    3.1 Uploaded Counter Iteration: 17200
Batch 19;INFO;2020-04-04 18:00:48;    3.1 Uploaded Counter Iteration: 17250
Batch 19;INFO;2020-04-04 18:03:46;    3.1 Uploaded Counter Iteration: 17300
Batch 19;INFO;2020-04-04 18:05:45;    3.1 Uploaded Counter Iteration: 17350
Batch 19;INFO;2020-04-04 18:08:23;    3.1 Uploaded Counter Iteration: 17400
Batch 19;INFO;2020-04-04 18:10:37;    3.1 Uploaded Counter Iteration: 17450
Batch 19;INFO;2020-04-04 18:12:53;    3.1 Uploaded Counter Iteration: 17500
Batch 19;INFO;2020-04-04 18:15:31;    3.1 Uploaded Counter Iteration: 17550
Batch 19;INFO;2020-04-04 18:17:32;    3.1 Uploaded Counter Iteration: 17600
Batch 19;INFO;2020-04-04 18:20:25;    3.1 Uploaded Counter Iteration: 17650
Batch 19;INFO;2020-04-04 18:20:42;3 Starting webscrapping... (Completed)
Batch 19;INFO;2020-04-04 18:20:42;5. Succesfully run batch: 19
