Module;Type;Date;Details;Time;Error Type;Error Details;Error Line
Batch 20;INFO;2020-04-04 18:20:44;1. Select all songs in nonmatch-query (S3)
Batch 20;INFO;2020-04-04 18:20:44;1. Select all songs in nonmatch-query (S3) (Completed)
Batch 20;INFO;2020-04-04 18:20:44;3 Starting webscrapping...
Batch 20;INFO;2020-04-04 18:23:19;    3.1 Uploaded Counter Iteration: 50
Batch 20;INFO;2020-04-04 18:25:37;    3.1 Uploaded Counter Iteration: 100
Batch 20;INFO;2020-04-04 18:27:50;    3.1 Uploaded Counter Iteration: 150
Batch 20;INFO;2020-04-04 18:30:27;    3.1 Uploaded Counter Iteration: 200
Batch 20;INFO;2020-04-04 18:32:23;    3.1 Uploaded Counter Iteration: 250
Batch 20;INFO;2020-04-04 18:35:23;    3.1 Uploaded Counter Iteration: 300
Batch 20;INFO;2020-04-04 18:36:59;    3.1 Uploaded Counter Iteration: 350
Batch 20;INFO;2020-04-04 18:40:15;    3.1 Uploaded Counter Iteration: 400
Batch 20;INFO;2020-04-04 18:41:26;    3.1 Uploaded Counter Iteration: 450
Batch 20;INFO;2020-04-04 18:44:46;    3.1 Uploaded Counter Iteration: 500
Batch 20;INFO;2020-04-04 18:46:02;    3.1 Uploaded Counter Iteration: 550
Batch 20;INFO;2020-04-04 18:49:22;    3.1 Uploaded Counter Iteration: 600
Batch 20;INFO;2020-04-04 18:50:50;    3.1 Uploaded Counter Iteration: 650
Batch 20;INFO;2020-04-04 18:53:36;    3.1 Uploaded Counter Iteration: 700
Batch 20;INFO;2020-04-04 18:55:37;    3.1 Uploaded Counter Iteration: 750
Batch 20;INFO;2020-04-04 18:58:03;    3.1 Uploaded Counter Iteration: 800
Batch 20;INFO;2020-04-04 19:00:34;    3.1 Uploaded Counter Iteration: 850
Batch 20;INFO;2020-04-04 19:02:40;    3.1 Uploaded Counter Iteration: 900
Batch 20;INFO;2020-04-04 19:05:23;    3.1 Uploaded Counter Iteration: 950
Batch 20;INFO;2020-04-04 19:07:01;    3.1 Uploaded Counter Iteration: 1000
Batch 20;INFO;2020-04-04 19:10:14;    3.1 Uploaded Counter Iteration: 1050
Batch 20;INFO;2020-04-04 19:11:26;    3.1 Uploaded Counter Iteration: 1100
Batch 20;INFO;2020-04-04 19:14:56;    3.1 Uploaded Counter Iteration: 1150
Batch 20;INFO;2020-04-04 19:16:00;    3.1 Uploaded Counter Iteration: 1200
Batch 20;INFO;2020-04-04 19:19:22;    3.1 Uploaded Counter Iteration: 1250
Batch 20;INFO;2020-04-04 19:20:52;    3.1 Uploaded Counter Iteration: 1300
Batch 20;INFO;2020-04-04 19:23:30;    3.1 Uploaded Counter Iteration: 1350
Batch 20;INFO;2020-04-04 19:25:37;    3.1 Uploaded Counter Iteration: 1400
Batch 20;INFO;2020-04-04 19:27:49;    3.1 Uploaded Counter Iteration: 1450
Batch 20;INFO;2020-04-04 19:30:28;    3.1 Uploaded Counter Iteration: 1500
Batch 20;INFO;2020-04-04 19:32:24;    3.1 Uploaded Counter Iteration: 1550
Batch 20;INFO;2020-04-04 19:35:19;    3.1 Uploaded Counter Iteration: 1600
Batch 20;INFO;2020-04-04 19:36:46;    3.1 Uploaded Counter Iteration: 1650
Batch 20;INFO;2020-04-04 19:40:10;    3.1 Uploaded Counter Iteration: 1700
Batch 20;INFO;2020-04-04 19:41:09;    3.1 Uploaded Counter Iteration: 1750
Batch 20;INFO;2020-04-04 19:44:39;    3.1 Uploaded Counter Iteration: 1800
Batch 20;INFO;2020-04-04 19:45:57;    3.1 Uploaded Counter Iteration: 1850
Batch 20;INFO;2020-04-04 19:48:55;    3.1 Uploaded Counter Iteration: 1900
Batch 20;INFO;2020-04-04 19:50:45;    3.1 Uploaded Counter Iteration: 1950
Batch 20;INFO;2020-04-04 19:53:22;    3.1 Uploaded Counter Iteration: 2000
Batch 20;INFO;2020-04-04 19:55:38;    3.1 Uploaded Counter Iteration: 2050
Batch 20;INFO;2020-04-04 19:57:39;    3.1 Uploaded Counter Iteration: 2100
Batch 20;INFO;2020-04-04 20:00:26;    3.1 Uploaded Counter Iteration: 2150
Batch 20;INFO;2020-04-04 20:02:23;    3.1 Uploaded Counter Iteration: 2200
Batch 20;INFO;2020-04-04 20:05:20;    3.1 Uploaded Counter Iteration: 2250
Batch 20;INFO;2020-04-04 20:06:47;    3.1 Uploaded Counter Iteration: 2300
Batch 20;INFO;2020-04-04 20:10:11;    3.1 Uploaded Counter Iteration: 2350
Batch 20;INFO;2020-04-04 20:11:13;    3.1 Uploaded Counter Iteration: 2400
Batch 20;INFO;2020-04-04 20:14:48;    3.1 Uploaded Counter Iteration: 2450
Batch 20;INFO;2020-04-04 20:15:58;    3.1 Uploaded Counter Iteration: 2500
Batch 20;INFO;2020-04-04 20:19:09;    3.1 Uploaded Counter Iteration: 2550
Batch 20;INFO;2020-04-04 20:20:49;    3.1 Uploaded Counter Iteration: 2600
Batch 20;INFO;2020-04-04 20:23:19;    3.1 Uploaded Counter Iteration: 2650
Batch 20;INFO;2020-04-04 20:25:36;    3.1 Uploaded Counter Iteration: 2700
Batch 20;INFO;2020-04-04 20:27:43;    3.1 Uploaded Counter Iteration: 2750
Batch 20;INFO;2020-04-04 20:30:27;    3.1 Uploaded Counter Iteration: 2800
Batch 20;INFO;2020-04-04 20:32:03;    3.1 Uploaded Counter Iteration: 2850
Batch 20;INFO;2020-04-04 20:35:12;    3.1 Uploaded Counter Iteration: 2900
Batch 20;INFO;2020-04-04 20:36:20;    3.1 Uploaded Counter Iteration: 2950
Batch 20;INFO;2020-04-04 20:39:41;    3.1 Uploaded Counter Iteration: 3000
Batch 20;INFO;2020-04-04 20:40:57;    3.1 Uploaded Counter Iteration: 3050
Batch 20;INFO;2020-04-04 20:43:51;    3.1 Uploaded Counter Iteration: 3100
Batch 20;INFO;2020-04-04 20:45:46;    3.1 Uploaded Counter Iteration: 3150
Batch 20;INFO;2020-04-04 20:48:21;    3.1 Uploaded Counter Iteration: 3200
Batch 20;INFO;2020-04-04 20:50:38;    3.1 Uploaded Counter Iteration: 3250
Batch 20;INFO;2020-04-04 20:52:44;    3.1 Uploaded Counter Iteration: 3300
Batch 20;INFO;2020-04-04 20:55:24;    3.1 Uploaded Counter Iteration: 3350
Batch 20;INFO;2020-04-04 20:56:52;    3.1 Uploaded Counter Iteration: 3400
Batch 20;INFO;2020-04-04 21:00:09;    3.1 Uploaded Counter Iteration: 3450
Batch 20;INFO;2020-04-04 21:01:04;    3.1 Uploaded Counter Iteration: 3500
Batch 20;INFO;2020-04-04 21:04:24;    3.1 Uploaded Counter Iteration: 3550
Batch 20;INFO;2020-04-04 21:05:54;    3.1 Uploaded Counter Iteration: 3600
Batch 20;INFO;2020-04-04 21:08:56;    3.1 Uploaded Counter Iteration: 3650
Batch 20;INFO;2020-04-04 21:10:47;    3.1 Uploaded Counter Iteration: 3700
Batch 20;INFO;2020-04-04 21:13:14;    3.1 Uploaded Counter Iteration: 3750
Batch 20;INFO;2020-04-04 21:15:33;    3.1 Uploaded Counter Iteration: 3800
Batch 20;INFO;2020-04-04 21:17:23;    3.1 Uploaded Counter Iteration: 3850
Batch 20;INFO;2020-04-04 21:20:18;    3.1 Uploaded Counter Iteration: 3900
Batch 20;INFO;2020-04-04 21:21:24;    3.1 Uploaded Counter Iteration: 3950
Batch 20;INFO;2020-04-04 21:24:43;    3.1 Uploaded Counter Iteration: 4000
Batch 20;INFO;2020-04-04 21:25:57;    3.1 Uploaded Counter Iteration: 4050
Batch 20;INFO;2020-04-04 21:29:00;    3.1 Uploaded Counter Iteration: 4100
Batch 20;INFO;2020-04-04 21:30:47;    3.1 Uploaded Counter Iteration: 4150
Batch 20;INFO;2020-04-04 21:33:24;    3.1 Uploaded Counter Iteration: 4200
Batch 20;INFO;2020-04-04 21:35:37;    3.1 Uploaded Counter Iteration: 4250
Batch 20;INFO;2020-04-04 21:37:44;    3.1 Uploaded Counter Iteration: 4300
Batch 20;INFO;2020-04-04 21:40:23;    3.1 Uploaded Counter Iteration: 4350
Batch 20;INFO;2020-04-04 21:41:58;    3.1 Uploaded Counter Iteration: 4400
Batch 20;INFO;2020-04-04 21:45:11;    3.1 Uploaded Counter Iteration: 4450
Batch 20;INFO;2020-04-04 21:46:08;    3.1 Uploaded Counter Iteration: 4500
Batch 20;INFO;2020-04-04 21:49:26;    3.1 Uploaded Counter Iteration: 4550
Batch 20;INFO;2020-04-04 21:50:54;    3.1 Uploaded Counter Iteration: 4600
Batch 20;INFO;2020-04-04 21:53:36;    3.1 Uploaded Counter Iteration: 4650
Batch 20;INFO;2020-04-04 21:55:38;    3.1 Uploaded Counter Iteration: 4700
Batch 20;INFO;2020-04-04 21:57:48;    3.1 Uploaded Counter Iteration: 4750
Batch 20;INFO;2020-04-04 22:00:25;    3.1 Uploaded Counter Iteration: 4800
Batch 20;INFO;2020-04-04 22:02:06;    3.1 Uploaded Counter Iteration: 4850
Batch 20;INFO;2020-04-04 22:05:15;    3.1 Uploaded Counter Iteration: 4900
Batch 20;INFO;2020-04-04 22:06:09;    3.1 Uploaded Counter Iteration: 4950
Batch 20;INFO;2020-04-04 22:09:38;    3.1 Uploaded Counter Iteration: 5000
Batch 20;INFO;2020-04-04 22:10:56;    3.1 Uploaded Counter Iteration: 5050
Batch 20;INFO;2020-04-04 22:13:55;    3.1 Uploaded Counter Iteration: 5100
Batch 20;INFO;2020-04-04 22:15:43;    3.1 Uploaded Counter Iteration: 5150
Batch 20;INFO;2020-04-04 22:18:05;    3.1 Uploaded Counter Iteration: 5200
Batch 20;INFO;2020-04-04 22:20:30;    3.1 Uploaded Counter Iteration: 5250
Batch 20;INFO;2020-04-04 22:22:23;    3.1 Uploaded Counter Iteration: 5300
Batch 20;INFO;2020-04-04 22:25:19;    3.1 Uploaded Counter Iteration: 5350
Batch 20;INFO;2020-04-04 22:26:30;    3.1 Uploaded Counter Iteration: 5400
Batch 20;INFO;2020-04-04 22:29:50;    3.1 Uploaded Counter Iteration: 5450
Batch 20;INFO;2020-04-04 22:30:59;    3.1 Uploaded Counter Iteration: 5500
Batch 20;INFO;2020-04-04 22:33:59;    3.1 Uploaded Counter Iteration: 5550
Batch 20;INFO;2020-04-04 22:35:44;    3.1 Uploaded Counter Iteration: 5600
Batch 20;INFO;2020-04-04 22:38:14;    3.1 Uploaded Counter Iteration: 5650
Batch 20;INFO;2020-04-04 22:40:33;    3.1 Uploaded Counter Iteration: 5700
Batch 20;INFO;2020-04-04 22:42:20;    3.1 Uploaded Counter Iteration: 5750
Batch 20;INFO;2020-04-04 22:45:17;    3.1 Uploaded Counter Iteration: 5800
Batch 20;INFO;2020-04-04 22:46:31;    3.1 Uploaded Counter Iteration: 5850
Batch 20;INFO;2020-04-04 22:49:46;    3.1 Uploaded Counter Iteration: 5900
Batch 20;INFO;2020-04-04 22:50:59;    3.1 Uploaded Counter Iteration: 5950
Batch 20;INFO;2020-04-04 22:53:59;    3.1 Uploaded Counter Iteration: 6000
Batch 20;INFO;2020-04-04 22:55:46;    3.1 Uploaded Counter Iteration: 6050
Batch 20;INFO;2020-04-04 22:58:11;    3.1 Uploaded Counter Iteration: 6100
Batch 20;INFO;2020-04-04 23:00:25;    3.1 Uploaded Counter Iteration: 6150
Batch 20;INFO;2020-04-04 23:02:05;    3.1 Uploaded Counter Iteration: 6200
Batch 20;INFO;2020-04-04 23:05:11;    3.1 Uploaded Counter Iteration: 6250
Batch 20;INFO;2020-04-04 23:06:23;    3.1 Uploaded Counter Iteration: 6300
Batch 20;INFO;2020-04-04 23:09:38;    3.1 Uploaded Counter Iteration: 6350
Batch 20;INFO;2020-04-04 23:10:53;    3.1 Uploaded Counter Iteration: 6400
Batch 20;INFO;2020-04-04 23:14:02;    3.1 Uploaded Counter Iteration: 6450
Batch 20;INFO;2020-04-04 23:15:42;    3.1 Uploaded Counter Iteration: 6500
Batch 20;INFO;2020-04-04 23:18:14;    3.1 Uploaded Counter Iteration: 6550
Batch 20;INFO;2020-04-04 23:20:29;    3.1 Uploaded Counter Iteration: 6600
Batch 20;INFO;2020-04-04 23:22:30;    3.1 Uploaded Counter Iteration: 6650
Batch 20;INFO;2020-04-04 23:25:18;    3.1 Uploaded Counter Iteration: 6700
Batch 20;INFO;2020-04-04 23:26:53;    3.1 Uploaded Counter Iteration: 6750
Batch 20;INFO;2020-04-04 23:30:07;    3.1 Uploaded Counter Iteration: 6800
Batch 20;INFO;2020-04-04 23:31:01;    3.1 Uploaded Counter Iteration: 6850
Batch 20;INFO;2020-04-04 23:34:19;    3.1 Uploaded Counter Iteration: 6900
Batch 20;INFO;2020-04-04 23:35:49;    3.1 Uploaded Counter Iteration: 6950
Batch 20;INFO;2020-04-04 23:38:33;    3.1 Uploaded Counter Iteration: 7000
Batch 20;INFO;2020-04-04 23:40:40;    3.1 Uploaded Counter Iteration: 7050
Batch 20;INFO;2020-04-04 23:43:08;    3.1 Uploaded Counter Iteration: 7100
Batch 20;INFO;2020-04-04 23:45:30;    3.1 Uploaded Counter Iteration: 7150
Batch 20;INFO;2020-04-04 23:47:28;    3.1 Uploaded Counter Iteration: 7200
Batch 20;INFO;2020-04-04 23:50:20;    3.1 Uploaded Counter Iteration: 7250
Batch 20;INFO;2020-04-04 23:52:04;    3.1 Uploaded Counter Iteration: 7300
Batch 20;INFO;2020-04-04 23:55:10;    3.1 Uploaded Counter Iteration: 7350
Batch 20;INFO;2020-04-04 23:56:19;    3.1 Uploaded Counter Iteration: 7400
Batch 20;INFO;2020-04-04 23:59:41;    3.1 Uploaded Counter Iteration: 7450
Batch 20;INFO;2020-04-05 00:00:54;    3.1 Uploaded Counter Iteration: 7500
Batch 20;INFO;2020-04-05 00:03:54;    3.1 Uploaded Counter Iteration: 7550
Batch 20;INFO;2020-04-05 00:05:42;    3.1 Uploaded Counter Iteration: 7600
Batch 20;INFO;2020-04-05 00:08:25;    3.1 Uploaded Counter Iteration: 7650
Batch 20;INFO;2020-04-05 00:10:34;    3.1 Uploaded Counter Iteration: 7700
Batch 20;INFO;2020-04-05 00:12:45;    3.1 Uploaded Counter Iteration: 7750
Batch 20;INFO;2020-04-05 00:15:22;    3.1 Uploaded Counter Iteration: 7800
Batch 20;INFO;2020-04-05 00:17:09;    3.1 Uploaded Counter Iteration: 7850
Batch 20;INFO;2020-04-05 00:20:13;    3.1 Uploaded Counter Iteration: 7900
Batch 20;INFO;2020-04-05 00:21:26;    3.1 Uploaded Counter Iteration: 7950
Batch 20;INFO;2020-04-05 00:25:01;    3.1 Uploaded Counter Iteration: 8000
Batch 20;INFO;2020-04-05 00:26:00;    3.1 Uploaded Counter Iteration: 8050
Batch 20;INFO;2020-04-05 00:29:14;    3.1 Uploaded Counter Iteration: 8100
Batch 20;INFO;2020-04-05 00:30:48;    3.1 Uploaded Counter Iteration: 8150
Batch 20;INFO;2020-04-05 00:33:40;    3.1 Uploaded Counter Iteration: 8200
Batch 20;INFO;2020-04-05 00:35:36;    3.1 Uploaded Counter Iteration: 8250
Batch 20;INFO;2020-04-05 00:37:53;    3.1 Uploaded Counter Iteration: 8300
Batch 20;INFO;2020-04-05 00:40:26;    3.1 Uploaded Counter Iteration: 8350
Batch 20;INFO;2020-04-05 00:42:18;    3.1 Uploaded Counter Iteration: 8400
Batch 20;INFO;2020-04-05 00:45:15;    3.1 Uploaded Counter Iteration: 8450
Batch 20;INFO;2020-04-05 00:46:30;    3.1 Uploaded Counter Iteration: 8500
Batch 20;INFO;2020-04-05 00:49:48;    3.1 Uploaded Counter Iteration: 8550
Batch 20;INFO;2020-04-05 00:50:55;    3.1 Uploaded Counter Iteration: 8600
Batch 20;INFO;2020-04-05 00:54:06;    3.1 Uploaded Counter Iteration: 8650
Batch 20;INFO;2020-04-05 00:55:43;    3.1 Uploaded Counter Iteration: 8700
Batch 20;INFO;2020-04-05 00:58:18;    3.1 Uploaded Counter Iteration: 8750
Batch 20;INFO;2020-04-05 01:00:31;    3.1 Uploaded Counter Iteration: 8800
Batch 20;INFO;2020-04-05 01:02:25;    3.1 Uploaded Counter Iteration: 8850
Batch 20;INFO;2020-04-05 01:05:15;    3.1 Uploaded Counter Iteration: 8900
Batch 20;INFO;2020-04-05 01:06:41;    3.1 Uploaded Counter Iteration: 8950
Batch 20;INFO;2020-04-05 01:10:02;    3.1 Uploaded Counter Iteration: 9000
Batch 20;INFO;2020-04-05 01:10:59;    3.1 Uploaded Counter Iteration: 9050
Batch 20;INFO;2020-04-05 01:14:11;    3.1 Uploaded Counter Iteration: 9100
Batch 20;INFO;2020-04-05 01:15:42;    3.1 Uploaded Counter Iteration: 9150
Batch 20;INFO;2020-04-05 01:18:24;    3.1 Uploaded Counter Iteration: 9200
Batch 20;INFO;2020-04-05 01:20:32;    3.1 Uploaded Counter Iteration: 9250
Batch 20;INFO;2020-04-05 01:22:26;    3.1 Uploaded Counter Iteration: 9300
Batch 20;INFO;2020-04-05 01:25:17;    3.1 Uploaded Counter Iteration: 9350
Batch 20;INFO;2020-04-05 01:26:51;    3.1 Uploaded Counter Iteration: 9400
Batch 20;INFO;2020-04-05 01:30:11;    3.1 Uploaded Counter Iteration: 9450
Batch 20;INFO;2020-04-05 01:31:17;    3.1 Uploaded Counter Iteration: 9500
Batch 20;INFO;2020-04-05 01:34:44;    3.1 Uploaded Counter Iteration: 9550
Batch 20;INFO;2020-04-05 01:35:57;    3.1 Uploaded Counter Iteration: 9600
Batch 20;INFO;2020-04-05 01:39:12;    3.1 Uploaded Counter Iteration: 9650
Batch 20;INFO;2020-04-05 01:40:46;    3.1 Uploaded Counter Iteration: 9700
Batch 20;INFO;2020-04-05 01:43:28;    3.1 Uploaded Counter Iteration: 9750
Batch 20;INFO;2020-04-05 01:45:35;    3.1 Uploaded Counter Iteration: 9800
Batch 20;INFO;2020-04-05 01:47:48;    3.1 Uploaded Counter Iteration: 9850
Batch 20;INFO;2020-04-05 01:50:25;    3.1 Uploaded Counter Iteration: 9900
Batch 20;INFO;2020-04-05 01:52:11;    3.1 Uploaded Counter Iteration: 9950
Batch 20;INFO;2020-04-05 01:55:15;    3.1 Uploaded Counter Iteration: 10000
Batch 20;INFO;2020-04-05 01:56:33;    3.1 Uploaded Counter Iteration: 10050
Batch 20;INFO;2020-04-05 01:59:53;    3.1 Uploaded Counter Iteration: 10100
Batch 20;INFO;2020-04-05 02:00:57;    3.1 Uploaded Counter Iteration: 10150
Batch 20;INFO;2020-04-05 02:04:10;    3.1 Uploaded Counter Iteration: 10200
Batch 20;INFO;2020-04-05 02:05:46;    3.1 Uploaded Counter Iteration: 10250
Batch 20;INFO;2020-04-05 02:08:37;    3.1 Uploaded Counter Iteration: 10300
Batch 20;INFO;2020-04-05 02:10:36;    3.1 Uploaded Counter Iteration: 10350
Batch 20;INFO;2020-04-05 02:12:50;    3.1 Uploaded Counter Iteration: 10400
Batch 20;INFO;2020-04-05 02:15:26;    3.1 Uploaded Counter Iteration: 10450
Batch 20;INFO;2020-04-05 02:17:21;    3.1 Uploaded Counter Iteration: 10500
Batch 20;INFO;2020-04-05 02:20:14;    3.1 Uploaded Counter Iteration: 10550
Batch 20;INFO;2020-04-05 02:21:35;    3.1 Uploaded Counter Iteration: 10600
Batch 20;INFO;2020-04-05 02:24:57;    3.1 Uploaded Counter Iteration: 10650
Batch 20;INFO;2020-04-05 02:25:57;    3.1 Uploaded Counter Iteration: 10700
Batch 20;INFO;2020-04-05 02:29:04;    3.1 Uploaded Counter Iteration: 10750
Batch 20;INFO;2020-04-05 02:30:42;    3.1 Uploaded Counter Iteration: 10800
Batch 20;INFO;2020-04-05 02:33:12;    3.1 Uploaded Counter Iteration: 10850
Batch 20;INFO;2020-04-05 02:35:28;    3.1 Uploaded Counter Iteration: 10900
Batch 20;INFO;2020-04-05 02:37:16;    3.1 Uploaded Counter Iteration: 10950
Batch 20;INFO;2020-04-05 02:40:16;    3.1 Uploaded Counter Iteration: 11000
Batch 20;INFO;2020-04-05 02:41:29;    3.1 Uploaded Counter Iteration: 11050
Batch 20;INFO;2020-04-05 02:44:44;    3.1 Uploaded Counter Iteration: 11100
Batch 20;INFO;2020-04-05 02:45:56;    3.1 Uploaded Counter Iteration: 11150
Batch 20;INFO;2020-04-05 02:49:01;    3.1 Uploaded Counter Iteration: 11200
Batch 20;INFO;2020-04-05 02:50:45;    3.1 Uploaded Counter Iteration: 11250
Batch 20;INFO;2020-04-05 02:53:25;    3.1 Uploaded Counter Iteration: 11300
Batch 20;INFO;2020-04-05 02:55:35;    3.1 Uploaded Counter Iteration: 11350
Batch 20;INFO;2020-04-05 02:57:55;    3.1 Uploaded Counter Iteration: 11400
Batch 20;INFO;2020-04-05 03:00:26;    3.1 Uploaded Counter Iteration: 11450
Batch 20;INFO;2020-04-05 03:02:02;    3.1 Uploaded Counter Iteration: 11500
Batch 20;INFO;2020-04-05 03:05:15;    3.1 Uploaded Counter Iteration: 11550
Batch 20;INFO;2020-04-05 03:06:37;    3.1 Uploaded Counter Iteration: 11600
Batch 20;INFO;2020-04-05 03:09:58;    3.1 Uploaded Counter Iteration: 11650
Batch 20;INFO;2020-04-05 03:10:58;    3.1 Uploaded Counter Iteration: 11700
Batch 20;INFO;2020-04-05 03:14:01;    3.1 Uploaded Counter Iteration: 11750
Batch 20;INFO;2020-04-05 03:15:44;    3.1 Uploaded Counter Iteration: 11800
Batch 20;INFO;2020-04-05 03:18:16;    3.1 Uploaded Counter Iteration: 11850
Batch 20;INFO;2020-04-05 03:20:31;    3.1 Uploaded Counter Iteration: 11900
Batch 20;INFO;2020-04-05 03:22:32;    3.1 Uploaded Counter Iteration: 11950
Batch 20;INFO;2020-04-05 03:25:18;    3.1 Uploaded Counter Iteration: 12000
Batch 20;INFO;2020-04-05 03:26:42;    3.1 Uploaded Counter Iteration: 12050
Batch 20;INFO;2020-04-05 03:30:07;    3.1 Uploaded Counter Iteration: 12100
Batch 20;INFO;2020-04-05 03:31:01;    3.1 Uploaded Counter Iteration: 12150
Batch 20;INFO;2020-04-05 03:34:23;    3.1 Uploaded Counter Iteration: 12200
Batch 20;INFO;2020-04-05 03:35:50;    3.1 Uploaded Counter Iteration: 12250
Batch 20;INFO;2020-04-05 03:38:39;    3.1 Uploaded Counter Iteration: 12300
Batch 20;INFO;2020-04-05 03:40:37;    3.1 Uploaded Counter Iteration: 12350
Batch 20;INFO;2020-04-05 03:42:44;    3.1 Uploaded Counter Iteration: 12400
Batch 20;INFO;2020-04-05 03:45:23;    3.1 Uploaded Counter Iteration: 12450
Batch 20;INFO;2020-04-05 03:46:54;    3.1 Uploaded Counter Iteration: 12500
Batch 20;INFO;2020-04-05 03:50:09;    3.1 Uploaded Counter Iteration: 12550
Batch 20;INFO;2020-04-05 03:51:08;    3.1 Uploaded Counter Iteration: 12600
Batch 20;INFO;2020-04-05 03:54:29;    3.1 Uploaded Counter Iteration: 12650
Batch 20;INFO;2020-04-05 03:55:49;    3.1 Uploaded Counter Iteration: 12700
Batch 20;INFO;2020-04-05 03:58:35;    3.1 Uploaded Counter Iteration: 12750
Batch 20;INFO;2020-04-05 04:00:37;    3.1 Uploaded Counter Iteration: 12800
Batch 20;INFO;2020-04-05 04:02:53;    3.1 Uploaded Counter Iteration: 12850
Batch 20;INFO;2020-04-05 04:05:26;    3.1 Uploaded Counter Iteration: 12900
Batch 20;INFO;2020-04-05 04:07:10;    3.1 Uploaded Counter Iteration: 12950
Batch 20;INFO;2020-04-05 04:10:15;    3.1 Uploaded Counter Iteration: 13000
Batch 20;INFO;2020-04-05 04:11:24;    3.1 Uploaded Counter Iteration: 13050
Batch 20;INFO;2020-04-05 04:14:46;    3.1 Uploaded Counter Iteration: 13100
Batch 20;INFO;2020-04-05 04:15:56;    3.1 Uploaded Counter Iteration: 13150
Batch 20;INFO;2020-04-05 04:19:13;    3.1 Uploaded Counter Iteration: 13200
Batch 20;INFO;2020-04-05 04:20:48;    3.1 Uploaded Counter Iteration: 13250
Batch 20;INFO;2020-04-05 04:23:42;    3.1 Uploaded Counter Iteration: 13300
Batch 20;INFO;2020-04-05 04:25:39;    3.1 Uploaded Counter Iteration: 13350
Batch 20;INFO;2020-04-05 04:27:58;    3.1 Uploaded Counter Iteration: 13400
Batch 20;INFO;2020-04-05 04:30:28;    3.1 Uploaded Counter Iteration: 13450
Batch 20;INFO;2020-04-05 04:32:16;    3.1 Uploaded Counter Iteration: 13500
Batch 20;INFO;2020-04-05 04:35:15;    3.1 Uploaded Counter Iteration: 13550
Batch 20;INFO;2020-04-05 04:36:40;    3.1 Uploaded Counter Iteration: 13600
Batch 20;INFO;2020-04-05 04:40:03;    3.1 Uploaded Counter Iteration: 13650
Batch 20;INFO;2020-04-05 04:41:02;    3.1 Uploaded Counter Iteration: 13700
Batch 20;INFO;2020-04-05 04:44:20;    3.1 Uploaded Counter Iteration: 13750
Batch 20;INFO;2020-04-05 04:45:47;    3.1 Uploaded Counter Iteration: 13800
Batch 20;INFO;2020-04-05 04:48:25;    3.1 Uploaded Counter Iteration: 13850
Batch 20;INFO;2020-04-05 04:50:34;    3.1 Uploaded Counter Iteration: 13900
Batch 20;INFO;2020-04-05 04:52:46;    3.1 Uploaded Counter Iteration: 13950
Batch 20;INFO;2020-04-05 04:55:23;    3.1 Uploaded Counter Iteration: 14000
Batch 20;INFO;2020-04-05 04:56:51;    3.1 Uploaded Counter Iteration: 14050
Batch 20;INFO;2020-04-05 05:00:08;    3.1 Uploaded Counter Iteration: 14100
Batch 20;INFO;2020-04-05 05:01:04;    3.1 Uploaded Counter Iteration: 14150
Batch 20;INFO;2020-04-05 05:04:29;    3.1 Uploaded Counter Iteration: 14200
Batch 20;INFO;2020-04-05 05:05:51;    3.1 Uploaded Counter Iteration: 14250
Batch 20;INFO;2020-04-05 05:08:35;    3.1 Uploaded Counter Iteration: 14300
Batch 20;INFO;2020-04-05 05:10:33;    3.1 Uploaded Counter Iteration: 14350
Batch 20;INFO;2020-04-05 05:12:40;    3.1 Uploaded Counter Iteration: 14400
Batch 20;INFO;2020-04-05 05:15:23;    3.1 Uploaded Counter Iteration: 14450
Batch 20;INFO;2020-04-05 05:17:02;    3.1 Uploaded Counter Iteration: 14500
Batch 20;INFO;2020-04-05 05:20:13;    3.1 Uploaded Counter Iteration: 14550
Batch 20;INFO;2020-04-05 05:21:26;    3.1 Uploaded Counter Iteration: 14600
Batch 20;INFO;2020-04-05 05:25:06;    3.1 Uploaded Counter Iteration: 14650
Batch 20;INFO;2020-04-05 05:26:03;    3.1 Uploaded Counter Iteration: 14700
Batch 20;INFO;2020-04-05 05:29:33;    3.1 Uploaded Counter Iteration: 14750
Batch 20;INFO;2020-04-05 05:30:53;    3.1 Uploaded Counter Iteration: 14800
Batch 20;INFO;2020-04-05 05:34:00;    3.1 Uploaded Counter Iteration: 14850
Batch 20;INFO;2020-04-05 05:35:44;    3.1 Uploaded Counter Iteration: 14900
Batch 20;INFO;2020-04-05 05:38:18;    3.1 Uploaded Counter Iteration: 14950
Batch 20;INFO;2020-04-05 05:40:33;    3.1 Uploaded Counter Iteration: 15000
Batch 20;INFO;2020-04-05 05:42:34;    3.1 Uploaded Counter Iteration: 15050
Batch 20;INFO;2020-04-05 05:45:18;    3.1 Uploaded Counter Iteration: 15100
Batch 20;INFO;2020-04-05 05:46:51;    3.1 Uploaded Counter Iteration: 15150
Batch 20;INFO;2020-04-05 05:50:07;    3.1 Uploaded Counter Iteration: 15200
Batch 20;INFO;2020-04-05 05:51:07;    3.1 Uploaded Counter Iteration: 15250
Batch 20;INFO;2020-04-05 05:54:26;    3.1 Uploaded Counter Iteration: 15300
Batch 20;INFO;2020-04-05 05:55:52;    3.1 Uploaded Counter Iteration: 15350
Batch 20;INFO;2020-04-05 05:58:48;    3.1 Uploaded Counter Iteration: 15400
Batch 20;INFO;2020-04-05 06:00:37;    3.1 Uploaded Counter Iteration: 15450
Batch 20;INFO;2020-04-05 06:02:57;    3.1 Uploaded Counter Iteration: 15500
Batch 20;INFO;2020-04-05 06:05:29;    3.1 Uploaded Counter Iteration: 15550
Batch 20;INFO;2020-04-05 06:07:19;    3.1 Uploaded Counter Iteration: 15600
Batch 20;INFO;2020-04-05 06:10:16;    3.1 Uploaded Counter Iteration: 15650
Batch 20;INFO;2020-04-05 06:11:32;    3.1 Uploaded Counter Iteration: 15700
Batch 20;INFO;2020-04-05 06:14:53;    3.1 Uploaded Counter Iteration: 15750
Batch 20;INFO;2020-04-05 06:15:58;    3.1 Uploaded Counter Iteration: 15800
Batch 20;INFO;2020-04-05 06:19:01;    3.1 Uploaded Counter Iteration: 15850
Batch 20;INFO;2020-04-05 06:20:43;    3.1 Uploaded Counter Iteration: 15900
Batch 20;INFO;2020-04-05 06:23:09;    3.1 Uploaded Counter Iteration: 15950
Batch 20;INFO;2020-04-05 06:25:30;    3.1 Uploaded Counter Iteration: 16000
Batch 20;INFO;2020-04-05 06:27:16;    3.1 Uploaded Counter Iteration: 16050
Batch 20;INFO;2020-04-05 06:30:16;    3.1 Uploaded Counter Iteration: 16100
Batch 20;INFO;2020-04-05 06:31:44;    3.1 Uploaded Counter Iteration: 16150
Batch 20;INFO;2020-04-05 06:35:07;    3.1 Uploaded Counter Iteration: 16200
Batch 20;INFO;2020-04-05 06:36:01;    3.1 Uploaded Counter Iteration: 16250
Batch 20;INFO;2020-04-05 06:39:30;    3.1 Uploaded Counter Iteration: 16300
Batch 20;INFO;2020-04-05 06:40:55;    3.1 Uploaded Counter Iteration: 16350
Batch 20;INFO;2020-04-05 06:43:55;    3.1 Uploaded Counter Iteration: 16400
Batch 20;INFO;2020-04-05 06:45:47;    3.1 Uploaded Counter Iteration: 16450
Batch 20;INFO;2020-04-05 06:48:32;    3.1 Uploaded Counter Iteration: 16500
Batch 20;INFO;2020-04-05 06:50:36;    3.1 Uploaded Counter Iteration: 16550
Batch 20;INFO;2020-04-05 06:52:54;    3.1 Uploaded Counter Iteration: 16600
Batch 20;INFO;2020-04-05 06:55:23;    3.1 Uploaded Counter Iteration: 16650
Batch 20;INFO;2020-04-05 06:56:56;    3.1 Uploaded Counter Iteration: 16700
Batch 20;INFO;2020-04-05 07:00:12;    3.1 Uploaded Counter Iteration: 16750
Batch 20;INFO;2020-04-05 07:01:16;    3.1 Uploaded Counter Iteration: 16800
Batch 20;INFO;2020-04-05 07:04:33;    3.1 Uploaded Counter Iteration: 16850
Batch 20;INFO;2020-04-05 07:05:54;    3.1 Uploaded Counter Iteration: 16900
Batch 20;INFO;2020-04-05 07:08:51;    3.1 Uploaded Counter Iteration: 16950
Batch 20;INFO;2020-04-05 07:10:38;    3.1 Uploaded Counter Iteration: 17000
Batch 20;INFO;2020-04-05 07:12:57;    3.1 Uploaded Counter Iteration: 17050
Batch 20;INFO;2020-04-05 07:15:25;    3.1 Uploaded Counter Iteration: 17100
Batch 20;INFO;2020-04-05 07:17:12;    3.1 Uploaded Counter Iteration: 17150
Batch 20;INFO;2020-04-05 07:19:33;3 Starting webscrapping... (Completed)
Batch 20;INFO;2020-04-05 07:19:33;5. Succesfully run batch: 20
