Module;Type;Date;Details;Time;Error Type;Error Details;Error Line
Batch 21;INFO;2020-04-05 07:19:39;1. Select all songs in nonmatch-query (S3)
Batch 21;INFO;2020-04-05 07:19:40;1. Select all songs in nonmatch-query (S3) (Completed)
Batch 21;INFO;2020-04-05 07:19:40;3 Starting webscrapping...
Batch 21;INFO;2020-04-05 07:20:07;    3.0 ERROR: Error in iteration : 7
Batch 21;INFO;2020-04-05 07:20:53;    3.1 Uploaded Counter Iteration: 50
Batch 21;INFO;2020-04-05 07:23:57;    3.1 Uploaded Counter Iteration: 100
Batch 21;INFO;2020-04-05 07:25:43;    3.1 Uploaded Counter Iteration: 150
Batch 21;INFO;2020-04-05 07:28:20;    3.1 Uploaded Counter Iteration: 200
Batch 21;INFO;2020-04-05 07:30:32;    3.1 Uploaded Counter Iteration: 250
Batch 21;INFO;2020-04-05 07:32:45;    3.1 Uploaded Counter Iteration: 300
Batch 21;INFO;2020-04-05 07:35:23;    3.1 Uploaded Counter Iteration: 350
Batch 21;INFO;2020-04-05 07:37:01;    3.1 Uploaded Counter Iteration: 400
Batch 21;INFO;2020-04-05 07:40:11;    3.1 Uploaded Counter Iteration: 450
Batch 21;INFO;2020-04-05 07:41:13;    3.1 Uploaded Counter Iteration: 500
Batch 21;INFO;2020-04-05 07:44:43;    3.1 Uploaded Counter Iteration: 550
Batch 21;INFO;2020-04-05 07:45:55;    3.1 Uploaded Counter Iteration: 600
Batch 21;INFO;2020-04-05 07:49:10;    3.1 Uploaded Counter Iteration: 650
Batch 21;INFO;2020-04-05 07:50:46;    3.1 Uploaded Counter Iteration: 700
Batch 21;INFO;2020-04-05 07:53:30;    3.1 Uploaded Counter Iteration: 750
Batch 21;INFO;2020-04-05 07:55:34;    3.1 Uploaded Counter Iteration: 800
Batch 21;INFO;2020-04-05 07:57:36;    3.1 Uploaded Counter Iteration: 850
Batch 21;INFO;2020-04-05 08:00:21;    3.1 Uploaded Counter Iteration: 900
Batch 21;INFO;2020-04-05 08:01:55;    3.1 Uploaded Counter Iteration: 950
Batch 21;INFO;2020-04-05 08:05:08;    3.1 Uploaded Counter Iteration: 1000
Batch 21;INFO;2020-04-05 08:06:02;    3.1 Uploaded Counter Iteration: 1050
Batch 21;INFO;2020-04-05 08:09:28;    3.1 Uploaded Counter Iteration: 1100
Batch 21;INFO;2020-04-05 08:10:52;    3.1 Uploaded Counter Iteration: 1150
Batch 21;INFO;2020-04-05 08:13:45;    3.1 Uploaded Counter Iteration: 1200
Batch 21;INFO;2020-04-05 08:15:40;    3.1 Uploaded Counter Iteration: 1250
Batch 21;INFO;2020-04-05 08:18:06;    3.1 Uploaded Counter Iteration: 1300
Batch 21;INFO;2020-04-05 08:20:30;    3.1 Uploaded Counter Iteration: 1350
Batch 21;INFO;2020-04-05 08:22:24;    3.1 Uploaded Counter Iteration: 1400
Batch 21;INFO;2020-04-05 08:25:21;    3.1 Uploaded Counter Iteration: 1450
Batch 21;INFO;2020-04-05 08:26:50;    3.1 Uploaded Counter Iteration: 1500
Batch 21;INFO;2020-04-05 08:30:08;    3.1 Uploaded Counter Iteration: 1550
Batch 21;INFO;2020-04-05 08:31:03;    3.1 Uploaded Counter Iteration: 1600
Batch 21;INFO;2020-04-05 08:34:40;    3.1 Uploaded Counter Iteration: 1650
Batch 21;INFO;2020-04-05 08:35:53;    3.1 Uploaded Counter Iteration: 1700
Batch 21;INFO;2020-04-05 08:38:55;    3.1 Uploaded Counter Iteration: 1750
Batch 21;INFO;2020-04-05 08:40:42;    3.1 Uploaded Counter Iteration: 1800
Batch 21;INFO;2020-04-05 08:43:13;    3.1 Uploaded Counter Iteration: 1850
Batch 21;INFO;2020-04-05 08:45:35;    3.1 Uploaded Counter Iteration: 1900
Batch 21;INFO;2020-04-05 08:47:40;    3.1 Uploaded Counter Iteration: 1950
Batch 21;INFO;2020-04-05 08:50:20;    3.1 Uploaded Counter Iteration: 2000
Batch 21;INFO;2020-04-05 08:51:52;    3.1 Uploaded Counter Iteration: 2050
Batch 21;INFO;2020-04-05 08:55:08;    3.1 Uploaded Counter Iteration: 2100
Batch 21;INFO;2020-04-05 08:56:05;    3.1 Uploaded Counter Iteration: 2150
Batch 21;INFO;2020-04-05 08:59:35;    3.1 Uploaded Counter Iteration: 2200
Batch 21;INFO;2020-04-05 09:00:53;    3.1 Uploaded Counter Iteration: 2250
Batch 21;INFO;2020-04-05 09:04:03;    3.1 Uploaded Counter Iteration: 2300
Batch 21;INFO;2020-04-05 09:05:44;    3.1 Uploaded Counter Iteration: 2350
Batch 21;INFO;2020-04-05 09:08:22;    3.1 Uploaded Counter Iteration: 2400
Batch 21;INFO;2020-04-05 09:10:37;    3.1 Uploaded Counter Iteration: 2450
Batch 21;INFO;2020-04-05 09:13:00;    3.1 Uploaded Counter Iteration: 2500
Batch 21;INFO;2020-04-05 09:15:30;    3.1 Uploaded Counter Iteration: 2550
Batch 21;INFO;2020-04-05 09:17:42;    3.1 Uploaded Counter Iteration: 2600
Batch 21;INFO;2020-04-05 09:20:22;    3.1 Uploaded Counter Iteration: 2650
Batch 21;INFO;2020-04-05 09:21:51;    3.1 Uploaded Counter Iteration: 2700
Batch 21;INFO;2020-04-05 09:25:08;    3.1 Uploaded Counter Iteration: 2750
Batch 21;INFO;2020-04-05 09:26:11;    3.1 Uploaded Counter Iteration: 2800
Batch 21;INFO;2020-04-05 09:29:37;    3.1 Uploaded Counter Iteration: 2850
Batch 21;INFO;2020-04-05 09:30:52;    3.1 Uploaded Counter Iteration: 2900
Batch 21;INFO;2020-04-05 09:33:35;    3.1 Uploaded Counter Iteration: 2950
Batch 21;INFO;2020-04-05 09:35:34;    3.1 Uploaded Counter Iteration: 3000
Batch 21;INFO;2020-04-05 09:37:35;    3.1 Uploaded Counter Iteration: 3050
Batch 21;INFO;2020-04-05 09:40:21;    3.1 Uploaded Counter Iteration: 3100
Batch 21;INFO;2020-04-05 09:42:01;    3.1 Uploaded Counter Iteration: 3150
Batch 21;INFO;2020-04-05 09:45:12;    3.1 Uploaded Counter Iteration: 3200
Batch 21;INFO;2020-04-05 09:46:26;    3.1 Uploaded Counter Iteration: 3250
Batch 21;INFO;2020-04-05 09:50:00;    3.1 Uploaded Counter Iteration: 3300
Batch 21;INFO;2020-04-05 09:51:03;    3.1 Uploaded Counter Iteration: 3350
Batch 21;INFO;2020-04-05 09:54:31;    3.1 Uploaded Counter Iteration: 3400
Batch 21;INFO;2020-04-05 09:55:52;    3.1 Uploaded Counter Iteration: 3450
Batch 21;INFO;2020-04-05 09:58:45;    3.1 Uploaded Counter Iteration: 3500
Batch 21;INFO;2020-04-05 10:00:47;    3.1 Uploaded Counter Iteration: 3550
Batch 21;INFO;2020-04-05 10:03:16;    3.1 Uploaded Counter Iteration: 3600
Batch 21;INFO;2020-04-05 10:05:34;    3.1 Uploaded Counter Iteration: 3650
Batch 21;INFO;2020-04-05 10:07:44;    3.1 Uploaded Counter Iteration: 3700
Batch 21;INFO;2020-04-05 10:10:23;    3.1 Uploaded Counter Iteration: 3750
Batch 21;INFO;2020-04-05 10:11:57;    3.1 Uploaded Counter Iteration: 3800
Batch 21;INFO;2020-04-05 10:15:10;    3.1 Uploaded Counter Iteration: 3850
Batch 21;INFO;2020-04-05 10:16:06;    3.1 Uploaded Counter Iteration: 3900
Batch 21;INFO;2020-04-05 10:19:31;    3.1 Uploaded Counter Iteration: 3950
Batch 21;INFO;2020-04-05 10:20:53;    3.1 Uploaded Counter Iteration: 4000
Batch 21;INFO;2020-04-05 10:23:53;    3.1 Uploaded Counter Iteration: 4050
Batch 21;INFO;2020-04-05 10:25:42;    3.1 Uploaded Counter Iteration: 4100
Batch 21;INFO;2020-04-05 10:28:04;    3.1 Uploaded Counter Iteration: 4150
Batch 21;INFO;2020-04-05 10:30:28;    3.1 Uploaded Counter Iteration: 4200
Batch 21;INFO;2020-04-05 10:32:19;    3.1 Uploaded Counter Iteration: 4250
Batch 21;INFO;2020-04-05 10:35:16;    3.1 Uploaded Counter Iteration: 4300
Batch 21;INFO;2020-04-05 10:36:40;    3.1 Uploaded Counter Iteration: 4350
Batch 21;INFO;2020-04-05 10:40:08;    3.1 Uploaded Counter Iteration: 4400
Batch 21;INFO;2020-04-05 10:41:07;    3.1 Uploaded Counter Iteration: 4450
Batch 21;INFO;2020-04-05 10:44:29;    3.1 Uploaded Counter Iteration: 4500
Batch 21;INFO;2020-04-05 10:45:54;    3.1 Uploaded Counter Iteration: 4550
Batch 21;INFO;2020-04-05 10:48:38;    3.1 Uploaded Counter Iteration: 4600
Batch 21;INFO;2020-04-05 10:50:40;    3.1 Uploaded Counter Iteration: 4650
Batch 21;INFO;2020-04-05 10:53:02;    3.1 Uploaded Counter Iteration: 4700
Batch 21;INFO;2020-04-05 10:55:31;    3.1 Uploaded Counter Iteration: 4750
Batch 21;INFO;2020-04-05 10:57:27;    3.1 Uploaded Counter Iteration: 4800
Batch 21;INFO;2020-04-05 11:00:19;    3.1 Uploaded Counter Iteration: 4850
Batch 21;INFO;2020-04-05 11:01:57;    3.1 Uploaded Counter Iteration: 4900
Batch 21;INFO;2020-04-05 11:05:10;    3.1 Uploaded Counter Iteration: 4950
Batch 21;INFO;2020-04-05 11:06:11;    3.1 Uploaded Counter Iteration: 5000
Batch 21;INFO;2020-04-05 11:09:55;    3.1 Uploaded Counter Iteration: 5050
Batch 21;INFO;2020-04-05 11:11:00;    3.1 Uploaded Counter Iteration: 5100
Batch 21;INFO;2020-04-05 11:14:10;    3.1 Uploaded Counter Iteration: 5150
Batch 21;INFO;2020-04-05 11:15:46;    3.1 Uploaded Counter Iteration: 5200
Batch 21;INFO;2020-04-05 11:18:19;    3.1 Uploaded Counter Iteration: 5250
Batch 21;INFO;2020-04-05 11:20:34;    3.1 Uploaded Counter Iteration: 5300
Batch 21;INFO;2020-04-05 11:22:33;    3.1 Uploaded Counter Iteration: 5350
Batch 21;INFO;2020-04-05 11:25:21;    3.1 Uploaded Counter Iteration: 5400
Batch 21;INFO;2020-04-05 11:26:56;    3.1 Uploaded Counter Iteration: 5450
Batch 21;INFO;2020-04-05 11:30:13;    3.1 Uploaded Counter Iteration: 5500
Batch 21;INFO;2020-04-05 11:31:20;    3.1 Uploaded Counter Iteration: 5550
Batch 21;INFO;2020-04-05 11:34:39;    3.1 Uploaded Counter Iteration: 5600
Batch 21;INFO;2020-04-05 11:35:55;    3.1 Uploaded Counter Iteration: 5650
Batch 21;INFO;2020-04-05 11:39:01;    3.1 Uploaded Counter Iteration: 5700
Batch 21;INFO;2020-04-05 11:40:46;    3.1 Uploaded Counter Iteration: 5750
Batch 21;INFO;2020-04-05 11:43:20;    3.1 Uploaded Counter Iteration: 5800
Batch 21;INFO;2020-04-05 11:45:33;    3.1 Uploaded Counter Iteration: 5850
Batch 21;INFO;2020-04-05 11:47:35;    3.1 Uploaded Counter Iteration: 5900
Batch 21;INFO;2020-04-05 11:50:22;    3.1 Uploaded Counter Iteration: 5950
Batch 21;INFO;2020-04-05 11:51:43;    3.1 Uploaded Counter Iteration: 6000
Batch 21;INFO;2020-04-05 11:55:11;    3.1 Uploaded Counter Iteration: 6050
Batch 21;INFO;2020-04-05 11:56:16;    3.1 Uploaded Counter Iteration: 6100
Batch 21;INFO;2020-04-05 11:59:47;    3.1 Uploaded Counter Iteration: 6150
Batch 21;INFO;2020-04-05 12:01:01;    3.1 Uploaded Counter Iteration: 6200
Batch 21;INFO;2020-04-05 12:04:18;    3.1 Uploaded Counter Iteration: 6250
Batch 21;INFO;2020-04-05 12:05:46;    3.1 Uploaded Counter Iteration: 6300
Batch 21;INFO;2020-04-05 12:08:36;    3.1 Uploaded Counter Iteration: 6350
Batch 21;INFO;2020-04-05 12:10:37;    3.1 Uploaded Counter Iteration: 6400
Batch 21;INFO;2020-04-05 12:12:50;    3.1 Uploaded Counter Iteration: 6450
Batch 21;INFO;2020-04-05 12:15:28;    3.1 Uploaded Counter Iteration: 6500
Batch 21;INFO;2020-04-05 12:17:14;    3.1 Uploaded Counter Iteration: 6550
Batch 21;INFO;2020-04-05 12:20:16;    3.1 Uploaded Counter Iteration: 6600
Batch 21;INFO;2020-04-05 12:21:37;    3.1 Uploaded Counter Iteration: 6650
Batch 21;INFO;2020-04-05 12:25:09;    3.1 Uploaded Counter Iteration: 6700
Batch 21;INFO;2020-04-05 12:26:12;    3.1 Uploaded Counter Iteration: 6750
Batch 21;INFO;2020-04-05 12:29:48;    3.1 Uploaded Counter Iteration: 6800
Batch 21;INFO;2020-04-05 12:30:57;    3.1 Uploaded Counter Iteration: 6850
Batch 21;INFO;2020-04-05 12:34:10;    3.1 Uploaded Counter Iteration: 6900
Batch 21;INFO;2020-04-05 12:35:49;    3.1 Uploaded Counter Iteration: 6950
Batch 21;INFO;2020-04-05 12:38:47;    3.1 Uploaded Counter Iteration: 7000
Batch 21;INFO;2020-04-05 12:40:45;    3.1 Uploaded Counter Iteration: 7050
Batch 21;INFO;2020-04-05 12:43:23;    3.1 Uploaded Counter Iteration: 7100
Batch 21;INFO;2020-04-05 12:45:35;    3.1 Uploaded Counter Iteration: 7150
Batch 21;INFO;2020-04-05 12:47:37;    3.1 Uploaded Counter Iteration: 7200
Batch 21;INFO;2020-04-05 12:50:23;    3.1 Uploaded Counter Iteration: 7250
Batch 21;INFO;2020-04-05 12:51:57;    3.1 Uploaded Counter Iteration: 7300
Batch 21;INFO;2020-04-05 12:55:14;    3.1 Uploaded Counter Iteration: 7350
Batch 21;INFO;2020-04-05 12:56:18;    3.1 Uploaded Counter Iteration: 7400
Batch 21;INFO;2020-04-05 12:59:44;    3.1 Uploaded Counter Iteration: 7450
Batch 21;INFO;2020-04-05 13:00:59;    3.1 Uploaded Counter Iteration: 7500
Batch 21;INFO;2020-04-05 13:04:08;    3.1 Uploaded Counter Iteration: 7550
Batch 21;INFO;2020-04-05 13:05:46;    3.1 Uploaded Counter Iteration: 7600
Batch 21;INFO;2020-04-05 13:08:27;    3.1 Uploaded Counter Iteration: 7650
Batch 21;INFO;2020-04-05 13:10:35;    3.1 Uploaded Counter Iteration: 7700
Batch 21;INFO;2020-04-05 13:12:37;    3.1 Uploaded Counter Iteration: 7750
Batch 21;INFO;2020-04-05 13:15:21;    3.1 Uploaded Counter Iteration: 7800
Batch 21;INFO;2020-04-05 13:16:54;    3.1 Uploaded Counter Iteration: 7850
Batch 21;INFO;2020-04-05 13:20:10;    3.1 Uploaded Counter Iteration: 7900
Batch 21;INFO;2020-04-05 13:21:05;    3.1 Uploaded Counter Iteration: 7950
Batch 21;INFO;2020-04-05 13:24:38;    3.1 Uploaded Counter Iteration: 8000
Batch 21;INFO;2020-04-05 13:25:57;    3.1 Uploaded Counter Iteration: 8050
Batch 21;INFO;2020-04-05 13:29:21;    3.1 Uploaded Counter Iteration: 8100
Batch 21;INFO;2020-04-05 13:30:51;    3.1 Uploaded Counter Iteration: 8150
Batch 21;INFO;2020-04-05 13:33:43;    3.1 Uploaded Counter Iteration: 8200
Batch 21;INFO;2020-04-05 13:35:40;    3.1 Uploaded Counter Iteration: 8250
Batch 21;INFO;2020-04-05 13:38:08;    3.1 Uploaded Counter Iteration: 8300
Batch 21;INFO;2020-04-05 13:40:31;    3.1 Uploaded Counter Iteration: 8350
Batch 21;INFO;2020-04-05 13:42:23;    3.1 Uploaded Counter Iteration: 8400
Batch 21;INFO;2020-04-05 13:45:18;    3.1 Uploaded Counter Iteration: 8450
Batch 21;INFO;2020-04-05 13:46:38;    3.1 Uploaded Counter Iteration: 8500
Batch 21;INFO;2020-04-05 13:50:10;    3.1 Uploaded Counter Iteration: 8550
Batch 21;INFO;2020-04-05 13:51:07;    3.1 Uploaded Counter Iteration: 8600
Batch 21;INFO;2020-04-05 13:54:27;    3.1 Uploaded Counter Iteration: 8650
Batch 21;INFO;2020-04-05 13:55:57;    3.1 Uploaded Counter Iteration: 8700
Batch 21;INFO;2020-04-05 13:59:16;    3.1 Uploaded Counter Iteration: 8750
Batch 21;INFO;2020-04-05 14:00:49;    3.1 Uploaded Counter Iteration: 8800
Batch 21;INFO;2020-04-05 14:03:41;    3.1 Uploaded Counter Iteration: 8850
Batch 21;INFO;2020-04-05 14:05:41;    3.1 Uploaded Counter Iteration: 8900
Batch 21;INFO;2020-04-05 14:08:06;    3.1 Uploaded Counter Iteration: 8950
Batch 21;INFO;2020-04-05 14:10:32;    3.1 Uploaded Counter Iteration: 9000
Batch 21;INFO;2020-04-05 14:12:24;    3.1 Uploaded Counter Iteration: 9050
Batch 21;INFO;2020-04-05 14:15:23;    3.1 Uploaded Counter Iteration: 9100
Batch 21;INFO;2020-04-05 14:17:08;    3.1 Uploaded Counter Iteration: 9150
Batch 21;INFO;2020-04-05 14:20:17;    3.1 Uploaded Counter Iteration: 9200
Batch 21;INFO;2020-04-05 14:21:43;    3.1 Uploaded Counter Iteration: 9250
Batch 21;INFO;2020-04-05 14:25:10;    3.1 Uploaded Counter Iteration: 9300
Batch 21;INFO;2020-04-05 14:26:28;    3.1 Uploaded Counter Iteration: 9350
Batch 21;INFO;2020-04-05 14:29:57;    3.1 Uploaded Counter Iteration: 9400
Batch 21;INFO;2020-04-05 14:31:01;    3.1 Uploaded Counter Iteration: 9450
Batch 21;INFO;2020-04-05 14:34:32;    3.1 Uploaded Counter Iteration: 9500
Batch 21;INFO;2020-04-05 14:35:52;    3.1 Uploaded Counter Iteration: 9550
Batch 21;INFO;2020-04-05 14:38:46;    3.1 Uploaded Counter Iteration: 9600
Batch 21;INFO;2020-04-05 14:40:44;    3.1 Uploaded Counter Iteration: 9650
Batch 21;INFO;2020-04-05 14:43:18;    3.1 Uploaded Counter Iteration: 9700
Batch 21;INFO;2020-04-05 14:45:39;    3.1 Uploaded Counter Iteration: 9750
Batch 21;INFO;2020-04-05 14:48:17;    3.1 Uploaded Counter Iteration: 9800
Batch 21;INFO;2020-04-05 14:50:33;    3.1 Uploaded Counter Iteration: 9850
Batch 21;INFO;2020-04-05 14:52:35;    3.1 Uploaded Counter Iteration: 9900
Batch 21;INFO;2020-04-05 14:55:21;    3.1 Uploaded Counter Iteration: 9950
Batch 21;INFO;2020-04-05 14:56:46;    3.1 Uploaded Counter Iteration: 10000
Batch 21;INFO;2020-04-05 15:00:12;    3.1 Uploaded Counter Iteration: 10050
Batch 21;INFO;2020-04-05 15:01:13;    3.1 Uploaded Counter Iteration: 10100
Batch 21;INFO;2020-04-05 15:04:45;    3.1 Uploaded Counter Iteration: 10150
Batch 21;INFO;2020-04-05 15:05:59;    3.1 Uploaded Counter Iteration: 10200
Batch 21;INFO;2020-04-05 15:09:10;    3.1 Uploaded Counter Iteration: 10250
Batch 21;INFO;2020-04-05 15:10:48;    3.1 Uploaded Counter Iteration: 10300
Batch 21;INFO;2020-04-05 15:13:35;    3.1 Uploaded Counter Iteration: 10350
Batch 21;INFO;2020-04-05 15:15:38;    3.1 Uploaded Counter Iteration: 10400
Batch 21;INFO;2020-04-05 15:17:55;    3.1 Uploaded Counter Iteration: 10450
Batch 21;INFO;2020-04-05 15:20:30;    3.1 Uploaded Counter Iteration: 10500
Batch 21;INFO;2020-04-05 15:22:47;    3.1 Uploaded Counter Iteration: 10550
Batch 21;INFO;2020-04-05 15:25:26;    3.1 Uploaded Counter Iteration: 10600
Batch 21;INFO;2020-04-05 15:27:21;    3.1 Uploaded Counter Iteration: 10650
Batch 21;INFO;2020-04-05 15:30:25;    3.1 Uploaded Counter Iteration: 10700
Batch 21;INFO;2020-04-05 15:32:12;    3.1 Uploaded Counter Iteration: 10750
Batch 21;INFO;2020-04-05 15:35:18;    3.1 Uploaded Counter Iteration: 10800
Batch 21;INFO;2020-04-05 15:36:45;    3.1 Uploaded Counter Iteration: 10850
Batch 21;INFO;2020-04-05 15:40:10;    3.1 Uploaded Counter Iteration: 10900
Batch 21;INFO;2020-04-05 15:41:10;    3.1 Uploaded Counter Iteration: 10950
Batch 21;INFO;2020-04-05 15:44:36;    3.1 Uploaded Counter Iteration: 11000
Batch 21;INFO;2020-04-05 15:45:54;    3.1 Uploaded Counter Iteration: 11050
Batch 21;INFO;2020-04-05 15:48:42;    3.1 Uploaded Counter Iteration: 11100
Batch 21;INFO;2020-04-05 15:50:42;    3.1 Uploaded Counter Iteration: 11150
Batch 21;INFO;2020-04-05 15:53:12;    3.1 Uploaded Counter Iteration: 11200
Batch 21;INFO;2020-04-05 15:55:32;    3.1 Uploaded Counter Iteration: 11250
Batch 21;INFO;2020-04-05 15:57:20;    3.1 Uploaded Counter Iteration: 11300
Batch 21;INFO;2020-04-05 16:00:18;    3.1 Uploaded Counter Iteration: 11350
Batch 21;INFO;2020-04-05 16:01:45;    3.1 Uploaded Counter Iteration: 11400
Batch 21;INFO;2020-04-05 16:05:09;    3.1 Uploaded Counter Iteration: 11450
Batch 21;INFO;2020-04-05 16:06:06;    3.1 Uploaded Counter Iteration: 11500
Batch 21;INFO;2020-04-05 16:09:23;    3.1 Uploaded Counter Iteration: 11550
Batch 21;INFO;2020-04-05 16:10:52;    3.1 Uploaded Counter Iteration: 11600
Batch 21;INFO;2020-04-05 16:13:41;    3.1 Uploaded Counter Iteration: 11650
Batch 21;INFO;2020-04-05 16:15:44;    3.1 Uploaded Counter Iteration: 11700
Batch 21;INFO;2020-04-05 16:18:20;    3.1 Uploaded Counter Iteration: 11750
Batch 21;INFO;2020-04-05 16:20:35;    3.1 Uploaded Counter Iteration: 11800
Batch 21;INFO;2020-04-05 16:22:42;    3.1 Uploaded Counter Iteration: 11850
Batch 21;INFO;2020-04-05 16:25:26;    3.1 Uploaded Counter Iteration: 11900
Batch 21;INFO;2020-04-05 16:27:17;    3.1 Uploaded Counter Iteration: 11950
Batch 21;INFO;2020-04-05 16:30:22;    3.1 Uploaded Counter Iteration: 12000
Batch 21;INFO;2020-04-05 16:31:56;    3.1 Uploaded Counter Iteration: 12050
Batch 21;INFO;2020-04-05 16:35:14;    3.1 Uploaded Counter Iteration: 12100
Batch 21;INFO;2020-04-05 16:36:29;    3.1 Uploaded Counter Iteration: 12150
Batch 21;INFO;2020-04-05 16:39:57;    3.1 Uploaded Counter Iteration: 12200
Batch 21;INFO;2020-04-05 16:41:05;    3.1 Uploaded Counter Iteration: 12250
Batch 21;INFO;2020-04-05 16:44:31;    3.1 Uploaded Counter Iteration: 12300
Batch 21;INFO;2020-04-05 16:45:53;    3.1 Uploaded Counter Iteration: 12350
Batch 21;INFO;2020-04-05 16:48:55;    3.1 Uploaded Counter Iteration: 12400
Batch 21;INFO;2020-04-05 16:50:48;    3.1 Uploaded Counter Iteration: 12450
Batch 21;INFO;2020-04-05 16:53:31;    3.1 Uploaded Counter Iteration: 12500
Batch 21;INFO;2020-04-05 16:55:35;    3.1 Uploaded Counter Iteration: 12550
Batch 21;INFO;2020-04-05 16:57:39;    3.1 Uploaded Counter Iteration: 12600
Batch 21;INFO;2020-04-05 17:00:25;    3.1 Uploaded Counter Iteration: 12650
Batch 21;INFO;2020-04-05 17:01:54;    3.1 Uploaded Counter Iteration: 12700
Batch 21;INFO;2020-04-05 17:05:10;    3.1 Uploaded Counter Iteration: 12750
Batch 21;INFO;2020-04-05 17:06:07;    3.1 Uploaded Counter Iteration: 12800
Batch 21;INFO;2020-04-05 17:09:27;    3.1 Uploaded Counter Iteration: 12850
Batch 21;INFO;2020-04-05 17:10:53;    3.1 Uploaded Counter Iteration: 12900
Batch 21;INFO;2020-04-05 17:14:01;    3.1 Uploaded Counter Iteration: 12950
Batch 21;INFO;2020-04-05 17:15:48;    3.1 Uploaded Counter Iteration: 13000
Batch 21;INFO;2020-04-05 17:18:34;    3.1 Uploaded Counter Iteration: 13050
Batch 21;INFO;2020-04-05 17:20:39;    3.1 Uploaded Counter Iteration: 13100
Batch 21;INFO;2020-04-05 17:22:53;    3.1 Uploaded Counter Iteration: 13150
Batch 21;INFO;2020-04-05 17:25:30;    3.1 Uploaded Counter Iteration: 13200
Batch 21;INFO;2020-04-05 17:27:35;    3.1 Uploaded Counter Iteration: 13250
Batch 21;INFO;2020-04-05 17:30:25;    3.1 Uploaded Counter Iteration: 13300
Batch 21;INFO;2020-04-05 17:32:05;    3.1 Uploaded Counter Iteration: 13350
Batch 21;INFO;2020-04-05 17:35:14;    3.1 Uploaded Counter Iteration: 13400
Batch 21;INFO;2020-04-05 17:36:17;    3.1 Uploaded Counter Iteration: 13450
Batch 21;INFO;2020-04-05 17:39:44;    3.1 Uploaded Counter Iteration: 13500
Batch 21;INFO;2020-04-05 17:40:58;    3.1 Uploaded Counter Iteration: 13550
Batch 21;INFO;2020-04-05 17:44:27;    3.1 Uploaded Counter Iteration: 13600
Batch 21;INFO;2020-04-05 17:45:55;    3.1 Uploaded Counter Iteration: 13650
Batch 21;INFO;2020-04-05 17:48:57;    3.1 Uploaded Counter Iteration: 13700
Batch 21;INFO;2020-04-05 17:50:46;    3.1 Uploaded Counter Iteration: 13750
Batch 21;INFO;2020-04-05 17:53:18;    3.1 Uploaded Counter Iteration: 13800
Batch 21;INFO;2020-04-05 17:55:36;    3.1 Uploaded Counter Iteration: 13850
Batch 21;INFO;2020-04-05 17:57:38;    3.1 Uploaded Counter Iteration: 13900
Batch 21;INFO;2020-04-05 18:00:25;    3.1 Uploaded Counter Iteration: 13950
Batch 21;INFO;2020-04-05 18:02:14;    3.1 Uploaded Counter Iteration: 14000
Batch 21;INFO;2020-04-05 18:05:18;    3.1 Uploaded Counter Iteration: 14050
Batch 21;INFO;2020-04-05 18:06:29;    3.1 Uploaded Counter Iteration: 14100
Batch 21;INFO;2020-04-05 18:10:02;    3.1 Uploaded Counter Iteration: 14150
Batch 21;INFO;2020-04-05 18:11:06;    3.1 Uploaded Counter Iteration: 14200
Batch 21;INFO;2020-04-05 18:14:26;    3.1 Uploaded Counter Iteration: 14250
Batch 21;INFO;2020-04-05 18:15:52;    3.1 Uploaded Counter Iteration: 14300
Batch 21;INFO;2020-04-05 18:18:33;    3.1 Uploaded Counter Iteration: 14350
Batch 21;INFO;2020-04-05 18:20:38;    3.1 Uploaded Counter Iteration: 14400
Batch 21;INFO;2020-04-05 18:22:43;    3.1 Uploaded Counter Iteration: 14450
Batch 21;INFO;2020-04-05 18:25:25;    3.1 Uploaded Counter Iteration: 14500
Batch 21;INFO;2020-04-05 18:27:00;    3.1 Uploaded Counter Iteration: 14550
Batch 21;INFO;2020-04-05 18:30:12;    3.1 Uploaded Counter Iteration: 14600
Batch 21;INFO;2020-04-05 18:31:12;    3.1 Uploaded Counter Iteration: 14650
Batch 21;INFO;2020-04-05 18:34:42;    3.1 Uploaded Counter Iteration: 14700
Batch 21;INFO;2020-04-05 18:35:58;    3.1 Uploaded Counter Iteration: 14750
Batch 21;INFO;2020-04-05 18:39:07;    3.1 Uploaded Counter Iteration: 14800
Batch 21;INFO;2020-04-05 18:40:50;    3.1 Uploaded Counter Iteration: 14850
Batch 21;INFO;2020-04-05 18:43:37;    3.1 Uploaded Counter Iteration: 14900
Batch 21;INFO;2020-04-05 18:45:42;    3.1 Uploaded Counter Iteration: 14950
Batch 21;INFO;2020-04-05 18:48:09;    3.1 Uploaded Counter Iteration: 15000
Batch 21;INFO;2020-04-05 18:50:31;    3.1 Uploaded Counter Iteration: 15050
Batch 21;INFO;2020-04-05 18:52:36;    3.1 Uploaded Counter Iteration: 15100
Batch 21;INFO;2020-04-05 18:55:25;    3.1 Uploaded Counter Iteration: 15150
Batch 21;INFO;2020-04-05 18:56:55;    3.1 Uploaded Counter Iteration: 15200
Batch 21;INFO;2020-04-05 19:00:18;    3.1 Uploaded Counter Iteration: 15250
Batch 21;INFO;2020-04-05 19:01:31;    3.1 Uploaded Counter Iteration: 15300
Batch 21;INFO;2020-04-05 19:04:56;    3.1 Uploaded Counter Iteration: 15350
Batch 21;INFO;2020-04-05 19:06:05;    3.1 Uploaded Counter Iteration: 15400
Batch 21;INFO;2020-04-05 19:09:28;    3.1 Uploaded Counter Iteration: 15450
Batch 21;INFO;2020-04-05 19:10:56;    3.1 Uploaded Counter Iteration: 15500
Batch 21;INFO;2020-04-05 19:13:57;    3.1 Uploaded Counter Iteration: 15550
Batch 21;INFO;2020-04-05 19:15:47;    3.1 Uploaded Counter Iteration: 15600
Batch 21;INFO;2020-04-05 19:18:25;    3.1 Uploaded Counter Iteration: 15650
Batch 21;INFO;2020-04-05 19:20:37;    3.1 Uploaded Counter Iteration: 15700
Batch 21;INFO;2020-04-05 19:22:50;    3.1 Uploaded Counter Iteration: 15750
Batch 21;INFO;2020-04-05 19:25:26;    3.1 Uploaded Counter Iteration: 15800
Batch 21;INFO;2020-04-05 19:27:12;    3.1 Uploaded Counter Iteration: 15850
Batch 21;INFO;2020-04-05 19:30:19;    3.1 Uploaded Counter Iteration: 15900
Batch 21;INFO;2020-04-05 19:31:38;    3.1 Uploaded Counter Iteration: 15950
Batch 21;INFO;2020-04-05 19:35:03;    3.1 Uploaded Counter Iteration: 16000
Batch 21;INFO;2020-04-05 19:36:05;    3.1 Uploaded Counter Iteration: 16050
Batch 21;INFO;2020-04-05 19:39:37;    3.1 Uploaded Counter Iteration: 16100
Batch 21;INFO;2020-04-05 19:40:58;    3.1 Uploaded Counter Iteration: 16150
Batch 21;INFO;2020-04-05 19:44:14;    3.1 Uploaded Counter Iteration: 16200
Batch 21;INFO;2020-04-05 19:45:52;    3.1 Uploaded Counter Iteration: 16250
Batch 21;INFO;2020-04-05 19:48:49;    3.1 Uploaded Counter Iteration: 16300
Batch 21;INFO;2020-04-05 19:50:46;    3.1 Uploaded Counter Iteration: 16350
Batch 21;INFO;2020-04-05 19:53:34;    3.1 Uploaded Counter Iteration: 16400
Batch 21;INFO;2020-04-05 19:55:44;    3.1 Uploaded Counter Iteration: 16450
Batch 21;INFO;2020-04-05 19:58:07;    3.1 Uploaded Counter Iteration: 16500
Batch 21;INFO;2020-04-05 20:00:32;    3.1 Uploaded Counter Iteration: 16550
Batch 21;INFO;2020-04-05 20:02:32;    3.1 Uploaded Counter Iteration: 16600
Batch 21;INFO;2020-04-05 20:05:26;    3.1 Uploaded Counter Iteration: 16650
Batch 21;INFO;2020-04-05 20:07:19;    3.1 Uploaded Counter Iteration: 16700
Batch 21;INFO;2020-04-05 20:10:21;    3.1 Uploaded Counter Iteration: 16750
Batch 21;INFO;2020-04-05 20:11:46;    3.1 Uploaded Counter Iteration: 16800
Batch 21;INFO;2020-04-05 20:15:11;    3.1 Uploaded Counter Iteration: 16850
Batch 21;INFO;2020-04-05 20:16:16;    3.1 Uploaded Counter Iteration: 16900
Batch 21;INFO;2020-04-05 20:19:40;    3.1 Uploaded Counter Iteration: 16950
Batch 21;INFO;2020-04-05 20:21:01;    3.1 Uploaded Counter Iteration: 17000
Batch 21;INFO;2020-04-05 20:24:15;    3.1 Uploaded Counter Iteration: 17050
Batch 21;INFO;2020-04-05 20:25:50;    3.1 Uploaded Counter Iteration: 17100
Batch 21;INFO;2020-04-05 20:28:40;    3.1 Uploaded Counter Iteration: 17150
Batch 21;INFO;2020-04-05 20:30:42;    3.1 Uploaded Counter Iteration: 17200
Batch 21;INFO;2020-04-05 20:33:07;    3.1 Uploaded Counter Iteration: 17250
Batch 21;INFO;2020-04-05 20:35:30;    3.1 Uploaded Counter Iteration: 17300
Batch 21;INFO;2020-04-05 20:37:21;    3.1 Uploaded Counter Iteration: 17350
Batch 21;INFO;2020-04-05 20:40:22;    3.1 Uploaded Counter Iteration: 17400
Batch 21;INFO;2020-04-05 20:41:59;    3.1 Uploaded Counter Iteration: 17450
Batch 21;INFO;2020-04-05 20:45:15;    3.1 Uploaded Counter Iteration: 17500
Batch 21;INFO;2020-04-05 20:46:34;    3.1 Uploaded Counter Iteration: 17550
Batch 21;INFO;2020-04-05 20:49:57;    3.1 Uploaded Counter Iteration: 17600
Batch 21;INFO;2020-04-05 20:51:03;    3.1 Uploaded Counter Iteration: 17650
Batch 21;INFO;2020-04-05 20:54:14;    3.1 Uploaded Counter Iteration: 17700
Batch 21;INFO;2020-04-05 20:55:50;    3.1 Uploaded Counter Iteration: 17750
Batch 21;INFO;2020-04-05 20:58:31;    3.1 Uploaded Counter Iteration: 17800
Batch 21;INFO;2020-04-05 21:00:40;    3.1 Uploaded Counter Iteration: 17850
Batch 21;INFO;2020-04-05 21:02:57;    3.1 Uploaded Counter Iteration: 17900
Batch 21;INFO;2020-04-05 21:05:26;    3.1 Uploaded Counter Iteration: 17950
Batch 21;INFO;2020-04-05 21:07:23;    3.1 Uploaded Counter Iteration: 18000
Batch 21;INFO;2020-04-05 21:10:16;    3.1 Uploaded Counter Iteration: 18050
Batch 21;INFO;2020-04-05 21:11:45;    3.1 Uploaded Counter Iteration: 18100
Batch 21;INFO;2020-04-05 21:15:00;    3.1 Uploaded Counter Iteration: 18150
Batch 21;INFO;2020-04-05 21:16:02;    3.1 Uploaded Counter Iteration: 18200
Batch 21;INFO;2020-04-05 21:19:28;    3.1 Uploaded Counter Iteration: 18250
Batch 21;INFO;2020-04-05 21:20:52;    3.1 Uploaded Counter Iteration: 18300
Batch 21;INFO;2020-04-05 21:24:04;    3.1 Uploaded Counter Iteration: 18350
Batch 21;INFO;2020-04-05 21:25:44;    3.1 Uploaded Counter Iteration: 18400
Batch 21;INFO;2020-04-05 21:28:17;    3.1 Uploaded Counter Iteration: 18450
Batch 21;INFO;2020-04-05 21:30:29;    3.1 Uploaded Counter Iteration: 18500
Batch 21;INFO;2020-04-05 21:32:29;    3.1 Uploaded Counter Iteration: 18550
Batch 21;INFO;2020-04-05 21:35:20;    3.1 Uploaded Counter Iteration: 18600
Batch 21;INFO;2020-04-05 21:36:49;    3.1 Uploaded Counter Iteration: 18650
Batch 21;INFO;2020-04-05 21:39:07;3 Starting webscrapping... (Completed)
Batch 21;INFO;2020-04-05 21:39:07;5. Succesfully run batch: 21
