Module;Type;Date;Details;Time;Error Type;Error Details;Error Line
Batch 22;INFO;2020-04-05 21:39:13;1. Select all songs in nonmatch-query (S3)
Batch 22;INFO;2020-04-05 21:39:13;1. Select all songs in nonmatch-query (S3) (Completed)
Batch 22;INFO;2020-04-05 21:39:13;3 Starting webscrapping...
Batch 22;INFO;2020-04-05 21:40:04;    3.0 ERROR: Error in iteration : 11
Batch 22;INFO;2020-04-05 21:40:49;    3.1 Uploaded Counter Iteration: 50
Batch 22;INFO;2020-04-05 21:43:36;    3.1 Uploaded Counter Iteration: 100
Batch 22;INFO;2020-04-05 21:45:35;    3.1 Uploaded Counter Iteration: 150
Batch 22;INFO;2020-04-05 21:47:48;    3.1 Uploaded Counter Iteration: 200
Batch 22;INFO;2020-04-05 21:50:21;    3.1 Uploaded Counter Iteration: 250
Batch 22;INFO;2020-04-05 21:51:55;    3.1 Uploaded Counter Iteration: 300
Batch 22;INFO;2020-04-05 21:55:08;    3.1 Uploaded Counter Iteration: 350
Batch 22;INFO;2020-04-05 21:56:03;    3.1 Uploaded Counter Iteration: 400
Batch 22;INFO;2020-04-05 21:59:30;    3.1 Uploaded Counter Iteration: 450
Batch 22;INFO;2020-04-05 22:00:54;    3.1 Uploaded Counter Iteration: 500
Batch 22;INFO;2020-04-05 22:04:03;    3.1 Uploaded Counter Iteration: 550
Batch 22;INFO;2020-04-05 22:05:44;    3.1 Uploaded Counter Iteration: 600
Batch 22;INFO;2020-04-05 22:08:15;    3.1 Uploaded Counter Iteration: 650
Batch 22;INFO;2020-04-05 22:10:32;    3.1 Uploaded Counter Iteration: 700
Batch 22;INFO;2020-04-05 22:12:31;    3.1 Uploaded Counter Iteration: 750
Batch 22;INFO;2020-04-05 22:15:19;    3.1 Uploaded Counter Iteration: 800
Batch 22;INFO;2020-04-05 22:16:54;    3.1 Uploaded Counter Iteration: 850
Batch 22;INFO;2020-04-05 22:20:07;    3.1 Uploaded Counter Iteration: 900
Batch 22;INFO;2020-04-05 22:21:01;    3.1 Uploaded Counter Iteration: 950
Batch 22;INFO;2020-04-05 22:24:13;    3.1 Uploaded Counter Iteration: 1000
Batch 22;INFO;2020-04-05 22:25:45;    3.1 Uploaded Counter Iteration: 1050
Batch 22;INFO;2020-04-05 22:28:23;    3.1 Uploaded Counter Iteration: 1100
Batch 22;INFO;2020-04-05 22:30:33;    3.1 Uploaded Counter Iteration: 1150
Batch 22;INFO;2020-04-05 22:32:30;    3.1 Uploaded Counter Iteration: 1200
Batch 22;INFO;2020-04-05 22:35:21;    3.1 Uploaded Counter Iteration: 1250
Batch 22;INFO;2020-04-05 22:36:57;    3.1 Uploaded Counter Iteration: 1300
Batch 22;INFO;2020-04-05 22:40:10;    3.1 Uploaded Counter Iteration: 1350
Batch 22;INFO;2020-04-05 22:41:14;    3.1 Uploaded Counter Iteration: 1400
Batch 22;INFO;2020-04-05 22:44:41;    3.1 Uploaded Counter Iteration: 1450
Batch 22;INFO;2020-04-05 22:45:55;    3.1 Uploaded Counter Iteration: 1500
Batch 22;INFO;2020-04-05 22:49:05;    3.1 Uploaded Counter Iteration: 1550
Batch 22;INFO;2020-04-05 22:50:43;    3.1 Uploaded Counter Iteration: 1600
Batch 22;INFO;2020-04-05 22:53:09;    3.1 Uploaded Counter Iteration: 1650
Batch 22;INFO;2020-04-05 22:55:30;    3.1 Uploaded Counter Iteration: 1700
Batch 22;INFO;2020-04-05 22:57:32;    3.1 Uploaded Counter Iteration: 1750
Batch 22;INFO;2020-04-05 23:00:20;    3.1 Uploaded Counter Iteration: 1800
Batch 22;INFO;2020-04-05 23:02:03;    3.1 Uploaded Counter Iteration: 1850
Batch 22;INFO;2020-04-05 23:05:10;    3.1 Uploaded Counter Iteration: 1900
Batch 22;INFO;2020-04-05 23:06:21;    3.1 Uploaded Counter Iteration: 1950
Batch 22;INFO;2020-04-05 23:09:48;    3.1 Uploaded Counter Iteration: 2000
Batch 22;INFO;2020-04-05 23:10:55;    3.1 Uploaded Counter Iteration: 2050
Batch 22;INFO;2020-04-05 23:14:00;    3.1 Uploaded Counter Iteration: 2100
Batch 22;INFO;2020-04-05 23:15:50;    3.1 Uploaded Counter Iteration: 2150
Batch 22;INFO;2020-04-05 23:18:44;    3.1 Uploaded Counter Iteration: 2200
Batch 22;INFO;2020-04-05 23:20:38;    3.1 Uploaded Counter Iteration: 2250
Batch 22;INFO;2020-04-05 23:22:54;    3.1 Uploaded Counter Iteration: 2300
Batch 22;INFO;2020-04-05 23:25:25;    3.1 Uploaded Counter Iteration: 2350
Batch 22;INFO;2020-04-05 23:27:05;    3.1 Uploaded Counter Iteration: 2400
Batch 22;INFO;2020-04-05 23:30:09;    3.1 Uploaded Counter Iteration: 2450
Batch 22;INFO;2020-04-05 23:31:14;    3.1 Uploaded Counter Iteration: 2500
Batch 22;INFO;2020-04-05 23:34:48;    3.1 Uploaded Counter Iteration: 2550
Batch 22;INFO;2020-04-05 23:35:55;    3.1 Uploaded Counter Iteration: 2600
Batch 22;INFO;2020-04-05 23:38:57;    3.1 Uploaded Counter Iteration: 2650
Batch 22;INFO;2020-04-05 23:40:43;    3.1 Uploaded Counter Iteration: 2700
Batch 22;INFO;2020-04-05 23:43:21;    3.1 Uploaded Counter Iteration: 2750
Batch 22;INFO;2020-04-05 23:45:32;    3.1 Uploaded Counter Iteration: 2800
Batch 22;INFO;2020-04-05 23:47:35;    3.1 Uploaded Counter Iteration: 2850
Batch 22;INFO;2020-04-05 23:50:22;    3.1 Uploaded Counter Iteration: 2900
Batch 22;INFO;2020-04-05 23:52:09;    3.1 Uploaded Counter Iteration: 2950
Batch 22;INFO;2020-04-05 23:55:16;    3.1 Uploaded Counter Iteration: 3000
Batch 22;INFO;2020-04-05 23:56:39;    3.1 Uploaded Counter Iteration: 3050
Batch 22;INFO;2020-04-06 00:00:01;    3.1 Uploaded Counter Iteration: 3100
Batch 22;INFO;2020-04-06 00:00:58;    3.1 Uploaded Counter Iteration: 3150
Batch 22;INFO;2020-04-06 00:04:14;    3.1 Uploaded Counter Iteration: 3200
Batch 22;INFO;2020-04-06 00:05:46;    3.1 Uploaded Counter Iteration: 3250
Batch 22;INFO;2020-04-06 00:08:40;    3.1 Uploaded Counter Iteration: 3300
Batch 22;INFO;2020-04-06 00:10:37;    3.1 Uploaded Counter Iteration: 3350
Batch 22;INFO;2020-04-06 00:12:52;    3.1 Uploaded Counter Iteration: 3400
Batch 22;INFO;2020-04-06 00:15:22;    3.1 Uploaded Counter Iteration: 3450
Batch 22;INFO;2020-04-06 00:16:56;    3.1 Uploaded Counter Iteration: 3500
Batch 22;INFO;2020-04-06 00:20:07;    3.1 Uploaded Counter Iteration: 3550
Batch 22;INFO;2020-04-06 00:21:07;    3.1 Uploaded Counter Iteration: 3600
Batch 22;INFO;2020-04-06 00:24:31;    3.1 Uploaded Counter Iteration: 3650
Batch 22;INFO;2020-04-06 00:25:53;    3.1 Uploaded Counter Iteration: 3700
Batch 22;INFO;2020-04-06 00:28:49;    3.1 Uploaded Counter Iteration: 3750
Batch 22;INFO;2020-04-06 00:30:38;    3.1 Uploaded Counter Iteration: 3800
Batch 22;INFO;2020-04-06 00:33:04;    3.1 Uploaded Counter Iteration: 3850
Batch 22;INFO;2020-04-06 00:35:30;    3.1 Uploaded Counter Iteration: 3900
Batch 22;INFO;2020-04-06 00:37:22;    3.1 Uploaded Counter Iteration: 3950
Batch 22;INFO;2020-04-06 00:40:17;    3.1 Uploaded Counter Iteration: 4000
Batch 22;INFO;2020-04-06 00:41:43;    3.1 Uploaded Counter Iteration: 4050
Batch 22;INFO;2020-04-06 00:45:06;    3.1 Uploaded Counter Iteration: 4100
Batch 22;INFO;2020-04-06 00:46:03;    3.1 Uploaded Counter Iteration: 4150
Batch 22;INFO;2020-04-06 00:49:28;    3.1 Uploaded Counter Iteration: 4200
Batch 22;INFO;2020-04-06 00:50:51;    3.1 Uploaded Counter Iteration: 4250
Batch 22;INFO;2020-04-06 00:53:42;    3.1 Uploaded Counter Iteration: 4300
Batch 22;INFO;2020-04-06 00:55:38;    3.1 Uploaded Counter Iteration: 4350
Batch 22;INFO;2020-04-06 00:58:00;    3.1 Uploaded Counter Iteration: 4400
Batch 22;INFO;2020-04-06 01:00:27;    3.1 Uploaded Counter Iteration: 4450
Batch 22;INFO;2020-04-06 01:02:17;    3.1 Uploaded Counter Iteration: 4500
Batch 22;INFO;2020-04-06 01:05:14;    3.1 Uploaded Counter Iteration: 4550
Batch 22;INFO;2020-04-06 01:06:30;    3.1 Uploaded Counter Iteration: 4600
Batch 22;INFO;2020-04-06 01:09:56;    3.1 Uploaded Counter Iteration: 4650
Batch 22;INFO;2020-04-06 01:10:58;    3.1 Uploaded Counter Iteration: 4700
Batch 22;INFO;2020-04-06 01:14:25;    3.1 Uploaded Counter Iteration: 4750
Batch 22;INFO;2020-04-06 01:15:51;    3.1 Uploaded Counter Iteration: 4800
Batch 22;INFO;2020-04-06 01:18:46;    3.1 Uploaded Counter Iteration: 4850
Batch 22;INFO;2020-04-06 01:20:39;    3.1 Uploaded Counter Iteration: 4900
Batch 22;INFO;2020-04-06 01:22:54;    3.1 Uploaded Counter Iteration: 4950
Batch 22;INFO;2020-04-06 01:25:28;    3.1 Uploaded Counter Iteration: 5000
Batch 22;INFO;2020-04-06 01:27:11;    3.1 Uploaded Counter Iteration: 5050
Batch 22;INFO;2020-04-06 01:30:15;    3.1 Uploaded Counter Iteration: 5100
Batch 22;INFO;2020-04-06 01:31:38;    3.1 Uploaded Counter Iteration: 5150
Batch 22;INFO;2020-04-06 01:35:06;    3.1 Uploaded Counter Iteration: 5200
Batch 22;INFO;2020-04-06 01:36:05;    3.1 Uploaded Counter Iteration: 5250
Batch 22;INFO;2020-04-06 01:39:39;    3.1 Uploaded Counter Iteration: 5300
Batch 22;INFO;2020-04-06 01:40:48;    3.1 Uploaded Counter Iteration: 5350
Batch 22;INFO;2020-04-06 01:43:23;    3.1 Uploaded Counter Iteration: 5400
Batch 22;INFO;2020-04-06 01:45:34;    3.1 Uploaded Counter Iteration: 5450
Batch 22;INFO;2020-04-06 01:47:37;    3.1 Uploaded Counter Iteration: 5500
Batch 22;INFO;2020-04-06 01:50:20;    3.1 Uploaded Counter Iteration: 5550
Batch 22;INFO;2020-04-06 01:51:46;    3.1 Uploaded Counter Iteration: 5600
Batch 22;INFO;2020-04-06 01:55:10;    3.1 Uploaded Counter Iteration: 5650
Batch 22;INFO;2020-04-06 01:56:16;    3.1 Uploaded Counter Iteration: 5700
Batch 22;INFO;2020-04-06 01:59:42;    3.1 Uploaded Counter Iteration: 5750
Batch 22;INFO;2020-04-06 02:00:53;    3.1 Uploaded Counter Iteration: 5800
Batch 22;INFO;2020-04-06 02:03:55;    3.1 Uploaded Counter Iteration: 5850
Batch 22;INFO;2020-04-06 02:05:46;    3.1 Uploaded Counter Iteration: 5900
Batch 22;INFO;2020-04-06 02:08:33;    3.1 Uploaded Counter Iteration: 5950
Batch 22;INFO;2020-04-06 02:10:38;    3.1 Uploaded Counter Iteration: 6000
Batch 22;INFO;2020-04-06 02:13:07;    3.1 Uploaded Counter Iteration: 6050
Batch 22;INFO;2020-04-06 02:15:32;    3.1 Uploaded Counter Iteration: 6100
Batch 22;INFO;2020-04-06 02:17:36;    3.1 Uploaded Counter Iteration: 6150
Batch 22;INFO;2020-04-06 02:20:23;    3.1 Uploaded Counter Iteration: 6200
Batch 22;INFO;2020-04-06 02:21:47;    3.1 Uploaded Counter Iteration: 6250
Batch 22;INFO;2020-04-06 02:25:11;    3.1 Uploaded Counter Iteration: 6300
Batch 22;INFO;2020-04-06 02:26:19;    3.1 Uploaded Counter Iteration: 6350
Batch 22;INFO;2020-04-06 02:29:48;    3.1 Uploaded Counter Iteration: 6400
Batch 22;INFO;2020-04-06 02:30:56;    3.1 Uploaded Counter Iteration: 6450
Batch 22;INFO;2020-04-06 02:34:00;    3.1 Uploaded Counter Iteration: 6500
Batch 22;INFO;2020-04-06 02:35:42;    3.1 Uploaded Counter Iteration: 6550
Batch 22;INFO;2020-04-06 02:38:16;    3.1 Uploaded Counter Iteration: 6600
Batch 22;INFO;2020-04-06 02:40:31;    3.1 Uploaded Counter Iteration: 6650
Batch 22;INFO;2020-04-06 02:42:29;    3.1 Uploaded Counter Iteration: 6700
Batch 22;INFO;2020-04-06 02:45:18;    3.1 Uploaded Counter Iteration: 6750
Batch 22;INFO;2020-04-06 02:46:40;    3.1 Uploaded Counter Iteration: 6800
Batch 22;INFO;2020-04-06 02:49:59;    3.1 Uploaded Counter Iteration: 6850
Batch 22;INFO;2020-04-06 02:51:02;    3.1 Uploaded Counter Iteration: 6900
Batch 22;INFO;2020-04-06 02:54:25;    3.1 Uploaded Counter Iteration: 6950
Batch 22;INFO;2020-04-06 02:55:48;    3.1 Uploaded Counter Iteration: 7000
Batch 22;INFO;2020-04-06 02:58:24;    3.1 Uploaded Counter Iteration: 7050
Batch 22;INFO;2020-04-06 03:00:34;    3.1 Uploaded Counter Iteration: 7100
Batch 22;INFO;2020-04-06 03:02:44;    3.1 Uploaded Counter Iteration: 7150
Batch 22;INFO;2020-04-06 03:05:23;    3.1 Uploaded Counter Iteration: 7200
Batch 22;INFO;2020-04-06 03:07:12;    3.1 Uploaded Counter Iteration: 7250
Batch 22;INFO;2020-04-06 03:10:14;    3.1 Uploaded Counter Iteration: 7300
Batch 22;INFO;2020-04-06 03:11:33;    3.1 Uploaded Counter Iteration: 7350
Batch 22;INFO;2020-04-06 03:14:55;    3.1 Uploaded Counter Iteration: 7400
Batch 22;INFO;2020-04-06 03:15:59;    3.1 Uploaded Counter Iteration: 7450
Batch 22;INFO;2020-04-06 03:19:19;    3.1 Uploaded Counter Iteration: 7500
Batch 22;INFO;2020-04-06 03:20:49;    3.1 Uploaded Counter Iteration: 7550
Batch 22;INFO;2020-04-06 03:23:40;    3.1 Uploaded Counter Iteration: 7600
Batch 22;INFO;2020-04-06 03:25:40;    3.1 Uploaded Counter Iteration: 7650
Batch 22;INFO;2020-04-06 03:28:07;    3.1 Uploaded Counter Iteration: 7700
Batch 22;INFO;2020-04-06 03:30:33;    3.1 Uploaded Counter Iteration: 7750
Batch 22;INFO;2020-04-06 03:32:29;    3.1 Uploaded Counter Iteration: 7800
Batch 22;INFO;2020-04-06 03:35:18;    3.1 Uploaded Counter Iteration: 7850
Batch 22;INFO;2020-04-06 03:36:50;    3.1 Uploaded Counter Iteration: 7900
Batch 22;INFO;2020-04-06 03:40:09;    3.1 Uploaded Counter Iteration: 7950
Batch 22;INFO;2020-04-06 03:41:25;    3.1 Uploaded Counter Iteration: 8000
Batch 22;INFO;2020-04-06 03:45:00;    3.1 Uploaded Counter Iteration: 8050
Batch 22;INFO;2020-04-06 03:45:59;    3.1 Uploaded Counter Iteration: 8100
Batch 22;INFO;2020-04-06 03:49:11;    3.1 Uploaded Counter Iteration: 8150
Batch 22;INFO;2020-04-06 03:50:47;    3.1 Uploaded Counter Iteration: 8200
Batch 22;INFO;2020-04-06 03:53:28;    3.1 Uploaded Counter Iteration: 8250
Batch 22;INFO;2020-04-06 03:55:35;    3.1 Uploaded Counter Iteration: 8300
Batch 22;INFO;2020-04-06 03:57:45;    3.1 Uploaded Counter Iteration: 8350
Batch 22;INFO;2020-04-06 04:00:21;    3.1 Uploaded Counter Iteration: 8400
Batch 22;INFO;2020-04-06 04:02:04;    3.1 Uploaded Counter Iteration: 8450
Batch 22;INFO;2020-04-06 04:05:12;    3.1 Uploaded Counter Iteration: 8500
Batch 22;INFO;2020-04-06 04:06:20;    3.1 Uploaded Counter Iteration: 8550
Batch 22;INFO;2020-04-06 04:09:47;    3.1 Uploaded Counter Iteration: 8600
Batch 22;INFO;2020-04-06 04:10:56;    3.1 Uploaded Counter Iteration: 8650
Batch 22;INFO;2020-04-06 04:14:01;    3.1 Uploaded Counter Iteration: 8700
Batch 22;INFO;2020-04-06 04:15:43;    3.1 Uploaded Counter Iteration: 8750
Batch 22;INFO;2020-04-06 04:18:20;    3.1 Uploaded Counter Iteration: 8800
Batch 22;INFO;2020-04-06 04:20:32;    3.1 Uploaded Counter Iteration: 8850
Batch 22;INFO;2020-04-06 04:22:29;    3.1 Uploaded Counter Iteration: 8900
Batch 22;INFO;2020-04-06 04:25:19;    3.1 Uploaded Counter Iteration: 8950
Batch 22;INFO;2020-04-06 04:26:45;    3.1 Uploaded Counter Iteration: 9000
Batch 22;INFO;2020-04-06 04:30:09;    3.1 Uploaded Counter Iteration: 9050
Batch 22;INFO;2020-04-06 04:31:30;    3.1 Uploaded Counter Iteration: 9100
Batch 22;INFO;2020-04-06 04:35:01;    3.1 Uploaded Counter Iteration: 9150
Batch 22;INFO;2020-04-06 04:35:59;    3.1 Uploaded Counter Iteration: 9200
Batch 22;INFO;2020-04-06 04:39:15;    3.1 Uploaded Counter Iteration: 9250
Batch 22;INFO;2020-04-06 04:40:48;    3.1 Uploaded Counter Iteration: 9300
Batch 22;INFO;2020-04-06 04:43:37;    3.1 Uploaded Counter Iteration: 9350
Batch 22;INFO;2020-04-06 04:45:37;    3.1 Uploaded Counter Iteration: 9400
Batch 22;INFO;2020-04-06 04:47:49;    3.1 Uploaded Counter Iteration: 9450
Batch 22;INFO;2020-04-06 04:50:23;    3.1 Uploaded Counter Iteration: 9500
Batch 22;INFO;2020-04-06 04:52:04;    3.1 Uploaded Counter Iteration: 9550
Batch 22;INFO;2020-04-06 04:55:15;    3.1 Uploaded Counter Iteration: 9600
Batch 22;INFO;2020-04-06 04:56:32;    3.1 Uploaded Counter Iteration: 9650
Batch 22;INFO;2020-04-06 05:00:06;    3.1 Uploaded Counter Iteration: 9700
Batch 22;INFO;2020-04-06 05:01:04;    3.1 Uploaded Counter Iteration: 9750
Batch 22;INFO;2020-04-06 05:04:26;    3.1 Uploaded Counter Iteration: 9800
Batch 22;INFO;2020-04-06 05:05:53;    3.1 Uploaded Counter Iteration: 9850
Batch 22;INFO;2020-04-06 05:08:55;    3.1 Uploaded Counter Iteration: 9900
Batch 22;INFO;2020-04-06 05:10:43;    3.1 Uploaded Counter Iteration: 9950
Batch 22;INFO;2020-04-06 05:13:22;    3.1 Uploaded Counter Iteration: 10000
Batch 22;INFO;2020-04-06 05:15:33;    3.1 Uploaded Counter Iteration: 10050
Batch 22;INFO;2020-04-06 05:17:36;    3.1 Uploaded Counter Iteration: 10100
Batch 22;INFO;2020-04-06 05:20:24;    3.1 Uploaded Counter Iteration: 10150
Batch 22;INFO;2020-04-06 05:22:05;    3.1 Uploaded Counter Iteration: 10200
Batch 22;INFO;2020-04-06 05:25:15;    3.1 Uploaded Counter Iteration: 10250
Batch 22;INFO;2020-04-06 05:26:31;    3.1 Uploaded Counter Iteration: 10300
Batch 22;INFO;2020-04-06 05:30:07;    3.1 Uploaded Counter Iteration: 10350
Batch 22;INFO;2020-04-06 05:31:00;    3.1 Uploaded Counter Iteration: 10400
Batch 22;INFO;2020-04-06 05:34:30;    3.1 Uploaded Counter Iteration: 10450
Batch 22;INFO;2020-04-06 05:35:52;    3.1 Uploaded Counter Iteration: 10500
Batch 22;INFO;2020-04-06 05:38:49;    3.1 Uploaded Counter Iteration: 10550
Batch 22;INFO;2020-04-06 05:40:43;    3.1 Uploaded Counter Iteration: 10600
Batch 22;INFO;2020-04-06 05:43:27;    3.1 Uploaded Counter Iteration: 10650
Batch 22;INFO;2020-04-06 05:45:35;    3.1 Uploaded Counter Iteration: 10700
Batch 22;INFO;2020-04-06 05:47:50;    3.1 Uploaded Counter Iteration: 10750
Batch 22;INFO;2020-04-06 05:50:26;    3.1 Uploaded Counter Iteration: 10800
Batch 22;INFO;2020-04-06 05:52:14;    3.1 Uploaded Counter Iteration: 10850
Batch 22;INFO;2020-04-06 05:55:17;    3.1 Uploaded Counter Iteration: 10900
Batch 22;INFO;2020-04-06 05:56:44;    3.1 Uploaded Counter Iteration: 10950
Batch 22;INFO;2020-04-06 06:00:10;    3.1 Uploaded Counter Iteration: 11000
Batch 22;INFO;2020-04-06 06:01:20;    3.1 Uploaded Counter Iteration: 11050
Batch 22;INFO;2020-04-06 06:04:52;    3.1 Uploaded Counter Iteration: 11100
Batch 22;INFO;2020-04-06 06:06:03;    3.1 Uploaded Counter Iteration: 11150
Batch 22;INFO;2020-04-06 06:09:31;    3.1 Uploaded Counter Iteration: 11200
Batch 22;INFO;2020-04-06 06:10:54;    3.1 Uploaded Counter Iteration: 11250
Batch 22;INFO;2020-04-06 06:13:54;    3.1 Uploaded Counter Iteration: 11300
Batch 22;INFO;2020-04-06 06:15:42;    3.1 Uploaded Counter Iteration: 11350
Batch 22;INFO;2020-04-06 06:18:20;    3.1 Uploaded Counter Iteration: 11400
Batch 22;INFO;2020-04-06 06:20:35;    3.1 Uploaded Counter Iteration: 11450
Batch 22;INFO;2020-04-06 06:22:44;    3.1 Uploaded Counter Iteration: 11500
Batch 22;INFO;2020-04-06 06:25:25;    3.1 Uploaded Counter Iteration: 11550
Batch 22;INFO;2020-04-06 06:26:59;    3.1 Uploaded Counter Iteration: 11600
Batch 22;INFO;2020-04-06 06:30:09;    3.1 Uploaded Counter Iteration: 11650
Batch 22;INFO;2020-04-06 06:31:00;    3.1 Uploaded Counter Iteration: 11700
Batch 22;INFO;2020-04-06 06:34:20;    3.1 Uploaded Counter Iteration: 11750
Batch 22;INFO;2020-04-06 06:35:48;    3.1 Uploaded Counter Iteration: 11800
Batch 22;INFO;2020-04-06 06:38:22;    3.1 Uploaded Counter Iteration: 11850
Batch 22;INFO;2020-04-06 06:40:34;    3.1 Uploaded Counter Iteration: 11900
Batch 22;INFO;2020-04-06 06:42:50;    3.1 Uploaded Counter Iteration: 11950
Batch 22;INFO;2020-04-06 06:45:32;    3.1 Uploaded Counter Iteration: 12000
Batch 22;INFO;2020-04-06 06:47:37;    3.1 Uploaded Counter Iteration: 12050
Batch 22;INFO;2020-04-06 06:50:25;    3.1 Uploaded Counter Iteration: 12100
Batch 22;INFO;2020-04-06 06:52:08;    3.1 Uploaded Counter Iteration: 12150
Batch 22;INFO;2020-04-06 06:55:15;    3.1 Uploaded Counter Iteration: 12200
Batch 22;INFO;2020-04-06 06:56:37;    3.1 Uploaded Counter Iteration: 12250
Batch 22;INFO;2020-04-06 07:00:05;    3.1 Uploaded Counter Iteration: 12300
Batch 22;INFO;2020-04-06 07:01:00;    3.1 Uploaded Counter Iteration: 12350
Batch 22;INFO;2020-04-06 07:04:20;    3.1 Uploaded Counter Iteration: 12400
Batch 22;INFO;2020-04-06 07:05:51;    3.1 Uploaded Counter Iteration: 12450
Batch 22;INFO;2020-04-06 07:08:51;    3.1 Uploaded Counter Iteration: 12500
Batch 22;INFO;2020-04-06 07:10:40;    3.1 Uploaded Counter Iteration: 12550
Batch 22;INFO;2020-04-06 07:12:56;    3.1 Uploaded Counter Iteration: 12600
Batch 22;INFO;2020-04-06 07:15:28;    3.1 Uploaded Counter Iteration: 12650
Batch 22;INFO;2020-04-06 07:17:24;    3.1 Uploaded Counter Iteration: 12700
Batch 22;INFO;2020-04-06 07:20:19;    3.1 Uploaded Counter Iteration: 12750
Batch 22;INFO;2020-04-06 07:22:01;    3.1 Uploaded Counter Iteration: 12800
Batch 22;INFO;2020-04-06 07:25:11;    3.1 Uploaded Counter Iteration: 12850
Batch 22;INFO;2020-04-06 07:26:24;    3.1 Uploaded Counter Iteration: 12900
Batch 22;INFO;2020-04-06 07:30:08;    3.1 Uploaded Counter Iteration: 12950
Batch 22;INFO;2020-04-06 07:31:06;    3.1 Uploaded Counter Iteration: 13000
Batch 22;INFO;2020-04-06 07:34:30;    3.1 Uploaded Counter Iteration: 13050
Batch 22;INFO;2020-04-06 07:35:53;    3.1 Uploaded Counter Iteration: 13100
Batch 22;INFO;2020-04-06 07:38:55;    3.1 Uploaded Counter Iteration: 13150
Batch 22;INFO;2020-04-06 07:40:44;    3.1 Uploaded Counter Iteration: 13200
Batch 22;INFO;2020-04-06 07:43:27;    3.1 Uploaded Counter Iteration: 13250
Batch 22;INFO;2020-04-06 07:45:37;    3.1 Uploaded Counter Iteration: 13300
Batch 22;INFO;2020-04-06 07:47:58;    3.1 Uploaded Counter Iteration: 13350
Batch 22;INFO;2020-04-06 07:50:29;    3.1 Uploaded Counter Iteration: 13400
Batch 22;INFO;2020-04-06 07:52:22;    3.1 Uploaded Counter Iteration: 13450
Batch 22;INFO;2020-04-06 07:55:22;    3.1 Uploaded Counter Iteration: 13500
Batch 22;INFO;2020-04-06 07:57:00;    3.1 Uploaded Counter Iteration: 13550
Batch 22;INFO;2020-04-06 08:00:14;    3.1 Uploaded Counter Iteration: 13600
Batch 22;INFO;2020-04-06 08:01:47;    3.1 Uploaded Counter Iteration: 13650
Batch 22;INFO;2020-04-06 08:05:12;    3.1 Uploaded Counter Iteration: 13700
Batch 22;INFO;2020-04-06 08:06:16;    3.1 Uploaded Counter Iteration: 13750
Batch 22;INFO;2020-04-06 08:09:43;    3.1 Uploaded Counter Iteration: 13800
Batch 22;INFO;2020-04-06 08:10:55;    3.1 Uploaded Counter Iteration: 13850
Batch 22;INFO;2020-04-06 08:13:52;    3.1 Uploaded Counter Iteration: 13900
Batch 22;INFO;2020-04-06 08:15:44;    3.1 Uploaded Counter Iteration: 13950
Batch 22;INFO;2020-04-06 08:18:31;    3.1 Uploaded Counter Iteration: 14000
Batch 22;INFO;2020-04-06 08:20:40;    3.1 Uploaded Counter Iteration: 14050
Batch 22;INFO;2020-04-06 08:23:16;    3.1 Uploaded Counter Iteration: 14100
Batch 22;INFO;2020-04-06 08:25:35;    3.1 Uploaded Counter Iteration: 14150
Batch 22;INFO;2020-04-06 08:27:50;    3.1 Uploaded Counter Iteration: 14200
Batch 22;INFO;2020-04-06 08:30:30;    3.1 Uploaded Counter Iteration: 14250
Batch 22;INFO;2020-04-06 08:32:26;    3.1 Uploaded Counter Iteration: 14300
Batch 22;INFO;2020-04-06 08:35:22;    3.1 Uploaded Counter Iteration: 14350
Batch 22;INFO;2020-04-06 08:36:59;    3.1 Uploaded Counter Iteration: 14400
Batch 22;INFO;2020-04-06 08:40:14;    3.1 Uploaded Counter Iteration: 14450
Batch 22;INFO;2020-04-06 08:41:31;    3.1 Uploaded Counter Iteration: 14500
Batch 22;INFO;2020-04-06 08:44:54;    3.1 Uploaded Counter Iteration: 14550
Batch 22;INFO;2020-04-06 08:45:58;    3.1 Uploaded Counter Iteration: 14600
Batch 22;INFO;2020-04-06 08:49:12;    3.1 Uploaded Counter Iteration: 14650
Batch 22;INFO;2020-04-06 08:50:48;    3.1 Uploaded Counter Iteration: 14700
Batch 22;INFO;2020-04-06 08:53:38;    3.1 Uploaded Counter Iteration: 14750
Batch 22;INFO;2020-04-06 08:55:42;    3.1 Uploaded Counter Iteration: 14800
Batch 22;INFO;2020-04-06 08:58:09;    3.1 Uploaded Counter Iteration: 14850
Batch 22;INFO;2020-04-06 09:00:34;    3.1 Uploaded Counter Iteration: 14900
Batch 22;INFO;2020-04-06 09:02:46;    3.1 Uploaded Counter Iteration: 14950
Batch 22;INFO;2020-04-06 09:05:25;    3.1 Uploaded Counter Iteration: 15000
Batch 22;INFO;2020-04-06 09:07:25;    3.1 Uploaded Counter Iteration: 15050
Batch 22;INFO;2020-04-06 09:10:20;    3.1 Uploaded Counter Iteration: 15100
Batch 22;INFO;2020-04-06 09:11:57;    3.1 Uploaded Counter Iteration: 15150
Batch 22;INFO;2020-04-06 09:15:15;    3.1 Uploaded Counter Iteration: 15200
Batch 22;INFO;2020-04-06 09:16:38;    3.1 Uploaded Counter Iteration: 15250
Batch 22;INFO;2020-04-06 09:20:10;    3.1 Uploaded Counter Iteration: 15300
Batch 22;INFO;2020-04-06 09:21:05;    3.1 Uploaded Counter Iteration: 15350
Batch 22;INFO;2020-04-06 09:24:19;    3.1 Uploaded Counter Iteration: 15400
Batch 22;INFO;2020-04-06 09:25:48;    3.1 Uploaded Counter Iteration: 15450
Batch 22;INFO;2020-04-06 09:28:41;    3.1 Uploaded Counter Iteration: 15500
Batch 22;INFO;2020-04-06 09:30:39;    3.1 Uploaded Counter Iteration: 15550
Batch 22;INFO;2020-04-06 09:33:08;    3.1 Uploaded Counter Iteration: 15600
Batch 22;INFO;2020-04-06 09:35:31;    3.1 Uploaded Counter Iteration: 15650
Batch 22;INFO;2020-04-06 09:37:32;    3.1 Uploaded Counter Iteration: 15700
Batch 22;INFO;2020-04-06 09:40:21;    3.1 Uploaded Counter Iteration: 15750
Batch 22;INFO;2020-04-06 09:41:50;    3.1 Uploaded Counter Iteration: 15800
Batch 22;INFO;2020-04-06 09:45:13;    3.1 Uploaded Counter Iteration: 15850
Batch 22;INFO;2020-04-06 09:46:12;    3.1 Uploaded Counter Iteration: 15900
Batch 22;INFO;2020-04-06 09:49:43;    3.1 Uploaded Counter Iteration: 15950
Batch 22;INFO;2020-04-06 09:50:58;    3.1 Uploaded Counter Iteration: 16000
Batch 22;INFO;2020-04-06 09:54:07;    3.1 Uploaded Counter Iteration: 16050
Batch 22;INFO;2020-04-06 09:55:45;    3.1 Uploaded Counter Iteration: 16100
Batch 22;INFO;2020-04-06 09:58:16;    3.1 Uploaded Counter Iteration: 16150
Batch 22;INFO;2020-04-06 10:00:34;    3.1 Uploaded Counter Iteration: 16200
Batch 22;INFO;2020-04-06 10:02:48;    3.1 Uploaded Counter Iteration: 16250
Batch 22;INFO;2020-04-06 10:05:25;    3.1 Uploaded Counter Iteration: 16300
Batch 22;INFO;2020-04-06 10:07:11;    3.1 Uploaded Counter Iteration: 16350
Batch 22;INFO;2020-04-06 10:10:16;    3.1 Uploaded Counter Iteration: 16400
Batch 22;INFO;2020-04-06 10:11:33;    3.1 Uploaded Counter Iteration: 16450
Batch 22;INFO;2020-04-06 10:14:58;    3.1 Uploaded Counter Iteration: 16500
Batch 22;INFO;2020-04-06 10:15:59;    3.1 Uploaded Counter Iteration: 16550
Batch 22;INFO;2020-04-06 10:19:14;    3.1 Uploaded Counter Iteration: 16600
Batch 22;INFO;2020-04-06 10:20:49;    3.1 Uploaded Counter Iteration: 16650
Batch 22;INFO;2020-04-06 10:23:36;    3.1 Uploaded Counter Iteration: 16700
Batch 22;INFO;2020-04-06 10:25:38;    3.1 Uploaded Counter Iteration: 16750
Batch 22;INFO;2020-04-06 10:27:55;    3.1 Uploaded Counter Iteration: 16800
Batch 22;INFO;2020-04-06 10:30:29;    3.1 Uploaded Counter Iteration: 16850
Batch 22;INFO;2020-04-06 10:32:15;    3.1 Uploaded Counter Iteration: 16900
Batch 22;INFO;2020-04-06 10:35:17;    3.1 Uploaded Counter Iteration: 16950
Batch 22;INFO;2020-04-06 10:36:42;    3.1 Uploaded Counter Iteration: 17000
Batch 22;INFO;2020-04-06 10:40:12;    3.1 Uploaded Counter Iteration: 17050
Batch 22;INFO;2020-04-06 10:41:09;    3.1 Uploaded Counter Iteration: 17100
Batch 22;INFO;2020-04-06 10:44:26;    3.1 Uploaded Counter Iteration: 17150
Batch 22;INFO;2020-04-06 10:45:57;    3.1 Uploaded Counter Iteration: 17200
Batch 22;INFO;2020-04-06 10:49:06;    3.1 Uploaded Counter Iteration: 17250
Batch 22;INFO;2020-04-06 10:50:47;    3.1 Uploaded Counter Iteration: 17300
Batch 22;INFO;2020-04-06 10:53:31;    3.1 Uploaded Counter Iteration: 17350
Batch 22;INFO;2020-04-06 10:55:38;    3.1 Uploaded Counter Iteration: 17400
Batch 22;INFO;2020-04-06 10:57:57;    3.1 Uploaded Counter Iteration: 17450
Batch 22;INFO;2020-04-06 11:00:29;    3.1 Uploaded Counter Iteration: 17500
Batch 22;INFO;2020-04-06 11:02:14;    3.1 Uploaded Counter Iteration: 17550
Batch 22;INFO;2020-04-06 11:05:20;    3.1 Uploaded Counter Iteration: 17600
Batch 22;INFO;2020-04-06 11:06:42;    3.1 Uploaded Counter Iteration: 17650
Batch 22;INFO;2020-04-06 11:10:03;    3.1 Uploaded Counter Iteration: 17700
Batch 22;INFO;2020-04-06 11:11:00;    3.1 Uploaded Counter Iteration: 17750
Batch 22;INFO;2020-04-06 11:14:17;    3.1 Uploaded Counter Iteration: 17800
Batch 22;INFO;2020-04-06 11:15:47;    3.1 Uploaded Counter Iteration: 17850
Batch 22;INFO;2020-04-06 11:18:35;    3.1 Uploaded Counter Iteration: 17900
Batch 22;INFO;2020-04-06 11:20:37;    3.1 Uploaded Counter Iteration: 17950
Batch 22;INFO;2020-04-06 11:22:55;    3.1 Uploaded Counter Iteration: 18000
Batch 22;INFO;2020-04-06 11:25:28;    3.1 Uploaded Counter Iteration: 18050
Batch 22;INFO;2020-04-06 11:27:15;    3.1 Uploaded Counter Iteration: 18100
Batch 22;INFO;2020-04-06 11:30:19;    3.1 Uploaded Counter Iteration: 18150
Batch 22;INFO;2020-04-06 11:31:42;    3.1 Uploaded Counter Iteration: 18200
Batch 22;INFO;2020-04-06 11:35:10;    3.1 Uploaded Counter Iteration: 18250
Batch 22;INFO;2020-04-06 11:36:18;    3.1 Uploaded Counter Iteration: 18300
Batch 22;INFO;2020-04-06 11:39:55;    3.1 Uploaded Counter Iteration: 18350
Batch 22;INFO;2020-04-06 11:41:03;    3.1 Uploaded Counter Iteration: 18400
Batch 22;INFO;2020-04-06 11:44:41;    3.1 Uploaded Counter Iteration: 18450
Batch 22;INFO;2020-04-06 11:44:41;3 Starting webscrapping... (Completed)
Batch 22;INFO;2020-04-06 11:44:41;5. Succesfully run batch: 22
