Module;Type;Date;Details;Time;Error Type;Error Details;Error Line
Batch 23;INFO;2020-04-06 11:44:47;1. Select all songs in nonmatch-query (S3)
Batch 23;INFO;2020-04-06 11:44:48;1. Select all songs in nonmatch-query (S3) (Completed)
Batch 23;INFO;2020-04-06 11:44:48;3 Starting webscrapping...
Batch 23;INFO;2020-04-06 11:44:56;    3.0 ERROR: Error in iteration : 1
Batch 23;INFO;2020-04-06 11:46:00;    3.1 Uploaded Counter Iteration: 50
Batch 23;INFO;2020-04-06 11:49:21;    3.1 Uploaded Counter Iteration: 100
Batch 23;INFO;2020-04-06 11:50:50;    3.1 Uploaded Counter Iteration: 150
Batch 23;INFO;2020-04-06 11:53:32;    3.1 Uploaded Counter Iteration: 200
Batch 23;INFO;2020-04-06 11:55:40;    3.1 Uploaded Counter Iteration: 250
Batch 23;INFO;2020-04-06 11:58:10;    3.1 Uploaded Counter Iteration: 300
Batch 23;INFO;2020-04-06 12:00:35;    3.1 Uploaded Counter Iteration: 350
Batch 23;INFO;2020-04-06 12:02:51;    3.1 Uploaded Counter Iteration: 400
Batch 23;INFO;2020-04-06 12:05:27;    3.1 Uploaded Counter Iteration: 450
Batch 23;INFO;2020-04-06 12:07:22;    3.1 Uploaded Counter Iteration: 500
Batch 23;INFO;2020-04-06 12:10:20;    3.1 Uploaded Counter Iteration: 550
Batch 23;INFO;2020-04-06 12:11:41;    3.1 Uploaded Counter Iteration: 600
Batch 23;INFO;2020-04-06 12:15:10;    3.1 Uploaded Counter Iteration: 650
Batch 23;INFO;2020-04-06 12:16:06;    3.1 Uploaded Counter Iteration: 700
Batch 23;INFO;2020-04-06 12:19:38;    3.1 Uploaded Counter Iteration: 750
Batch 23;INFO;2020-04-06 12:20:56;    3.1 Uploaded Counter Iteration: 800
Batch 23;INFO;2020-04-06 12:24:06;    3.1 Uploaded Counter Iteration: 850
Batch 23;INFO;2020-04-06 12:25:47;    3.1 Uploaded Counter Iteration: 900
Batch 23;INFO;2020-04-06 12:28:32;    3.1 Uploaded Counter Iteration: 950
Batch 23;INFO;2020-04-06 12:30:37;    3.1 Uploaded Counter Iteration: 1000
Batch 23;INFO;2020-04-06 12:32:47;    3.1 Uploaded Counter Iteration: 1050
Batch 23;INFO;2020-04-06 12:35:26;    3.1 Uploaded Counter Iteration: 1100
Batch 23;INFO;2020-04-06 12:37:06;    3.1 Uploaded Counter Iteration: 1150
Batch 23;INFO;2020-04-06 12:40:16;    3.1 Uploaded Counter Iteration: 1200
Batch 23;INFO;2020-04-06 12:41:27;    3.1 Uploaded Counter Iteration: 1250
Batch 23;INFO;2020-04-06 12:44:51;    3.1 Uploaded Counter Iteration: 1300
Batch 23;INFO;2020-04-06 12:46:01;    3.1 Uploaded Counter Iteration: 1350
Batch 23;INFO;2020-04-06 12:49:31;    3.1 Uploaded Counter Iteration: 1400
Batch 23;INFO;2020-04-06 12:50:53;    3.1 Uploaded Counter Iteration: 1450
Batch 23;INFO;2020-04-06 12:53:59;    3.1 Uploaded Counter Iteration: 1500
Batch 23;INFO;2020-04-06 12:55:44;    3.1 Uploaded Counter Iteration: 1550
Batch 23;INFO;2020-04-06 12:58:19;    3.1 Uploaded Counter Iteration: 1600
Batch 23;INFO;2020-04-06 13:00:34;    3.1 Uploaded Counter Iteration: 1650
Batch 23;INFO;2020-04-06 13:02:47;    3.1 Uploaded Counter Iteration: 1700
Batch 23;INFO;2020-04-06 13:05:27;    3.1 Uploaded Counter Iteration: 1750
Batch 23;INFO;2020-04-06 13:07:13;    3.1 Uploaded Counter Iteration: 1800
Batch 23;INFO;2020-04-06 13:10:18;    3.1 Uploaded Counter Iteration: 1850
Batch 23;INFO;2020-04-06 13:11:34;    3.1 Uploaded Counter Iteration: 1900
Batch 23;INFO;2020-04-06 13:14:54;    3.1 Uploaded Counter Iteration: 1950
Batch 23;INFO;2020-04-06 13:15:58;    3.1 Uploaded Counter Iteration: 2000
Batch 23;INFO;2020-04-06 13:19:05;    3.1 Uploaded Counter Iteration: 2050
Batch 23;INFO;2020-04-06 13:20:46;    3.1 Uploaded Counter Iteration: 2100
Batch 23;INFO;2020-04-06 13:23:21;    3.1 Uploaded Counter Iteration: 2150
Batch 23;INFO;2020-04-06 13:25:36;    3.1 Uploaded Counter Iteration: 2200
Batch 23;INFO;2020-04-06 13:27:51;    3.1 Uploaded Counter Iteration: 2250
Batch 23;INFO;2020-04-06 13:30:25;    3.1 Uploaded Counter Iteration: 2300
Batch 23;INFO;2020-04-06 13:32:09;    3.1 Uploaded Counter Iteration: 2350
Batch 23;INFO;2020-04-06 13:35:18;    3.1 Uploaded Counter Iteration: 2400
Batch 23;INFO;2020-04-06 13:36:39;    3.1 Uploaded Counter Iteration: 2450
Batch 23;INFO;2020-04-06 13:40:08;    3.1 Uploaded Counter Iteration: 2500
Batch 23;INFO;2020-04-06 13:41:07;    3.1 Uploaded Counter Iteration: 2550
Batch 23;INFO;2020-04-06 13:44:34;    3.1 Uploaded Counter Iteration: 2600
Batch 23;INFO;2020-04-06 13:45:55;    3.1 Uploaded Counter Iteration: 2650
Batch 23;INFO;2020-04-06 13:48:56;    3.1 Uploaded Counter Iteration: 2700
Batch 23;INFO;2020-04-06 13:50:46;    3.1 Uploaded Counter Iteration: 2750
Batch 23;INFO;2020-04-06 13:53:26;    3.1 Uploaded Counter Iteration: 2800
Batch 23;INFO;2020-04-06 13:55:37;    3.1 Uploaded Counter Iteration: 2850
Batch 23;INFO;2020-04-06 13:57:55;    3.1 Uploaded Counter Iteration: 2900
Batch 23;INFO;2020-04-06 14:00:27;    3.1 Uploaded Counter Iteration: 2950
Batch 23;INFO;2020-04-06 14:02:21;    3.1 Uploaded Counter Iteration: 3000
Batch 23;INFO;2020-04-06 14:05:20;    3.1 Uploaded Counter Iteration: 3050
Batch 23;INFO;2020-04-06 14:06:45;    3.1 Uploaded Counter Iteration: 3100
Batch 23;INFO;2020-04-06 14:10:10;    3.1 Uploaded Counter Iteration: 3150
Batch 23;INFO;2020-04-06 14:11:06;    3.1 Uploaded Counter Iteration: 3200
Batch 23;INFO;2020-04-06 14:14:28;    3.1 Uploaded Counter Iteration: 3250
Batch 23;INFO;2020-04-06 14:15:51;    3.1 Uploaded Counter Iteration: 3300
Batch 23;INFO;2020-04-06 14:18:49;    3.1 Uploaded Counter Iteration: 3350
Batch 23;INFO;2020-04-06 14:20:51;    3.1 Uploaded Counter Iteration: 3400
Batch 23;INFO;2020-04-06 14:23:49;    3.1 Uploaded Counter Iteration: 3450
Batch 23;INFO;2020-04-06 14:25:44;    3.1 Uploaded Counter Iteration: 3500
Batch 23;INFO;2020-04-06 14:28:13;    3.1 Uploaded Counter Iteration: 3550
Batch 23;INFO;2020-04-06 14:30:33;    3.1 Uploaded Counter Iteration: 3600
Batch 23;INFO;2020-04-06 14:32:29;    3.1 Uploaded Counter Iteration: 3650
Batch 23;INFO;2020-04-06 14:35:23;    3.1 Uploaded Counter Iteration: 3700
Batch 23;INFO;2020-04-06 14:37:00;    3.1 Uploaded Counter Iteration: 3750
Batch 23;INFO;2020-04-06 14:40:12;    3.1 Uploaded Counter Iteration: 3800
Batch 23;INFO;2020-04-06 14:41:12;    3.1 Uploaded Counter Iteration: 3850
Batch 23;INFO;2020-04-06 14:44:45;    3.1 Uploaded Counter Iteration: 3900
Batch 23;INFO;2020-04-06 14:45:59;    3.1 Uploaded Counter Iteration: 3950
Batch 23;INFO;2020-04-06 14:49:17;    3.1 Uploaded Counter Iteration: 4000
Batch 23;INFO;2020-04-06 14:50:54;    3.1 Uploaded Counter Iteration: 4050
Batch 23;INFO;2020-04-06 14:54:04;    3.1 Uploaded Counter Iteration: 4100
Batch 23;INFO;2020-04-06 14:55:49;    3.1 Uploaded Counter Iteration: 4150
Batch 23;INFO;2020-04-06 14:58:38;    3.1 Uploaded Counter Iteration: 4200
Batch 23;INFO;2020-04-06 15:00:40;    3.1 Uploaded Counter Iteration: 4250
Batch 23;INFO;2020-04-06 15:03:08;    3.1 Uploaded Counter Iteration: 4300
Batch 23;INFO;2020-04-06 15:05:30;    3.1 Uploaded Counter Iteration: 4350
Batch 23;INFO;2020-04-06 15:07:19;    3.1 Uploaded Counter Iteration: 4400
Batch 23;INFO;2020-04-06 15:10:18;    3.1 Uploaded Counter Iteration: 4450
Batch 23;INFO;2020-04-06 15:11:34;    3.1 Uploaded Counter Iteration: 4500
Batch 23;INFO;2020-04-06 15:15:03;    3.1 Uploaded Counter Iteration: 4550
Batch 23;INFO;2020-04-06 15:16:02;    3.1 Uploaded Counter Iteration: 4600
Batch 23;INFO;2020-04-06 15:19:19;    3.1 Uploaded Counter Iteration: 4650
Batch 23;INFO;2020-04-06 15:20:51;    3.1 Uploaded Counter Iteration: 4700
Batch 23;INFO;2020-04-06 15:23:44;    3.1 Uploaded Counter Iteration: 4750
Batch 23;INFO;2020-04-06 15:25:44;    3.1 Uploaded Counter Iteration: 4800
Batch 23;INFO;2020-04-06 15:28:12;    3.1 Uploaded Counter Iteration: 4850
Batch 23;INFO;2020-04-06 15:30:38;    3.1 Uploaded Counter Iteration: 4900
Batch 23;INFO;2020-04-06 15:32:53;    3.1 Uploaded Counter Iteration: 4950
Batch 23;INFO;2020-04-06 15:35:31;    3.1 Uploaded Counter Iteration: 5000
Batch 23;INFO;2020-04-06 15:37:33;    3.1 Uploaded Counter Iteration: 5050
Batch 23;INFO;2020-04-06 15:40:23;    3.1 Uploaded Counter Iteration: 5100
Batch 23;INFO;2020-04-06 15:41:57;    3.1 Uploaded Counter Iteration: 5150
Batch 23;INFO;2020-04-06 15:45:15;    3.1 Uploaded Counter Iteration: 5200
Batch 23;INFO;2020-04-06 15:46:27;    3.1 Uploaded Counter Iteration: 5250
Batch 23;INFO;2020-04-06 15:49:55;    3.1 Uploaded Counter Iteration: 5300
Batch 23;INFO;2020-04-06 15:51:01;    3.1 Uploaded Counter Iteration: 5350
Batch 23;INFO;2020-04-06 15:54:09;    3.1 Uploaded Counter Iteration: 5400
Batch 23;INFO;2020-04-06 15:55:48;    3.1 Uploaded Counter Iteration: 5450
Batch 23;INFO;2020-04-06 15:58:33;    3.1 Uploaded Counter Iteration: 5500
Batch 23;INFO;2020-04-06 16:00:40;    3.1 Uploaded Counter Iteration: 5550
Batch 23;INFO;2020-04-06 16:02:54;    3.1 Uploaded Counter Iteration: 5600
Batch 23;INFO;2020-04-06 16:05:30;    3.1 Uploaded Counter Iteration: 5650
Batch 23;INFO;2020-04-06 16:07:28;    3.1 Uploaded Counter Iteration: 5700
Batch 23;INFO;2020-04-06 16:10:20;    3.1 Uploaded Counter Iteration: 5750
Batch 23;INFO;2020-04-06 16:11:36;    3.1 Uploaded Counter Iteration: 5800
Batch 23;INFO;2020-04-06 16:15:10;    3.1 Uploaded Counter Iteration: 5850
Batch 23;INFO;2020-04-06 16:16:11;    3.1 Uploaded Counter Iteration: 5900
Batch 23;INFO;2020-04-06 16:19:40;    3.1 Uploaded Counter Iteration: 5950
Batch 23;INFO;2020-04-06 16:20:55;    3.1 Uploaded Counter Iteration: 6000
Batch 23;INFO;2020-04-06 16:23:55;    3.1 Uploaded Counter Iteration: 6050
Batch 23;INFO;2020-04-06 16:25:46;    3.1 Uploaded Counter Iteration: 6100
Batch 23;INFO;2020-04-06 16:28:26;    3.1 Uploaded Counter Iteration: 6150
Batch 23;INFO;2020-04-06 16:30:36;    3.1 Uploaded Counter Iteration: 6200
Batch 23;INFO;2020-04-06 16:32:53;    3.1 Uploaded Counter Iteration: 6250
Batch 23;INFO;2020-04-06 16:35:29;    3.1 Uploaded Counter Iteration: 6300
Batch 23;INFO;2020-04-06 16:37:28;    3.1 Uploaded Counter Iteration: 6350
Batch 23;INFO;2020-04-06 16:40:23;    3.1 Uploaded Counter Iteration: 6400
Batch 23;INFO;2020-04-06 16:41:51;    3.1 Uploaded Counter Iteration: 6450
Batch 23;INFO;2020-04-06 16:45:11;    3.1 Uploaded Counter Iteration: 6500
Batch 23;INFO;2020-04-06 16:46:09;    3.1 Uploaded Counter Iteration: 6550
Batch 23;INFO;2020-04-06 16:49:35;    3.1 Uploaded Counter Iteration: 6600
Batch 23;INFO;2020-04-06 16:50:55;    3.1 Uploaded Counter Iteration: 6650
Batch 23;INFO;2020-04-06 16:54:07;    3.1 Uploaded Counter Iteration: 6700
Batch 23;INFO;2020-04-06 16:55:49;    3.1 Uploaded Counter Iteration: 6750
Batch 23;INFO;2020-04-06 16:58:41;    3.1 Uploaded Counter Iteration: 6800
Batch 23;INFO;2020-04-06 17:00:40;    3.1 Uploaded Counter Iteration: 6850
Batch 23;INFO;2020-04-06 17:03:10;    3.1 Uploaded Counter Iteration: 6900
Batch 23;INFO;2020-04-06 17:05:34;    3.1 Uploaded Counter Iteration: 6950
Batch 23;INFO;2020-04-06 17:07:37;    3.1 Uploaded Counter Iteration: 7000
Batch 23;INFO;2020-04-06 17:10:23;    3.1 Uploaded Counter Iteration: 7050
Batch 23;INFO;2020-04-06 17:12:05;    3.1 Uploaded Counter Iteration: 7100
Batch 23;INFO;2020-04-06 17:15:15;    3.1 Uploaded Counter Iteration: 7150
Batch 23;INFO;2020-04-06 17:16:28;    3.1 Uploaded Counter Iteration: 7200
Batch 23;INFO;2020-04-06 17:20:04;    3.1 Uploaded Counter Iteration: 7250
Batch 23;INFO;2020-04-06 17:21:04;    3.1 Uploaded Counter Iteration: 7300
Batch 23;INFO;2020-04-06 17:24:30;    3.1 Uploaded Counter Iteration: 7350
Batch 23;INFO;2020-04-06 17:25:54;    3.1 Uploaded Counter Iteration: 7400
Batch 23;INFO;2020-04-06 17:28:47;    3.1 Uploaded Counter Iteration: 7450
Batch 23;INFO;2020-04-06 17:30:44;    3.1 Uploaded Counter Iteration: 7500
Batch 23;INFO;2020-04-06 17:33:26;    3.1 Uploaded Counter Iteration: 7550
Batch 23;INFO;2020-04-06 17:35:38;    3.1 Uploaded Counter Iteration: 7600
Batch 23;INFO;2020-04-06 17:37:50;    3.1 Uploaded Counter Iteration: 7650
Batch 23;INFO;2020-04-06 17:40:29;    3.1 Uploaded Counter Iteration: 7700
Batch 23;INFO;2020-04-06 17:42:14;    3.1 Uploaded Counter Iteration: 7750
Batch 23;INFO;2020-04-06 17:45:18;    3.1 Uploaded Counter Iteration: 7800
Batch 23;INFO;2020-04-06 17:46:25;    3.1 Uploaded Counter Iteration: 7850
Batch 23;INFO;2020-04-06 17:49:59;    3.1 Uploaded Counter Iteration: 7900
Batch 23;INFO;2020-04-06 17:51:03;    3.1 Uploaded Counter Iteration: 7950
Batch 23;INFO;2020-04-06 17:54:24;    3.1 Uploaded Counter Iteration: 8000
Batch 23;INFO;2020-04-06 17:55:53;    3.1 Uploaded Counter Iteration: 8050
Batch 23;INFO;2020-04-06 17:58:51;    3.1 Uploaded Counter Iteration: 8100
Batch 23;INFO;2020-04-06 18:00:43;    3.1 Uploaded Counter Iteration: 8150
Batch 23;INFO;2020-04-06 18:03:07;    3.1 Uploaded Counter Iteration: 8200
Batch 23;INFO;2020-04-06 18:05:36;    3.1 Uploaded Counter Iteration: 8250
Batch 23;INFO;2020-04-06 18:07:58;    3.1 Uploaded Counter Iteration: 8300
Batch 23;INFO;2020-04-06 18:10:29;    3.1 Uploaded Counter Iteration: 8350
Batch 23;INFO;2020-04-06 18:12:25;    3.1 Uploaded Counter Iteration: 8400
Batch 23;INFO;2020-04-06 18:15:18;    3.1 Uploaded Counter Iteration: 8450
Batch 23;INFO;2020-04-06 18:16:37;    3.1 Uploaded Counter Iteration: 8500
Batch 23;INFO;2020-04-06 18:20:11;    3.1 Uploaded Counter Iteration: 8550
Batch 23;INFO;2020-04-06 18:21:13;    3.1 Uploaded Counter Iteration: 8600
Batch 23;INFO;2020-04-06 18:24:47;    3.1 Uploaded Counter Iteration: 8650
Batch 23;INFO;2020-04-06 18:26:00;    3.1 Uploaded Counter Iteration: 8700
Batch 23;INFO;2020-04-06 18:29:19;    3.1 Uploaded Counter Iteration: 8750
Batch 23;INFO;2020-04-06 18:30:53;    3.1 Uploaded Counter Iteration: 8800
Batch 23;INFO;2020-04-06 18:33:44;    3.1 Uploaded Counter Iteration: 8850
Batch 23;INFO;2020-04-06 18:35:42;    3.1 Uploaded Counter Iteration: 8900
Batch 23;INFO;2020-04-06 18:38:13;    3.1 Uploaded Counter Iteration: 8950
Batch 23;INFO;2020-04-06 18:40:33;    3.1 Uploaded Counter Iteration: 9000
Batch 23;INFO;2020-04-06 18:42:32;    3.1 Uploaded Counter Iteration: 9050
Batch 23;INFO;2020-04-06 18:45:23;    3.1 Uploaded Counter Iteration: 9100
Batch 23;INFO;2020-04-06 18:46:54;    3.1 Uploaded Counter Iteration: 9150
Batch 23;INFO;2020-04-06 18:50:12;    3.1 Uploaded Counter Iteration: 9200
Batch 23;INFO;2020-04-06 18:51:28;    3.1 Uploaded Counter Iteration: 9250
Batch 23;INFO;2020-04-06 18:55:10;    3.1 Uploaded Counter Iteration: 9300
Batch 23;INFO;2020-04-06 18:56:10;    3.1 Uploaded Counter Iteration: 9350
Batch 23;INFO;2020-04-06 18:59:34;    3.1 Uploaded Counter Iteration: 9400
Batch 23;INFO;2020-04-06 19:00:59;    3.1 Uploaded Counter Iteration: 9450
Batch 23;INFO;2020-04-06 19:04:17;    3.1 Uploaded Counter Iteration: 9500
Batch 23;INFO;2020-04-06 19:05:58;    3.1 Uploaded Counter Iteration: 9550
Batch 23;INFO;2020-04-06 19:08:48;    3.1 Uploaded Counter Iteration: 9600
Batch 23;INFO;2020-04-06 19:10:42;    3.1 Uploaded Counter Iteration: 9650
Batch 23;INFO;2020-04-06 19:13:04;    3.1 Uploaded Counter Iteration: 9700
Batch 23;INFO;2020-04-06 19:15:33;    3.1 Uploaded Counter Iteration: 9750
Batch 23;INFO;2020-04-06 19:17:36;    3.1 Uploaded Counter Iteration: 9800
Batch 23;INFO;2020-04-06 19:20:26;    3.1 Uploaded Counter Iteration: 9850
Batch 23;INFO;2020-04-06 19:22:13;    3.1 Uploaded Counter Iteration: 9900
Batch 23;INFO;2020-04-06 19:25:17;    3.1 Uploaded Counter Iteration: 9950
Batch 23;INFO;2020-04-06 19:26:39;    3.1 Uploaded Counter Iteration: 10000
Batch 23;INFO;2020-04-06 19:30:09;    3.1 Uploaded Counter Iteration: 10050
Batch 23;INFO;2020-04-06 19:31:13;    3.1 Uploaded Counter Iteration: 10100
Batch 23;INFO;2020-04-06 19:34:52;    3.1 Uploaded Counter Iteration: 10150
Batch 23;INFO;2020-04-06 19:36:04;    3.1 Uploaded Counter Iteration: 10200
Batch 23;INFO;2020-04-06 19:39:33;    3.1 Uploaded Counter Iteration: 10250
Batch 23;INFO;2020-04-06 19:40:55;    3.1 Uploaded Counter Iteration: 10300
Batch 23;INFO;2020-04-06 19:43:48;    3.1 Uploaded Counter Iteration: 10350
Batch 23;INFO;2020-04-06 19:45:46;    3.1 Uploaded Counter Iteration: 10400
Batch 23;INFO;2020-04-06 19:48:22;    3.1 Uploaded Counter Iteration: 10450
Batch 23;INFO;2020-04-06 19:50:38;    3.1 Uploaded Counter Iteration: 10500
Batch 23;INFO;2020-04-06 19:52:55;    3.1 Uploaded Counter Iteration: 10550
Batch 23;INFO;2020-04-06 19:55:29;    3.1 Uploaded Counter Iteration: 10600
Batch 23;INFO;2020-04-06 19:57:17;    3.1 Uploaded Counter Iteration: 10650
Batch 23;INFO;2020-04-06 20:00:20;    3.1 Uploaded Counter Iteration: 10700
Batch 23;INFO;2020-04-06 20:01:36;    3.1 Uploaded Counter Iteration: 10750
Batch 23;INFO;2020-04-06 20:05:05;    3.1 Uploaded Counter Iteration: 10800
Batch 23;INFO;2020-04-06 20:06:04;    3.1 Uploaded Counter Iteration: 10850
Batch 23;INFO;2020-04-06 20:09:20;    3.1 Uploaded Counter Iteration: 10900
Batch 23;INFO;2020-04-06 20:10:52;    3.1 Uploaded Counter Iteration: 10950
Batch 23;INFO;2020-04-06 20:13:44;    3.1 Uploaded Counter Iteration: 11000
Batch 23;INFO;2020-04-06 20:15:45;    3.1 Uploaded Counter Iteration: 11050
Batch 23;INFO;2020-04-06 20:18:16;    3.1 Uploaded Counter Iteration: 11100
Batch 23;INFO;2020-04-06 20:20:34;    3.1 Uploaded Counter Iteration: 11150
Batch 23;INFO;2020-04-06 20:22:31;    3.1 Uploaded Counter Iteration: 11200
Batch 23;INFO;2020-04-06 20:25:21;    3.1 Uploaded Counter Iteration: 11250
Batch 23;INFO;2020-04-06 20:26:43;    3.1 Uploaded Counter Iteration: 11300
Batch 23;INFO;2020-04-06 20:30:06;    3.1 Uploaded Counter Iteration: 11350
Batch 23;INFO;2020-04-06 20:31:03;    3.1 Uploaded Counter Iteration: 11400
Batch 23;INFO;2020-04-06 20:34:22;    3.1 Uploaded Counter Iteration: 11450
Batch 23;INFO;2020-04-06 20:35:52;    3.1 Uploaded Counter Iteration: 11500
Batch 23;INFO;2020-04-06 20:38:48;    3.1 Uploaded Counter Iteration: 11550
Batch 23;INFO;2020-04-06 20:40:43;    3.1 Uploaded Counter Iteration: 11600
Batch 23;INFO;2020-04-06 20:43:14;    3.1 Uploaded Counter Iteration: 11650
Batch 23;INFO;2020-04-06 20:45:37;    3.1 Uploaded Counter Iteration: 11700
Batch 23;INFO;2020-04-06 20:47:52;    3.1 Uploaded Counter Iteration: 11750
Batch 23;INFO;2020-04-06 20:50:27;    3.1 Uploaded Counter Iteration: 11800
Batch 23;INFO;2020-04-06 20:52:13;    3.1 Uploaded Counter Iteration: 11850
Batch 23;INFO;2020-04-06 20:55:18;    3.1 Uploaded Counter Iteration: 11900
Batch 23;INFO;2020-04-06 20:56:36;    3.1 Uploaded Counter Iteration: 11950
Batch 23;INFO;2020-04-06 21:00:11;    3.1 Uploaded Counter Iteration: 12000
Batch 23;INFO;2020-04-06 21:01:23;    3.1 Uploaded Counter Iteration: 12050
Batch 23;INFO;2020-04-06 21:04:53;    3.1 Uploaded Counter Iteration: 12100
Batch 23;INFO;2020-04-06 21:06:02;    3.1 Uploaded Counter Iteration: 12150
Batch 23;INFO;2020-04-06 21:09:17;    3.1 Uploaded Counter Iteration: 12200
Batch 23;INFO;2020-04-06 21:10:50;    3.1 Uploaded Counter Iteration: 12250
Batch 23;INFO;2020-04-06 21:13:35;    3.1 Uploaded Counter Iteration: 12300
Batch 23;INFO;2020-04-06 21:15:39;    3.1 Uploaded Counter Iteration: 12350
Batch 23;INFO;2020-04-06 21:17:51;    3.1 Uploaded Counter Iteration: 12400
Batch 23;INFO;2020-04-06 21:20:25;    3.1 Uploaded Counter Iteration: 12450
Batch 23;INFO;2020-04-06 21:22:03;    3.1 Uploaded Counter Iteration: 12500
Batch 23;INFO;2020-04-06 21:25:14;    3.1 Uploaded Counter Iteration: 12550
Batch 23;INFO;2020-04-06 21:26:09;    3.1 Uploaded Counter Iteration: 12600
Batch 23;INFO;2020-04-06 21:29:32;    3.1 Uploaded Counter Iteration: 12650
Batch 23;INFO;2020-04-06 21:30:58;    3.1 Uploaded Counter Iteration: 12700
Batch 23;INFO;2020-04-06 21:34:07;    3.1 Uploaded Counter Iteration: 12750
Batch 23;INFO;2020-04-06 21:35:49;    3.1 Uploaded Counter Iteration: 12800
Batch 23;INFO;2020-04-06 21:38:25;    3.1 Uploaded Counter Iteration: 12850
Batch 23;INFO;2020-04-06 21:40:38;    3.1 Uploaded Counter Iteration: 12900
Batch 23;INFO;2020-04-06 21:42:51;    3.1 Uploaded Counter Iteration: 12950
Batch 23;INFO;2020-04-06 21:45:30;    3.1 Uploaded Counter Iteration: 13000
Batch 23;INFO;2020-04-06 21:47:28;    3.1 Uploaded Counter Iteration: 13050
Batch 23;INFO;2020-04-06 21:50:21;    3.1 Uploaded Counter Iteration: 13100
Batch 23;INFO;2020-04-06 21:51:56;    3.1 Uploaded Counter Iteration: 13150
Batch 23;INFO;2020-04-06 21:55:19;    3.1 Uploaded Counter Iteration: 13200
Batch 23;INFO;2020-04-06 21:56:33;    3.1 Uploaded Counter Iteration: 13250
Batch 23;INFO;2020-04-06 22:00:06;    3.1 Uploaded Counter Iteration: 13300
Batch 23;INFO;2020-04-06 22:01:02;    3.1 Uploaded Counter Iteration: 13350
Batch 23;INFO;2020-04-06 22:04:08;    3.1 Uploaded Counter Iteration: 13400
Batch 23;INFO;2020-04-06 22:05:51;    3.1 Uploaded Counter Iteration: 13450
Batch 23;INFO;2020-04-06 22:08:37;    3.1 Uploaded Counter Iteration: 13500
Batch 23;INFO;2020-04-06 22:10:34;    3.1 Uploaded Counter Iteration: 13550
Batch 23;INFO;2020-04-06 22:12:45;    3.1 Uploaded Counter Iteration: 13600
Batch 23;INFO;2020-04-06 22:15:24;    3.1 Uploaded Counter Iteration: 13650
Batch 23;INFO;2020-04-06 22:16:57;    3.1 Uploaded Counter Iteration: 13700
Batch 23;INFO;2020-04-06 22:20:08;    3.1 Uploaded Counter Iteration: 13750
Batch 23;INFO;2020-04-06 22:21:05;    3.1 Uploaded Counter Iteration: 13800
Batch 23;INFO;2020-04-06 22:24:37;    3.1 Uploaded Counter Iteration: 13850
Batch 23;INFO;2020-04-06 22:25:52;    3.1 Uploaded Counter Iteration: 13900
Batch 23;INFO;2020-04-06 22:28:50;    3.1 Uploaded Counter Iteration: 13950
Batch 23;INFO;2020-04-06 22:30:39;    3.1 Uploaded Counter Iteration: 14000
Batch 23;INFO;2020-04-06 22:32:59;    3.1 Uploaded Counter Iteration: 14050
Batch 23;INFO;2020-04-06 22:35:26;    3.1 Uploaded Counter Iteration: 14100
Batch 23;INFO;2020-04-06 22:37:19;    3.1 Uploaded Counter Iteration: 14150
Batch 23;INFO;2020-04-06 22:40:14;    3.1 Uploaded Counter Iteration: 14200
Batch 23;INFO;2020-04-06 22:41:33;    3.1 Uploaded Counter Iteration: 14250
Batch 23;INFO;2020-04-06 22:45:06;    3.1 Uploaded Counter Iteration: 14300
Batch 23;INFO;2020-04-06 22:46:12;    3.1 Uploaded Counter Iteration: 14350
Batch 23;INFO;2020-04-06 22:49:46;    3.1 Uploaded Counter Iteration: 14400
Batch 23;INFO;2020-04-06 22:50:54;    3.1 Uploaded Counter Iteration: 14450
Batch 23;INFO;2020-04-06 22:53:57;    3.1 Uploaded Counter Iteration: 14500
Batch 23;INFO;2020-04-06 22:55:40;    3.1 Uploaded Counter Iteration: 14550
Batch 23;INFO;2020-04-06 22:58:00;    3.1 Uploaded Counter Iteration: 14600
Batch 23;INFO;2020-04-06 23:00:26;    3.1 Uploaded Counter Iteration: 14650
Batch 23;INFO;2020-04-06 23:02:27;    3.1 Uploaded Counter Iteration: 14700
Batch 23;INFO;2020-04-06 23:05:17;    3.1 Uploaded Counter Iteration: 14750
Batch 23;INFO;2020-04-06 23:06:47;    3.1 Uploaded Counter Iteration: 14800
Batch 23;INFO;2020-04-06 23:10:07;    3.1 Uploaded Counter Iteration: 14850
Batch 23;INFO;2020-04-06 23:11:04;    3.1 Uploaded Counter Iteration: 14900
Batch 23;INFO;2020-04-06 23:14:25;    3.1 Uploaded Counter Iteration: 14950
Batch 23;INFO;2020-04-06 23:15:51;    3.1 Uploaded Counter Iteration: 15000
Batch 23;INFO;2020-04-06 23:18:40;    3.1 Uploaded Counter Iteration: 15050
Batch 23;INFO;2020-04-06 23:20:37;    3.1 Uploaded Counter Iteration: 15100
Batch 23;INFO;2020-04-06 23:22:53;    3.1 Uploaded Counter Iteration: 15150
Batch 23;INFO;2020-04-06 23:25:25;    3.1 Uploaded Counter Iteration: 15200
Batch 23;INFO;2020-04-06 23:27:11;    3.1 Uploaded Counter Iteration: 15250
Batch 23;INFO;2020-04-06 23:30:14;    3.1 Uploaded Counter Iteration: 15300
Batch 23;INFO;2020-04-06 23:31:31;    3.1 Uploaded Counter Iteration: 15350
Batch 23;INFO;2020-04-06 23:34:54;    3.1 Uploaded Counter Iteration: 15400
Batch 23;INFO;2020-04-06 23:35:57;    3.1 Uploaded Counter Iteration: 15450
Batch 23;INFO;2020-04-06 23:39:19;    3.1 Uploaded Counter Iteration: 15500
Batch 23;INFO;2020-04-06 23:40:48;    3.1 Uploaded Counter Iteration: 15550
Batch 23;INFO;2020-04-06 23:43:31;    3.1 Uploaded Counter Iteration: 15600
Batch 23;INFO;2020-04-06 23:45:34;    3.1 Uploaded Counter Iteration: 15650
Batch 23;INFO;2020-04-06 23:47:47;    3.1 Uploaded Counter Iteration: 15700
Batch 23;INFO;2020-04-06 23:50:22;    3.1 Uploaded Counter Iteration: 15750
Batch 23;INFO;2020-04-06 23:52:07;    3.1 Uploaded Counter Iteration: 15800
Batch 23;INFO;2020-04-06 23:55:14;    3.1 Uploaded Counter Iteration: 15850
Batch 23;INFO;2020-04-06 23:56:43;    3.1 Uploaded Counter Iteration: 15900
Batch 23;INFO;2020-04-07 00:00:07;    3.1 Uploaded Counter Iteration: 15950
Batch 23;INFO;2020-04-07 00:01:11;    3.1 Uploaded Counter Iteration: 16000
Batch 23;INFO;2020-04-07 00:04:58;    3.1 Uploaded Counter Iteration: 16050
Batch 23;INFO;2020-04-07 00:06:03;    3.1 Uploaded Counter Iteration: 16100
Batch 23;INFO;2020-04-07 00:09:24;    3.1 Uploaded Counter Iteration: 16150
Batch 23;INFO;2020-04-07 00:10:48;    3.1 Uploaded Counter Iteration: 16200
Batch 23;INFO;2020-04-07 00:13:49;    3.1 Uploaded Counter Iteration: 16250
Batch 23;INFO;2020-04-07 00:15:39;    3.1 Uploaded Counter Iteration: 16300
Batch 23;INFO;2020-04-07 00:18:03;    3.1 Uploaded Counter Iteration: 16350
Batch 23;INFO;2020-04-07 00:20:24;    3.1 Uploaded Counter Iteration: 16400
Batch 23;INFO;2020-04-07 00:22:16;    3.1 Uploaded Counter Iteration: 16450
Batch 23;INFO;2020-04-07 00:25:13;    3.1 Uploaded Counter Iteration: 16500
Batch 23;INFO;2020-04-07 00:26:20;    3.1 Uploaded Counter Iteration: 16550
Batch 23;INFO;2020-04-07 00:29:43;    3.1 Uploaded Counter Iteration: 16600
Batch 23;INFO;2020-04-07 00:30:57;    3.1 Uploaded Counter Iteration: 16650
Batch 23;INFO;2020-04-07 00:34:05;    3.1 Uploaded Counter Iteration: 16700
Batch 23;INFO;2020-04-07 00:35:46;    3.1 Uploaded Counter Iteration: 16750
Batch 23;INFO;2020-04-07 00:38:27;    3.1 Uploaded Counter Iteration: 16800
Batch 23;INFO;2020-04-07 00:40:33;    3.1 Uploaded Counter Iteration: 16850
Batch 23;INFO;2020-04-07 00:42:44;    3.1 Uploaded Counter Iteration: 16900
Batch 23;INFO;2020-04-07 00:45:22;    3.1 Uploaded Counter Iteration: 16950
Batch 23;INFO;2020-04-07 00:47:07;    3.1 Uploaded Counter Iteration: 17000
Batch 23;INFO;2020-04-07 00:50:11;    3.1 Uploaded Counter Iteration: 17050
Batch 23;INFO;2020-04-07 00:51:12;    3.1 Uploaded Counter Iteration: 17100
Batch 23;INFO;2020-04-07 00:54:38;    3.1 Uploaded Counter Iteration: 17150
Batch 23;INFO;2020-04-07 00:55:54;    3.1 Uploaded Counter Iteration: 17200
Batch 23;INFO;2020-04-07 00:58:48;    3.1 Uploaded Counter Iteration: 17250
Batch 23;INFO;2020-04-07 01:00:39;    3.1 Uploaded Counter Iteration: 17300
Batch 23;INFO;2020-04-07 01:02:54;3 Starting webscrapping... (Completed)
Batch 23;INFO;2020-04-07 01:02:54;5. Succesfully run batch: 23
