Module;Type;Date;Details;Time;Error Type;Error Details;Error Line
Batch 24;INFO;2020-04-07 01:03:00;1. Select all songs in nonmatch-query (S3)
Batch 24;INFO;2020-04-07 01:03:00;1. Select all songs in nonmatch-query (S3) (Completed)
Batch 24;INFO;2020-04-07 01:03:00;3 Starting webscrapping...
Batch 24;INFO;2020-04-07 01:03:26;    3.0 ERROR: Error in iteration : 5
Batch 24;INFO;2020-04-07 01:05:29;    3.1 Uploaded Counter Iteration: 50
Batch 24;INFO;2020-04-07 01:07:25;    3.1 Uploaded Counter Iteration: 100
Batch 24;INFO;2020-04-07 01:10:12;    3.1 Uploaded Counter Iteration: 150
Batch 24;INFO;2020-04-07 01:11:24;    3.1 Uploaded Counter Iteration: 200
Batch 24;INFO;2020-04-07 01:14:44;    3.1 Uploaded Counter Iteration: 250
Batch 24;INFO;2020-04-07 01:15:53;    3.1 Uploaded Counter Iteration: 300
Batch 24;INFO;2020-04-07 01:18:52;    3.1 Uploaded Counter Iteration: 350
Batch 24;INFO;2020-04-07 01:20:42;    3.1 Uploaded Counter Iteration: 400
Batch 24;INFO;2020-04-07 01:23:09;    3.1 Uploaded Counter Iteration: 450
Batch 24;INFO;2020-04-07 01:25:32;    3.1 Uploaded Counter Iteration: 500
Batch 24;INFO;2020-04-07 01:27:47;    3.1 Uploaded Counter Iteration: 550
Batch 24;INFO;2020-04-07 01:30:27;    3.1 Uploaded Counter Iteration: 600
Batch 24;INFO;2020-04-07 01:32:20;    3.1 Uploaded Counter Iteration: 650
Batch 24;INFO;2020-04-07 01:35:14;    3.1 Uploaded Counter Iteration: 700
Batch 24;INFO;2020-04-07 01:36:31;    3.1 Uploaded Counter Iteration: 750
Batch 24;INFO;2020-04-07 01:39:53;    3.1 Uploaded Counter Iteration: 800
Batch 24;INFO;2020-04-07 01:40:57;    3.1 Uploaded Counter Iteration: 850
Batch 24;INFO;2020-04-07 01:44:03;    3.1 Uploaded Counter Iteration: 900
Batch 24;INFO;2020-04-07 01:45:43;    3.1 Uploaded Counter Iteration: 950
Batch 24;INFO;2020-04-07 01:48:21;    3.1 Uploaded Counter Iteration: 1000
Batch 24;INFO;2020-04-07 01:50:33;    3.1 Uploaded Counter Iteration: 1050
Batch 24;INFO;2020-04-07 01:52:38;    3.1 Uploaded Counter Iteration: 1100
Batch 24;INFO;2020-04-07 01:55:21;    3.1 Uploaded Counter Iteration: 1150
Batch 24;INFO;2020-04-07 01:56:53;    3.1 Uploaded Counter Iteration: 1200
Batch 24;INFO;2020-04-07 02:00:08;    3.1 Uploaded Counter Iteration: 1250
Batch 24;INFO;2020-04-07 02:01:04;    3.1 Uploaded Counter Iteration: 1300
Batch 24;INFO;2020-04-07 02:04:29;    3.1 Uploaded Counter Iteration: 1350
Batch 24;INFO;2020-04-07 02:05:48;    3.1 Uploaded Counter Iteration: 1400
Batch 24;INFO;2020-04-07 02:08:27;    3.1 Uploaded Counter Iteration: 1450
Batch 24;INFO;2020-04-07 02:10:35;    3.1 Uploaded Counter Iteration: 1500
Batch 24;INFO;2020-04-07 02:12:48;    3.1 Uploaded Counter Iteration: 1550
Batch 24;INFO;2020-04-07 02:15:24;    3.1 Uploaded Counter Iteration: 1600
Batch 24;INFO;2020-04-07 02:17:07;    3.1 Uploaded Counter Iteration: 1650
Batch 24;INFO;2020-04-07 02:20:14;    3.1 Uploaded Counter Iteration: 1700
Batch 24;INFO;2020-04-07 02:21:25;    3.1 Uploaded Counter Iteration: 1750
Batch 24;INFO;2020-04-07 02:24:52;    3.1 Uploaded Counter Iteration: 1800
Batch 24;INFO;2020-04-07 02:25:55;    3.1 Uploaded Counter Iteration: 1850
Batch 24;INFO;2020-04-07 02:29:14;    3.1 Uploaded Counter Iteration: 1900
Batch 24;INFO;2020-04-07 02:30:45;    3.1 Uploaded Counter Iteration: 1950
Batch 24;INFO;2020-04-07 02:33:37;    3.1 Uploaded Counter Iteration: 2000
Batch 24;INFO;2020-04-07 02:35:37;    3.1 Uploaded Counter Iteration: 2050
Batch 24;INFO;2020-04-07 02:37:54;    3.1 Uploaded Counter Iteration: 2100
Batch 24;INFO;2020-04-07 02:40:25;    3.1 Uploaded Counter Iteration: 2150
Batch 24;INFO;2020-04-07 02:42:04;    3.1 Uploaded Counter Iteration: 2200
Batch 24;INFO;2020-04-07 02:45:15;    3.1 Uploaded Counter Iteration: 2250
Batch 24;INFO;2020-04-07 02:46:35;    3.1 Uploaded Counter Iteration: 2300
Batch 24;INFO;2020-04-07 02:49:58;    3.1 Uploaded Counter Iteration: 2350
Batch 24;INFO;2020-04-07 02:50:58;    3.1 Uploaded Counter Iteration: 2400
Batch 24;INFO;2020-04-07 02:54:09;    3.1 Uploaded Counter Iteration: 2450
Batch 24;INFO;2020-04-07 02:55:50;    3.1 Uploaded Counter Iteration: 2500
Batch 24;INFO;2020-04-07 02:58:43;    3.1 Uploaded Counter Iteration: 2550
Batch 24;INFO;2020-04-07 03:00:40;    3.1 Uploaded Counter Iteration: 2600
Batch 24;INFO;2020-04-07 03:03:23;    3.1 Uploaded Counter Iteration: 2650
Batch 24;INFO;2020-04-07 03:05:34;    3.1 Uploaded Counter Iteration: 2700
Batch 24;INFO;2020-04-07 03:07:54;    3.1 Uploaded Counter Iteration: 2750
Batch 24;INFO;2020-04-07 03:10:25;    3.1 Uploaded Counter Iteration: 2800
Batch 24;INFO;2020-04-07 03:12:10;    3.1 Uploaded Counter Iteration: 2850
Batch 24;INFO;2020-04-07 03:15:11;    3.1 Uploaded Counter Iteration: 2900
Batch 24;INFO;2020-04-07 03:16:14;    3.1 Uploaded Counter Iteration: 2950
Batch 24;INFO;2020-04-07 03:19:46;    3.1 Uploaded Counter Iteration: 3000
Batch 24;INFO;2020-04-07 03:21:00;    3.1 Uploaded Counter Iteration: 3050
Batch 24;INFO;2020-04-07 03:24:28;    3.1 Uploaded Counter Iteration: 3100
Batch 24;INFO;2020-04-07 03:25:50;    3.1 Uploaded Counter Iteration: 3150
Batch 24;INFO;2020-04-07 03:28:45;    3.1 Uploaded Counter Iteration: 3200
Batch 24;INFO;2020-04-07 03:30:38;    3.1 Uploaded Counter Iteration: 3250
Batch 24;INFO;2020-04-07 03:33:03;    3.1 Uploaded Counter Iteration: 3300
Batch 24;INFO;2020-04-07 03:35:26;    3.1 Uploaded Counter Iteration: 3350
Batch 24;INFO;2020-04-07 03:37:12;    3.1 Uploaded Counter Iteration: 3400
Batch 24;INFO;2020-04-07 03:40:16;    3.1 Uploaded Counter Iteration: 3450
Batch 24;INFO;2020-04-07 03:41:39;    3.1 Uploaded Counter Iteration: 3500
Batch 24;INFO;2020-04-07 03:44:59;    3.1 Uploaded Counter Iteration: 3550
Batch 24;INFO;2020-04-07 03:45:59;    3.1 Uploaded Counter Iteration: 3600
Batch 24;INFO;2020-04-07 03:49:21;    3.1 Uploaded Counter Iteration: 3650
Batch 24;INFO;2020-04-07 03:50:49;    3.1 Uploaded Counter Iteration: 3700
Batch 24;INFO;2020-04-07 03:53:39;    3.1 Uploaded Counter Iteration: 3750
Batch 24;INFO;2020-04-07 03:55:38;    3.1 Uploaded Counter Iteration: 3800
Batch 24;INFO;2020-04-07 03:57:52;    3.1 Uploaded Counter Iteration: 3850
Batch 24;INFO;2020-04-07 04:00:26;    3.1 Uploaded Counter Iteration: 3900
Batch 24;INFO;2020-04-07 04:02:14;    3.1 Uploaded Counter Iteration: 3950
Batch 24;INFO;2020-04-07 04:05:15;    3.1 Uploaded Counter Iteration: 4000
Batch 24;INFO;2020-04-07 04:06:27;    3.1 Uploaded Counter Iteration: 4050
Batch 24;INFO;2020-04-07 04:09:42;    3.1 Uploaded Counter Iteration: 4100
Batch 24;INFO;2020-04-07 04:10:55;    3.1 Uploaded Counter Iteration: 4150
Batch 24;INFO;2020-04-07 04:13:53;    3.1 Uploaded Counter Iteration: 4200
Batch 24;INFO;2020-04-07 04:15:42;    3.1 Uploaded Counter Iteration: 4250
Batch 24;INFO;2020-04-07 04:18:31;    3.1 Uploaded Counter Iteration: 4300
Batch 24;INFO;2020-04-07 04:20:33;    3.1 Uploaded Counter Iteration: 4350
Batch 24;INFO;2020-04-07 04:22:33;    3.1 Uploaded Counter Iteration: 4400
Batch 24;INFO;2020-04-07 04:25:18;    3.1 Uploaded Counter Iteration: 4450
Batch 24;INFO;2020-04-07 04:26:57;    3.1 Uploaded Counter Iteration: 4500
Batch 24;INFO;2020-04-07 04:30:12;    3.1 Uploaded Counter Iteration: 4550
Batch 24;INFO;2020-04-07 04:31:17;    3.1 Uploaded Counter Iteration: 4600
Batch 24;INFO;2020-04-07 04:34:44;    3.1 Uploaded Counter Iteration: 4650
Batch 24;INFO;2020-04-07 04:35:54;    3.1 Uploaded Counter Iteration: 4700
Batch 24;INFO;2020-04-07 04:38:46;    3.1 Uploaded Counter Iteration: 4750
Batch 24;INFO;2020-04-07 04:40:38;    3.1 Uploaded Counter Iteration: 4800
Batch 24;INFO;2020-04-07 04:43:05;    3.1 Uploaded Counter Iteration: 4850
Batch 24;INFO;2020-04-07 04:45:28;    3.1 Uploaded Counter Iteration: 4900
Batch 24;INFO;2020-04-07 04:47:12;    3.1 Uploaded Counter Iteration: 4950
Batch 24;INFO;2020-04-07 04:50:16;    3.1 Uploaded Counter Iteration: 5000
Batch 24;INFO;2020-04-07 04:51:43;    3.1 Uploaded Counter Iteration: 5050
Batch 24;INFO;2020-04-07 04:55:02;    3.1 Uploaded Counter Iteration: 5100
Batch 24;INFO;2020-04-07 04:56:00;    3.1 Uploaded Counter Iteration: 5150
Batch 24;INFO;2020-04-07 04:59:21;    3.1 Uploaded Counter Iteration: 5200
Batch 24;INFO;2020-04-07 05:00:46;    3.1 Uploaded Counter Iteration: 5250
Batch 24;INFO;2020-04-07 05:03:27;    3.1 Uploaded Counter Iteration: 5300
Batch 24;INFO;2020-04-07 05:05:35;    3.1 Uploaded Counter Iteration: 5350
Batch 24;INFO;2020-04-07 05:07:49;    3.1 Uploaded Counter Iteration: 5400
Batch 24;INFO;2020-04-07 05:10:22;    3.1 Uploaded Counter Iteration: 5450
Batch 24;INFO;2020-04-07 05:11:53;    3.1 Uploaded Counter Iteration: 5500
Batch 24;INFO;2020-04-07 05:15:10;    3.1 Uploaded Counter Iteration: 5550
Batch 24;INFO;2020-04-07 05:16:20;    3.1 Uploaded Counter Iteration: 5600
Batch 24;INFO;2020-04-07 05:19:49;    3.1 Uploaded Counter Iteration: 5650
Batch 24;INFO;2020-04-07 05:20:58;    3.1 Uploaded Counter Iteration: 5700
Batch 24;INFO;2020-04-07 05:24:14;    3.1 Uploaded Counter Iteration: 5750
Batch 24;INFO;2020-04-07 05:25:50;    3.1 Uploaded Counter Iteration: 5800
Batch 24;INFO;2020-04-07 05:28:36;    3.1 Uploaded Counter Iteration: 5850
Batch 24;INFO;2020-04-07 05:30:40;    3.1 Uploaded Counter Iteration: 5900
Batch 24;INFO;2020-04-07 05:33:11;    3.1 Uploaded Counter Iteration: 5950
Batch 24;INFO;2020-04-07 05:35:37;    3.1 Uploaded Counter Iteration: 6000
Batch 24;INFO;2020-04-07 05:37:56;    3.1 Uploaded Counter Iteration: 6050
Batch 24;INFO;2020-04-07 05:40:24;    3.1 Uploaded Counter Iteration: 6100
Batch 24;INFO;2020-04-07 05:42:16;    3.1 Uploaded Counter Iteration: 6150
Batch 24;INFO;2020-04-07 05:45:14;    3.1 Uploaded Counter Iteration: 6200
Batch 24;INFO;2020-04-07 05:46:31;    3.1 Uploaded Counter Iteration: 6250
Batch 24;INFO;2020-04-07 05:50:06;    3.1 Uploaded Counter Iteration: 6300
Batch 24;INFO;2020-04-07 05:51:05;    3.1 Uploaded Counter Iteration: 6350
Batch 24;INFO;2020-04-07 05:54:33;    3.1 Uploaded Counter Iteration: 6400
Batch 24;INFO;2020-04-07 05:55:48;    3.1 Uploaded Counter Iteration: 6450
Batch 24;INFO;2020-04-07 05:58:42;    3.1 Uploaded Counter Iteration: 6500
Batch 24;INFO;2020-04-07 06:00:36;    3.1 Uploaded Counter Iteration: 6550
Batch 24;INFO;2020-04-07 06:02:58;    3.1 Uploaded Counter Iteration: 6600
Batch 24;INFO;2020-04-07 06:05:26;    3.1 Uploaded Counter Iteration: 6650
Batch 24;INFO;2020-04-07 06:07:12;    3.1 Uploaded Counter Iteration: 6700
Batch 24;INFO;2020-04-07 06:10:16;    3.1 Uploaded Counter Iteration: 6750
Batch 24;INFO;2020-04-07 06:11:41;    3.1 Uploaded Counter Iteration: 6800
Batch 24;INFO;2020-04-07 06:15:08;    3.1 Uploaded Counter Iteration: 6850
Batch 24;INFO;2020-04-07 06:16:08;    3.1 Uploaded Counter Iteration: 6900
Batch 24;INFO;2020-04-07 06:19:31;    3.1 Uploaded Counter Iteration: 6950
Batch 24;INFO;2020-04-07 06:20:53;    3.1 Uploaded Counter Iteration: 7000
Batch 24;INFO;2020-04-07 06:23:51;    3.1 Uploaded Counter Iteration: 7050
Batch 24;INFO;2020-04-07 06:25:41;    3.1 Uploaded Counter Iteration: 7100
Batch 24;INFO;2020-04-07 06:28:02;    3.1 Uploaded Counter Iteration: 7150
Batch 24;INFO;2020-04-07 06:30:28;    3.1 Uploaded Counter Iteration: 7200
Batch 24;INFO;2020-04-07 06:32:26;    3.1 Uploaded Counter Iteration: 7250
Batch 24;INFO;2020-04-07 06:35:19;    3.1 Uploaded Counter Iteration: 7300
Batch 24;INFO;2020-04-07 06:36:50;    3.1 Uploaded Counter Iteration: 7350
Batch 24;INFO;2020-04-07 06:40:10;    3.1 Uploaded Counter Iteration: 7400
Batch 24;INFO;2020-04-07 06:41:15;    3.1 Uploaded Counter Iteration: 7450
Batch 24;INFO;2020-04-07 06:44:50;    3.1 Uploaded Counter Iteration: 7500
Batch 24;INFO;2020-04-07 06:45:56;    3.1 Uploaded Counter Iteration: 7550
Batch 24;INFO;2020-04-07 06:49:08;    3.1 Uploaded Counter Iteration: 7600
Batch 24;INFO;2020-04-07 06:50:47;    3.1 Uploaded Counter Iteration: 7650
Batch 24;INFO;2020-04-07 06:53:36;    3.1 Uploaded Counter Iteration: 7700
Batch 24;INFO;2020-04-07 06:55:38;    3.1 Uploaded Counter Iteration: 7750
Batch 24;INFO;2020-04-07 06:57:55;    3.1 Uploaded Counter Iteration: 7800
Batch 24;INFO;2020-04-07 07:00:27;    3.1 Uploaded Counter Iteration: 7850
Batch 24;INFO;2020-04-07 07:02:21;    3.1 Uploaded Counter Iteration: 7900
Batch 24;INFO;2020-04-07 07:05:20;    3.1 Uploaded Counter Iteration: 7950
Batch 24;INFO;2020-04-07 07:06:59;    3.1 Uploaded Counter Iteration: 8000
Batch 24;INFO;2020-04-07 07:10:09;    3.1 Uploaded Counter Iteration: 8050
Batch 24;INFO;2020-04-07 07:11:06;    3.1 Uploaded Counter Iteration: 8100
Batch 24;INFO;2020-04-07 07:14:23;    3.1 Uploaded Counter Iteration: 8150
Batch 24;INFO;2020-04-07 07:15:50;    3.1 Uploaded Counter Iteration: 8200
Batch 24;INFO;2020-04-07 07:18:39;    3.1 Uploaded Counter Iteration: 8250
Batch 24;INFO;2020-04-07 07:20:40;    3.1 Uploaded Counter Iteration: 8300
Batch 24;INFO;2020-04-07 07:23:01;    3.1 Uploaded Counter Iteration: 8350
Batch 24;INFO;2020-04-07 07:25:27;    3.1 Uploaded Counter Iteration: 8400
Batch 24;INFO;2020-04-07 07:27:22;    3.1 Uploaded Counter Iteration: 8450
Batch 24;INFO;2020-04-07 07:30:21;    3.1 Uploaded Counter Iteration: 8500
Batch 24;INFO;2020-04-07 07:31:44;    3.1 Uploaded Counter Iteration: 8550
Batch 24;INFO;2020-04-07 07:35:10;    3.1 Uploaded Counter Iteration: 8600
Batch 24;INFO;2020-04-07 07:36:13;    3.1 Uploaded Counter Iteration: 8650
Batch 24;INFO;2020-04-07 07:39:38;    3.1 Uploaded Counter Iteration: 8700
Batch 24;INFO;2020-04-07 07:40:56;    3.1 Uploaded Counter Iteration: 8750
Batch 24;INFO;2020-04-07 07:44:03;    3.1 Uploaded Counter Iteration: 8800
Batch 24;INFO;2020-04-07 07:45:43;    3.1 Uploaded Counter Iteration: 8850
Batch 24;INFO;2020-04-07 07:48:12;    3.1 Uploaded Counter Iteration: 8900
Batch 24;INFO;2020-04-07 07:50:33;    3.1 Uploaded Counter Iteration: 8950
Batch 24;INFO;2020-04-07 07:52:42;    3.1 Uploaded Counter Iteration: 9000
Batch 24;INFO;2020-04-07 07:55:24;    3.1 Uploaded Counter Iteration: 9050
Batch 24;INFO;2020-04-07 07:57:11;    3.1 Uploaded Counter Iteration: 9100
Batch 24;INFO;2020-04-07 08:00:16;    3.1 Uploaded Counter Iteration: 9150
Batch 24;INFO;2020-04-07 08:01:34;    3.1 Uploaded Counter Iteration: 9200
Batch 24;INFO;2020-04-07 08:05:04;    3.1 Uploaded Counter Iteration: 9250
Batch 24;INFO;2020-04-07 08:06:02;    3.1 Uploaded Counter Iteration: 9300
Batch 24;INFO;2020-04-07 08:09:22;    3.1 Uploaded Counter Iteration: 9350
Batch 24;INFO;2020-04-07 08:10:51;    3.1 Uploaded Counter Iteration: 9400
Batch 24;INFO;2020-04-07 08:13:46;    3.1 Uploaded Counter Iteration: 9450
Batch 24;INFO;2020-04-07 08:15:41;    3.1 Uploaded Counter Iteration: 9500
Batch 24;INFO;2020-04-07 08:18:10;    3.1 Uploaded Counter Iteration: 9550
Batch 24;INFO;2020-04-07 08:20:32;    3.1 Uploaded Counter Iteration: 9600
Batch 24;INFO;2020-04-07 08:22:51;    3.1 Uploaded Counter Iteration: 9650
Batch 24;INFO;2020-04-07 08:25:29;    3.1 Uploaded Counter Iteration: 9700
Batch 24;INFO;2020-04-07 08:27:31;    3.1 Uploaded Counter Iteration: 9750
Batch 24;INFO;2020-04-07 08:30:21;    3.1 Uploaded Counter Iteration: 9800
Batch 24;INFO;2020-04-07 08:31:58;    3.1 Uploaded Counter Iteration: 9850
Batch 24;INFO;2020-04-07 08:35:12;    3.1 Uploaded Counter Iteration: 9900
Batch 24;INFO;2020-04-07 08:36:30;    3.1 Uploaded Counter Iteration: 9950
Batch 24;INFO;2020-04-07 08:39:59;    3.1 Uploaded Counter Iteration: 10000
Batch 24;INFO;2020-04-07 08:41:07;    3.1 Uploaded Counter Iteration: 10050
Batch 24;INFO;2020-04-07 08:44:49;    3.1 Uploaded Counter Iteration: 10100
Batch 24;INFO;2020-04-07 08:45:58;    3.1 Uploaded Counter Iteration: 10150
Batch 24;INFO;2020-04-07 08:49:14;    3.1 Uploaded Counter Iteration: 10200
Batch 24;INFO;2020-04-07 08:50:49;    3.1 Uploaded Counter Iteration: 10250
Batch 24;INFO;2020-04-07 08:53:52;    3.1 Uploaded Counter Iteration: 10300
Batch 24;INFO;2020-04-07 08:55:41;    3.1 Uploaded Counter Iteration: 10350
Batch 24;INFO;2020-04-07 08:57:56;    3.1 Uploaded Counter Iteration: 10400
Batch 24;INFO;2020-04-07 09:00:29;    3.1 Uploaded Counter Iteration: 10450
Batch 24;INFO;2020-04-07 09:02:39;    3.1 Uploaded Counter Iteration: 10500
Batch 24;INFO;2020-04-07 09:05:24;    3.1 Uploaded Counter Iteration: 10550
Batch 24;INFO;2020-04-07 09:07:11;    3.1 Uploaded Counter Iteration: 10600
Batch 24;INFO;2020-04-07 09:10:16;    3.1 Uploaded Counter Iteration: 10650
Batch 24;INFO;2020-04-07 09:11:43;    3.1 Uploaded Counter Iteration: 10700
Batch 24;INFO;2020-04-07 09:15:08;    3.1 Uploaded Counter Iteration: 10750
Batch 24;INFO;2020-04-07 09:16:16;    3.1 Uploaded Counter Iteration: 10800
Batch 24;INFO;2020-04-07 09:19:53;    3.1 Uploaded Counter Iteration: 10850
Batch 24;INFO;2020-04-07 09:20:59;    3.1 Uploaded Counter Iteration: 10900
Batch 24;INFO;2020-04-07 09:24:12;    3.1 Uploaded Counter Iteration: 10950
Batch 24;INFO;2020-04-07 09:25:49;    3.1 Uploaded Counter Iteration: 11000
Batch 24;INFO;2020-04-07 09:28:33;    3.1 Uploaded Counter Iteration: 11050
Batch 24;INFO;2020-04-07 09:30:36;    3.1 Uploaded Counter Iteration: 11100
Batch 24;INFO;2020-04-07 09:32:53;    3.1 Uploaded Counter Iteration: 11150
Batch 24;INFO;2020-04-07 09:35:27;    3.1 Uploaded Counter Iteration: 11200
Batch 24;INFO;2020-04-07 09:37:18;    3.1 Uploaded Counter Iteration: 11250
Batch 24;INFO;2020-04-07 09:40:18;    3.1 Uploaded Counter Iteration: 11300
Batch 24;INFO;2020-04-07 09:41:42;    3.1 Uploaded Counter Iteration: 11350
Batch 24;INFO;2020-04-07 09:45:10;    3.1 Uploaded Counter Iteration: 11400
Batch 24;INFO;2020-04-07 09:46:17;    3.1 Uploaded Counter Iteration: 11450
Batch 24;INFO;2020-04-07 09:49:46;    3.1 Uploaded Counter Iteration: 11500
Batch 24;INFO;2020-04-07 09:50:57;    3.1 Uploaded Counter Iteration: 11550
Batch 24;INFO;2020-04-07 09:54:02;    3.1 Uploaded Counter Iteration: 11600
Batch 24;INFO;2020-04-07 09:55:42;    3.1 Uploaded Counter Iteration: 11650
Batch 24;INFO;2020-04-07 09:58:26;    3.1 Uploaded Counter Iteration: 11700
Batch 24;INFO;2020-04-07 10:00:37;    3.1 Uploaded Counter Iteration: 11750
Batch 24;INFO;2020-04-07 10:03:07;    3.1 Uploaded Counter Iteration: 11800
Batch 24;INFO;2020-04-07 10:05:32;    3.1 Uploaded Counter Iteration: 11850
Batch 24;INFO;2020-04-07 10:07:36;    3.1 Uploaded Counter Iteration: 11900
Batch 24;INFO;2020-04-07 10:10:22;    3.1 Uploaded Counter Iteration: 11950
Batch 24;INFO;2020-04-07 10:12:02;    3.1 Uploaded Counter Iteration: 12000
Batch 24;INFO;2020-04-07 10:15:13;    3.1 Uploaded Counter Iteration: 12050
Batch 24;INFO;2020-04-07 10:16:14;    3.1 Uploaded Counter Iteration: 12100
Batch 24;INFO;2020-04-07 10:19:36;    3.1 Uploaded Counter Iteration: 12150
Batch 24;INFO;2020-04-07 10:20:55;    3.1 Uploaded Counter Iteration: 12200
Batch 24;INFO;2020-04-07 10:23:53;    3.1 Uploaded Counter Iteration: 12250
Batch 24;INFO;2020-04-07 10:25:44;    3.1 Uploaded Counter Iteration: 12300
Batch 24;INFO;2020-04-07 10:28:27;    3.1 Uploaded Counter Iteration: 12350
Batch 24;INFO;2020-04-07 10:30:33;    3.1 Uploaded Counter Iteration: 12400
Batch 24;INFO;2020-04-07 10:32:38;    3.1 Uploaded Counter Iteration: 12450
Batch 24;INFO;2020-04-07 10:35:24;    3.1 Uploaded Counter Iteration: 12500
Batch 24;INFO;2020-04-07 10:37:05;    3.1 Uploaded Counter Iteration: 12550
Batch 24;INFO;2020-04-07 10:40:13;    3.1 Uploaded Counter Iteration: 12600
Batch 24;INFO;2020-04-07 10:41:23;    3.1 Uploaded Counter Iteration: 12650
Batch 24;INFO;2020-04-07 10:44:41;    3.1 Uploaded Counter Iteration: 12700
Batch 24;INFO;2020-04-07 10:45:58;    3.1 Uploaded Counter Iteration: 12750
Batch 24;INFO;2020-04-07 10:49:15;    3.1 Uploaded Counter Iteration: 12800
Batch 24;INFO;2020-04-07 10:50:49;    3.1 Uploaded Counter Iteration: 12850
Batch 24;INFO;2020-04-07 10:53:30;    3.1 Uploaded Counter Iteration: 12900
Batch 24;INFO;2020-04-07 10:55:36;    3.1 Uploaded Counter Iteration: 12950
Batch 24;INFO;2020-04-07 10:57:45;    3.1 Uploaded Counter Iteration: 13000
Batch 24;INFO;2020-04-07 11:00:24;    3.1 Uploaded Counter Iteration: 13050
Batch 24;INFO;2020-04-07 11:02:04;    3.1 Uploaded Counter Iteration: 13100
Batch 24;INFO;2020-04-07 11:05:13;    3.1 Uploaded Counter Iteration: 13150
Batch 24;INFO;2020-04-07 11:06:24;    3.1 Uploaded Counter Iteration: 13200
Batch 24;INFO;2020-04-07 11:09:49;    3.1 Uploaded Counter Iteration: 13250
Batch 24;INFO;2020-04-07 11:10:57;    3.1 Uploaded Counter Iteration: 13300
Batch 24;INFO;2020-04-07 11:14:04;    3.1 Uploaded Counter Iteration: 13350
Batch 24;INFO;2020-04-07 11:15:45;    3.1 Uploaded Counter Iteration: 13400
Batch 24;INFO;2020-04-07 11:18:32;    3.1 Uploaded Counter Iteration: 13450
Batch 24;INFO;2020-04-07 11:20:38;    3.1 Uploaded Counter Iteration: 13500
Batch 24;INFO;2020-04-07 11:22:56;    3.1 Uploaded Counter Iteration: 13550
Batch 24;INFO;2020-04-07 11:25:28;    3.1 Uploaded Counter Iteration: 13600
Batch 24;INFO;2020-04-07 11:27:24;    3.1 Uploaded Counter Iteration: 13650
Batch 24;INFO;2020-04-07 11:30:20;    3.1 Uploaded Counter Iteration: 13700
Batch 24;INFO;2020-04-07 11:31:52;    3.1 Uploaded Counter Iteration: 13750
Batch 24;INFO;2020-04-07 11:35:12;    3.1 Uploaded Counter Iteration: 13800
Batch 24;INFO;2020-04-07 11:36:27;    3.1 Uploaded Counter Iteration: 13850
Batch 24;INFO;2020-04-07 11:40:06;    3.1 Uploaded Counter Iteration: 13900
Batch 24;INFO;2020-04-07 11:41:02;    3.1 Uploaded Counter Iteration: 13950
Batch 24;INFO;2020-04-07 11:44:26;    3.1 Uploaded Counter Iteration: 14000
Batch 24;INFO;2020-04-07 11:45:50;    3.1 Uploaded Counter Iteration: 14050
Batch 24;INFO;2020-04-07 11:48:44;    3.1 Uploaded Counter Iteration: 14100
Batch 24;INFO;2020-04-07 11:50:41;    3.1 Uploaded Counter Iteration: 14150
Batch 24;INFO;2020-04-07 11:53:07;    3.1 Uploaded Counter Iteration: 14200
Batch 24;INFO;2020-04-07 11:55:28;    3.1 Uploaded Counter Iteration: 14250
Batch 24;INFO;2020-04-07 11:57:22;    3.1 Uploaded Counter Iteration: 14300
Batch 24;INFO;2020-04-07 12:00:18;    3.1 Uploaded Counter Iteration: 14350
Batch 24;INFO;2020-04-07 12:01:36;    3.1 Uploaded Counter Iteration: 14400
Batch 24;INFO;2020-04-07 12:05:04;    3.1 Uploaded Counter Iteration: 14450
Batch 24;INFO;2020-04-07 12:06:02;    3.1 Uploaded Counter Iteration: 14500
Batch 24;INFO;2020-04-07 12:09:27;    3.1 Uploaded Counter Iteration: 14550
Batch 24;INFO;2020-04-07 12:10:54;    3.1 Uploaded Counter Iteration: 14600
Batch 24;INFO;2020-04-07 12:14:01;    3.1 Uploaded Counter Iteration: 14650
Batch 24;INFO;2020-04-07 12:15:43;    3.1 Uploaded Counter Iteration: 14700
Batch 24;INFO;2020-04-07 12:18:16;    3.1 Uploaded Counter Iteration: 14750
Batch 24;INFO;2020-04-07 12:20:36;    3.1 Uploaded Counter Iteration: 14800
Batch 24;INFO;2020-04-07 12:22:53;    3.1 Uploaded Counter Iteration: 14850
Batch 24;INFO;2020-04-07 12:25:27;    3.1 Uploaded Counter Iteration: 14900
Batch 24;INFO;2020-04-07 12:27:23;    3.1 Uploaded Counter Iteration: 14950
Batch 24;INFO;2020-04-07 12:30:24;    3.1 Uploaded Counter Iteration: 15000
Batch 24;INFO;2020-04-07 12:32:13;    3.1 Uploaded Counter Iteration: 15050
Batch 24;INFO;2020-04-07 12:35:18;    3.1 Uploaded Counter Iteration: 15100
Batch 24;INFO;2020-04-07 12:36:46;    3.1 Uploaded Counter Iteration: 15150
Batch 24;INFO;2020-04-07 12:40:11;    3.1 Uploaded Counter Iteration: 15200
Batch 24;INFO;2020-04-07 12:41:28;    3.1 Uploaded Counter Iteration: 15250
Batch 24;INFO;2020-04-07 12:45:03;    3.1 Uploaded Counter Iteration: 15300
Batch 24;INFO;2020-04-07 12:46:04;    3.1 Uploaded Counter Iteration: 15350
Batch 24;INFO;2020-04-07 12:49:32;    3.1 Uploaded Counter Iteration: 15400
Batch 24;INFO;2020-04-07 12:50:52;    3.1 Uploaded Counter Iteration: 15450
Batch 24;INFO;2020-04-07 12:53:56;    3.1 Uploaded Counter Iteration: 15500
Batch 24;INFO;2020-04-07 12:55:45;    3.1 Uploaded Counter Iteration: 15550
Batch 24;INFO;2020-04-07 12:58:31;    3.1 Uploaded Counter Iteration: 15600
Batch 24;INFO;2020-04-07 13:00:40;    3.1 Uploaded Counter Iteration: 15650
Batch 24;INFO;2020-04-07 13:03:05;    3.1 Uploaded Counter Iteration: 15700
Batch 24;INFO;2020-04-07 13:05:30;    3.1 Uploaded Counter Iteration: 15750
Batch 24;INFO;2020-04-07 13:07:29;    3.1 Uploaded Counter Iteration: 15800
Batch 24;INFO;2020-04-07 13:10:23;    3.1 Uploaded Counter Iteration: 15850
Batch 24;INFO;2020-04-07 13:12:02;    3.1 Uploaded Counter Iteration: 15900
Batch 24;INFO;2020-04-07 13:15:14;    3.1 Uploaded Counter Iteration: 15950
Batch 24;INFO;2020-04-07 13:16:27;    3.1 Uploaded Counter Iteration: 16000
Batch 24;INFO;2020-04-07 13:20:00;    3.1 Uploaded Counter Iteration: 16050
Batch 24;INFO;2020-04-07 13:21:03;    3.1 Uploaded Counter Iteration: 16100
Batch 24;INFO;2020-04-07 13:24:33;    3.1 Uploaded Counter Iteration: 16150
Batch 24;INFO;2020-04-07 13:25:54;    3.1 Uploaded Counter Iteration: 16200
Batch 24;INFO;2020-04-07 13:28:53;    3.1 Uploaded Counter Iteration: 16250
Batch 24;INFO;2020-04-07 13:30:41;    3.1 Uploaded Counter Iteration: 16300
Batch 24;INFO;2020-04-07 13:33:10;    3.1 Uploaded Counter Iteration: 16350
Batch 24;INFO;2020-04-07 13:35:32;    3.1 Uploaded Counter Iteration: 16400
Batch 24;INFO;2020-04-07 13:37:29;    3.1 Uploaded Counter Iteration: 16450
Batch 24;INFO;2020-04-07 13:40:21;    3.1 Uploaded Counter Iteration: 16500
Batch 24;INFO;2020-04-07 13:42:07;    3.1 Uploaded Counter Iteration: 16550
Batch 24;INFO;2020-04-07 13:45:15;    3.1 Uploaded Counter Iteration: 16600
Batch 24;INFO;2020-04-07 13:46:27;    3.1 Uploaded Counter Iteration: 16650
Batch 24;INFO;2020-04-07 13:50:01;    3.1 Uploaded Counter Iteration: 16700
Batch 24;INFO;2020-04-07 13:51:05;    3.1 Uploaded Counter Iteration: 16750
Batch 24;INFO;2020-04-07 13:54:47;    3.1 Uploaded Counter Iteration: 16800
Batch 24;INFO;2020-04-07 13:56:00;    3.1 Uploaded Counter Iteration: 16850
Batch 24;INFO;2020-04-07 13:59:19;    3.1 Uploaded Counter Iteration: 16900
Batch 24;INFO;2020-04-07 14:00:49;    3.1 Uploaded Counter Iteration: 16950
Batch 24;INFO;2020-04-07 14:03:31;    3.1 Uploaded Counter Iteration: 17000
Batch 24;INFO;2020-04-07 14:05:39;    3.1 Uploaded Counter Iteration: 17050
Batch 24;INFO;2020-04-07 14:08:05;    3.1 Uploaded Counter Iteration: 17100
Batch 24;INFO;2020-04-07 14:10:30;    3.1 Uploaded Counter Iteration: 17150
Batch 24;INFO;2020-04-07 14:12:29;    3.1 Uploaded Counter Iteration: 17200
Batch 24;INFO;2020-04-07 14:15:17;    3.1 Uploaded Counter Iteration: 17250
Batch 24;INFO;2020-04-07 14:16:42;    3.1 Uploaded Counter Iteration: 17300
Batch 24;INFO;2020-04-07 14:20:10;    3.1 Uploaded Counter Iteration: 17350
Batch 24;INFO;2020-04-07 14:21:11;    3.1 Uploaded Counter Iteration: 17400
Batch 24;INFO;2020-04-07 14:24:51;    3.1 Uploaded Counter Iteration: 17450
Batch 24;INFO;2020-04-07 14:25:57;    3.1 Uploaded Counter Iteration: 17500
Batch 24;INFO;2020-04-07 14:29:11;    3.1 Uploaded Counter Iteration: 17550
Batch 24;INFO;2020-04-07 14:30:49;    3.1 Uploaded Counter Iteration: 17600
Batch 24;INFO;2020-04-07 14:33:45;    3.1 Uploaded Counter Iteration: 17650
Batch 24;INFO;2020-04-07 14:35:40;    3.1 Uploaded Counter Iteration: 17700
Batch 24;INFO;2020-04-07 14:38:04;    3.1 Uploaded Counter Iteration: 17750
Batch 24;INFO;2020-04-07 14:40:30;    3.1 Uploaded Counter Iteration: 17800
Batch 24;INFO;2020-04-07 14:42:34;    3.1 Uploaded Counter Iteration: 17850
Batch 24;INFO;2020-04-07 14:45:25;    3.1 Uploaded Counter Iteration: 17900
Batch 24;INFO;2020-04-07 14:47:10;    3.1 Uploaded Counter Iteration: 17950
Batch 24;INFO;2020-04-07 14:50:17;    3.1 Uploaded Counter Iteration: 18000
Batch 24;INFO;2020-04-07 14:51:46;    3.1 Uploaded Counter Iteration: 18050
Batch 24;INFO;2020-04-07 14:55:11;    3.1 Uploaded Counter Iteration: 18100
Batch 24;INFO;2020-04-07 14:56:22;    3.1 Uploaded Counter Iteration: 18150
Batch 24;INFO;2020-04-07 14:57:22;3 Starting webscrapping... (Completed)
Batch 24;INFO;2020-04-07 14:57:22;5. Succesfully run batch: 24
