Module;Type;Date;Details;Time;Error Type;Error Details;Error Line
Batch 26;INFO;2020-04-07 23:30:49;1. Select all songs in nonmatch-query (S3)
Batch 26;INFO;2020-04-07 23:30:49;1. Select all songs in nonmatch-query (S3) (Completed)
Batch 26;INFO;2020-04-07 23:30:49;3 Starting webscrapping...
Batch 26;INFO;2020-04-07 23:33:17;    3.1 Uploaded Counter Iteration: 50
Batch 26;INFO;2020-04-07 23:35:31;    3.1 Uploaded Counter Iteration: 100
Batch 26;INFO;2020-04-07 23:37:15;    3.1 Uploaded Counter Iteration: 150
Batch 26;INFO;2020-04-07 23:40:15;    3.1 Uploaded Counter Iteration: 200
Batch 26;INFO;2020-04-07 23:41:18;    3.1 Uploaded Counter Iteration: 250
Batch 26;INFO;2020-04-07 23:44:42;    3.1 Uploaded Counter Iteration: 300
Batch 26;INFO;2020-04-07 23:45:53;    3.1 Uploaded Counter Iteration: 350
Batch 26;INFO;2020-04-07 23:48:44;    3.1 Uploaded Counter Iteration: 400
Batch 26;INFO;2020-04-07 23:50:40;    3.1 Uploaded Counter Iteration: 450
Batch 26;INFO;2020-04-07 23:52:54;    3.1 Uploaded Counter Iteration: 500
Batch 26;INFO;2020-04-07 23:55:26;    3.1 Uploaded Counter Iteration: 550
Batch 26;INFO;2020-04-07 23:57:00;    3.1 Uploaded Counter Iteration: 600
Batch 26;INFO;2020-04-08 00:00:09;    3.1 Uploaded Counter Iteration: 650
Batch 26;INFO;2020-04-08 00:01:03;    3.1 Uploaded Counter Iteration: 700
Batch 26;INFO;2020-04-08 00:04:29;    3.1 Uploaded Counter Iteration: 750
Batch 26;INFO;2020-04-08 00:05:52;    3.1 Uploaded Counter Iteration: 800
Batch 26;INFO;2020-04-08 00:08:36;    3.1 Uploaded Counter Iteration: 850
Batch 26;INFO;2020-04-08 00:10:39;    3.1 Uploaded Counter Iteration: 900
Batch 26;INFO;2020-04-08 00:12:54;    3.1 Uploaded Counter Iteration: 950
Batch 26;INFO;2020-04-08 00:15:26;    3.1 Uploaded Counter Iteration: 1000
Batch 26;INFO;2020-04-08 00:17:03;    3.1 Uploaded Counter Iteration: 1050
Batch 26;INFO;2020-04-08 00:20:13;    3.1 Uploaded Counter Iteration: 1100
Batch 26;INFO;2020-04-08 00:21:09;    3.1 Uploaded Counter Iteration: 1150
Batch 26;INFO;2020-04-08 00:24:30;    3.1 Uploaded Counter Iteration: 1200
Batch 26;INFO;2020-04-08 00:25:50;    3.1 Uploaded Counter Iteration: 1250
Batch 26;INFO;2020-04-08 00:28:25;    3.1 Uploaded Counter Iteration: 1300
Batch 26;INFO;2020-04-08 00:30:38;    3.1 Uploaded Counter Iteration: 1350
Batch 26;INFO;2020-04-08 00:32:36;    3.1 Uploaded Counter Iteration: 1400
Batch 26;INFO;2020-04-08 00:35:23;    3.1 Uploaded Counter Iteration: 1450
Batch 26;INFO;2020-04-08 00:36:56;    3.1 Uploaded Counter Iteration: 1500
Batch 26;INFO;2020-04-08 00:40:11;    3.1 Uploaded Counter Iteration: 1550
Batch 26;INFO;2020-04-08 00:41:04;    3.1 Uploaded Counter Iteration: 1600
Batch 26;INFO;2020-04-08 00:44:31;    3.1 Uploaded Counter Iteration: 1650
Batch 26;INFO;2020-04-08 00:45:52;    3.1 Uploaded Counter Iteration: 1700
Batch 26;INFO;2020-04-08 00:48:36;    3.1 Uploaded Counter Iteration: 1750
Batch 26;INFO;2020-04-08 00:50:40;    3.1 Uploaded Counter Iteration: 1800
Batch 26;INFO;2020-04-08 00:52:44;    3.1 Uploaded Counter Iteration: 1850
Batch 26;INFO;2020-04-08 00:55:24;    3.1 Uploaded Counter Iteration: 1900
Batch 26;INFO;2020-04-08 00:57:09;    3.1 Uploaded Counter Iteration: 1950
Batch 26;INFO;2020-04-08 01:00:17;    3.1 Uploaded Counter Iteration: 2000
Batch 26;INFO;2020-04-08 01:01:33;    3.1 Uploaded Counter Iteration: 2050
Batch 26;INFO;2020-04-08 01:04:50;    3.1 Uploaded Counter Iteration: 2100
Batch 26;INFO;2020-04-08 01:05:58;    3.1 Uploaded Counter Iteration: 2150
Batch 26;INFO;2020-04-08 01:09:06;    3.1 Uploaded Counter Iteration: 2200
Batch 26;INFO;2020-04-08 01:10:48;    3.1 Uploaded Counter Iteration: 2250
Batch 26;INFO;2020-04-08 01:13:24;    3.1 Uploaded Counter Iteration: 2300
Batch 26;INFO;2020-04-08 01:15:36;    3.1 Uploaded Counter Iteration: 2350
Batch 26;INFO;2020-04-08 01:17:35;    3.1 Uploaded Counter Iteration: 2400
Batch 26;INFO;2020-04-08 01:20:22;    3.1 Uploaded Counter Iteration: 2450
Batch 26;INFO;2020-04-08 01:21:53;    3.1 Uploaded Counter Iteration: 2500
Batch 26;INFO;2020-04-08 01:25:11;    3.1 Uploaded Counter Iteration: 2550
Batch 26;INFO;2020-04-08 01:26:10;    3.1 Uploaded Counter Iteration: 2600
Batch 26;INFO;2020-04-08 01:29:37;    3.1 Uploaded Counter Iteration: 2650
Batch 26;INFO;2020-04-08 01:30:57;    3.1 Uploaded Counter Iteration: 2700
Batch 26;INFO;2020-04-08 01:34:00;    3.1 Uploaded Counter Iteration: 2750
Batch 26;INFO;2020-04-08 01:35:45;    3.1 Uploaded Counter Iteration: 2800
Batch 26;INFO;2020-04-08 01:38:25;    3.1 Uploaded Counter Iteration: 2850
Batch 26;INFO;2020-04-08 01:40:36;    3.1 Uploaded Counter Iteration: 2900
Batch 26;INFO;2020-04-08 01:42:38;    3.1 Uploaded Counter Iteration: 2950
Batch 26;INFO;2020-04-08 01:45:19;    3.1 Uploaded Counter Iteration: 3000
Batch 26;INFO;2020-04-08 01:46:31;    3.1 Uploaded Counter Iteration: 3050
Batch 26;INFO;2020-04-08 01:49:59;    3.1 Uploaded Counter Iteration: 3100
Batch 26;INFO;2020-04-08 01:51:01;    3.1 Uploaded Counter Iteration: 3150
Batch 26;INFO;2020-04-08 01:54:12;    3.1 Uploaded Counter Iteration: 3200
Batch 26;INFO;2020-04-08 01:55:49;    3.1 Uploaded Counter Iteration: 3250
Batch 26;INFO;2020-04-08 01:58:33;    3.1 Uploaded Counter Iteration: 3300
Batch 26;INFO;2020-04-08 02:00:39;    3.1 Uploaded Counter Iteration: 3350
Batch 26;INFO;2020-04-08 02:02:44;    3.1 Uploaded Counter Iteration: 3400
Batch 26;INFO;2020-04-08 02:05:22;    3.1 Uploaded Counter Iteration: 3450
Batch 26;INFO;2020-04-08 02:06:47;    3.1 Uploaded Counter Iteration: 3500
Batch 26;INFO;2020-04-08 02:10:08;    3.1 Uploaded Counter Iteration: 3550
Batch 26;INFO;2020-04-08 02:11:05;    3.1 Uploaded Counter Iteration: 3600
Batch 26;INFO;2020-04-08 02:14:33;    3.1 Uploaded Counter Iteration: 3650
Batch 26;INFO;2020-04-08 02:15:55;    3.1 Uploaded Counter Iteration: 3700
Batch 26;INFO;2020-04-08 02:18:48;    3.1 Uploaded Counter Iteration: 3750
Batch 26;INFO;2020-04-08 02:20:44;    3.1 Uploaded Counter Iteration: 3800
Batch 26;INFO;2020-04-08 02:23:07;    3.1 Uploaded Counter Iteration: 3850
Batch 26;INFO;2020-04-08 02:25:34;    3.1 Uploaded Counter Iteration: 3900
Batch 26;INFO;2020-04-08 02:27:39;    3.1 Uploaded Counter Iteration: 3950
Batch 26;INFO;2020-04-08 02:30:24;    3.1 Uploaded Counter Iteration: 4000
Batch 26;INFO;2020-04-08 02:31:58;    3.1 Uploaded Counter Iteration: 4050
Batch 26;INFO;2020-04-08 02:35:15;    3.1 Uploaded Counter Iteration: 4100
Batch 26;INFO;2020-04-08 02:36:16;    3.1 Uploaded Counter Iteration: 4150
Batch 26;INFO;2020-04-08 02:39:38;    3.1 Uploaded Counter Iteration: 4200
Batch 26;INFO;2020-04-08 02:40:58;    3.1 Uploaded Counter Iteration: 4250
Batch 26;INFO;2020-04-08 02:43:58;    3.1 Uploaded Counter Iteration: 4300
Batch 26;INFO;2020-04-08 02:45:44;    3.1 Uploaded Counter Iteration: 4350
Batch 26;INFO;2020-04-08 02:48:18;    3.1 Uploaded Counter Iteration: 4400
Batch 26;INFO;2020-04-08 02:50:34;    3.1 Uploaded Counter Iteration: 4450
Batch 26;INFO;2020-04-08 02:52:39;    3.1 Uploaded Counter Iteration: 4500
Batch 26;INFO;2020-04-08 02:55:23;    3.1 Uploaded Counter Iteration: 4550
Batch 26;INFO;2020-04-08 02:56:50;    3.1 Uploaded Counter Iteration: 4600
Batch 26;INFO;2020-04-08 03:00:12;    3.1 Uploaded Counter Iteration: 4650
Batch 26;INFO;2020-04-08 03:01:07;    3.1 Uploaded Counter Iteration: 4700
Batch 26;INFO;2020-04-08 03:04:42;    3.1 Uploaded Counter Iteration: 4750
Batch 26;INFO;2020-04-08 03:05:57;    3.1 Uploaded Counter Iteration: 4800
Batch 26;INFO;2020-04-08 03:09:01;    3.1 Uploaded Counter Iteration: 4850
Batch 26;INFO;2020-04-08 03:10:47;    3.1 Uploaded Counter Iteration: 4900
Batch 26;INFO;2020-04-08 03:13:06;    3.1 Uploaded Counter Iteration: 4950
Batch 26;INFO;2020-04-08 03:15:33;    3.1 Uploaded Counter Iteration: 5000
Batch 26;INFO;2020-04-08 03:17:25;    3.1 Uploaded Counter Iteration: 5050
Batch 26;INFO;2020-04-08 03:20:23;    3.1 Uploaded Counter Iteration: 5100
Batch 26;INFO;2020-04-08 03:21:48;    3.1 Uploaded Counter Iteration: 5150
Batch 26;INFO;2020-04-08 03:25:05;    3.1 Uploaded Counter Iteration: 5200
Batch 26;INFO;2020-04-08 03:26:03;    3.1 Uploaded Counter Iteration: 5250
Batch 26;INFO;2020-04-08 03:29:18;    3.1 Uploaded Counter Iteration: 5300
Batch 26;INFO;2020-04-08 03:30:48;    3.1 Uploaded Counter Iteration: 5350
Batch 26;INFO;2020-04-08 03:33:26;    3.1 Uploaded Counter Iteration: 5400
Batch 26;INFO;2020-04-08 03:35:37;    3.1 Uploaded Counter Iteration: 5450
Batch 26;INFO;2020-04-08 03:37:57;    3.1 Uploaded Counter Iteration: 5500
Batch 26;INFO;2020-04-08 03:40:27;    3.1 Uploaded Counter Iteration: 5550
Batch 26;INFO;2020-04-08 03:41:57;    3.1 Uploaded Counter Iteration: 5600
Batch 26;INFO;2020-04-08 03:45:14;    3.1 Uploaded Counter Iteration: 5650
Batch 26;INFO;2020-04-08 03:46:17;    3.1 Uploaded Counter Iteration: 5700
Batch 26;INFO;2020-04-08 03:49:40;    3.1 Uploaded Counter Iteration: 5750
Batch 26;INFO;2020-04-08 03:50:57;    3.1 Uploaded Counter Iteration: 5800
Batch 26;INFO;2020-04-08 03:53:54;    3.1 Uploaded Counter Iteration: 5850
Batch 26;INFO;2020-04-08 03:55:45;    3.1 Uploaded Counter Iteration: 5900
Batch 26;INFO;2020-04-08 03:58:04;    3.1 Uploaded Counter Iteration: 5950
Batch 26;INFO;2020-04-08 04:00:30;    3.1 Uploaded Counter Iteration: 6000
Batch 26;INFO;2020-04-08 04:02:22;    3.1 Uploaded Counter Iteration: 6050
Batch 26;INFO;2020-04-08 04:05:16;    3.1 Uploaded Counter Iteration: 6100
Batch 26;INFO;2020-04-08 04:06:36;    3.1 Uploaded Counter Iteration: 6150
Batch 26;INFO;2020-04-08 04:09:58;    3.1 Uploaded Counter Iteration: 6200
Batch 26;INFO;2020-04-08 04:11:01;    3.1 Uploaded Counter Iteration: 6250
Batch 26;INFO;2020-04-08 04:14:02;    3.1 Uploaded Counter Iteration: 6300
Batch 26;INFO;2020-04-08 04:15:45;    3.1 Uploaded Counter Iteration: 6350
Batch 26;INFO;2020-04-08 04:18:18;    3.1 Uploaded Counter Iteration: 6400
Batch 26;INFO;2020-04-08 04:20:34;    3.1 Uploaded Counter Iteration: 6450
Batch 26;INFO;2020-04-08 04:22:31;    3.1 Uploaded Counter Iteration: 6500
Batch 26;INFO;2020-04-08 04:25:20;    3.1 Uploaded Counter Iteration: 6550
Batch 26;INFO;2020-04-08 04:26:42;    3.1 Uploaded Counter Iteration: 6600
Batch 26;INFO;2020-04-08 04:29:59;    3.1 Uploaded Counter Iteration: 6650
Batch 26;INFO;2020-04-08 04:31:01;    3.1 Uploaded Counter Iteration: 6700
Batch 26;INFO;2020-04-08 04:34:07;    3.1 Uploaded Counter Iteration: 6750
Batch 26;INFO;2020-04-08 04:35:50;    3.1 Uploaded Counter Iteration: 6800
Batch 26;INFO;2020-04-08 04:38:36;    3.1 Uploaded Counter Iteration: 6850
Batch 26;INFO;2020-04-08 04:40:38;    3.1 Uploaded Counter Iteration: 6900
Batch 26;INFO;2020-04-08 04:42:56;    3.1 Uploaded Counter Iteration: 6950
Batch 26;INFO;2020-04-08 04:45:25;    3.1 Uploaded Counter Iteration: 7000
Batch 26;INFO;2020-04-08 04:47:13;    3.1 Uploaded Counter Iteration: 7050
Batch 26;INFO;2020-04-08 04:50:14;    3.1 Uploaded Counter Iteration: 7100
Batch 26;INFO;2020-04-08 04:51:23;    3.1 Uploaded Counter Iteration: 7150
Batch 26;INFO;2020-04-08 04:54:39;    3.1 Uploaded Counter Iteration: 7200
Batch 26;INFO;2020-04-08 04:55:53;    3.1 Uploaded Counter Iteration: 7250
Batch 26;INFO;2020-04-08 04:58:59;    3.1 Uploaded Counter Iteration: 7300
Batch 26;INFO;2020-04-08 05:00:41;    3.1 Uploaded Counter Iteration: 7350
Batch 26;INFO;2020-04-08 05:03:07;    3.1 Uploaded Counter Iteration: 7400
Batch 26;INFO;2020-04-08 05:05:27;    3.1 Uploaded Counter Iteration: 7450
Batch 26;INFO;2020-04-08 05:07:09;    3.1 Uploaded Counter Iteration: 7500
Batch 26;INFO;2020-04-08 05:10:10;    3.1 Uploaded Counter Iteration: 7550
Batch 26;INFO;2020-04-08 05:11:04;    3.1 Uploaded Counter Iteration: 7600
Batch 26;INFO;2020-04-08 05:14:28;    3.1 Uploaded Counter Iteration: 7650
Batch 26;INFO;2020-04-08 05:15:48;    3.1 Uploaded Counter Iteration: 7700
Batch 26;INFO;2020-04-08 05:18:30;    3.1 Uploaded Counter Iteration: 7750
Batch 26;INFO;2020-04-08 05:20:34;    3.1 Uploaded Counter Iteration: 7800
Batch 26;INFO;2020-04-08 05:22:44;    3.1 Uploaded Counter Iteration: 7850
Batch 26;INFO;2020-04-08 05:25:21;    3.1 Uploaded Counter Iteration: 7900
Batch 26;INFO;2020-04-08 05:26:59;    3.1 Uploaded Counter Iteration: 7950
Batch 26;INFO;2020-04-08 05:30:09;    3.1 Uploaded Counter Iteration: 8000
Batch 26;INFO;2020-04-08 05:31:17;    3.1 Uploaded Counter Iteration: 8050
Batch 26;INFO;2020-04-08 05:34:49;    3.1 Uploaded Counter Iteration: 8100
Batch 26;INFO;2020-04-08 05:35:57;    3.1 Uploaded Counter Iteration: 8150
Batch 26;INFO;2020-04-08 05:39:13;    3.1 Uploaded Counter Iteration: 8200
Batch 26;INFO;2020-04-08 05:40:45;    3.1 Uploaded Counter Iteration: 8250
Batch 26;INFO;2020-04-08 05:43:25;    3.1 Uploaded Counter Iteration: 8300
Batch 26;INFO;2020-04-08 05:45:31;    3.1 Uploaded Counter Iteration: 8350
Batch 26;INFO;2020-04-08 05:47:24;    3.1 Uploaded Counter Iteration: 8400
Batch 26;INFO;2020-04-08 05:50:15;    3.1 Uploaded Counter Iteration: 8450
Batch 26;INFO;2020-04-08 05:51:47;    3.1 Uploaded Counter Iteration: 8500
Batch 26;INFO;2020-04-08 05:55:05;    3.1 Uploaded Counter Iteration: 8550
Batch 26;INFO;2020-04-08 05:56:05;    3.1 Uploaded Counter Iteration: 8600
Batch 26;INFO;2020-04-08 05:59:27;    3.1 Uploaded Counter Iteration: 8650
Batch 26;INFO;2020-04-08 06:00:51;    3.1 Uploaded Counter Iteration: 8700
Batch 26;INFO;2020-04-08 06:04:01;    3.1 Uploaded Counter Iteration: 8750
Batch 26;INFO;2020-04-08 06:05:42;    3.1 Uploaded Counter Iteration: 8800
Batch 26;INFO;2020-04-08 06:08:11;    3.1 Uploaded Counter Iteration: 8850
Batch 26;INFO;2020-04-08 06:10:31;    3.1 Uploaded Counter Iteration: 8900
Batch 26;INFO;2020-04-08 06:12:35;    3.1 Uploaded Counter Iteration: 8950
Batch 26;INFO;2020-04-08 06:15:21;    3.1 Uploaded Counter Iteration: 9000
Batch 26;INFO;2020-04-08 06:17:04;    3.1 Uploaded Counter Iteration: 9050
Batch 26;INFO;2020-04-08 06:20:12;    3.1 Uploaded Counter Iteration: 9100
Batch 26;INFO;2020-04-08 06:21:35;    3.1 Uploaded Counter Iteration: 9150
Batch 26;INFO;2020-04-08 06:25:05;    3.1 Uploaded Counter Iteration: 9200
Batch 26;INFO;2020-04-08 06:26:00;    3.1 Uploaded Counter Iteration: 9250
Batch 26;INFO;2020-04-08 06:29:24;    3.1 Uploaded Counter Iteration: 9300
Batch 26;INFO;2020-04-08 06:30:49;    3.1 Uploaded Counter Iteration: 9350
Batch 26;INFO;2020-04-08 06:34:00;    3.1 Uploaded Counter Iteration: 9400
Batch 26;INFO;2020-04-08 06:35:44;    3.1 Uploaded Counter Iteration: 9450
Batch 26;INFO;2020-04-08 06:38:24;    3.1 Uploaded Counter Iteration: 9500
Batch 26;INFO;2020-04-08 06:40:35;    3.1 Uploaded Counter Iteration: 9550
Batch 26;INFO;2020-04-08 06:43:08;    3.1 Uploaded Counter Iteration: 9600
Batch 26;INFO;2020-04-08 06:45:31;    3.1 Uploaded Counter Iteration: 9650
Batch 26;INFO;2020-04-08 06:47:50;    3.1 Uploaded Counter Iteration: 9700
Batch 26;INFO;2020-04-08 06:50:24;    3.1 Uploaded Counter Iteration: 9750
Batch 26;INFO;2020-04-08 06:52:09;    3.1 Uploaded Counter Iteration: 9800
Batch 26;INFO;2020-04-08 06:55:16;    3.1 Uploaded Counter Iteration: 9850
Batch 26;INFO;2020-04-08 06:56:40;    3.1 Uploaded Counter Iteration: 9900
Batch 26;INFO;2020-04-08 07:00:08;    3.1 Uploaded Counter Iteration: 9950
Batch 26;INFO;2020-04-08 07:01:11;    3.1 Uploaded Counter Iteration: 10000
Batch 26;INFO;2020-04-08 07:04:31;    3.1 Uploaded Counter Iteration: 10050
Batch 26;INFO;2020-04-08 07:05:50;    3.1 Uploaded Counter Iteration: 10100
Batch 26;INFO;2020-04-08 07:08:55;    3.1 Uploaded Counter Iteration: 10150
Batch 26;INFO;2020-04-08 07:10:43;    3.1 Uploaded Counter Iteration: 10200
Batch 26;INFO;2020-04-08 07:13:25;    3.1 Uploaded Counter Iteration: 10250
Batch 26;INFO;2020-04-08 07:15:35;    3.1 Uploaded Counter Iteration: 10300
Batch 26;INFO;2020-04-08 07:17:42;    3.1 Uploaded Counter Iteration: 10350
Batch 26;INFO;2020-04-08 07:20:20;    3.1 Uploaded Counter Iteration: 10400
Batch 26;INFO;2020-04-08 07:21:48;    3.1 Uploaded Counter Iteration: 10450
Batch 26;INFO;2020-04-08 07:25:05;    3.1 Uploaded Counter Iteration: 10500
Batch 26;INFO;2020-04-08 07:26:00;    3.1 Uploaded Counter Iteration: 10550
Batch 26;INFO;2020-04-08 07:29:20;    3.1 Uploaded Counter Iteration: 10600
Batch 26;INFO;2020-04-08 07:30:50;    3.1 Uploaded Counter Iteration: 10650
Batch 26;INFO;2020-04-08 07:33:50;    3.1 Uploaded Counter Iteration: 10700
Batch 26;INFO;2020-04-08 07:35:39;    3.1 Uploaded Counter Iteration: 10750
Batch 26;INFO;2020-04-08 07:37:54;    3.1 Uploaded Counter Iteration: 10800
Batch 26;INFO;2020-04-08 07:40:22;    3.1 Uploaded Counter Iteration: 10850
Batch 26;INFO;2020-04-08 07:42:06;    3.1 Uploaded Counter Iteration: 10900
Batch 26;INFO;2020-04-08 07:45:10;    3.1 Uploaded Counter Iteration: 10950
Batch 26;INFO;2020-04-08 07:46:15;    3.1 Uploaded Counter Iteration: 11000
Batch 26;INFO;2020-04-08 07:49:37;    3.1 Uploaded Counter Iteration: 11050
Batch 26;INFO;2020-04-08 07:50:55;    3.1 Uploaded Counter Iteration: 11100
Batch 26;INFO;2020-04-08 07:54:04;    3.1 Uploaded Counter Iteration: 11150
Batch 26;INFO;2020-04-08 07:55:44;    3.1 Uploaded Counter Iteration: 11200
Batch 26;INFO;2020-04-08 07:58:18;    3.1 Uploaded Counter Iteration: 11250
Batch 26;INFO;2020-04-08 08:00:34;    3.1 Uploaded Counter Iteration: 11300
Batch 26;INFO;2020-04-08 08:02:52;    3.1 Uploaded Counter Iteration: 11350
Batch 26;INFO;2020-04-08 08:05:25;    3.1 Uploaded Counter Iteration: 11400
Batch 26;INFO;2020-04-08 08:07:13;    3.1 Uploaded Counter Iteration: 11450
Batch 26;INFO;2020-04-08 08:10:13;    3.1 Uploaded Counter Iteration: 11500
Batch 26;INFO;2020-04-08 08:11:24;    3.1 Uploaded Counter Iteration: 11550
Batch 26;INFO;2020-04-08 08:14:49;    3.1 Uploaded Counter Iteration: 11600
Batch 26;INFO;2020-04-08 08:15:59;    3.1 Uploaded Counter Iteration: 11650
Batch 26;INFO;2020-04-08 08:19:22;    3.1 Uploaded Counter Iteration: 11700
Batch 26;INFO;2020-04-08 08:20:52;    3.1 Uploaded Counter Iteration: 11750
Batch 26;INFO;2020-04-08 08:24:02;    3.1 Uploaded Counter Iteration: 11800
Batch 26;INFO;2020-04-08 08:25:44;    3.1 Uploaded Counter Iteration: 11850
Batch 26;INFO;2020-04-08 08:28:25;    3.1 Uploaded Counter Iteration: 11900
Batch 26;INFO;2020-04-08 08:30:34;    3.1 Uploaded Counter Iteration: 11950
Batch 26;INFO;2020-04-08 08:32:36;    3.1 Uploaded Counter Iteration: 12000
Batch 26;INFO;2020-04-08 08:35:22;    3.1 Uploaded Counter Iteration: 12050
Batch 26;INFO;2020-04-08 08:37:02;    3.1 Uploaded Counter Iteration: 12100
Batch 26;INFO;2020-04-08 08:40:11;    3.1 Uploaded Counter Iteration: 12150
Batch 26;INFO;2020-04-08 08:41:21;    3.1 Uploaded Counter Iteration: 12200
Batch 26;INFO;2020-04-08 08:45:06;    3.1 Uploaded Counter Iteration: 12250
Batch 26;INFO;2020-04-08 08:46:14;    3.1 Uploaded Counter Iteration: 12300
Batch 26;INFO;2020-04-08 08:49:46;    3.1 Uploaded Counter Iteration: 12350
Batch 26;INFO;2020-04-08 08:50:53;    3.1 Uploaded Counter Iteration: 12400
Batch 26;INFO;2020-04-08 08:53:57;    3.1 Uploaded Counter Iteration: 12450
Batch 26;INFO;2020-04-08 08:55:43;    3.1 Uploaded Counter Iteration: 12500
Batch 26;INFO;2020-04-08 08:58:13;    3.1 Uploaded Counter Iteration: 12550
Batch 26;INFO;2020-04-08 09:00:33;    3.1 Uploaded Counter Iteration: 12600
Batch 26;INFO;2020-04-08 09:02:53;    3.1 Uploaded Counter Iteration: 12650
Batch 26;INFO;2020-04-08 09:05:24;    3.1 Uploaded Counter Iteration: 12700
Batch 26;INFO;2020-04-08 09:07:09;    3.1 Uploaded Counter Iteration: 12750
Batch 26;INFO;2020-04-08 09:10:17;    3.1 Uploaded Counter Iteration: 12800
Batch 26;INFO;2020-04-08 09:11:40;    3.1 Uploaded Counter Iteration: 12850
Batch 26;INFO;2020-04-08 09:14:59;    3.1 Uploaded Counter Iteration: 12900
Batch 26;INFO;2020-04-08 09:16:00;    3.1 Uploaded Counter Iteration: 12950
Batch 26;INFO;2020-04-08 09:19:20;    3.1 Uploaded Counter Iteration: 13000
Batch 26;INFO;2020-04-08 09:20:47;    3.1 Uploaded Counter Iteration: 13050
Batch 26;INFO;2020-04-08 09:23:41;    3.1 Uploaded Counter Iteration: 13100
Batch 26;INFO;2020-04-08 09:25:38;    3.1 Uploaded Counter Iteration: 13150
Batch 26;INFO;2020-04-08 09:28:04;    3.1 Uploaded Counter Iteration: 13200
Batch 26;INFO;2020-04-08 09:30:27;    3.1 Uploaded Counter Iteration: 13250
Batch 26;INFO;2020-04-08 09:32:06;    3.1 Uploaded Counter Iteration: 13300
Batch 26;INFO;2020-04-08 09:35:11;    3.1 Uploaded Counter Iteration: 13350
Batch 26;INFO;2020-04-08 09:36:26;    3.1 Uploaded Counter Iteration: 13400
Batch 26;INFO;2020-04-08 09:40:05;    3.1 Uploaded Counter Iteration: 13450
Batch 26;INFO;2020-04-08 09:41:00;    3.1 Uploaded Counter Iteration: 13500
Batch 26;INFO;2020-04-08 09:44:14;    3.1 Uploaded Counter Iteration: 13550
Batch 26;INFO;2020-04-08 09:45:47;    3.1 Uploaded Counter Iteration: 13600
Batch 26;INFO;2020-04-08 09:48:33;    3.1 Uploaded Counter Iteration: 13650
Batch 26;INFO;2020-04-08 09:50:37;    3.1 Uploaded Counter Iteration: 13700
Batch 26;INFO;2020-04-08 09:53:03;    3.1 Uploaded Counter Iteration: 13750
Batch 26;INFO;2020-04-08 09:55:28;    3.1 Uploaded Counter Iteration: 13800
Batch 26;INFO;2020-04-08 09:57:24;    3.1 Uploaded Counter Iteration: 13850
Batch 26;INFO;2020-04-08 10:00:20;    3.1 Uploaded Counter Iteration: 13900
Batch 26;INFO;2020-04-08 10:01:52;    3.1 Uploaded Counter Iteration: 13950
Batch 26;INFO;2020-04-08 10:05:12;    3.1 Uploaded Counter Iteration: 14000
Batch 26;INFO;2020-04-08 10:06:14;    3.1 Uploaded Counter Iteration: 14050
Batch 26;INFO;2020-04-08 10:09:39;    3.1 Uploaded Counter Iteration: 14100
Batch 26;INFO;2020-04-08 10:10:54;    3.1 Uploaded Counter Iteration: 14150
Batch 26;INFO;2020-04-08 10:13:55;    3.1 Uploaded Counter Iteration: 14200
Batch 26;INFO;2020-04-08 10:15:44;    3.1 Uploaded Counter Iteration: 14250
Batch 26;INFO;2020-04-08 10:18:18;    3.1 Uploaded Counter Iteration: 14300
Batch 26;INFO;2020-04-08 10:20:30;    3.1 Uploaded Counter Iteration: 14350
Batch 26;INFO;2020-04-08 10:22:38;    3.1 Uploaded Counter Iteration: 14400
Batch 26;INFO;2020-04-08 10:25:22;    3.1 Uploaded Counter Iteration: 14450
Batch 26;INFO;2020-04-08 10:26:47;    3.1 Uploaded Counter Iteration: 14500
Batch 26;INFO;2020-04-08 10:30:08;    3.1 Uploaded Counter Iteration: 14550
Batch 26;INFO;2020-04-08 10:31:05;    3.1 Uploaded Counter Iteration: 14600
Batch 26;INFO;2020-04-08 10:34:37;    3.1 Uploaded Counter Iteration: 14650
Batch 26;INFO;2020-04-08 10:35:52;    3.1 Uploaded Counter Iteration: 14700
Batch 26;INFO;2020-04-08 10:38:52;    3.1 Uploaded Counter Iteration: 14750
Batch 26;INFO;2020-04-08 10:40:40;    3.1 Uploaded Counter Iteration: 14800
Batch 26;INFO;2020-04-08 10:43:14;    3.1 Uploaded Counter Iteration: 14850
Batch 26;INFO;2020-04-08 10:45:31;    3.1 Uploaded Counter Iteration: 14900
Batch 26;INFO;2020-04-08 10:47:25;    3.1 Uploaded Counter Iteration: 14950
Batch 26;INFO;2020-04-08 10:50:19;    3.1 Uploaded Counter Iteration: 15000
Batch 26;INFO;2020-04-08 10:51:40;    3.1 Uploaded Counter Iteration: 15050
Batch 26;INFO;2020-04-08 10:55:06;    3.1 Uploaded Counter Iteration: 15100
Batch 26;INFO;2020-04-08 10:56:02;    3.1 Uploaded Counter Iteration: 15150
Batch 26;INFO;2020-04-08 10:59:26;    3.1 Uploaded Counter Iteration: 15200
Batch 26;INFO;2020-04-08 11:00:51;    3.1 Uploaded Counter Iteration: 15250
Batch 26;INFO;2020-04-08 11:03:52;    3.1 Uploaded Counter Iteration: 15300
Batch 26;INFO;2020-04-08 11:05:42;    3.1 Uploaded Counter Iteration: 15350
Batch 26;INFO;2020-04-08 11:08:00;    3.1 Uploaded Counter Iteration: 15400
Batch 26;INFO;2020-04-08 11:10:27;    3.1 Uploaded Counter Iteration: 15450
Batch 26;INFO;2020-04-08 11:12:24;    3.1 Uploaded Counter Iteration: 15500
Batch 26;INFO;2020-04-08 11:15:19;    3.1 Uploaded Counter Iteration: 15550
Batch 26;INFO;2020-04-08 11:16:55;    3.1 Uploaded Counter Iteration: 15600
Batch 26;INFO;2020-04-08 11:20:11;    3.1 Uploaded Counter Iteration: 15650
Batch 26;INFO;2020-04-08 11:21:26;    3.1 Uploaded Counter Iteration: 15700
Batch 26;INFO;2020-04-08 11:24:52;    3.1 Uploaded Counter Iteration: 15750
Batch 26;INFO;2020-04-08 11:25:58;    3.1 Uploaded Counter Iteration: 15800
Batch 26;INFO;2020-04-08 11:29:16;    3.1 Uploaded Counter Iteration: 15850
Batch 26;INFO;2020-04-08 11:30:48;    3.1 Uploaded Counter Iteration: 15900
Batch 26;INFO;2020-04-08 11:33:34;    3.1 Uploaded Counter Iteration: 15950
Batch 26;INFO;2020-04-08 11:35:37;    3.1 Uploaded Counter Iteration: 16000
Batch 26;INFO;2020-04-08 11:37:48;    3.1 Uploaded Counter Iteration: 16050
Batch 26;INFO;2020-04-08 11:40:25;    3.1 Uploaded Counter Iteration: 16100
Batch 26;INFO;2020-04-08 11:42:15;    3.1 Uploaded Counter Iteration: 16150
Batch 26;INFO;2020-04-08 11:45:17;    3.1 Uploaded Counter Iteration: 16200
Batch 26;INFO;2020-04-08 11:46:40;    3.1 Uploaded Counter Iteration: 16250
Batch 26;INFO;2020-04-08 11:50:06;    3.1 Uploaded Counter Iteration: 16300
Batch 26;INFO;2020-04-08 11:51:01;    3.1 Uploaded Counter Iteration: 16350
Batch 26;INFO;2020-04-08 11:54:30;    3.1 Uploaded Counter Iteration: 16400
Batch 26;INFO;2020-04-08 11:55:50;    3.1 Uploaded Counter Iteration: 16450
Batch 26;INFO;2020-04-08 11:58:48;    3.1 Uploaded Counter Iteration: 16500
Batch 26;INFO;2020-04-08 12:00:41;    3.1 Uploaded Counter Iteration: 16550
Batch 26;INFO;2020-04-08 12:02:59;    3.1 Uploaded Counter Iteration: 16600
Batch 26;INFO;2020-04-08 12:05:29;    3.1 Uploaded Counter Iteration: 16650
Batch 26;INFO;2020-04-08 12:07:35;    3.1 Uploaded Counter Iteration: 16700
Batch 26;INFO;2020-04-08 12:10:22;    3.1 Uploaded Counter Iteration: 16750
Batch 26;INFO;2020-04-08 12:11:56;    3.1 Uploaded Counter Iteration: 16800
Batch 26;INFO;2020-04-08 12:15:11;    3.1 Uploaded Counter Iteration: 16850
Batch 26;INFO;2020-04-08 12:16:12;    3.1 Uploaded Counter Iteration: 16900
Batch 26;INFO;2020-04-08 12:19:38;    3.1 Uploaded Counter Iteration: 16950
Batch 26;INFO;2020-04-08 12:20:52;    3.1 Uploaded Counter Iteration: 17000
Batch 26;INFO;2020-04-08 12:23:49;    3.1 Uploaded Counter Iteration: 17050
Batch 26;INFO;2020-04-08 12:25:41;    3.1 Uploaded Counter Iteration: 17100
Batch 26;INFO;2020-04-08 12:28:16;    3.1 Uploaded Counter Iteration: 17150
Batch 26;INFO;2020-04-08 12:30:35;    3.1 Uploaded Counter Iteration: 17200
Batch 26;INFO;2020-04-08 12:32:56;    3.1 Uploaded Counter Iteration: 17250
Batch 26;INFO;2020-04-08 12:35:27;    3.1 Uploaded Counter Iteration: 17300
Batch 26;INFO;2020-04-08 12:37:17;    3.1 Uploaded Counter Iteration: 17350
Batch 26;INFO;2020-04-08 12:40:17;    3.1 Uploaded Counter Iteration: 17400
Batch 26;INFO;2020-04-08 12:41:37;    3.1 Uploaded Counter Iteration: 17450
Batch 26;INFO;2020-04-08 12:45:09;    3.1 Uploaded Counter Iteration: 17500
Batch 26;INFO;2020-04-08 12:46:13;    3.1 Uploaded Counter Iteration: 17550
Batch 26;INFO;2020-04-08 12:49:44;    3.1 Uploaded Counter Iteration: 17600
Batch 26;INFO;2020-04-08 12:51:00;    3.1 Uploaded Counter Iteration: 17650
Batch 26;INFO;2020-04-08 12:54:16;    3.1 Uploaded Counter Iteration: 17700
Batch 26;INFO;2020-04-08 12:55:49;    3.1 Uploaded Counter Iteration: 17750
Batch 26;INFO;2020-04-08 12:58:37;    3.1 Uploaded Counter Iteration: 17800
Batch 26;INFO;2020-04-08 13:00:39;    3.1 Uploaded Counter Iteration: 17850
Batch 26;INFO;2020-04-08 13:02:13;3 Starting webscrapping... (Completed)
Batch 26;INFO;2020-04-08 13:02:13;5. Succesfully run batch: 26
