Module;Type;Date;Details;Time;Error Type;Error Details;Error Line
Batch 27;INFO;2020-04-08 13:02:19;1. Select all songs in nonmatch-query (S3)
Batch 27;INFO;2020-04-08 13:02:20;1. Select all songs in nonmatch-query (S3) (Completed)
Batch 27;INFO;2020-04-08 13:02:20;3 Starting webscrapping...
Batch 27;INFO;2020-04-08 13:03:03;    3.0 ERROR: Error in iteration : 10
Batch 27;INFO;2020-04-08 13:05:19;    3.1 Uploaded Counter Iteration: 50
Batch 27;INFO;2020-04-08 13:06:49;    3.1 Uploaded Counter Iteration: 100
Batch 27;INFO;2020-04-08 13:10:07;    3.1 Uploaded Counter Iteration: 150
Batch 27;INFO;2020-04-08 13:11:05;    3.1 Uploaded Counter Iteration: 200
Batch 27;INFO;2020-04-08 13:14:40;    3.1 Uploaded Counter Iteration: 250
Batch 27;INFO;2020-04-08 13:15:53;    3.1 Uploaded Counter Iteration: 300
Batch 27;INFO;2020-04-08 13:19:05;    3.1 Uploaded Counter Iteration: 350
Batch 27;INFO;2020-04-08 13:20:47;    3.1 Uploaded Counter Iteration: 400
Batch 27;INFO;2020-04-08 13:23:39;    3.1 Uploaded Counter Iteration: 450
Batch 27;INFO;2020-04-08 13:25:38;    3.1 Uploaded Counter Iteration: 500
Batch 27;INFO;2020-04-08 13:27:51;    3.1 Uploaded Counter Iteration: 550
Batch 27;INFO;2020-04-08 13:30:28;    3.1 Uploaded Counter Iteration: 600
Batch 27;INFO;2020-04-08 13:32:15;    3.1 Uploaded Counter Iteration: 650
Batch 27;INFO;2020-04-08 13:35:17;    3.1 Uploaded Counter Iteration: 700
Batch 27;INFO;2020-04-08 13:36:44;    3.1 Uploaded Counter Iteration: 750
Batch 27;INFO;2020-04-08 13:40:07;    3.1 Uploaded Counter Iteration: 800
Batch 27;INFO;2020-04-08 13:41:03;    3.1 Uploaded Counter Iteration: 850
Batch 27;INFO;2020-04-08 13:44:17;    3.1 Uploaded Counter Iteration: 900
Batch 27;INFO;2020-04-08 13:45:46;    3.1 Uploaded Counter Iteration: 950
Batch 27;INFO;2020-04-08 13:48:24;    3.1 Uploaded Counter Iteration: 1000
Batch 27;INFO;2020-04-08 13:50:36;    3.1 Uploaded Counter Iteration: 1050
Batch 27;INFO;2020-04-08 13:52:52;    3.1 Uploaded Counter Iteration: 1100
Batch 27;INFO;2020-04-08 13:55:27;    3.1 Uploaded Counter Iteration: 1150
Batch 27;INFO;2020-04-08 13:57:14;    3.1 Uploaded Counter Iteration: 1200
Batch 27;INFO;2020-04-08 14:00:18;    3.1 Uploaded Counter Iteration: 1250
Batch 27;INFO;2020-04-08 14:01:49;    3.1 Uploaded Counter Iteration: 1300
Batch 27;INFO;2020-04-08 14:05:12;    3.1 Uploaded Counter Iteration: 1350
Batch 27;INFO;2020-04-08 14:06:24;    3.1 Uploaded Counter Iteration: 1400
Batch 27;INFO;2020-04-08 14:09:51;    3.1 Uploaded Counter Iteration: 1450
Batch 27;INFO;2020-04-08 14:10:57;    3.1 Uploaded Counter Iteration: 1500
Batch 27;INFO;2020-04-08 14:13:57;    3.1 Uploaded Counter Iteration: 1550
Batch 27;INFO;2020-04-08 14:15:43;    3.1 Uploaded Counter Iteration: 1600
Batch 27;INFO;2020-04-08 14:18:10;    3.1 Uploaded Counter Iteration: 1650
Batch 27;INFO;2020-04-08 14:20:32;    3.1 Uploaded Counter Iteration: 1700
Batch 27;INFO;2020-04-08 14:22:32;    3.1 Uploaded Counter Iteration: 1750
Batch 27;INFO;2020-04-08 14:25:23;    3.1 Uploaded Counter Iteration: 1800
Batch 27;INFO;2020-04-08 14:27:11;    3.1 Uploaded Counter Iteration: 1850
Batch 27;INFO;2020-04-08 14:30:18;    3.1 Uploaded Counter Iteration: 1900
Batch 27;INFO;2020-04-08 14:31:47;    3.1 Uploaded Counter Iteration: 1950
Batch 27;INFO;2020-04-08 14:35:09;    3.1 Uploaded Counter Iteration: 2000
Batch 27;INFO;2020-04-08 14:36:18;    3.1 Uploaded Counter Iteration: 2050
Batch 27;INFO;2020-04-08 14:39:49;    3.1 Uploaded Counter Iteration: 2100
Batch 27;INFO;2020-04-08 14:40:58;    3.1 Uploaded Counter Iteration: 2150
Batch 27;INFO;2020-04-08 14:44:19;    3.1 Uploaded Counter Iteration: 2200
Batch 27;INFO;2020-04-08 14:45:50;    3.1 Uploaded Counter Iteration: 2250
Batch 27;INFO;2020-04-08 14:48:39;    3.1 Uploaded Counter Iteration: 2300
Batch 27;INFO;2020-04-08 14:50:40;    3.1 Uploaded Counter Iteration: 2350
Batch 27;INFO;2020-04-08 14:53:03;    3.1 Uploaded Counter Iteration: 2400
Batch 27;INFO;2020-04-08 14:55:29;    3.1 Uploaded Counter Iteration: 2450
Batch 27;INFO;2020-04-08 14:57:23;    3.1 Uploaded Counter Iteration: 2500
Batch 27;INFO;2020-04-08 15:00:19;    3.1 Uploaded Counter Iteration: 2550
Batch 27;INFO;2020-04-08 15:01:45;    3.1 Uploaded Counter Iteration: 2600
Batch 27;INFO;2020-04-08 15:05:07;    3.1 Uploaded Counter Iteration: 2650
Batch 27;INFO;2020-04-08 15:06:06;    3.1 Uploaded Counter Iteration: 2700
Batch 27;INFO;2020-04-08 15:09:38;    3.1 Uploaded Counter Iteration: 2750
Batch 27;INFO;2020-04-08 15:10:53;    3.1 Uploaded Counter Iteration: 2800
Batch 27;INFO;2020-04-08 15:13:48;    3.1 Uploaded Counter Iteration: 2850
Batch 27;INFO;2020-04-08 15:15:42;    3.1 Uploaded Counter Iteration: 2900
Batch 27;INFO;2020-04-08 15:18:10;    3.1 Uploaded Counter Iteration: 2950
Batch 27;INFO;2020-04-08 15:20:32;    3.1 Uploaded Counter Iteration: 3000
Batch 27;INFO;2020-04-08 15:22:54;    3.1 Uploaded Counter Iteration: 3050
Batch 27;INFO;2020-04-08 15:25:27;    3.1 Uploaded Counter Iteration: 3100
Batch 27;INFO;2020-04-08 15:27:29;    3.1 Uploaded Counter Iteration: 3150
Batch 27;INFO;2020-04-08 15:30:22;    3.1 Uploaded Counter Iteration: 3200
Batch 27;INFO;2020-04-08 15:32:02;    3.1 Uploaded Counter Iteration: 3250
Batch 27;INFO;2020-04-08 15:35:13;    3.1 Uploaded Counter Iteration: 3300
Batch 27;INFO;2020-04-08 15:36:17;    3.1 Uploaded Counter Iteration: 3350
Batch 27;INFO;2020-04-08 15:39:47;    3.1 Uploaded Counter Iteration: 3400
Batch 27;INFO;2020-04-08 15:40:58;    3.1 Uploaded Counter Iteration: 3450
Batch 27;INFO;2020-04-08 15:44:26;    3.1 Uploaded Counter Iteration: 3500
Batch 27;INFO;2020-04-08 15:45:53;    3.1 Uploaded Counter Iteration: 3550
Batch 27;INFO;2020-04-08 15:48:48;    3.1 Uploaded Counter Iteration: 3600
Batch 27;INFO;2020-04-08 15:50:42;    3.1 Uploaded Counter Iteration: 3650
Batch 27;INFO;2020-04-08 15:53:18;    3.1 Uploaded Counter Iteration: 3700
Batch 27;INFO;2020-04-08 15:55:35;    3.1 Uploaded Counter Iteration: 3750
Batch 27;INFO;2020-04-08 15:57:49;    3.1 Uploaded Counter Iteration: 3800
Batch 27;INFO;2020-04-08 16:00:28;    3.1 Uploaded Counter Iteration: 3850
Batch 27;INFO;2020-04-08 16:02:22;    3.1 Uploaded Counter Iteration: 3900
Batch 27;INFO;2020-04-08 16:05:22;    3.1 Uploaded Counter Iteration: 3950
Batch 27;INFO;2020-04-08 16:07:04;    3.1 Uploaded Counter Iteration: 4000
Batch 27;INFO;2020-04-08 16:10:18;    3.1 Uploaded Counter Iteration: 4050
Batch 27;INFO;2020-04-08 16:11:55;    3.1 Uploaded Counter Iteration: 4100
Batch 27;INFO;2020-04-08 16:15:13;    3.1 Uploaded Counter Iteration: 4150
Batch 27;INFO;2020-04-08 16:16:24;    3.1 Uploaded Counter Iteration: 4200
Batch 27;INFO;2020-04-08 16:19:54;    3.1 Uploaded Counter Iteration: 4250
Batch 27;INFO;2020-04-08 16:20:58;    3.1 Uploaded Counter Iteration: 4300
Batch 27;INFO;2020-04-08 16:24:11;    3.1 Uploaded Counter Iteration: 4350
Batch 27;INFO;2020-04-08 16:25:50;    3.1 Uploaded Counter Iteration: 4400
Batch 27;INFO;2020-04-08 16:28:34;    3.1 Uploaded Counter Iteration: 4450
Batch 27;INFO;2020-04-08 16:30:40;    3.1 Uploaded Counter Iteration: 4500
Batch 27;INFO;2020-04-08 16:33:10;    3.1 Uploaded Counter Iteration: 4550
Batch 27;INFO;2020-04-08 16:35:33;    3.1 Uploaded Counter Iteration: 4600
Batch 27;INFO;2020-04-08 16:37:39;    3.1 Uploaded Counter Iteration: 4650
Batch 27;INFO;2020-04-08 16:40:22;    3.1 Uploaded Counter Iteration: 4700
Batch 27;INFO;2020-04-08 16:42:01;    3.1 Uploaded Counter Iteration: 4750
Batch 27;INFO;2020-04-08 16:45:13;    3.1 Uploaded Counter Iteration: 4800
Batch 27;INFO;2020-04-08 16:46:33;    3.1 Uploaded Counter Iteration: 4850
Batch 27;INFO;2020-04-08 16:50:00;    3.1 Uploaded Counter Iteration: 4900
Batch 27;INFO;2020-04-08 16:51:02;    3.1 Uploaded Counter Iteration: 4950
Batch 27;INFO;2020-04-08 16:54:25;    3.1 Uploaded Counter Iteration: 5000
Batch 27;INFO;2020-04-08 16:55:56;    3.1 Uploaded Counter Iteration: 5050
Batch 27;INFO;2020-04-08 16:59:05;    3.1 Uploaded Counter Iteration: 5100
Batch 27;INFO;2020-04-08 17:00:45;    3.1 Uploaded Counter Iteration: 5150
Batch 27;INFO;2020-04-08 17:03:40;    3.1 Uploaded Counter Iteration: 5200
Batch 27;INFO;2020-04-08 17:05:39;    3.1 Uploaded Counter Iteration: 5250
Batch 27;INFO;2020-04-08 17:08:12;    3.1 Uploaded Counter Iteration: 5300
Batch 27;INFO;2020-04-08 17:10:31;    3.1 Uploaded Counter Iteration: 5350
Batch 27;INFO;2020-04-08 17:12:44;    3.1 Uploaded Counter Iteration: 5400
Batch 27;INFO;2020-04-08 17:15:27;    3.1 Uploaded Counter Iteration: 5450
Batch 27;INFO;2020-04-08 17:17:23;    3.1 Uploaded Counter Iteration: 5500
Batch 27;INFO;2020-04-08 17:20:20;    3.1 Uploaded Counter Iteration: 5550
Batch 27;INFO;2020-04-08 17:21:42;    3.1 Uploaded Counter Iteration: 5600
Batch 27;INFO;2020-04-08 17:24:58;    3.1 Uploaded Counter Iteration: 5650
Batch 27;INFO;2020-04-08 17:25:59;    3.1 Uploaded Counter Iteration: 5700
Batch 27;INFO;2020-04-08 17:29:25;    3.1 Uploaded Counter Iteration: 5750
Batch 27;INFO;2020-04-08 17:30:52;    3.1 Uploaded Counter Iteration: 5800
Batch 27;INFO;2020-04-08 17:33:54;    3.1 Uploaded Counter Iteration: 5850
Batch 27;INFO;2020-04-08 17:35:43;    3.1 Uploaded Counter Iteration: 5900
Batch 27;INFO;2020-04-08 17:38:36;    3.1 Uploaded Counter Iteration: 5950
Batch 27;INFO;2020-04-08 17:40:38;    3.1 Uploaded Counter Iteration: 6000
Batch 27;INFO;2020-04-08 17:42:57;    3.1 Uploaded Counter Iteration: 6050
Batch 27;INFO;2020-04-08 17:45:28;    3.1 Uploaded Counter Iteration: 6100
Batch 27;INFO;2020-04-08 17:47:29;    3.1 Uploaded Counter Iteration: 6150
Batch 27;INFO;2020-04-08 17:50:23;    3.1 Uploaded Counter Iteration: 6200
Batch 27;INFO;2020-04-08 17:52:04;    3.1 Uploaded Counter Iteration: 6250
Batch 27;INFO;2020-04-08 17:55:13;    3.1 Uploaded Counter Iteration: 6300
Batch 27;INFO;2020-04-08 17:56:22;    3.1 Uploaded Counter Iteration: 6350
Batch 27;INFO;2020-04-08 17:59:50;    3.1 Uploaded Counter Iteration: 6400
Batch 27;INFO;2020-04-08 18:01:00;    3.1 Uploaded Counter Iteration: 6450
Batch 27;INFO;2020-04-08 18:04:15;    3.1 Uploaded Counter Iteration: 6500
Batch 27;INFO;2020-04-08 18:05:47;    3.1 Uploaded Counter Iteration: 6550
Batch 27;INFO;2020-04-08 18:08:43;    3.1 Uploaded Counter Iteration: 6600
Batch 27;INFO;2020-04-08 18:10:43;    3.1 Uploaded Counter Iteration: 6650
Batch 27;INFO;2020-04-08 18:13:22;    3.1 Uploaded Counter Iteration: 6700
Batch 27;INFO;2020-04-08 18:15:35;    3.1 Uploaded Counter Iteration: 6750
Batch 27;INFO;2020-04-08 18:17:45;    3.1 Uploaded Counter Iteration: 6800
Batch 27;INFO;2020-04-08 18:20:27;    3.1 Uploaded Counter Iteration: 6850
Batch 27;INFO;2020-04-08 18:22:10;    3.1 Uploaded Counter Iteration: 6900
Batch 27;INFO;2020-04-08 18:25:16;    3.1 Uploaded Counter Iteration: 6950
Batch 27;INFO;2020-04-08 18:26:30;    3.1 Uploaded Counter Iteration: 7000
Batch 27;INFO;2020-04-08 18:29:58;    3.1 Uploaded Counter Iteration: 7050
Batch 27;INFO;2020-04-08 18:31:00;    3.1 Uploaded Counter Iteration: 7100
Batch 27;INFO;2020-04-08 18:34:19;    3.1 Uploaded Counter Iteration: 7150
Batch 27;INFO;2020-04-08 18:35:50;    3.1 Uploaded Counter Iteration: 7200
Batch 27;INFO;2020-04-08 18:38:55;    3.1 Uploaded Counter Iteration: 7250
Batch 27;INFO;2020-04-08 18:40:46;    3.1 Uploaded Counter Iteration: 7300
Batch 27;INFO;2020-04-08 18:43:35;    3.1 Uploaded Counter Iteration: 7350
Batch 27;INFO;2020-04-08 18:45:44;    3.1 Uploaded Counter Iteration: 7400
Batch 27;INFO;2020-04-08 18:48:16;    3.1 Uploaded Counter Iteration: 7450
Batch 27;INFO;2020-04-08 18:50:31;    3.1 Uploaded Counter Iteration: 7500
Batch 27;INFO;2020-04-08 18:52:37;    3.1 Uploaded Counter Iteration: 7550
Batch 27;INFO;2020-04-08 18:55:25;    3.1 Uploaded Counter Iteration: 7600
Batch 27;INFO;2020-04-08 18:57:05;    3.1 Uploaded Counter Iteration: 7650
Batch 27;INFO;2020-04-08 19:00:17;    3.1 Uploaded Counter Iteration: 7700
Batch 27;INFO;2020-04-08 19:01:40;    3.1 Uploaded Counter Iteration: 7750
Batch 27;INFO;2020-04-08 19:05:12;    3.1 Uploaded Counter Iteration: 7800
Batch 27;INFO;2020-04-08 19:06:23;    3.1 Uploaded Counter Iteration: 7850
Batch 27;INFO;2020-04-08 19:09:55;    3.1 Uploaded Counter Iteration: 7900
Batch 27;INFO;2020-04-08 19:10:58;    3.1 Uploaded Counter Iteration: 7950
Batch 27;INFO;2020-04-08 19:14:22;    3.1 Uploaded Counter Iteration: 8000
Batch 27;INFO;2020-04-08 19:15:58;    3.1 Uploaded Counter Iteration: 8050
Batch 27;INFO;2020-04-08 19:19:07;    3.1 Uploaded Counter Iteration: 8100
Batch 27;INFO;2020-04-08 19:20:50;    3.1 Uploaded Counter Iteration: 8150
Batch 27;INFO;2020-04-08 19:23:54;    3.1 Uploaded Counter Iteration: 8200
Batch 27;INFO;2020-04-08 19:25:44;    3.1 Uploaded Counter Iteration: 8250
Batch 27;INFO;2020-04-08 19:28:15;    3.1 Uploaded Counter Iteration: 8300
Batch 27;INFO;2020-04-08 19:30:31;    3.1 Uploaded Counter Iteration: 8350
Batch 27;INFO;2020-04-08 19:32:30;    3.1 Uploaded Counter Iteration: 8400
Batch 27;INFO;2020-04-08 19:35:22;    3.1 Uploaded Counter Iteration: 8450
Batch 27;INFO;2020-04-08 19:36:58;    3.1 Uploaded Counter Iteration: 8500
Batch 27;INFO;2020-04-08 19:40:11;    3.1 Uploaded Counter Iteration: 8550
Batch 27;INFO;2020-04-08 19:41:24;    3.1 Uploaded Counter Iteration: 8600
Batch 27;INFO;2020-04-08 19:44:50;    3.1 Uploaded Counter Iteration: 8650
Batch 27;INFO;2020-04-08 19:45:59;    3.1 Uploaded Counter Iteration: 8700
Batch 27;INFO;2020-04-08 19:49:14;    3.1 Uploaded Counter Iteration: 8750
Batch 27;INFO;2020-04-08 19:50:47;    3.1 Uploaded Counter Iteration: 8800
Batch 27;INFO;2020-04-08 19:53:32;    3.1 Uploaded Counter Iteration: 8850
Batch 27;INFO;2020-04-08 19:55:37;    3.1 Uploaded Counter Iteration: 8900
Batch 27;INFO;2020-04-08 19:57:50;    3.1 Uploaded Counter Iteration: 8950
Batch 27;INFO;2020-04-08 20:00:26;    3.1 Uploaded Counter Iteration: 9000
Batch 27;INFO;2020-04-08 20:02:09;    3.1 Uploaded Counter Iteration: 9050
Batch 27;INFO;2020-04-08 20:05:16;    3.1 Uploaded Counter Iteration: 9100
Batch 27;INFO;2020-04-08 20:06:40;    3.1 Uploaded Counter Iteration: 9150
Batch 27;INFO;2020-04-08 20:10:09;    3.1 Uploaded Counter Iteration: 9200
Batch 27;INFO;2020-04-08 20:11:11;    3.1 Uploaded Counter Iteration: 9250
Batch 27;INFO;2020-04-08 20:14:36;    3.1 Uploaded Counter Iteration: 9300
Batch 27;INFO;2020-04-08 20:15:54;    3.1 Uploaded Counter Iteration: 9350
Batch 27;INFO;2020-04-08 20:18:54;    3.1 Uploaded Counter Iteration: 9400
Batch 27;INFO;2020-04-08 20:20:42;    3.1 Uploaded Counter Iteration: 9450
Batch 27;INFO;2020-04-08 20:23:07;    3.1 Uploaded Counter Iteration: 9500
Batch 27;INFO;2020-04-08 20:25:30;    3.1 Uploaded Counter Iteration: 9550
Batch 27;INFO;2020-04-08 20:27:18;    3.1 Uploaded Counter Iteration: 9600
Batch 27;INFO;2020-04-08 20:30:17;    3.1 Uploaded Counter Iteration: 9650
Batch 27;INFO;2020-04-08 20:31:34;    3.1 Uploaded Counter Iteration: 9700
Batch 27;INFO;2020-04-08 20:35:05;    3.1 Uploaded Counter Iteration: 9750
Batch 27;INFO;2020-04-08 20:36:03;    3.1 Uploaded Counter Iteration: 9800
Batch 27;INFO;2020-04-08 20:39:20;    3.1 Uploaded Counter Iteration: 9850
Batch 27;INFO;2020-04-08 20:40:53;    3.1 Uploaded Counter Iteration: 9900
Batch 27;INFO;2020-04-08 20:43:42;    3.1 Uploaded Counter Iteration: 9950
Batch 27;INFO;2020-04-08 20:45:42;    3.1 Uploaded Counter Iteration: 10000
Batch 27;INFO;2020-04-08 20:48:03;    3.1 Uploaded Counter Iteration: 10050
Batch 27;INFO;2020-04-08 20:50:30;    3.1 Uploaded Counter Iteration: 10100
Batch 27;INFO;2020-04-08 20:52:32;    3.1 Uploaded Counter Iteration: 10150
Batch 27;INFO;2020-04-08 20:55:20;    3.1 Uploaded Counter Iteration: 10200
Batch 27;INFO;2020-04-08 20:56:44;    3.1 Uploaded Counter Iteration: 10250
Batch 27;INFO;2020-04-08 21:00:02;    3.1 Uploaded Counter Iteration: 10300
Batch 27;INFO;2020-04-08 21:01:00;    3.1 Uploaded Counter Iteration: 10350
Batch 27;INFO;2020-04-08 21:04:16;    3.1 Uploaded Counter Iteration: 10400
Batch 27;INFO;2020-04-08 21:05:48;    3.1 Uploaded Counter Iteration: 10450
Batch 27;INFO;2020-04-08 21:08:40;    3.1 Uploaded Counter Iteration: 10500
Batch 27;INFO;2020-04-08 21:10:41;    3.1 Uploaded Counter Iteration: 10550
Batch 27;INFO;2020-04-08 21:12:59;    3.1 Uploaded Counter Iteration: 10600
Batch 27;INFO;2020-04-08 21:15:31;    3.1 Uploaded Counter Iteration: 10650
Batch 27;INFO;2020-04-08 21:17:15;    3.1 Uploaded Counter Iteration: 10700
Batch 27;INFO;2020-04-08 21:20:16;    3.1 Uploaded Counter Iteration: 10750
Batch 27;INFO;2020-04-08 21:21:38;    3.1 Uploaded Counter Iteration: 10800
Batch 27;INFO;2020-04-08 21:24:58;    3.1 Uploaded Counter Iteration: 10850
Batch 27;INFO;2020-04-08 21:26:00;    3.1 Uploaded Counter Iteration: 10900
Batch 27;INFO;2020-04-08 21:29:17;    3.1 Uploaded Counter Iteration: 10950
Batch 27;INFO;2020-04-08 21:30:52;    3.1 Uploaded Counter Iteration: 11000
Batch 27;INFO;2020-04-08 21:33:52;    3.1 Uploaded Counter Iteration: 11050
Batch 27;INFO;2020-04-08 21:35:44;    3.1 Uploaded Counter Iteration: 11100
Batch 27;INFO;2020-04-08 21:38:13;    3.1 Uploaded Counter Iteration: 11150
Batch 27;INFO;2020-04-08 21:40:31;    3.1 Uploaded Counter Iteration: 11200
Batch 27;INFO;2020-04-08 21:42:18;    3.1 Uploaded Counter Iteration: 11250
Batch 27;INFO;2020-04-08 21:45:17;    3.1 Uploaded Counter Iteration: 11300
Batch 27;INFO;2020-04-08 21:46:36;    3.1 Uploaded Counter Iteration: 11350
Batch 27;INFO;2020-04-08 21:50:07;    3.1 Uploaded Counter Iteration: 11400
Batch 27;INFO;2020-04-08 21:51:07;    3.1 Uploaded Counter Iteration: 11450
Batch 27;INFO;2020-04-08 21:54:32;    3.1 Uploaded Counter Iteration: 11500
Batch 27;INFO;2020-04-08 21:55:53;    3.1 Uploaded Counter Iteration: 11550
Batch 27;INFO;2020-04-08 21:58:49;    3.1 Uploaded Counter Iteration: 11600
Batch 27;INFO;2020-04-08 22:00:40;    3.1 Uploaded Counter Iteration: 11650
Batch 27;INFO;2020-04-08 22:03:12;    3.1 Uploaded Counter Iteration: 11700
Batch 27;INFO;2020-04-08 22:05:31;    3.1 Uploaded Counter Iteration: 11750
Batch 27;INFO;2020-04-08 22:07:31;    3.1 Uploaded Counter Iteration: 11800
Batch 27;INFO;2020-04-08 22:10:20;    3.1 Uploaded Counter Iteration: 11850
Batch 27;INFO;2020-04-08 22:11:42;    3.1 Uploaded Counter Iteration: 11900
Batch 27;INFO;2020-04-08 22:15:10;    3.1 Uploaded Counter Iteration: 11950
Batch 27;INFO;2020-04-08 22:16:07;    3.1 Uploaded Counter Iteration: 12000
Batch 27;INFO;2020-04-08 22:19:33;    3.1 Uploaded Counter Iteration: 12050
Batch 27;INFO;2020-04-08 22:20:54;    3.1 Uploaded Counter Iteration: 12100
Batch 27;INFO;2020-04-08 22:23:52;    3.1 Uploaded Counter Iteration: 12150
Batch 27;INFO;2020-04-08 22:25:45;    3.1 Uploaded Counter Iteration: 12200
Batch 27;INFO;2020-04-08 22:28:10;    3.1 Uploaded Counter Iteration: 12250
Batch 27;INFO;2020-04-08 22:30:35;    3.1 Uploaded Counter Iteration: 12300
Batch 27;INFO;2020-04-08 22:32:42;    3.1 Uploaded Counter Iteration: 12350
Batch 27;INFO;2020-04-08 22:35:24;    3.1 Uploaded Counter Iteration: 12400
Batch 27;INFO;2020-04-08 22:37:04;    3.1 Uploaded Counter Iteration: 12450
Batch 27;INFO;2020-04-08 22:40:11;    3.1 Uploaded Counter Iteration: 12500
Batch 27;INFO;2020-04-08 22:41:08;    3.1 Uploaded Counter Iteration: 12550
Batch 27;INFO;2020-04-08 22:44:32;    3.1 Uploaded Counter Iteration: 12600
Batch 27;INFO;2020-04-08 22:45:54;    3.1 Uploaded Counter Iteration: 12650
Batch 27;INFO;2020-04-08 22:48:49;    3.1 Uploaded Counter Iteration: 12700
Batch 27;INFO;2020-04-08 22:50:43;    3.1 Uploaded Counter Iteration: 12750
Batch 27;INFO;2020-04-08 22:53:15;    3.1 Uploaded Counter Iteration: 12800
Batch 27;INFO;2020-04-08 22:55:33;    3.1 Uploaded Counter Iteration: 12850
Batch 27;INFO;2020-04-08 22:57:36;    3.1 Uploaded Counter Iteration: 12900
Batch 27;INFO;2020-04-08 23:00:24;    3.1 Uploaded Counter Iteration: 12950
Batch 27;INFO;2020-04-08 23:01:54;    3.1 Uploaded Counter Iteration: 13000
Batch 27;INFO;2020-04-08 23:05:09;    3.1 Uploaded Counter Iteration: 13050
Batch 27;INFO;2020-04-08 23:06:07;    3.1 Uploaded Counter Iteration: 13100
Batch 27;INFO;2020-04-08 23:09:26;    3.1 Uploaded Counter Iteration: 13150
Batch 27;INFO;2020-04-08 23:10:51;    3.1 Uploaded Counter Iteration: 13200
Batch 27;INFO;2020-04-08 23:13:35;    3.1 Uploaded Counter Iteration: 13250
Batch 27;INFO;2020-04-08 23:15:34;    3.1 Uploaded Counter Iteration: 13300
Batch 27;INFO;2020-04-08 23:17:35;    3.1 Uploaded Counter Iteration: 13350
Batch 27;INFO;2020-04-08 23:20:21;    3.1 Uploaded Counter Iteration: 13400
Batch 27;INFO;2020-04-08 23:21:54;    3.1 Uploaded Counter Iteration: 13450
Batch 27;INFO;2020-04-08 23:25:09;    3.1 Uploaded Counter Iteration: 13500
Batch 27;INFO;2020-04-08 23:26:13;    3.1 Uploaded Counter Iteration: 13550
Batch 27;INFO;2020-04-08 23:29:40;    3.1 Uploaded Counter Iteration: 13600
Batch 27;INFO;2020-04-08 23:30:58;    3.1 Uploaded Counter Iteration: 13650
Batch 27;INFO;2020-04-08 23:34:03;    3.1 Uploaded Counter Iteration: 13700
Batch 27;INFO;2020-04-08 23:35:47;    3.1 Uploaded Counter Iteration: 13750
Batch 27;INFO;2020-04-08 23:38:28;    3.1 Uploaded Counter Iteration: 13800
Batch 27;INFO;2020-04-08 23:40:37;    3.1 Uploaded Counter Iteration: 13850
Batch 27;INFO;2020-04-08 23:42:53;    3.1 Uploaded Counter Iteration: 13900
Batch 27;INFO;2020-04-08 23:45:24;    3.1 Uploaded Counter Iteration: 13950
Batch 27;INFO;2020-04-08 23:46:57;    3.1 Uploaded Counter Iteration: 14000
Batch 27;INFO;2020-04-08 23:50:11;    3.1 Uploaded Counter Iteration: 14050
Batch 27;INFO;2020-04-08 23:51:07;    3.1 Uploaded Counter Iteration: 14100
Batch 27;INFO;2020-04-08 23:54:38;    3.1 Uploaded Counter Iteration: 14150
Batch 27;INFO;2020-04-08 23:55:53;    3.1 Uploaded Counter Iteration: 14200
Batch 27;INFO;2020-04-08 23:58:42;    3.1 Uploaded Counter Iteration: 14250
Batch 27;INFO;2020-04-09 00:00:39;    3.1 Uploaded Counter Iteration: 14300
Batch 27;INFO;2020-04-09 00:02:58;    3.1 Uploaded Counter Iteration: 14350
Batch 27;INFO;2020-04-09 00:05:29;    3.1 Uploaded Counter Iteration: 14400
Batch 27;INFO;2020-04-09 00:07:18;    3.1 Uploaded Counter Iteration: 14450
Batch 27;INFO;2020-04-09 00:10:19;    3.1 Uploaded Counter Iteration: 14500
Batch 27;INFO;2020-04-09 00:12:00;    3.1 Uploaded Counter Iteration: 14550
Batch 27;INFO;2020-04-09 00:15:11;    3.1 Uploaded Counter Iteration: 14600
Batch 27;INFO;2020-04-09 00:16:14;    3.1 Uploaded Counter Iteration: 14650
Batch 27;INFO;2020-04-09 00:19:31;    3.1 Uploaded Counter Iteration: 14700
Batch 27;INFO;2020-04-09 00:20:52;    3.1 Uploaded Counter Iteration: 14750
Batch 27;INFO;2020-04-09 00:23:43;    3.1 Uploaded Counter Iteration: 14800
Batch 27;INFO;2020-04-09 00:25:39;    3.1 Uploaded Counter Iteration: 14850
Batch 27;INFO;2020-04-09 00:28:03;    3.1 Uploaded Counter Iteration: 14900
Batch 27;INFO;2020-04-09 00:30:27;    3.1 Uploaded Counter Iteration: 14950
Batch 27;INFO;2020-04-09 00:32:02;    3.1 Uploaded Counter Iteration: 15000
Batch 27;INFO;2020-04-09 00:35:09;    3.1 Uploaded Counter Iteration: 15050
Batch 27;INFO;2020-04-09 00:36:13;    3.1 Uploaded Counter Iteration: 15100
Batch 27;INFO;2020-04-09 00:39:34;    3.1 Uploaded Counter Iteration: 15150
Batch 27;INFO;2020-04-09 00:40:54;    3.1 Uploaded Counter Iteration: 15200
Batch 27;INFO;2020-04-09 00:43:42;    3.1 Uploaded Counter Iteration: 15250
Batch 27;INFO;2020-04-09 00:45:40;    3.1 Uploaded Counter Iteration: 15300
Batch 27;INFO;2020-04-09 00:47:56;    3.1 Uploaded Counter Iteration: 15350
Batch 27;INFO;2020-04-09 00:50:26;    3.1 Uploaded Counter Iteration: 15400
Batch 27;INFO;2020-04-09 00:52:08;    3.1 Uploaded Counter Iteration: 15450
Batch 27;INFO;2020-04-09 00:55:14;    3.1 Uploaded Counter Iteration: 15500
Batch 27;INFO;2020-04-09 00:56:21;    3.1 Uploaded Counter Iteration: 15550
Batch 27;INFO;2020-04-09 00:59:48;    3.1 Uploaded Counter Iteration: 15600
Batch 27;INFO;2020-04-09 01:01:00;    3.1 Uploaded Counter Iteration: 15650
Batch 27;INFO;2020-04-09 01:04:11;    3.1 Uploaded Counter Iteration: 15700
Batch 27;INFO;2020-04-09 01:05:46;    3.1 Uploaded Counter Iteration: 15750
Batch 27;INFO;2020-04-09 01:08:17;    3.1 Uploaded Counter Iteration: 15800
Batch 27;INFO;2020-04-09 01:10:33;    3.1 Uploaded Counter Iteration: 15850
Batch 27;INFO;2020-04-09 01:12:31;    3.1 Uploaded Counter Iteration: 15900
Batch 27;INFO;2020-04-09 01:15:22;    3.1 Uploaded Counter Iteration: 15950
Batch 27;INFO;2020-04-09 01:16:56;    3.1 Uploaded Counter Iteration: 16000
Batch 27;INFO;2020-04-09 01:20:12;    3.1 Uploaded Counter Iteration: 16050
Batch 27;INFO;2020-04-09 01:21:14;    3.1 Uploaded Counter Iteration: 16100
Batch 27;INFO;2020-04-09 01:24:36;    3.1 Uploaded Counter Iteration: 16150
Batch 27;INFO;2020-04-09 01:25:54;    3.1 Uploaded Counter Iteration: 16200
Batch 27;INFO;2020-04-09 01:28:57;    3.1 Uploaded Counter Iteration: 16250
Batch 27;INFO;2020-04-09 01:30:46;    3.1 Uploaded Counter Iteration: 16300
Batch 27;INFO;2020-04-09 01:33:26;    3.1 Uploaded Counter Iteration: 16350
Batch 27;INFO;2020-04-09 01:35:34;    3.1 Uploaded Counter Iteration: 16400
Batch 27;INFO;2020-04-09 01:37:31;    3.1 Uploaded Counter Iteration: 16450
Batch 27;INFO;2020-04-09 01:40:20;    3.1 Uploaded Counter Iteration: 16500
Batch 27;INFO;2020-04-09 01:41:33;    3.1 Uploaded Counter Iteration: 16550
Batch 27;INFO;2020-04-09 01:44:51;    3.1 Uploaded Counter Iteration: 16600
Batch 27;INFO;2020-04-09 01:46:05;    3.1 Uploaded Counter Iteration: 16650
Batch 27;INFO;2020-04-09 01:49:30;    3.1 Uploaded Counter Iteration: 16700
Batch 27;INFO;2020-04-09 01:50:53;    3.1 Uploaded Counter Iteration: 16750
Batch 27;INFO;2020-04-09 01:53:51;    3.1 Uploaded Counter Iteration: 16800
Batch 27;INFO;2020-04-09 01:55:42;    3.1 Uploaded Counter Iteration: 16850
Batch 27;INFO;2020-04-09 01:58:12;    3.1 Uploaded Counter Iteration: 16900
Batch 27;INFO;2020-04-09 02:00:29;    3.1 Uploaded Counter Iteration: 16950
Batch 27;INFO;2020-04-09 02:02:05;3 Starting webscrapping... (Completed)
Batch 27;INFO;2020-04-09 02:02:05;5. Succesfully run batch: 27
