Module;Type;Date;Details;Time;Error Type;Error Details;Error Line
Batch 28;INFO;2020-04-09 02:02:10;1. Select all songs in nonmatch-query (S3)
Batch 28;INFO;2020-04-09 02:02:11;1. Select all songs in nonmatch-query (S3) (Completed)
Batch 28;INFO;2020-04-09 02:02:11;3 Starting webscrapping...
Batch 28;INFO;2020-04-09 02:02:52;    3.0 ERROR: Error in iteration : 9
Batch 28;INFO;2020-04-09 02:05:20;    3.1 Uploaded Counter Iteration: 50
Batch 28;INFO;2020-04-09 02:06:44;    3.1 Uploaded Counter Iteration: 100
Batch 28;INFO;2020-04-09 02:10:12;    3.1 Uploaded Counter Iteration: 150
Batch 28;INFO;2020-04-09 02:11:13;    3.1 Uploaded Counter Iteration: 200
Batch 28;INFO;2020-04-09 02:14:33;    3.1 Uploaded Counter Iteration: 250
Batch 28;INFO;2020-04-09 02:15:52;    3.1 Uploaded Counter Iteration: 300
Batch 28;INFO;2020-04-09 02:18:38;    3.1 Uploaded Counter Iteration: 350
Batch 28;INFO;2020-04-09 02:20:38;    3.1 Uploaded Counter Iteration: 400
Batch 28;INFO;2020-04-09 02:22:47;    3.1 Uploaded Counter Iteration: 450
Batch 28;INFO;2020-04-09 02:25:25;    3.1 Uploaded Counter Iteration: 500
Batch 28;INFO;2020-04-09 02:26:58;    3.1 Uploaded Counter Iteration: 550
Batch 28;INFO;2020-04-09 02:30:12;    3.1 Uploaded Counter Iteration: 600
Batch 28;INFO;2020-04-09 02:31:12;    3.1 Uploaded Counter Iteration: 650
Batch 28;INFO;2020-04-09 02:34:34;    3.1 Uploaded Counter Iteration: 700
Batch 28;INFO;2020-04-09 02:35:53;    3.1 Uploaded Counter Iteration: 750
Batch 28;INFO;2020-04-09 02:38:46;    3.1 Uploaded Counter Iteration: 800
Batch 28;INFO;2020-04-09 02:40:41;    3.1 Uploaded Counter Iteration: 850
Batch 28;INFO;2020-04-09 02:43:08;    3.1 Uploaded Counter Iteration: 900
Batch 28;INFO;2020-04-09 02:45:32;    3.1 Uploaded Counter Iteration: 950
Batch 28;INFO;2020-04-09 02:47:26;    3.1 Uploaded Counter Iteration: 1000
Batch 28;INFO;2020-04-09 02:50:19;    3.1 Uploaded Counter Iteration: 1050
Batch 28;INFO;2020-04-09 02:51:33;    3.1 Uploaded Counter Iteration: 1100
Batch 28;INFO;2020-04-09 02:55:00;    3.1 Uploaded Counter Iteration: 1150
Batch 28;INFO;2020-04-09 02:56:02;    3.1 Uploaded Counter Iteration: 1200
Batch 28;INFO;2020-04-09 02:59:13;    3.1 Uploaded Counter Iteration: 1250
Batch 28;INFO;2020-04-09 03:00:48;    3.1 Uploaded Counter Iteration: 1300
Batch 28;INFO;2020-04-09 03:03:30;    3.1 Uploaded Counter Iteration: 1350
Batch 28;INFO;2020-04-09 03:05:35;    3.1 Uploaded Counter Iteration: 1400
Batch 28;INFO;2020-04-09 03:07:33;    3.1 Uploaded Counter Iteration: 1450
Batch 28;INFO;2020-04-09 03:10:20;    3.1 Uploaded Counter Iteration: 1500
Batch 28;INFO;2020-04-09 03:11:43;    3.1 Uploaded Counter Iteration: 1550
Batch 28;INFO;2020-04-09 03:15:04;    3.1 Uploaded Counter Iteration: 1600
Batch 28;INFO;2020-04-09 03:16:02;    3.1 Uploaded Counter Iteration: 1650
Batch 28;INFO;2020-04-09 03:19:13;    3.1 Uploaded Counter Iteration: 1700
Batch 28;INFO;2020-04-09 03:20:49;    3.1 Uploaded Counter Iteration: 1750
Batch 28;INFO;2020-04-09 03:23:21;    3.1 Uploaded Counter Iteration: 1800
Batch 28;INFO;2020-04-09 03:25:35;    3.1 Uploaded Counter Iteration: 1850
Batch 28;INFO;2020-04-09 03:27:42;    3.1 Uploaded Counter Iteration: 1900
Batch 28;INFO;2020-04-09 03:30:21;    3.1 Uploaded Counter Iteration: 1950
Batch 28;INFO;2020-04-09 03:31:59;    3.1 Uploaded Counter Iteration: 2000
Batch 28;INFO;2020-04-09 03:35:13;    3.1 Uploaded Counter Iteration: 2050
Batch 28;INFO;2020-04-09 03:36:20;    3.1 Uploaded Counter Iteration: 2100
Batch 28;INFO;2020-04-09 03:39:43;    3.1 Uploaded Counter Iteration: 2150
Batch 28;INFO;2020-04-09 03:41:00;    3.1 Uploaded Counter Iteration: 2200
Batch 28;INFO;2020-04-09 03:44:20;    3.1 Uploaded Counter Iteration: 2250
Batch 28;INFO;2020-04-09 03:45:52;    3.1 Uploaded Counter Iteration: 2300
Batch 28;INFO;2020-04-09 03:48:56;    3.1 Uploaded Counter Iteration: 2350
Batch 28;INFO;2020-04-09 03:50:48;    3.1 Uploaded Counter Iteration: 2400
Batch 28;INFO;2020-04-09 03:53:27;    3.1 Uploaded Counter Iteration: 2450
Batch 28;INFO;2020-04-09 03:55:36;    3.1 Uploaded Counter Iteration: 2500
Batch 28;INFO;2020-04-09 03:57:50;    3.1 Uploaded Counter Iteration: 2550
Batch 28;INFO;2020-04-09 04:00:30;    3.1 Uploaded Counter Iteration: 2600
Batch 28;INFO;2020-04-09 04:02:20;    3.1 Uploaded Counter Iteration: 2650
Batch 28;INFO;2020-04-09 04:05:18;    3.1 Uploaded Counter Iteration: 2700
Batch 28;INFO;2020-04-09 04:06:43;    3.1 Uploaded Counter Iteration: 2750
Batch 28;INFO;2020-04-09 04:10:09;    3.1 Uploaded Counter Iteration: 2800
Batch 28;INFO;2020-04-09 04:11:06;    3.1 Uploaded Counter Iteration: 2850
Batch 28;INFO;2020-04-09 04:14:28;    3.1 Uploaded Counter Iteration: 2900
Batch 28;INFO;2020-04-09 04:15:53;    3.1 Uploaded Counter Iteration: 2950
Batch 28;INFO;2020-04-09 04:18:54;    3.1 Uploaded Counter Iteration: 3000
Batch 28;INFO;2020-04-09 04:20:44;    3.1 Uploaded Counter Iteration: 3050
Batch 28;INFO;2020-04-09 04:23:13;    3.1 Uploaded Counter Iteration: 3100
Batch 28;INFO;2020-04-09 04:25:32;    3.1 Uploaded Counter Iteration: 3150
Batch 28;INFO;2020-04-09 04:27:24;    3.1 Uploaded Counter Iteration: 3200
Batch 28;INFO;2020-04-09 04:30:22;    3.1 Uploaded Counter Iteration: 3250
Batch 28;INFO;2020-04-09 04:32:05;    3.1 Uploaded Counter Iteration: 3300
Batch 28;INFO;2020-04-09 04:35:14;    3.1 Uploaded Counter Iteration: 3350
Batch 28;INFO;2020-04-09 04:36:23;    3.1 Uploaded Counter Iteration: 3400
Batch 28;INFO;2020-04-09 04:39:55;    3.1 Uploaded Counter Iteration: 3450
Batch 28;INFO;2020-04-09 04:40:58;    3.1 Uploaded Counter Iteration: 3500
Batch 28;INFO;2020-04-09 04:44:08;    3.1 Uploaded Counter Iteration: 3550
Batch 28;INFO;2020-04-09 04:45:47;    3.1 Uploaded Counter Iteration: 3600
Batch 28;INFO;2020-04-09 04:48:17;    3.1 Uploaded Counter Iteration: 3650
Batch 28;INFO;2020-04-09 04:50:31;    3.1 Uploaded Counter Iteration: 3700
Batch 28;INFO;2020-04-09 04:52:25;    3.1 Uploaded Counter Iteration: 3750
Batch 28;INFO;2020-04-09 04:55:22;    3.1 Uploaded Counter Iteration: 3800
Batch 28;INFO;2020-04-09 04:57:01;    3.1 Uploaded Counter Iteration: 3850
Batch 28;INFO;2020-04-09 05:00:13;    3.1 Uploaded Counter Iteration: 3900
Batch 28;INFO;2020-04-09 05:01:14;    3.1 Uploaded Counter Iteration: 3950
Batch 28;INFO;2020-04-09 05:04:44;    3.1 Uploaded Counter Iteration: 4000
Batch 28;INFO;2020-04-09 05:06:02;    3.1 Uploaded Counter Iteration: 4050
Batch 28;INFO;2020-04-09 05:09:06;    3.1 Uploaded Counter Iteration: 4100
Batch 28;INFO;2020-04-09 05:10:47;    3.1 Uploaded Counter Iteration: 4150
Batch 28;INFO;2020-04-09 05:13:33;    3.1 Uploaded Counter Iteration: 4200
Batch 28;INFO;2020-04-09 05:15:37;    3.1 Uploaded Counter Iteration: 4250
Batch 28;INFO;2020-04-09 05:17:49;    3.1 Uploaded Counter Iteration: 4300
Batch 28;INFO;2020-04-09 05:20:29;    3.1 Uploaded Counter Iteration: 4350
Batch 28;INFO;2020-04-09 05:22:17;    3.1 Uploaded Counter Iteration: 4400
Batch 28;INFO;2020-04-09 05:25:19;    3.1 Uploaded Counter Iteration: 4450
Batch 28;INFO;2020-04-09 05:26:42;    3.1 Uploaded Counter Iteration: 4500
Batch 28;INFO;2020-04-09 05:30:10;    3.1 Uploaded Counter Iteration: 4550
Batch 28;INFO;2020-04-09 05:31:06;    3.1 Uploaded Counter Iteration: 4600
Batch 28;INFO;2020-04-09 05:34:24;    3.1 Uploaded Counter Iteration: 4650
Batch 28;INFO;2020-04-09 05:35:52;    3.1 Uploaded Counter Iteration: 4700
Batch 28;INFO;2020-04-09 05:38:53;    3.1 Uploaded Counter Iteration: 4750
Batch 28;INFO;2020-04-09 05:40:43;    3.1 Uploaded Counter Iteration: 4800
Batch 28;INFO;2020-04-09 05:43:11;    3.1 Uploaded Counter Iteration: 4850
Batch 28;INFO;2020-04-09 05:45:31;    3.1 Uploaded Counter Iteration: 4900
Batch 28;INFO;2020-04-09 05:47:32;    3.1 Uploaded Counter Iteration: 4950
Batch 28;INFO;2020-04-09 05:50:24;    3.1 Uploaded Counter Iteration: 5000
Batch 28;INFO;2020-04-09 05:52:06;    3.1 Uploaded Counter Iteration: 5050
Batch 28;INFO;2020-04-09 05:55:17;    3.1 Uploaded Counter Iteration: 5100
Batch 28;INFO;2020-04-09 05:56:31;    3.1 Uploaded Counter Iteration: 5150
Batch 28;INFO;2020-04-09 06:00:08;    3.1 Uploaded Counter Iteration: 5200
Batch 28;INFO;2020-04-09 06:01:07;    3.1 Uploaded Counter Iteration: 5250
Batch 28;INFO;2020-04-09 06:04:31;    3.1 Uploaded Counter Iteration: 5300
Batch 28;INFO;2020-04-09 06:05:58;    3.1 Uploaded Counter Iteration: 5350
Batch 28;INFO;2020-04-09 06:09:17;    3.1 Uploaded Counter Iteration: 5400
Batch 28;INFO;2020-04-09 06:10:50;    3.1 Uploaded Counter Iteration: 5450
Batch 28;INFO;2020-04-09 06:13:39;    3.1 Uploaded Counter Iteration: 5500
Batch 28;INFO;2020-04-09 06:15:40;    3.1 Uploaded Counter Iteration: 5550
Batch 28;INFO;2020-04-09 06:18:01;    3.1 Uploaded Counter Iteration: 5600
Batch 28;INFO;2020-04-09 06:20:32;    3.1 Uploaded Counter Iteration: 5650
Batch 28;INFO;2020-04-09 06:22:35;    3.1 Uploaded Counter Iteration: 5700
Batch 28;INFO;2020-04-09 06:25:25;    3.1 Uploaded Counter Iteration: 5750
Batch 28;INFO;2020-04-09 06:27:08;    3.1 Uploaded Counter Iteration: 5800
Batch 28;INFO;2020-04-09 06:30:18;    3.1 Uploaded Counter Iteration: 5850
Batch 28;INFO;2020-04-09 06:31:31;    3.1 Uploaded Counter Iteration: 5900
Batch 28;INFO;2020-04-09 06:35:10;    3.1 Uploaded Counter Iteration: 5950
Batch 28;INFO;2020-04-09 06:36:20;    3.1 Uploaded Counter Iteration: 6000
Batch 28;INFO;2020-04-09 06:39:48;    3.1 Uploaded Counter Iteration: 6050
Batch 28;INFO;2020-04-09 06:41:01;    3.1 Uploaded Counter Iteration: 6100
Batch 28;INFO;2020-04-09 06:44:13;    3.1 Uploaded Counter Iteration: 6150
Batch 28;INFO;2020-04-09 06:45:54;    3.1 Uploaded Counter Iteration: 6200
Batch 28;INFO;2020-04-09 06:48:49;    3.1 Uploaded Counter Iteration: 6250
Batch 28;INFO;2020-04-09 06:50:46;    3.1 Uploaded Counter Iteration: 6300
Batch 28;INFO;2020-04-09 06:53:27;    3.1 Uploaded Counter Iteration: 6350
Batch 28;INFO;2020-04-09 06:55:39;    3.1 Uploaded Counter Iteration: 6400
Batch 28;INFO;2020-04-09 06:57:48;    3.1 Uploaded Counter Iteration: 6450
Batch 28;INFO;2020-04-09 07:00:28;    3.1 Uploaded Counter Iteration: 6500
Batch 28;INFO;2020-04-09 07:02:18;    3.1 Uploaded Counter Iteration: 6550
Batch 28;INFO;2020-04-09 07:05:20;    3.1 Uploaded Counter Iteration: 6600
Batch 28;INFO;2020-04-09 07:06:49;    3.1 Uploaded Counter Iteration: 6650
Batch 28;INFO;2020-04-09 07:10:10;    3.1 Uploaded Counter Iteration: 6700
Batch 28;INFO;2020-04-09 07:11:19;    3.1 Uploaded Counter Iteration: 6750
Batch 28;INFO;2020-04-09 07:14:54;    3.1 Uploaded Counter Iteration: 6800
Batch 28;INFO;2020-04-09 07:15:59;    3.1 Uploaded Counter Iteration: 6850
Batch 28;INFO;2020-04-09 07:19:15;    3.1 Uploaded Counter Iteration: 6900
Batch 28;INFO;2020-04-09 07:20:50;    3.1 Uploaded Counter Iteration: 6950
Batch 28;INFO;2020-04-09 07:23:52;    3.1 Uploaded Counter Iteration: 7000
Batch 28;INFO;2020-04-09 07:25:46;    3.1 Uploaded Counter Iteration: 7050
Batch 28;INFO;2020-04-09 07:28:19;    3.1 Uploaded Counter Iteration: 7100
Batch 28;INFO;2020-04-09 07:30:37;    3.1 Uploaded Counter Iteration: 7150
Batch 28;INFO;2020-04-09 07:32:43;    3.1 Uploaded Counter Iteration: 7200
Batch 28;INFO;2020-04-09 07:35:28;    3.1 Uploaded Counter Iteration: 7250
Batch 28;INFO;2020-04-09 07:37:14;    3.1 Uploaded Counter Iteration: 7300
Batch 28;INFO;2020-04-09 07:40:20;    3.1 Uploaded Counter Iteration: 7350
Batch 28;INFO;2020-04-09 07:41:47;    3.1 Uploaded Counter Iteration: 7400
Batch 28;INFO;2020-04-09 07:45:11;    3.1 Uploaded Counter Iteration: 7450
Batch 28;INFO;2020-04-09 07:46:36;    3.1 Uploaded Counter Iteration: 7500
Batch 28;INFO;2020-04-09 07:50:07;    3.1 Uploaded Counter Iteration: 7550
Batch 28;INFO;2020-04-09 07:51:06;    3.1 Uploaded Counter Iteration: 7600
Batch 28;INFO;2020-04-09 07:54:27;    3.1 Uploaded Counter Iteration: 7650
Batch 28;INFO;2020-04-09 07:55:52;    3.1 Uploaded Counter Iteration: 7700
Batch 28;INFO;2020-04-09 07:58:50;    3.1 Uploaded Counter Iteration: 7750
Batch 28;INFO;2020-04-09 08:00:44;    3.1 Uploaded Counter Iteration: 7800
Batch 28;INFO;2020-04-09 08:03:26;    3.1 Uploaded Counter Iteration: 7850
Batch 28;INFO;2020-04-09 08:05:39;    3.1 Uploaded Counter Iteration: 7900
Batch 28;INFO;2020-04-09 08:07:57;    3.1 Uploaded Counter Iteration: 7950
Batch 28;INFO;2020-04-09 08:10:30;    3.1 Uploaded Counter Iteration: 8000
Batch 28;INFO;2020-04-09 08:12:25;    3.1 Uploaded Counter Iteration: 8050
Batch 28;INFO;2020-04-09 08:15:21;    3.1 Uploaded Counter Iteration: 8100
Batch 28;INFO;2020-04-09 08:16:47;    3.1 Uploaded Counter Iteration: 8150
Batch 28;INFO;2020-04-09 08:20:12;    3.1 Uploaded Counter Iteration: 8200
Batch 28;INFO;2020-04-09 08:21:14;    3.1 Uploaded Counter Iteration: 8250
Batch 28;INFO;2020-04-09 08:24:51;    3.1 Uploaded Counter Iteration: 8300
Batch 28;INFO;2020-04-09 08:25:59;    3.1 Uploaded Counter Iteration: 8350
Batch 28;INFO;2020-04-09 08:29:10;    3.1 Uploaded Counter Iteration: 8400
Batch 28;INFO;2020-04-09 08:30:53;    3.1 Uploaded Counter Iteration: 8450
Batch 28;INFO;2020-04-09 08:33:58;    3.1 Uploaded Counter Iteration: 8500
Batch 28;INFO;2020-04-09 08:35:46;    3.1 Uploaded Counter Iteration: 8550
Batch 28;INFO;2020-04-09 08:38:29;    3.1 Uploaded Counter Iteration: 8600
Batch 28;INFO;2020-04-09 08:40:39;    3.1 Uploaded Counter Iteration: 8650
Batch 28;INFO;2020-04-09 08:43:02;    3.1 Uploaded Counter Iteration: 8700
Batch 28;INFO;2020-04-09 08:45:33;    3.1 Uploaded Counter Iteration: 8750
Batch 28;INFO;2020-04-09 08:47:40;    3.1 Uploaded Counter Iteration: 8800
Batch 28;INFO;2020-04-09 08:50:26;    3.1 Uploaded Counter Iteration: 8850
Batch 28;INFO;2020-04-09 08:52:15;    3.1 Uploaded Counter Iteration: 8900
Batch 28;INFO;2020-04-09 08:55:20;    3.1 Uploaded Counter Iteration: 8950
Batch 28;INFO;2020-04-09 08:56:52;    3.1 Uploaded Counter Iteration: 9000
Batch 28;INFO;2020-04-09 09:00:16;    3.1 Uploaded Counter Iteration: 9050
Batch 28;INFO;2020-04-09 09:01:30;    3.1 Uploaded Counter Iteration: 9100
Batch 28;INFO;2020-04-09 09:05:08;    3.1 Uploaded Counter Iteration: 9150
Batch 28;INFO;2020-04-09 09:06:11;    3.1 Uploaded Counter Iteration: 9200
Batch 28;INFO;2020-04-09 09:09:55;    3.1 Uploaded Counter Iteration: 9250
Batch 28;INFO;2020-04-09 09:11:01;    3.1 Uploaded Counter Iteration: 9300
Batch 28;INFO;2020-04-09 09:14:19;    3.1 Uploaded Counter Iteration: 9350
Batch 28;INFO;2020-04-09 09:15:50;    3.1 Uploaded Counter Iteration: 9400
Batch 28;INFO;2020-04-09 09:18:47;    3.1 Uploaded Counter Iteration: 9450
Batch 28;INFO;2020-04-09 09:20:45;    3.1 Uploaded Counter Iteration: 9500
Batch 28;INFO;2020-04-09 09:23:26;    3.1 Uploaded Counter Iteration: 9550
Batch 28;INFO;2020-04-09 09:25:38;    3.1 Uploaded Counter Iteration: 9600
Batch 28;INFO;2020-04-09 09:28:20;    3.1 Uploaded Counter Iteration: 9650
Batch 28;INFO;2020-04-09 09:30:37;    3.1 Uploaded Counter Iteration: 9700
Batch 28;INFO;2020-04-09 09:32:49;    3.1 Uploaded Counter Iteration: 9750
Batch 28;INFO;2020-04-09 09:35:31;    3.1 Uploaded Counter Iteration: 9800
Batch 28;INFO;2020-04-09 09:37:21;    3.1 Uploaded Counter Iteration: 9850
Batch 28;INFO;2020-04-09 09:40:22;    3.1 Uploaded Counter Iteration: 9900
Batch 28;INFO;2020-04-09 09:41:52;    3.1 Uploaded Counter Iteration: 9950
Batch 28;INFO;2020-04-09 09:45:13;    3.1 Uploaded Counter Iteration: 10000
Batch 28;INFO;2020-04-09 09:46:16;    3.1 Uploaded Counter Iteration: 10050
Batch 28;INFO;2020-04-09 09:49:51;    3.1 Uploaded Counter Iteration: 10100
Batch 28;INFO;2020-04-09 09:50:58;    3.1 Uploaded Counter Iteration: 10150
Batch 28;INFO;2020-04-09 09:54:05;    3.1 Uploaded Counter Iteration: 10200
Batch 28;INFO;2020-04-09 09:55:48;    3.1 Uploaded Counter Iteration: 10250
Batch 28;INFO;2020-04-09 09:58:21;    3.1 Uploaded Counter Iteration: 10300
Batch 28;INFO;2020-04-09 10:00:39;    3.1 Uploaded Counter Iteration: 10350
Batch 28;INFO;2020-04-09 10:03:04;    3.1 Uploaded Counter Iteration: 10400
Batch 28;INFO;2020-04-09 10:05:34;    3.1 Uploaded Counter Iteration: 10450
Batch 28;INFO;2020-04-09 10:07:47;    3.1 Uploaded Counter Iteration: 10500
Batch 28;INFO;2020-04-09 10:10:30;    3.1 Uploaded Counter Iteration: 10550
Batch 28;INFO;2020-04-09 10:12:21;    3.1 Uploaded Counter Iteration: 10600
Batch 28;INFO;2020-04-09 10:15:20;    3.1 Uploaded Counter Iteration: 10650
Batch 28;INFO;2020-04-09 10:16:49;    3.1 Uploaded Counter Iteration: 10700
Batch 28;INFO;2020-04-09 10:20:12;    3.1 Uploaded Counter Iteration: 10750
Batch 28;INFO;2020-04-09 10:21:10;    3.1 Uploaded Counter Iteration: 10800
Batch 28;INFO;2020-04-09 10:24:36;    3.1 Uploaded Counter Iteration: 10850
Batch 28;INFO;2020-04-09 10:25:56;    3.1 Uploaded Counter Iteration: 10900
Batch 28;INFO;2020-04-09 10:28:59;    3.1 Uploaded Counter Iteration: 10950
Batch 28;INFO;2020-04-09 10:30:47;    3.1 Uploaded Counter Iteration: 11000
Batch 28;INFO;2020-04-09 10:33:30;    3.1 Uploaded Counter Iteration: 11050
Batch 28;INFO;2020-04-09 10:35:39;    3.1 Uploaded Counter Iteration: 11100
Batch 28;INFO;2020-04-09 10:37:44;    3.1 Uploaded Counter Iteration: 11150
Batch 28;INFO;2020-04-09 10:40:27;    3.1 Uploaded Counter Iteration: 11200
Batch 28;INFO;2020-04-09 10:42:05;    3.1 Uploaded Counter Iteration: 11250
Batch 28;INFO;2020-04-09 10:45:18;    3.1 Uploaded Counter Iteration: 11300
Batch 28;INFO;2020-04-09 10:46:34;    3.1 Uploaded Counter Iteration: 11350
Batch 28;INFO;2020-04-09 10:50:02;    3.1 Uploaded Counter Iteration: 11400
Batch 28;INFO;2020-04-09 10:51:03;    3.1 Uploaded Counter Iteration: 11450
Batch 28;INFO;2020-04-09 10:54:24;    3.1 Uploaded Counter Iteration: 11500
Batch 28;INFO;2020-04-09 10:55:51;    3.1 Uploaded Counter Iteration: 11550
Batch 28;INFO;2020-04-09 10:58:44;    3.1 Uploaded Counter Iteration: 11600
Batch 28;INFO;2020-04-09 11:00:43;    3.1 Uploaded Counter Iteration: 11650
Batch 28;INFO;2020-04-09 11:03:19;    3.1 Uploaded Counter Iteration: 11700
Batch 28;INFO;2020-04-09 11:05:34;    3.1 Uploaded Counter Iteration: 11750
Batch 28;INFO;2020-04-09 11:07:34;    3.1 Uploaded Counter Iteration: 11800
Batch 28;INFO;2020-04-09 11:10:24;    3.1 Uploaded Counter Iteration: 11850
Batch 28;INFO;2020-04-09 11:12:02;    3.1 Uploaded Counter Iteration: 11900
Batch 28;INFO;2020-04-09 11:15:16;    3.1 Uploaded Counter Iteration: 11950
Batch 28;INFO;2020-04-09 11:16:43;    3.1 Uploaded Counter Iteration: 12000
Batch 28;INFO;2020-04-09 11:20:11;    3.1 Uploaded Counter Iteration: 12050
Batch 28;INFO;2020-04-09 11:21:22;    3.1 Uploaded Counter Iteration: 12100
Batch 28;INFO;2020-04-09 11:24:59;    3.1 Uploaded Counter Iteration: 12150
Batch 28;INFO;2020-04-09 11:26:07;    3.1 Uploaded Counter Iteration: 12200
Batch 28;INFO;2020-04-09 11:29:35;    3.1 Uploaded Counter Iteration: 12250
Batch 28;INFO;2020-04-09 11:30:57;    3.1 Uploaded Counter Iteration: 12300
Batch 28;INFO;2020-04-09 11:33:59;    3.1 Uploaded Counter Iteration: 12350
Batch 28;INFO;2020-04-09 11:35:48;    3.1 Uploaded Counter Iteration: 12400
Batch 28;INFO;2020-04-09 11:38:34;    3.1 Uploaded Counter Iteration: 12450
Batch 28;INFO;2020-04-09 11:40:40;    3.1 Uploaded Counter Iteration: 12500
Batch 28;INFO;2020-04-09 11:43:05;    3.1 Uploaded Counter Iteration: 12550
Batch 28;INFO;2020-04-09 11:45:32;    3.1 Uploaded Counter Iteration: 12600
Batch 28;INFO;2020-04-09 11:47:32;    3.1 Uploaded Counter Iteration: 12650
Batch 28;INFO;2020-04-09 11:50:25;    3.1 Uploaded Counter Iteration: 12700
Batch 28;INFO;2020-04-09 11:52:08;    3.1 Uploaded Counter Iteration: 12750
Batch 28;INFO;2020-04-09 11:55:19;    3.1 Uploaded Counter Iteration: 12800
Batch 28;INFO;2020-04-09 11:56:35;    3.1 Uploaded Counter Iteration: 12850
Batch 28;INFO;2020-04-09 12:00:11;    3.1 Uploaded Counter Iteration: 12900
Batch 28;INFO;2020-04-09 12:01:08;    3.1 Uploaded Counter Iteration: 12950
Batch 28;INFO;2020-04-09 12:04:38;    3.1 Uploaded Counter Iteration: 13000
Batch 28;INFO;2020-04-09 12:06:03;    3.1 Uploaded Counter Iteration: 13050
Batch 28;INFO;2020-04-09 12:09:22;    3.1 Uploaded Counter Iteration: 13100
Batch 28;INFO;2020-04-09 12:10:52;    3.1 Uploaded Counter Iteration: 13150
Batch 28;INFO;2020-04-09 12:13:54;    3.1 Uploaded Counter Iteration: 13200
Batch 28;INFO;2020-04-09 12:15:42;    3.1 Uploaded Counter Iteration: 13250
Batch 28;INFO;2020-04-09 12:18:22;    3.1 Uploaded Counter Iteration: 13300
Batch 28;INFO;2020-04-09 12:20:34;    3.1 Uploaded Counter Iteration: 13350
Batch 28;INFO;2020-04-09 12:22:50;    3.1 Uploaded Counter Iteration: 13400
Batch 28;INFO;2020-04-09 12:25:23;    3.1 Uploaded Counter Iteration: 13450
Batch 28;INFO;2020-04-09 12:27:06;    3.1 Uploaded Counter Iteration: 13500
Batch 28;INFO;2020-04-09 12:30:13;    3.1 Uploaded Counter Iteration: 13550
Batch 28;INFO;2020-04-09 12:31:22;    3.1 Uploaded Counter Iteration: 13600
Batch 28;INFO;2020-04-09 12:34:53;    3.1 Uploaded Counter Iteration: 13650
Batch 28;INFO;2020-04-09 12:35:59;    3.1 Uploaded Counter Iteration: 13700
Batch 28;INFO;2020-04-09 12:39:17;    3.1 Uploaded Counter Iteration: 13750
Batch 28;INFO;2020-04-09 12:40:46;    3.1 Uploaded Counter Iteration: 13800
Batch 28;INFO;2020-04-09 12:43:31;    3.1 Uploaded Counter Iteration: 13850
Batch 28;INFO;2020-04-09 12:45:36;    3.1 Uploaded Counter Iteration: 13900
Batch 28;INFO;2020-04-09 12:48:06;    3.1 Uploaded Counter Iteration: 13950
Batch 28;INFO;2020-04-09 12:50:29;    3.1 Uploaded Counter Iteration: 14000
Batch 28;INFO;2020-04-09 12:52:34;    3.1 Uploaded Counter Iteration: 14050
Batch 28;INFO;2020-04-09 12:55:21;    3.1 Uploaded Counter Iteration: 14100
Batch 28;INFO;2020-04-09 12:57:09;    3.1 Uploaded Counter Iteration: 14150
Batch 28;INFO;2020-04-09 13:00:13;    3.1 Uploaded Counter Iteration: 14200
Batch 28;INFO;2020-04-09 13:01:39;    3.1 Uploaded Counter Iteration: 14250
Batch 28;INFO;2020-04-09 13:05:08;    3.1 Uploaded Counter Iteration: 14300
Batch 28;INFO;2020-04-09 13:06:16;    3.1 Uploaded Counter Iteration: 14350
Batch 28;INFO;2020-04-09 13:09:56;    3.1 Uploaded Counter Iteration: 14400
Batch 28;INFO;2020-04-09 13:11:00;    3.1 Uploaded Counter Iteration: 14450
Batch 28;INFO;2020-04-09 13:14:29;    3.1 Uploaded Counter Iteration: 14500
Batch 28;INFO;2020-04-09 13:15:52;    3.1 Uploaded Counter Iteration: 14550
Batch 28;INFO;2020-04-09 13:18:51;    3.1 Uploaded Counter Iteration: 14600
Batch 28;INFO;2020-04-09 13:20:41;    3.1 Uploaded Counter Iteration: 14650
Batch 28;INFO;2020-04-09 13:23:21;    3.1 Uploaded Counter Iteration: 14700
Batch 28;INFO;2020-04-09 13:25:31;    3.1 Uploaded Counter Iteration: 14750
Batch 28;INFO;2020-04-09 13:27:41;    3.1 Uploaded Counter Iteration: 14800
Batch 28;INFO;2020-04-09 13:30:24;    3.1 Uploaded Counter Iteration: 14850
Batch 28;INFO;2020-04-09 13:32:12;    3.1 Uploaded Counter Iteration: 14900
Batch 28;INFO;2020-04-09 13:35:15;    3.1 Uploaded Counter Iteration: 14950
Batch 28;INFO;2020-04-09 13:36:46;    3.1 Uploaded Counter Iteration: 15000
Batch 28;INFO;2020-04-09 13:40:06;    3.1 Uploaded Counter Iteration: 15050
Batch 28;INFO;2020-04-09 13:41:08;    3.1 Uploaded Counter Iteration: 15100
Batch 28;INFO;2020-04-09 13:44:35;    3.1 Uploaded Counter Iteration: 15150
Batch 28;INFO;2020-04-09 13:45:56;    3.1 Uploaded Counter Iteration: 15200
Batch 28;INFO;2020-04-09 13:49:06;    3.1 Uploaded Counter Iteration: 15250
Batch 28;INFO;2020-04-09 13:50:47;    3.1 Uploaded Counter Iteration: 15300
Batch 28;INFO;2020-04-09 13:53:50;    3.1 Uploaded Counter Iteration: 15350
Batch 28;INFO;2020-04-09 13:55:43;    3.1 Uploaded Counter Iteration: 15400
Batch 28;INFO;2020-04-09 13:58:26;    3.1 Uploaded Counter Iteration: 15450
Batch 28;INFO;2020-04-09 14:00:35;    3.1 Uploaded Counter Iteration: 15500
Batch 28;INFO;2020-04-09 14:02:58;    3.1 Uploaded Counter Iteration: 15550
Batch 28;INFO;2020-04-09 14:05:28;    3.1 Uploaded Counter Iteration: 15600
Batch 28;INFO;2020-04-09 14:07:28;    3.1 Uploaded Counter Iteration: 15650
Batch 28;INFO;2020-04-09 14:10:20;    3.1 Uploaded Counter Iteration: 15700
Batch 28;INFO;2020-04-09 14:12:01;    3.1 Uploaded Counter Iteration: 15750
Batch 28;INFO;2020-04-09 14:15:12;    3.1 Uploaded Counter Iteration: 15800
Batch 28;INFO;2020-04-09 14:16:36;    3.1 Uploaded Counter Iteration: 15850
Batch 28;INFO;2020-04-09 14:20:06;    3.1 Uploaded Counter Iteration: 15900
Batch 28;INFO;2020-04-09 14:21:12;    3.1 Uploaded Counter Iteration: 15950
Batch 28;INFO;2020-04-09 14:24:45;    3.1 Uploaded Counter Iteration: 16000
Batch 28;INFO;2020-04-09 14:26:02;    3.1 Uploaded Counter Iteration: 16050
Batch 28;INFO;2020-04-09 14:29:27;    3.1 Uploaded Counter Iteration: 16100
Batch 28;INFO;2020-04-09 14:30:52;    3.1 Uploaded Counter Iteration: 16150
Batch 28;INFO;2020-04-09 14:34:00;    3.1 Uploaded Counter Iteration: 16200
Batch 28;INFO;2020-04-09 14:35:48;    3.1 Uploaded Counter Iteration: 16250
Batch 28;INFO;2020-04-09 14:38:41;    3.1 Uploaded Counter Iteration: 16300
Batch 28;INFO;2020-04-09 14:40:36;    3.1 Uploaded Counter Iteration: 16350
Batch 28;INFO;2020-04-09 14:42:54;    3.1 Uploaded Counter Iteration: 16400
Batch 28;INFO;2020-04-09 14:45:26;    3.1 Uploaded Counter Iteration: 16450
Batch 28;INFO;2020-04-09 14:47:26;    3.1 Uploaded Counter Iteration: 16500
Batch 28;INFO;2020-04-09 14:50:20;    3.1 Uploaded Counter Iteration: 16550
Batch 28;INFO;2020-04-09 14:52:01;    3.1 Uploaded Counter Iteration: 16600
Batch 28;INFO;2020-04-09 14:55:13;    3.1 Uploaded Counter Iteration: 16650
Batch 28;INFO;2020-04-09 14:56:39;    3.1 Uploaded Counter Iteration: 16700
Batch 28;INFO;2020-04-09 15:00:09;    3.1 Uploaded Counter Iteration: 16750
Batch 28;INFO;2020-04-09 15:01:37;    3.1 Uploaded Counter Iteration: 16800
Batch 28;INFO;2020-04-09 15:05:05;    3.1 Uploaded Counter Iteration: 16850
Batch 28;INFO;2020-04-09 15:06:04;    3.1 Uploaded Counter Iteration: 16900
Batch 28;INFO;2020-04-09 15:09:36;    3.1 Uploaded Counter Iteration: 16950
Batch 28;INFO;2020-04-09 15:10:54;    3.1 Uploaded Counter Iteration: 17000
Batch 28;INFO;2020-04-09 15:14:05;    3.1 Uploaded Counter Iteration: 17050
Batch 28;INFO;2020-04-09 15:15:44;    3.1 Uploaded Counter Iteration: 17100
Batch 28;INFO;2020-04-09 15:18:19;    3.1 Uploaded Counter Iteration: 17150
Batch 28;INFO;2020-04-09 15:20:31;    3.1 Uploaded Counter Iteration: 17200
Batch 28;INFO;2020-04-09 15:22:50;    3.1 Uploaded Counter Iteration: 17250
Batch 28;INFO;2020-04-09 15:25:25;    3.1 Uploaded Counter Iteration: 17300
Batch 28;INFO;2020-04-09 15:27:15;    3.1 Uploaded Counter Iteration: 17350
Batch 28;INFO;2020-04-09 15:30:15;    3.1 Uploaded Counter Iteration: 17400
Batch 28;INFO;2020-04-09 15:31:29;    3.1 Uploaded Counter Iteration: 17450
Batch 28;INFO;2020-04-09 15:34:56;    3.1 Uploaded Counter Iteration: 17500
Batch 28;INFO;2020-04-09 15:35:57;    3.1 Uploaded Counter Iteration: 17550
Batch 28;INFO;2020-04-09 15:39:20;    3.1 Uploaded Counter Iteration: 17600
Batch 28;INFO;2020-04-09 15:40:50;    3.1 Uploaded Counter Iteration: 17650
Batch 28;INFO;2020-04-09 15:43:57;    3.1 Uploaded Counter Iteration: 17700
Batch 28;INFO;2020-04-09 15:45:44;    3.1 Uploaded Counter Iteration: 17750
Batch 28;INFO;2020-04-09 15:48:37;    3.1 Uploaded Counter Iteration: 17800
Batch 28;INFO;2020-04-09 15:50:39;    3.1 Uploaded Counter Iteration: 17850
Batch 28;INFO;2020-04-09 15:53:15;    3.1 Uploaded Counter Iteration: 17900
Batch 28;INFO;2020-04-09 15:55:32;    3.1 Uploaded Counter Iteration: 17950
Batch 28;INFO;2020-04-09 15:57:50;    3.1 Uploaded Counter Iteration: 18000
Batch 28;INFO;2020-04-09 16:00:27;    3.1 Uploaded Counter Iteration: 18050
Batch 28;INFO;2020-04-09 16:02:24;    3.1 Uploaded Counter Iteration: 18100
Batch 28;INFO;2020-04-09 16:05:19;    3.1 Uploaded Counter Iteration: 18150
Batch 28;INFO;2020-04-09 16:06:54;    3.1 Uploaded Counter Iteration: 18200
Batch 28;INFO;2020-04-09 16:10:12;    3.1 Uploaded Counter Iteration: 18250
Batch 28;INFO;2020-04-09 16:11:34;    3.1 Uploaded Counter Iteration: 18300
Batch 28;INFO;2020-04-09 16:15:09;    3.1 Uploaded Counter Iteration: 18350
Batch 28;INFO;2020-04-09 16:15:51;3 Starting webscrapping... (Completed)
Batch 28;INFO;2020-04-09 16:15:51;5. Succesfully run batch: 28
