Module;Type;Date;Details;Time;Error Type;Error Details;Error Line
Batch 29;INFO;2020-04-09 16:15:53;1. Select all songs in nonmatch-query (S3)
Batch 29;INFO;2020-04-09 16:15:54;1. Select all songs in nonmatch-query (S3) (Completed)
Batch 29;INFO;2020-04-09 16:15:54;3 Starting webscrapping...
Batch 29;INFO;2020-04-09 16:15:57;    3.0 ERROR: Error in iteration : 1
Batch 29;INFO;2020-04-09 16:19:00;    3.1 Uploaded Counter Iteration: 50
Batch 29;INFO;2020-04-09 16:20:46;    3.1 Uploaded Counter Iteration: 100
Batch 29;INFO;2020-04-09 16:23:51;    3.1 Uploaded Counter Iteration: 150
Batch 29;INFO;2020-04-09 16:25:42;    3.1 Uploaded Counter Iteration: 200
Batch 29;INFO;2020-04-09 16:28:39;    3.1 Uploaded Counter Iteration: 250
Batch 29;INFO;2020-04-09 16:30:44;    3.1 Uploaded Counter Iteration: 300
Batch 29;INFO;2020-04-09 16:33:42;    3.1 Uploaded Counter Iteration: 350
Batch 29;INFO;2020-04-09 16:35:42;    3.1 Uploaded Counter Iteration: 400
Batch 29;INFO;2020-04-09 16:38:41;    3.1 Uploaded Counter Iteration: 450
Batch 29;INFO;2020-04-09 16:40:43;    3.1 Uploaded Counter Iteration: 500
Batch 29;INFO;2020-04-09 16:43:38;    3.1 Uploaded Counter Iteration: 550
Batch 29;INFO;2020-04-09 16:45:40;    3.1 Uploaded Counter Iteration: 600
Batch 29;INFO;2020-04-09 16:48:27;    3.1 Uploaded Counter Iteration: 650
Batch 29;INFO;2020-04-09 16:50:39;    3.1 Uploaded Counter Iteration: 700
Batch 29;INFO;2020-04-09 16:53:18;    3.1 Uploaded Counter Iteration: 750
Batch 29;INFO;2020-04-09 16:55:36;    3.1 Uploaded Counter Iteration: 800
Batch 29;INFO;2020-04-09 16:58:18;    3.1 Uploaded Counter Iteration: 850
Batch 29;INFO;2020-04-09 17:00:34;    3.1 Uploaded Counter Iteration: 900
Batch 29;INFO;2020-04-09 17:02:55;    3.1 Uploaded Counter Iteration: 950
Batch 29;INFO;2020-04-09 17:05:30;    3.1 Uploaded Counter Iteration: 1000
Batch 29;INFO;2020-04-09 17:07:49;    3.1 Uploaded Counter Iteration: 1050
Batch 29;INFO;2020-04-09 17:10:27;    3.1 Uploaded Counter Iteration: 1100
Batch 29;INFO;2020-04-09 17:12:42;    3.1 Uploaded Counter Iteration: 1150
Batch 29;INFO;2020-04-09 17:15:25;    3.1 Uploaded Counter Iteration: 1200
Batch 29;INFO;2020-04-09 17:17:25;    3.1 Uploaded Counter Iteration: 1250
Batch 29;INFO;2020-04-09 17:20:25;    3.1 Uploaded Counter Iteration: 1300
Batch 29;INFO;2020-04-09 17:22:28;    3.1 Uploaded Counter Iteration: 1350
Batch 29;INFO;2020-04-09 17:25:23;    3.1 Uploaded Counter Iteration: 1400
Batch 29;INFO;2020-04-09 17:27:04;    3.1 Uploaded Counter Iteration: 1450
Batch 29;INFO;2020-04-09 17:30:19;    3.1 Uploaded Counter Iteration: 1500
Batch 29;INFO;2020-04-09 17:31:55;    3.1 Uploaded Counter Iteration: 1550
Batch 29;INFO;2020-04-09 17:35:18;    3.1 Uploaded Counter Iteration: 1600
Batch 29;INFO;2020-04-09 17:37:11;    3.1 Uploaded Counter Iteration: 1650
Batch 29;INFO;2020-04-09 17:40:18;    3.1 Uploaded Counter Iteration: 1700
Batch 29;INFO;2020-04-09 17:42:03;    3.1 Uploaded Counter Iteration: 1750
Batch 29;INFO;2020-04-09 17:45:15;    3.1 Uploaded Counter Iteration: 1800
Batch 29;INFO;2020-04-09 17:46:40;    3.1 Uploaded Counter Iteration: 1850
Batch 29;INFO;2020-04-09 17:50:13;    3.1 Uploaded Counter Iteration: 1900
Batch 29;INFO;2020-04-09 17:51:37;    3.1 Uploaded Counter Iteration: 1950
Batch 29;INFO;2020-04-09 17:55:08;    3.1 Uploaded Counter Iteration: 2000
Batch 29;INFO;2020-04-09 17:56:27;    3.1 Uploaded Counter Iteration: 2050
Batch 29;INFO;2020-04-09 18:00:09;    3.1 Uploaded Counter Iteration: 2100
Batch 29;INFO;2020-04-09 18:01:17;    3.1 Uploaded Counter Iteration: 2150
Batch 29;INFO;2020-04-09 18:05:07;    3.1 Uploaded Counter Iteration: 2200
Batch 29;INFO;2020-04-09 18:06:16;    3.1 Uploaded Counter Iteration: 2250
Batch 29;INFO;2020-04-09 18:10:03;    3.1 Uploaded Counter Iteration: 2300
Batch 29;INFO;2020-04-09 18:11:06;    3.1 Uploaded Counter Iteration: 2350
Batch 29;INFO;2020-04-09 18:15:02;    3.1 Uploaded Counter Iteration: 2400
Batch 29;INFO;2020-04-09 18:16:09;    3.1 Uploaded Counter Iteration: 2450
Batch 29;INFO;2020-04-09 18:20:04;    3.1 Uploaded Counter Iteration: 2500
Batch 29;INFO;2020-04-09 18:21:04;    3.1 Uploaded Counter Iteration: 2550
Batch 29;INFO;2020-04-09 18:24:53;    3.1 Uploaded Counter Iteration: 2600
Batch 29;INFO;2020-04-09 18:26:02;    3.1 Uploaded Counter Iteration: 2650
Batch 29;INFO;2020-04-09 18:29:38;    3.1 Uploaded Counter Iteration: 2700
Batch 29;INFO;2020-04-09 18:30:56;    3.1 Uploaded Counter Iteration: 2750
Batch 29;INFO;2020-04-09 18:34:28;    3.1 Uploaded Counter Iteration: 2800
Batch 29;INFO;2020-04-09 18:35:56;    3.1 Uploaded Counter Iteration: 2850
Batch 29;INFO;2020-04-09 18:39:31;    3.1 Uploaded Counter Iteration: 2900
Batch 29;INFO;2020-04-09 18:40:57;    3.1 Uploaded Counter Iteration: 2950
Batch 29;INFO;2020-04-09 18:44:39;    3.1 Uploaded Counter Iteration: 3000
Batch 29;INFO;2020-04-09 18:45:58;    3.1 Uploaded Counter Iteration: 3050
Batch 29;INFO;2020-04-09 18:49:40;    3.1 Uploaded Counter Iteration: 3100
Batch 29;INFO;2020-04-09 18:50:58;    3.1 Uploaded Counter Iteration: 3150
Batch 29;INFO;2020-04-09 18:54:29;    3.1 Uploaded Counter Iteration: 3200
Batch 29;INFO;2020-04-09 18:55:54;    3.1 Uploaded Counter Iteration: 3250
Batch 29;INFO;2020-04-09 18:59:15;    3.1 Uploaded Counter Iteration: 3300
Batch 29;INFO;2020-04-09 19:00:50;    3.1 Uploaded Counter Iteration: 3350
Batch 29;INFO;2020-04-09 19:04:04;    3.1 Uploaded Counter Iteration: 3400
Batch 29;INFO;2020-04-09 19:05:49;    3.1 Uploaded Counter Iteration: 3450
Batch 29;INFO;2020-04-09 19:09:00;    3.1 Uploaded Counter Iteration: 3500
Batch 29;INFO;2020-04-09 19:10:47;    3.1 Uploaded Counter Iteration: 3550
Batch 29;INFO;2020-04-09 19:13:45;    3.1 Uploaded Counter Iteration: 3600
Batch 29;INFO;2020-04-09 19:15:44;    3.1 Uploaded Counter Iteration: 3650
Batch 29;INFO;2020-04-09 19:18:41;    3.1 Uploaded Counter Iteration: 3700
Batch 29;INFO;2020-04-09 19:20:40;    3.1 Uploaded Counter Iteration: 3750
Batch 29;INFO;2020-04-09 19:23:25;    3.1 Uploaded Counter Iteration: 3800
Batch 29;INFO;2020-04-09 19:25:38;    3.1 Uploaded Counter Iteration: 3850
Batch 29;INFO;2020-04-09 19:28:09;    3.1 Uploaded Counter Iteration: 3900
Batch 29;INFO;2020-04-09 19:30:35;    3.1 Uploaded Counter Iteration: 3950
Batch 29;INFO;2020-04-09 19:33:08;    3.1 Uploaded Counter Iteration: 4000
Batch 29;INFO;2020-04-09 19:35:37;    3.1 Uploaded Counter Iteration: 4050
Batch 29;INFO;2020-04-09 19:38:02;    3.1 Uploaded Counter Iteration: 4100
Batch 29;INFO;2020-04-09 19:40:35;    3.1 Uploaded Counter Iteration: 4150
Batch 29;INFO;2020-04-09 19:43:28;    3.1 Uploaded Counter Iteration: 4200
Batch 29;INFO;2020-04-09 19:45:42;    3.1 Uploaded Counter Iteration: 4250
Batch 29;INFO;2020-04-09 19:48:38;    3.1 Uploaded Counter Iteration: 4300
Batch 29;INFO;2020-04-09 19:50:42;    3.1 Uploaded Counter Iteration: 4350
Batch 29;INFO;2020-04-09 19:53:28;    3.1 Uploaded Counter Iteration: 4400
Batch 29;INFO;2020-04-09 19:55:40;    3.1 Uploaded Counter Iteration: 4450
Batch 29;INFO;2020-04-09 19:58:23;    3.1 Uploaded Counter Iteration: 4500
Batch 29;INFO;2020-04-09 20:00:38;    3.1 Uploaded Counter Iteration: 4550
Batch 29;INFO;2020-04-09 20:03:22;    3.1 Uploaded Counter Iteration: 4600
Batch 29;INFO;2020-04-09 20:05:37;    3.1 Uploaded Counter Iteration: 4650
Batch 29;INFO;2020-04-09 20:08:11;    3.1 Uploaded Counter Iteration: 4700
Batch 29;INFO;2020-04-09 20:10:36;    3.1 Uploaded Counter Iteration: 4750
Batch 29;INFO;2020-04-09 20:13:05;    3.1 Uploaded Counter Iteration: 4800
Batch 29;INFO;2020-04-09 20:15:36;    3.1 Uploaded Counter Iteration: 4850
Batch 29;INFO;2020-04-09 20:18:08;    3.1 Uploaded Counter Iteration: 4900
Batch 29;INFO;2020-04-09 20:20:34;    3.1 Uploaded Counter Iteration: 4950
Batch 29;INFO;2020-04-09 20:22:48;    3.1 Uploaded Counter Iteration: 5000
Batch 29;INFO;2020-04-09 20:25:32;    3.1 Uploaded Counter Iteration: 5050
Batch 29;INFO;2020-04-09 20:27:40;    3.1 Uploaded Counter Iteration: 5100
Batch 29;INFO;2020-04-09 20:30:26;    3.1 Uploaded Counter Iteration: 5150
Batch 29;INFO;2020-04-09 20:32:23;    3.1 Uploaded Counter Iteration: 5200
Batch 29;INFO;2020-04-09 20:35:22;    3.1 Uploaded Counter Iteration: 5250
Batch 29;INFO;2020-04-09 20:37:12;    3.1 Uploaded Counter Iteration: 5300
Batch 29;INFO;2020-04-09 20:40:21;    3.1 Uploaded Counter Iteration: 5350
Batch 29;INFO;2020-04-09 20:42:10;    3.1 Uploaded Counter Iteration: 5400
Batch 29;INFO;2020-04-09 20:45:20;    3.1 Uploaded Counter Iteration: 5450
Batch 29;INFO;2020-04-09 20:47:13;    3.1 Uploaded Counter Iteration: 5500
Batch 29;INFO;2020-04-09 20:50:20;    3.1 Uploaded Counter Iteration: 5550
Batch 29;INFO;2020-04-09 20:52:10;    3.1 Uploaded Counter Iteration: 5600
Batch 29;INFO;2020-04-09 20:55:20;    3.1 Uploaded Counter Iteration: 5650
Batch 29;INFO;2020-04-09 20:57:00;    3.1 Uploaded Counter Iteration: 5700
Batch 29;INFO;2020-04-09 21:00:18;    3.1 Uploaded Counter Iteration: 5750
Batch 29;INFO;2020-04-09 21:01:53;    3.1 Uploaded Counter Iteration: 5800
Batch 29;INFO;2020-04-09 21:05:14;    3.1 Uploaded Counter Iteration: 5850
Batch 29;INFO;2020-04-09 21:06:46;    3.1 Uploaded Counter Iteration: 5900
Batch 29;INFO;2020-04-09 21:10:11;    3.1 Uploaded Counter Iteration: 5950
Batch 29;INFO;2020-04-09 21:11:29;    3.1 Uploaded Counter Iteration: 6000
Batch 29;INFO;2020-04-09 21:15:09;    3.1 Uploaded Counter Iteration: 6050
Batch 29;INFO;2020-04-09 21:16:27;    3.1 Uploaded Counter Iteration: 6100
Batch 29;INFO;2020-04-09 21:20:10;    3.1 Uploaded Counter Iteration: 6150
Batch 29;INFO;2020-04-09 21:21:23;    3.1 Uploaded Counter Iteration: 6200
Batch 29;INFO;2020-04-09 21:25:09;    3.1 Uploaded Counter Iteration: 6250
Batch 29;INFO;2020-04-09 21:26:19;    3.1 Uploaded Counter Iteration: 6300
Batch 29;INFO;2020-04-09 21:30:07;    3.1 Uploaded Counter Iteration: 6350
Batch 29;INFO;2020-04-09 21:31:06;    3.1 Uploaded Counter Iteration: 6400
Batch 29;INFO;2020-04-09 21:34:49;    3.1 Uploaded Counter Iteration: 6450
Batch 29;INFO;2020-04-09 21:36:00;    3.1 Uploaded Counter Iteration: 6500
Batch 29;INFO;2020-04-09 21:39:39;    3.1 Uploaded Counter Iteration: 6550
Batch 29;INFO;2020-04-09 21:41:02;    3.1 Uploaded Counter Iteration: 6600
Batch 29;INFO;2020-04-09 21:44:40;    3.1 Uploaded Counter Iteration: 6650
Batch 29;INFO;2020-04-09 21:46:00;    3.1 Uploaded Counter Iteration: 6700
Batch 29;INFO;2020-04-09 21:49:32;    3.1 Uploaded Counter Iteration: 6750
Batch 29;INFO;2020-04-09 21:50:55;    3.1 Uploaded Counter Iteration: 6800
Batch 29;INFO;2020-04-09 21:54:26;    3.1 Uploaded Counter Iteration: 6850
Batch 29;INFO;2020-04-09 21:55:56;    3.1 Uploaded Counter Iteration: 6900
Batch 29;INFO;2020-04-09 21:59:11;    3.1 Uploaded Counter Iteration: 6950
Batch 29;INFO;2020-04-09 22:00:52;    3.1 Uploaded Counter Iteration: 7000
Batch 29;INFO;2020-04-09 22:04:09;    3.1 Uploaded Counter Iteration: 7050
Batch 29;INFO;2020-04-09 22:05:47;    3.1 Uploaded Counter Iteration: 7100
Batch 29;INFO;2020-04-09 22:08:47;    3.1 Uploaded Counter Iteration: 7150
Batch 29;INFO;2020-04-09 22:10:43;    3.1 Uploaded Counter Iteration: 7200
Batch 29;INFO;2020-04-09 22:13:42;    3.1 Uploaded Counter Iteration: 7250
Batch 29;INFO;2020-04-09 22:15:43;    3.1 Uploaded Counter Iteration: 7300
Batch 29;INFO;2020-04-09 22:18:41;    3.1 Uploaded Counter Iteration: 7350
Batch 29;INFO;2020-04-09 22:20:41;    3.1 Uploaded Counter Iteration: 7400
Batch 29;INFO;2020-04-09 22:23:27;    3.1 Uploaded Counter Iteration: 7450
Batch 29;INFO;2020-04-09 22:25:39;    3.1 Uploaded Counter Iteration: 7500
Batch 29;INFO;2020-04-09 22:28:13;    3.1 Uploaded Counter Iteration: 7550
Batch 29;INFO;2020-04-09 22:30:36;    3.1 Uploaded Counter Iteration: 7600
Batch 29;INFO;2020-04-09 22:33:01;    3.1 Uploaded Counter Iteration: 7650
Batch 29;INFO;2020-04-09 22:35:30;    3.1 Uploaded Counter Iteration: 7700
Batch 29;INFO;2020-04-09 22:37:25;    3.1 Uploaded Counter Iteration: 7750
Batch 29;INFO;2020-04-09 22:40:22;    3.1 Uploaded Counter Iteration: 7800
Batch 29;INFO;2020-04-09 22:42:12;    3.1 Uploaded Counter Iteration: 7850
Batch 29;INFO;2020-04-09 22:45:19;    3.1 Uploaded Counter Iteration: 7900
Batch 29;INFO;2020-04-09 22:46:59;    3.1 Uploaded Counter Iteration: 7950
Batch 29;INFO;2020-04-09 22:50:19;    3.1 Uploaded Counter Iteration: 8000
Batch 29;INFO;2020-04-09 22:51:56;    3.1 Uploaded Counter Iteration: 8050
Batch 29;INFO;2020-04-09 22:55:14;    3.1 Uploaded Counter Iteration: 8100
Batch 29;INFO;2020-04-09 22:56:53;    3.1 Uploaded Counter Iteration: 8150
Batch 29;INFO;2020-04-09 23:00:16;    3.1 Uploaded Counter Iteration: 8200
Batch 29;INFO;2020-04-09 23:01:46;    3.1 Uploaded Counter Iteration: 8250
Batch 29;INFO;2020-04-09 23:05:12;    3.1 Uploaded Counter Iteration: 8300
Batch 29;INFO;2020-04-09 23:06:42;    3.1 Uploaded Counter Iteration: 8350
Batch 29;INFO;2020-04-09 23:10:10;    3.1 Uploaded Counter Iteration: 8400
Batch 29;INFO;2020-04-09 23:11:22;    3.1 Uploaded Counter Iteration: 8450
Batch 29;INFO;2020-04-09 23:15:08;    3.1 Uploaded Counter Iteration: 8500
Batch 29;INFO;2020-04-09 23:16:10;    3.1 Uploaded Counter Iteration: 8550
Batch 29;INFO;2020-04-09 23:19:58;    3.1 Uploaded Counter Iteration: 8600
Batch 29;INFO;2020-04-09 23:21:01;    3.1 Uploaded Counter Iteration: 8650
Batch 29;INFO;2020-04-09 23:24:33;    3.1 Uploaded Counter Iteration: 8700
Batch 29;INFO;2020-04-09 23:25:55;    3.1 Uploaded Counter Iteration: 8750
Batch 29;INFO;2020-04-09 23:29:19;    3.1 Uploaded Counter Iteration: 8800
Batch 29;INFO;2020-04-09 23:30:54;    3.1 Uploaded Counter Iteration: 8850
Batch 29;INFO;2020-04-09 23:34:08;    3.1 Uploaded Counter Iteration: 8900
Batch 29;INFO;2020-04-09 23:35:49;    3.1 Uploaded Counter Iteration: 8950
Batch 29;INFO;2020-04-09 23:38:50;    3.1 Uploaded Counter Iteration: 9000
Batch 29;INFO;2020-04-09 23:40:47;    3.1 Uploaded Counter Iteration: 9050
Batch 29;INFO;2020-04-09 23:43:50;    3.1 Uploaded Counter Iteration: 9100
Batch 29;INFO;2020-04-09 23:45:44;    3.1 Uploaded Counter Iteration: 9150
Batch 29;INFO;2020-04-09 23:48:27;    3.1 Uploaded Counter Iteration: 9200
Batch 29;INFO;2020-04-09 23:50:37;    3.1 Uploaded Counter Iteration: 9250
Batch 29;INFO;2020-04-09 23:53:02;    3.1 Uploaded Counter Iteration: 9300
Batch 29;INFO;2020-04-09 23:55:33;    3.1 Uploaded Counter Iteration: 9350
Batch 29;INFO;2020-04-09 23:57:47;    3.1 Uploaded Counter Iteration: 9400
Batch 29;INFO;2020-04-10 00:00:28;    3.1 Uploaded Counter Iteration: 9450
Batch 29;INFO;2020-04-10 00:02:35;    3.1 Uploaded Counter Iteration: 9500
Batch 29;INFO;2020-04-10 00:05:26;    3.1 Uploaded Counter Iteration: 9550
Batch 29;INFO;2020-04-10 00:07:21;    3.1 Uploaded Counter Iteration: 9600
Batch 29;INFO;2020-04-10 00:10:24;    3.1 Uploaded Counter Iteration: 9650
Batch 29;INFO;2020-04-10 00:12:11;    3.1 Uploaded Counter Iteration: 9700
Batch 29;INFO;2020-04-10 00:15:21;    3.1 Uploaded Counter Iteration: 9750
Batch 29;INFO;2020-04-10 00:17:08;    3.1 Uploaded Counter Iteration: 9800
Batch 29;INFO;2020-04-10 00:20:15;    3.1 Uploaded Counter Iteration: 9850
Batch 29;INFO;2020-04-10 00:21:40;    3.1 Uploaded Counter Iteration: 9900
Batch 29;INFO;2020-04-10 00:25:14;    3.1 Uploaded Counter Iteration: 9950
Batch 29;INFO;2020-04-10 00:26:35;    3.1 Uploaded Counter Iteration: 10000
Batch 29;INFO;2020-04-10 00:30:09;    3.1 Uploaded Counter Iteration: 10050
Batch 29;INFO;2020-04-10 00:31:22;    3.1 Uploaded Counter Iteration: 10100
Batch 29;INFO;2020-04-10 00:35:08;    3.1 Uploaded Counter Iteration: 10150
Batch 29;INFO;2020-04-10 00:36:15;    3.1 Uploaded Counter Iteration: 10200
Batch 29;INFO;2020-04-10 00:39:57;    3.1 Uploaded Counter Iteration: 10250
Batch 29;INFO;2020-04-10 00:41:04;    3.1 Uploaded Counter Iteration: 10300
Batch 29;INFO;2020-04-10 00:44:47;    3.1 Uploaded Counter Iteration: 10350
Batch 29;INFO;2020-04-10 00:46:04;    3.1 Uploaded Counter Iteration: 10400
Batch 29;INFO;2020-04-10 00:49:49;    3.1 Uploaded Counter Iteration: 10450
Batch 29;INFO;2020-04-10 00:51:01;    3.1 Uploaded Counter Iteration: 10500
Batch 29;INFO;2020-04-10 00:54:49;    3.1 Uploaded Counter Iteration: 10550
Batch 29;INFO;2020-04-10 00:56:01;    3.1 Uploaded Counter Iteration: 10600
Batch 29;INFO;2020-04-10 00:59:32;    3.1 Uploaded Counter Iteration: 10650
Batch 29;INFO;2020-04-10 01:01:01;    3.1 Uploaded Counter Iteration: 10700
Batch 29;INFO;2020-04-10 01:04:40;    3.1 Uploaded Counter Iteration: 10750
Batch 29;INFO;2020-04-10 01:06:02;    3.1 Uploaded Counter Iteration: 10800
Batch 29;INFO;2020-04-10 01:09:43;    3.1 Uploaded Counter Iteration: 10850
Batch 29;INFO;2020-04-10 01:10:57;    3.1 Uploaded Counter Iteration: 10900
Batch 29;INFO;2020-04-10 01:14:21;    3.1 Uploaded Counter Iteration: 10950
Batch 29;INFO;2020-04-10 01:15:52;    3.1 Uploaded Counter Iteration: 11000
Batch 29;INFO;2020-04-10 01:18:59;    3.1 Uploaded Counter Iteration: 11050
Batch 29;INFO;2020-04-10 01:20:48;    3.1 Uploaded Counter Iteration: 11100
Batch 29;INFO;2020-04-10 01:23:53;    3.1 Uploaded Counter Iteration: 11150
Batch 29;INFO;2020-04-10 01:25:45;    3.1 Uploaded Counter Iteration: 11200
Batch 29;INFO;2020-04-10 01:28:38;    3.1 Uploaded Counter Iteration: 11250
Batch 29;INFO;2020-04-10 01:30:42;    3.1 Uploaded Counter Iteration: 11300
Batch 29;INFO;2020-04-10 01:33:30;    3.1 Uploaded Counter Iteration: 11350
Batch 29;INFO;2020-04-10 01:35:41;    3.1 Uploaded Counter Iteration: 11400
Batch 29;INFO;2020-04-10 01:38:33;    3.1 Uploaded Counter Iteration: 11450
Batch 29;INFO;2020-04-10 01:40:38;    3.1 Uploaded Counter Iteration: 11500
Batch 29;INFO;2020-04-10 01:43:16;    3.1 Uploaded Counter Iteration: 11550
Batch 29;INFO;2020-04-10 01:45:40;    3.1 Uploaded Counter Iteration: 11600
Batch 29;INFO;2020-04-10 01:48:23;    3.1 Uploaded Counter Iteration: 11650
Batch 29;INFO;2020-04-10 01:50:38;    3.1 Uploaded Counter Iteration: 11700
Batch 29;INFO;2020-04-10 01:53:09;    3.1 Uploaded Counter Iteration: 11750
Batch 29;INFO;2020-04-10 01:55:34;    3.1 Uploaded Counter Iteration: 11800
Batch 29;INFO;2020-04-10 01:58:11;    3.1 Uploaded Counter Iteration: 11850
Batch 29;INFO;2020-04-10 02:00:35;    3.1 Uploaded Counter Iteration: 11900
Batch 29;INFO;2020-04-10 02:03:06;    3.1 Uploaded Counter Iteration: 11950
Batch 29;INFO;2020-04-10 02:05:31;    3.1 Uploaded Counter Iteration: 12000
Batch 29;INFO;2020-04-10 02:07:46;    3.1 Uploaded Counter Iteration: 12050
Batch 29;INFO;2020-04-10 02:10:31;    3.1 Uploaded Counter Iteration: 12100
Batch 29;INFO;2020-04-10 02:12:51;    3.1 Uploaded Counter Iteration: 12150
Batch 29;INFO;2020-04-10 02:15:29;    3.1 Uploaded Counter Iteration: 12200
Batch 29;INFO;2020-04-10 02:17:23;    3.1 Uploaded Counter Iteration: 12250
Batch 29;INFO;2020-04-10 02:20:24;    3.1 Uploaded Counter Iteration: 12300
Batch 29;INFO;2020-04-10 02:22:18;    3.1 Uploaded Counter Iteration: 12350
Batch 29;INFO;2020-04-10 02:25:21;    3.1 Uploaded Counter Iteration: 12400
Batch 29;INFO;2020-04-10 02:26:45;    3.1 Uploaded Counter Iteration: 12450
Batch 29;INFO;2020-04-10 02:30:13;    3.1 Uploaded Counter Iteration: 12500
Batch 29;INFO;2020-04-10 02:31:37;    3.1 Uploaded Counter Iteration: 12550
Batch 29;INFO;2020-04-10 02:35:10;    3.1 Uploaded Counter Iteration: 12600
Batch 29;INFO;2020-04-10 02:36:22;    3.1 Uploaded Counter Iteration: 12650
Batch 29;INFO;2020-04-10 02:40:07;    3.1 Uploaded Counter Iteration: 12700
Batch 29;INFO;2020-04-10 02:41:23;    3.1 Uploaded Counter Iteration: 12750
Batch 29;INFO;2020-04-10 02:45:02;    3.1 Uploaded Counter Iteration: 12800
Batch 29;INFO;2020-04-10 02:46:06;    3.1 Uploaded Counter Iteration: 12850
Batch 29;INFO;2020-04-10 02:49:48;    3.1 Uploaded Counter Iteration: 12900
Batch 29;INFO;2020-04-10 02:51:01;    3.1 Uploaded Counter Iteration: 12950
Batch 29;INFO;2020-04-10 02:54:36;    3.1 Uploaded Counter Iteration: 13000
Batch 29;INFO;2020-04-10 02:55:57;    3.1 Uploaded Counter Iteration: 13050
Batch 29;INFO;2020-04-10 02:59:14;    3.1 Uploaded Counter Iteration: 13100
Batch 29;INFO;2020-04-10 03:00:52;    3.1 Uploaded Counter Iteration: 13150
Batch 29;INFO;2020-04-10 03:04:14;    3.1 Uploaded Counter Iteration: 13200
Batch 29;INFO;2020-04-10 03:05:51;    3.1 Uploaded Counter Iteration: 13250
Batch 29;INFO;2020-04-10 03:08:56;    3.1 Uploaded Counter Iteration: 13300
Batch 29;INFO;2020-04-10 03:10:48;    3.1 Uploaded Counter Iteration: 13350
Batch 29;INFO;2020-04-10 03:13:45;    3.1 Uploaded Counter Iteration: 13400
Batch 29;INFO;2020-04-10 03:15:46;    3.1 Uploaded Counter Iteration: 13450
Batch 29;INFO;2020-04-10 03:18:50;    3.1 Uploaded Counter Iteration: 13500
Batch 29;INFO;2020-04-10 03:20:45;    3.1 Uploaded Counter Iteration: 13550
Batch 29;INFO;2020-04-10 03:23:32;    3.1 Uploaded Counter Iteration: 13600
Batch 29;INFO;2020-04-10 03:25:38;    3.1 Uploaded Counter Iteration: 13650
Batch 29;INFO;2020-04-10 03:28:18;    3.1 Uploaded Counter Iteration: 13700
Batch 29;INFO;2020-04-10 03:30:36;    3.1 Uploaded Counter Iteration: 13750
Batch 29;INFO;2020-04-10 03:33:14;    3.1 Uploaded Counter Iteration: 13800
Batch 29;INFO;2020-04-10 03:35:35;    3.1 Uploaded Counter Iteration: 13850
Batch 29;INFO;2020-04-10 03:38:05;    3.1 Uploaded Counter Iteration: 13900
Batch 29;INFO;2020-04-10 03:40:35;    3.1 Uploaded Counter Iteration: 13950
Batch 29;INFO;2020-04-10 03:43:00;    3.1 Uploaded Counter Iteration: 14000
Batch 29;INFO;2020-04-10 03:45:35;    3.1 Uploaded Counter Iteration: 14050
Batch 29;INFO;2020-04-10 03:47:57;    3.1 Uploaded Counter Iteration: 14100
Batch 29;INFO;2020-04-10 03:50:33;    3.1 Uploaded Counter Iteration: 14150
Batch 29;INFO;2020-04-10 03:52:51;    3.1 Uploaded Counter Iteration: 14200
Batch 29;INFO;2020-04-10 03:55:32;    3.1 Uploaded Counter Iteration: 14250
Batch 29;INFO;2020-04-10 03:57:49;    3.1 Uploaded Counter Iteration: 14300
Batch 29;INFO;2020-04-10 04:00:31;    3.1 Uploaded Counter Iteration: 14350
Batch 29;INFO;2020-04-10 04:02:33;    3.1 Uploaded Counter Iteration: 14400
Batch 29;INFO;2020-04-10 04:05:24;    3.1 Uploaded Counter Iteration: 14450
Batch 29;INFO;2020-04-10 04:07:04;    3.1 Uploaded Counter Iteration: 14500
Batch 29;INFO;2020-04-10 04:10:19;    3.1 Uploaded Counter Iteration: 14550
Batch 29;INFO;2020-04-10 04:11:53;    3.1 Uploaded Counter Iteration: 14600
Batch 29;INFO;2020-04-10 04:15:15;    3.1 Uploaded Counter Iteration: 14650
Batch 29;INFO;2020-04-10 04:16:40;    3.1 Uploaded Counter Iteration: 14700
Batch 29;INFO;2020-04-10 04:20:12;    3.1 Uploaded Counter Iteration: 14750
Batch 29;INFO;2020-04-10 04:21:35;    3.1 Uploaded Counter Iteration: 14800
Batch 29;INFO;2020-04-10 04:25:11;    3.1 Uploaded Counter Iteration: 14850
Batch 29;INFO;2020-04-10 04:26:17;    3.1 Uploaded Counter Iteration: 14900
Batch 29;INFO;2020-04-10 04:30:07;    3.1 Uploaded Counter Iteration: 14950
Batch 29;INFO;2020-04-10 04:31:08;    3.1 Uploaded Counter Iteration: 15000
Batch 29;INFO;2020-04-10 04:34:46;    3.1 Uploaded Counter Iteration: 15050
Batch 29;INFO;2020-04-10 04:36:01;    3.1 Uploaded Counter Iteration: 15100
Batch 29;INFO;2020-04-10 04:39:34;    3.1 Uploaded Counter Iteration: 15150
Batch 29;INFO;2020-04-10 04:40:55;    3.1 Uploaded Counter Iteration: 15200
Batch 29;INFO;2020-04-10 04:44:09;    3.1 Uploaded Counter Iteration: 15250
Batch 29;INFO;2020-04-10 04:45:47;    3.1 Uploaded Counter Iteration: 15300
Batch 29;INFO;2020-04-10 04:48:44;    3.1 Uploaded Counter Iteration: 15350
Batch 29;INFO;2020-04-10 04:50:43;    3.1 Uploaded Counter Iteration: 15400
Batch 29;INFO;2020-04-10 04:53:22;    3.1 Uploaded Counter Iteration: 15450
Batch 29;INFO;2020-04-10 04:55:38;    3.1 Uploaded Counter Iteration: 15500
Batch 29;INFO;2020-04-10 04:58:22;    3.1 Uploaded Counter Iteration: 15550
Batch 29;INFO;2020-04-10 05:00:36;    3.1 Uploaded Counter Iteration: 15600
Batch 29;INFO;2020-04-10 05:03:13;    3.1 Uploaded Counter Iteration: 15650
Batch 29;INFO;2020-04-10 05:05:38;    3.1 Uploaded Counter Iteration: 15700
Batch 29;INFO;2020-04-10 05:08:05;    3.1 Uploaded Counter Iteration: 15750
Batch 29;INFO;2020-04-10 05:10:32;    3.1 Uploaded Counter Iteration: 15800
Batch 29;INFO;2020-04-10 05:12:56;    3.1 Uploaded Counter Iteration: 15850
Batch 29;INFO;2020-04-10 05:15:30;    3.1 Uploaded Counter Iteration: 15900
Batch 29;INFO;2020-04-10 05:17:48;    3.1 Uploaded Counter Iteration: 15950
Batch 29;INFO;2020-04-10 05:20:30;    3.1 Uploaded Counter Iteration: 16000
Batch 29;INFO;2020-04-10 05:22:30;    3.1 Uploaded Counter Iteration: 16050
Batch 29;INFO;2020-04-10 05:25:28;    3.1 Uploaded Counter Iteration: 16100
Batch 29;INFO;2020-04-10 05:27:47;    3.1 Uploaded Counter Iteration: 16150
Batch 29;INFO;2020-04-10 05:30:31;    3.1 Uploaded Counter Iteration: 16200
Batch 29;INFO;2020-04-10 05:32:48;    3.1 Uploaded Counter Iteration: 16250
Batch 29;INFO;2020-04-10 05:35:30;    3.1 Uploaded Counter Iteration: 16300
Batch 29;INFO;2020-04-10 05:38:04;    3.1 Uploaded Counter Iteration: 16350
Batch 29;INFO;2020-04-10 05:40:34;    3.1 Uploaded Counter Iteration: 16400
Batch 29;INFO;2020-04-10 05:42:43;    3.1 Uploaded Counter Iteration: 16450
Batch 29;INFO;2020-04-10 05:45:28;    3.1 Uploaded Counter Iteration: 16500
Batch 29;INFO;2020-04-10 05:47:37;    3.1 Uploaded Counter Iteration: 16550
Batch 29;INFO;2020-04-10 05:50:28;    3.1 Uploaded Counter Iteration: 16600
Batch 29;INFO;2020-04-10 05:52:16;    3.1 Uploaded Counter Iteration: 16650
Batch 29;INFO;2020-04-10 05:55:21;    3.1 Uploaded Counter Iteration: 16700
Batch 29;INFO;2020-04-10 05:57:08;    3.1 Uploaded Counter Iteration: 16750
Batch 29;INFO;2020-04-10 06:00:20;    3.1 Uploaded Counter Iteration: 16800
Batch 29;INFO;2020-04-10 06:02:05;    3.1 Uploaded Counter Iteration: 16850
Batch 29;INFO;2020-04-10 06:05:20;    3.1 Uploaded Counter Iteration: 16900
Batch 29;INFO;2020-04-10 06:06:56;    3.1 Uploaded Counter Iteration: 16950
Batch 29;INFO;2020-04-10 06:10:19;    3.1 Uploaded Counter Iteration: 17000
Batch 29;INFO;2020-04-10 06:11:51;    3.1 Uploaded Counter Iteration: 17050
Batch 29;INFO;2020-04-10 06:15:16;    3.1 Uploaded Counter Iteration: 17100
Batch 29;INFO;2020-04-10 06:16:48;    3.1 Uploaded Counter Iteration: 17150
Batch 29;INFO;2020-04-10 06:20:14;    3.1 Uploaded Counter Iteration: 17200
Batch 29;INFO;2020-04-10 06:21:33;    3.1 Uploaded Counter Iteration: 17250
Batch 29;INFO;2020-04-10 06:25:09;    3.1 Uploaded Counter Iteration: 17300
Batch 29;INFO;2020-04-10 06:26:12;    3.1 Uploaded Counter Iteration: 17350
Batch 29;INFO;2020-04-10 06:30:02;    3.1 Uploaded Counter Iteration: 17400
Batch 29;INFO;2020-04-10 06:31:24;    3.1 Uploaded Counter Iteration: 17450
Batch 29;INFO;2020-04-10 06:35:09;    3.1 Uploaded Counter Iteration: 17500
Batch 29;INFO;2020-04-10 06:36:20;    3.1 Uploaded Counter Iteration: 17550
Batch 29;INFO;2020-04-10 06:40:07;    3.1 Uploaded Counter Iteration: 17600
Batch 29;INFO;2020-04-10 06:41:05;    3.1 Uploaded Counter Iteration: 17650
Batch 29;INFO;2020-04-10 06:44:58;    3.1 Uploaded Counter Iteration: 17700
Batch 29;INFO;2020-04-10 06:46:03;    3.1 Uploaded Counter Iteration: 17750
Batch 29;INFO;2020-04-10 06:49:41;    3.1 Uploaded Counter Iteration: 17800
Batch 29;INFO;2020-04-10 06:51:00;    3.1 Uploaded Counter Iteration: 17850
Batch 29;INFO;2020-04-10 06:54:28;    3.1 Uploaded Counter Iteration: 17900
Batch 29;INFO;2020-04-10 06:55:57;    3.1 Uploaded Counter Iteration: 17950
Batch 29;INFO;2020-04-10 06:59:23;    3.1 Uploaded Counter Iteration: 18000
Batch 29;INFO;2020-04-10 07:00:56;    3.1 Uploaded Counter Iteration: 18050
Batch 29;INFO;2020-04-10 07:04:23;    3.1 Uploaded Counter Iteration: 18100
Batch 29;INFO;2020-04-10 07:05:54;    3.1 Uploaded Counter Iteration: 18150
Batch 29;INFO;2020-04-10 07:09:06;    3.1 Uploaded Counter Iteration: 18200
Batch 29;INFO;2020-04-10 07:10:49;    3.1 Uploaded Counter Iteration: 18250
Batch 29;INFO;2020-04-10 07:13:52;    3.1 Uploaded Counter Iteration: 18300
Batch 29;INFO;2020-04-10 07:15:47;    3.1 Uploaded Counter Iteration: 18350
Batch 29;INFO;2020-04-10 07:19:04;    3.1 Uploaded Counter Iteration: 18400
Batch 29;INFO;2020-04-10 07:20:49;    3.1 Uploaded Counter Iteration: 18450
Batch 29;INFO;2020-04-10 07:23:58;    3.1 Uploaded Counter Iteration: 18500
Batch 29;INFO;2020-04-10 07:25:47;    3.1 Uploaded Counter Iteration: 18550
Batch 29;INFO;2020-04-10 07:28:58;    3.1 Uploaded Counter Iteration: 18600
Batch 29;INFO;2020-04-10 07:30:50;    3.1 Uploaded Counter Iteration: 18650
Batch 29;INFO;2020-04-10 07:33:55;    3.1 Uploaded Counter Iteration: 18700
Batch 29;INFO;2020-04-10 07:35:47;    3.1 Uploaded Counter Iteration: 18750
Batch 29;INFO;2020-04-10 07:38:46;    3.1 Uploaded Counter Iteration: 18800
Batch 29;INFO;2020-04-10 07:39:00;3 Starting webscrapping... (Completed)
Batch 29;INFO;2020-04-10 07:39:00;5. Succesfully run batch: 29
