Module;Type;Date;Details;Time;Error Type;Error Details;Error Line
Batch 30;INFO;2020-04-10 07:39:06;1. Select all songs in nonmatch-query (S3)
Batch 30;INFO;2020-04-10 07:39:07;1. Select all songs in nonmatch-query (S3) (Completed)
Batch 30;INFO;2020-04-10 07:39:07;3 Starting webscrapping...
Batch 30;INFO;2020-04-10 07:39:16;    3.0 ERROR: Error in iteration : 1
Batch 30;INFO;2020-04-10 07:40:49;    3.1 Uploaded Counter Iteration: 50
Batch 30;INFO;2020-04-10 07:43:40;    3.1 Uploaded Counter Iteration: 100
Batch 30;INFO;2020-04-10 07:45:43;    3.1 Uploaded Counter Iteration: 150
Batch 30;INFO;2020-04-10 07:48:11;    3.1 Uploaded Counter Iteration: 200
Batch 30;INFO;2020-04-10 07:50:31;    3.1 Uploaded Counter Iteration: 250
Batch 30;INFO;2020-04-10 07:52:24;    3.1 Uploaded Counter Iteration: 300
Batch 30;INFO;2020-04-10 07:55:17;    3.1 Uploaded Counter Iteration: 350
Batch 30;INFO;2020-04-10 07:56:42;    3.1 Uploaded Counter Iteration: 400
Batch 30;INFO;2020-04-10 08:00:09;    3.1 Uploaded Counter Iteration: 450
Batch 30;INFO;2020-04-10 08:01:09;    3.1 Uploaded Counter Iteration: 500
Batch 30;INFO;2020-04-10 08:04:34;    3.1 Uploaded Counter Iteration: 550
Batch 30;INFO;2020-04-10 08:05:54;    3.1 Uploaded Counter Iteration: 600
Batch 30;INFO;2020-04-10 08:08:51;    3.1 Uploaded Counter Iteration: 650
Batch 30;INFO;2020-04-10 08:10:42;    3.1 Uploaded Counter Iteration: 700
Batch 30;INFO;2020-04-10 08:13:03;    3.1 Uploaded Counter Iteration: 750
Batch 30;INFO;2020-04-10 08:15:30;    3.1 Uploaded Counter Iteration: 800
Batch 30;INFO;2020-04-10 08:17:11;    3.1 Uploaded Counter Iteration: 850
Batch 30;INFO;2020-04-10 08:20:13;    3.1 Uploaded Counter Iteration: 900
Batch 30;INFO;2020-04-10 08:21:07;    3.1 Uploaded Counter Iteration: 950
Batch 30;INFO;2020-04-10 08:24:31;    3.1 Uploaded Counter Iteration: 1000
Batch 30;INFO;2020-04-10 08:25:51;    3.1 Uploaded Counter Iteration: 1050
Batch 30;INFO;2020-04-10 08:28:51;    3.1 Uploaded Counter Iteration: 1100
Batch 30;INFO;2020-04-10 08:30:44;    3.1 Uploaded Counter Iteration: 1150
Batch 30;INFO;2020-04-10 08:33:14;    3.1 Uploaded Counter Iteration: 1200
Batch 30;INFO;2020-04-10 08:35:32;    3.1 Uploaded Counter Iteration: 1250
Batch 30;INFO;2020-04-10 08:37:26;    3.1 Uploaded Counter Iteration: 1300
Batch 30;INFO;2020-04-10 08:40:20;    3.1 Uploaded Counter Iteration: 1350
Batch 30;INFO;2020-04-10 08:41:56;    3.1 Uploaded Counter Iteration: 1400
Batch 30;INFO;2020-04-10 08:45:14;    3.1 Uploaded Counter Iteration: 1450
Batch 30;INFO;2020-04-10 08:46:30;    3.1 Uploaded Counter Iteration: 1500
Batch 30;INFO;2020-04-10 08:49:55;    3.1 Uploaded Counter Iteration: 1550
Batch 30;INFO;2020-04-10 08:51:00;    3.1 Uploaded Counter Iteration: 1600
Batch 30;INFO;2020-04-10 08:54:04;    3.1 Uploaded Counter Iteration: 1650
Batch 30;INFO;2020-04-10 08:55:46;    3.1 Uploaded Counter Iteration: 1700
Batch 30;INFO;2020-04-10 08:58:20;    3.1 Uploaded Counter Iteration: 1750
Batch 30;INFO;2020-04-10 09:00:35;    3.1 Uploaded Counter Iteration: 1800
Batch 30;INFO;2020-04-10 09:02:46;    3.1 Uploaded Counter Iteration: 1850
Batch 30;INFO;2020-04-10 09:05:27;    3.1 Uploaded Counter Iteration: 1900
Batch 30;INFO;2020-04-10 09:07:17;    3.1 Uploaded Counter Iteration: 1950
Batch 30;INFO;2020-04-10 09:10:19;    3.1 Uploaded Counter Iteration: 2000
Batch 30;INFO;2020-04-10 09:11:35;    3.1 Uploaded Counter Iteration: 2050
Batch 30;INFO;2020-04-10 09:15:00;    3.1 Uploaded Counter Iteration: 2100
Batch 30;INFO;2020-04-10 09:16:03;    3.1 Uploaded Counter Iteration: 2150
Batch 30;INFO;2020-04-10 09:19:34;    3.1 Uploaded Counter Iteration: 2200
Batch 30;INFO;2020-04-10 09:20:52;    3.1 Uploaded Counter Iteration: 2250
Batch 30;INFO;2020-04-10 09:23:48;    3.1 Uploaded Counter Iteration: 2300
Batch 30;INFO;2020-04-10 09:25:47;    3.1 Uploaded Counter Iteration: 2350
Batch 30;INFO;2020-04-10 09:28:29;    3.1 Uploaded Counter Iteration: 2400
Batch 30;INFO;2020-04-10 09:30:38;    3.1 Uploaded Counter Iteration: 2450
Batch 30;INFO;2020-04-10 09:32:53;    3.1 Uploaded Counter Iteration: 2500
Batch 30;INFO;2020-04-10 09:35:27;    3.1 Uploaded Counter Iteration: 2550
Batch 30;INFO;2020-04-10 09:37:10;    3.1 Uploaded Counter Iteration: 2600
Batch 30;INFO;2020-04-10 09:40:17;    3.1 Uploaded Counter Iteration: 2650
Batch 30;INFO;2020-04-10 09:41:38;    3.1 Uploaded Counter Iteration: 2700
Batch 30;INFO;2020-04-10 09:44:54;    3.1 Uploaded Counter Iteration: 2750
Batch 30;INFO;2020-04-10 09:46:02;    3.1 Uploaded Counter Iteration: 2800
Batch 30;INFO;2020-04-10 09:49:19;    3.1 Uploaded Counter Iteration: 2850
Batch 30;INFO;2020-04-10 09:50:52;    3.1 Uploaded Counter Iteration: 2900
Batch 30;INFO;2020-04-10 09:53:40;    3.1 Uploaded Counter Iteration: 2950
Batch 30;INFO;2020-04-10 09:55:42;    3.1 Uploaded Counter Iteration: 3000
Batch 30;INFO;2020-04-10 09:58:06;    3.1 Uploaded Counter Iteration: 3050
Batch 30;INFO;2020-04-10 10:00:31;    3.1 Uploaded Counter Iteration: 3100
Batch 30;INFO;2020-04-10 10:02:27;    3.1 Uploaded Counter Iteration: 3150
Batch 30;INFO;2020-04-10 10:05:20;    3.1 Uploaded Counter Iteration: 3200
Batch 30;INFO;2020-04-10 10:06:50;    3.1 Uploaded Counter Iteration: 3250
Batch 30;INFO;2020-04-10 10:10:09;    3.1 Uploaded Counter Iteration: 3300
Batch 30;INFO;2020-04-10 10:11:08;    3.1 Uploaded Counter Iteration: 3350
Batch 30;INFO;2020-04-10 10:14:26;    3.1 Uploaded Counter Iteration: 3400
Batch 30;INFO;2020-04-10 10:15:55;    3.1 Uploaded Counter Iteration: 3450
Batch 30;INFO;2020-04-10 10:18:57;    3.1 Uploaded Counter Iteration: 3500
Batch 30;INFO;2020-04-10 10:20:48;    3.1 Uploaded Counter Iteration: 3550
Batch 30;INFO;2020-04-10 10:23:34;    3.1 Uploaded Counter Iteration: 3600
Batch 30;INFO;2020-04-10 10:25:41;    3.1 Uploaded Counter Iteration: 3650
Batch 30;INFO;2020-04-10 10:27:58;    3.1 Uploaded Counter Iteration: 3700
Batch 30;INFO;2020-04-10 10:30:30;    3.1 Uploaded Counter Iteration: 3750
Batch 30;INFO;2020-04-10 10:32:32;    3.1 Uploaded Counter Iteration: 3800
Batch 30;INFO;2020-04-10 10:35:20;    3.1 Uploaded Counter Iteration: 3850
Batch 30;INFO;2020-04-10 10:36:48;    3.1 Uploaded Counter Iteration: 3900
Batch 30;INFO;2020-04-10 10:40:06;    3.1 Uploaded Counter Iteration: 3950
Batch 30;INFO;2020-04-10 10:41:07;    3.1 Uploaded Counter Iteration: 4000
Batch 30;INFO;2020-04-10 10:44:41;    3.1 Uploaded Counter Iteration: 4050
Batch 30;INFO;2020-04-10 10:45:59;    3.1 Uploaded Counter Iteration: 4100
Batch 30;INFO;2020-04-10 10:49:13;    3.1 Uploaded Counter Iteration: 4150
Batch 30;INFO;2020-04-10 10:50:51;    3.1 Uploaded Counter Iteration: 4200
Batch 30;INFO;2020-04-10 10:53:35;    3.1 Uploaded Counter Iteration: 4250
Batch 30;INFO;2020-04-10 10:55:38;    3.1 Uploaded Counter Iteration: 4300
Batch 30;INFO;2020-04-10 10:57:58;    3.1 Uploaded Counter Iteration: 4350
Batch 30;INFO;2020-04-10 11:00:32;    3.1 Uploaded Counter Iteration: 4400
Batch 30;INFO;2020-04-10 11:02:38;    3.1 Uploaded Counter Iteration: 4450
Batch 30;INFO;2020-04-10 11:05:24;    3.1 Uploaded Counter Iteration: 4500
Batch 30;INFO;2020-04-10 11:07:07;    3.1 Uploaded Counter Iteration: 4550
Batch 30;INFO;2020-04-10 11:10:14;    3.1 Uploaded Counter Iteration: 4600
Batch 30;INFO;2020-04-10 11:11:16;    3.1 Uploaded Counter Iteration: 4650
Batch 30;INFO;2020-04-10 11:14:50;    3.1 Uploaded Counter Iteration: 4700
Batch 30;INFO;2020-04-10 11:16:00;    3.1 Uploaded Counter Iteration: 4750
Batch 30;INFO;2020-04-10 11:19:19;    3.1 Uploaded Counter Iteration: 4800
Batch 30;INFO;2020-04-10 11:20:52;    3.1 Uploaded Counter Iteration: 4850
Batch 30;INFO;2020-04-10 11:23:43;    3.1 Uploaded Counter Iteration: 4900
Batch 30;INFO;2020-04-10 11:25:40;    3.1 Uploaded Counter Iteration: 4950
Batch 30;INFO;2020-04-10 11:27:56;    3.1 Uploaded Counter Iteration: 5000
Batch 30;INFO;2020-04-10 11:30:29;    3.1 Uploaded Counter Iteration: 5050
Batch 30;INFO;2020-04-10 11:32:24;    3.1 Uploaded Counter Iteration: 5100
Batch 30;INFO;2020-04-10 11:35:22;    3.1 Uploaded Counter Iteration: 5150
Batch 30;INFO;2020-04-10 11:36:52;    3.1 Uploaded Counter Iteration: 5200
Batch 30;INFO;2020-04-10 11:40:14;    3.1 Uploaded Counter Iteration: 5250
Batch 30;INFO;2020-04-10 11:41:29;    3.1 Uploaded Counter Iteration: 5300
Batch 30;INFO;2020-04-10 11:44:59;    3.1 Uploaded Counter Iteration: 5350
Batch 30;INFO;2020-04-10 11:46:03;    3.1 Uploaded Counter Iteration: 5400
Batch 30;INFO;2020-04-10 11:49:26;    3.1 Uploaded Counter Iteration: 5450
Batch 30;INFO;2020-04-10 11:50:51;    3.1 Uploaded Counter Iteration: 5500
Batch 30;INFO;2020-04-10 11:53:44;    3.1 Uploaded Counter Iteration: 5550
Batch 30;INFO;2020-04-10 11:55:39;    3.1 Uploaded Counter Iteration: 5600
Batch 30;INFO;2020-04-10 11:58:05;    3.1 Uploaded Counter Iteration: 5650
Batch 30;INFO;2020-04-10 12:00:32;    3.1 Uploaded Counter Iteration: 5700
Batch 30;INFO;2020-04-10 12:02:35;    3.1 Uploaded Counter Iteration: 5750
Batch 30;INFO;2020-04-10 12:05:23;    3.1 Uploaded Counter Iteration: 5800
Batch 30;INFO;2020-04-10 12:06:53;    3.1 Uploaded Counter Iteration: 5850
Batch 30;INFO;2020-04-10 12:10:10;    3.1 Uploaded Counter Iteration: 5900
Batch 30;INFO;2020-04-10 12:11:10;    3.1 Uploaded Counter Iteration: 5950
Batch 30;INFO;2020-04-10 12:14:41;    3.1 Uploaded Counter Iteration: 6000
Batch 30;INFO;2020-04-10 12:15:58;    3.1 Uploaded Counter Iteration: 6050
Batch 30;INFO;2020-04-10 12:19:17;    3.1 Uploaded Counter Iteration: 6100
Batch 30;INFO;2020-04-10 12:20:52;    3.1 Uploaded Counter Iteration: 6150
Batch 30;INFO;2020-04-10 12:23:35;    3.1 Uploaded Counter Iteration: 6200
Batch 30;INFO;2020-04-10 12:25:39;    3.1 Uploaded Counter Iteration: 6250
Batch 30;INFO;2020-04-10 12:28:02;    3.1 Uploaded Counter Iteration: 6300
Batch 30;INFO;2020-04-10 12:30:31;    3.1 Uploaded Counter Iteration: 6350
Batch 30;INFO;2020-04-10 12:32:22;    3.1 Uploaded Counter Iteration: 6400
Batch 30;INFO;2020-04-10 12:35:20;    3.1 Uploaded Counter Iteration: 6450
Batch 30;INFO;2020-04-10 12:36:48;    3.1 Uploaded Counter Iteration: 6500
Batch 30;INFO;2020-04-10 12:40:12;    3.1 Uploaded Counter Iteration: 6550
Batch 30;INFO;2020-04-10 12:41:18;    3.1 Uploaded Counter Iteration: 6600
Batch 30;INFO;2020-04-10 12:44:36;    3.1 Uploaded Counter Iteration: 6650
Batch 30;INFO;2020-04-10 12:45:56;    3.1 Uploaded Counter Iteration: 6700
Batch 30;INFO;2020-04-10 12:49:07;    3.1 Uploaded Counter Iteration: 6750
Batch 30;INFO;2020-04-10 12:50:49;    3.1 Uploaded Counter Iteration: 6800
Batch 30;INFO;2020-04-10 12:53:25;    3.1 Uploaded Counter Iteration: 6850
Batch 30;INFO;2020-04-10 12:55:35;    3.1 Uploaded Counter Iteration: 6900
Batch 30;INFO;2020-04-10 12:57:43;    3.1 Uploaded Counter Iteration: 6950
Batch 30;INFO;2020-04-10 13:00:22;    3.1 Uploaded Counter Iteration: 7000
Batch 30;INFO;2020-04-10 13:01:49;    3.1 Uploaded Counter Iteration: 7050
Batch 30;INFO;2020-04-10 13:05:11;    3.1 Uploaded Counter Iteration: 7100
Batch 30;INFO;2020-04-10 13:06:16;    3.1 Uploaded Counter Iteration: 7150
Batch 30;INFO;2020-04-10 13:09:45;    3.1 Uploaded Counter Iteration: 7200
Batch 30;INFO;2020-04-10 13:10:57;    3.1 Uploaded Counter Iteration: 7250
Batch 30;INFO;2020-04-10 13:13:56;    3.1 Uploaded Counter Iteration: 7300
Batch 30;INFO;2020-04-10 13:15:44;    3.1 Uploaded Counter Iteration: 7350
Batch 30;INFO;2020-04-10 13:18:10;    3.1 Uploaded Counter Iteration: 7400
Batch 30;INFO;2020-04-10 13:20:34;    3.1 Uploaded Counter Iteration: 7450
Batch 30;INFO;2020-04-10 13:22:38;    3.1 Uploaded Counter Iteration: 7500
Batch 30;INFO;2020-04-10 13:25:25;    3.1 Uploaded Counter Iteration: 7550
Batch 30;INFO;2020-04-10 13:26:57;    3.1 Uploaded Counter Iteration: 7600
Batch 30;INFO;2020-04-10 13:30:13;    3.1 Uploaded Counter Iteration: 7650
Batch 30;INFO;2020-04-10 13:31:25;    3.1 Uploaded Counter Iteration: 7700
Batch 30;INFO;2020-04-10 13:34:55;    3.1 Uploaded Counter Iteration: 7750
Batch 30;INFO;2020-04-10 13:36:01;    3.1 Uploaded Counter Iteration: 7800
Batch 30;INFO;2020-04-10 13:39:20;    3.1 Uploaded Counter Iteration: 7850
Batch 30;INFO;2020-04-10 13:40:52;    3.1 Uploaded Counter Iteration: 7900
Batch 30;INFO;2020-04-10 13:43:47;    3.1 Uploaded Counter Iteration: 7950
Batch 30;INFO;2020-04-10 13:45:43;    3.1 Uploaded Counter Iteration: 8000
Batch 30;INFO;2020-04-10 13:48:14;    3.1 Uploaded Counter Iteration: 8050
Batch 30;INFO;2020-04-10 13:50:33;    3.1 Uploaded Counter Iteration: 8100
Batch 30;INFO;2020-04-10 13:52:39;    3.1 Uploaded Counter Iteration: 8150
Batch 30;INFO;2020-04-10 13:55:24;    3.1 Uploaded Counter Iteration: 8200
Batch 30;INFO;2020-04-10 13:56:59;    3.1 Uploaded Counter Iteration: 8250
Batch 30;INFO;2020-04-10 14:00:14;    3.1 Uploaded Counter Iteration: 8300
Batch 30;INFO;2020-04-10 14:01:22;    3.1 Uploaded Counter Iteration: 8350
Batch 30;INFO;2020-04-10 14:04:43;    3.1 Uploaded Counter Iteration: 8400
Batch 30;INFO;2020-04-10 14:05:59;    3.1 Uploaded Counter Iteration: 8450
Batch 30;INFO;2020-04-10 14:08:58;    3.1 Uploaded Counter Iteration: 8500
Batch 30;INFO;2020-04-10 14:10:43;    3.1 Uploaded Counter Iteration: 8550
Batch 30;INFO;2020-04-10 14:13:22;    3.1 Uploaded Counter Iteration: 8600
Batch 30;INFO;2020-04-10 14:15:38;    3.1 Uploaded Counter Iteration: 8650
Batch 30;INFO;2020-04-10 14:17:41;    3.1 Uploaded Counter Iteration: 8700
Batch 30;INFO;2020-04-10 14:20:27;    3.1 Uploaded Counter Iteration: 8750
Batch 30;INFO;2020-04-10 14:22:14;    3.1 Uploaded Counter Iteration: 8800
Batch 30;INFO;2020-04-10 14:25:18;    3.1 Uploaded Counter Iteration: 8850
Batch 30;INFO;2020-04-10 14:26:47;    3.1 Uploaded Counter Iteration: 8900
Batch 30;INFO;2020-04-10 14:30:05;    3.1 Uploaded Counter Iteration: 8950
Batch 30;INFO;2020-04-10 14:31:05;    3.1 Uploaded Counter Iteration: 9000
Batch 30;INFO;2020-04-10 14:34:16;    3.1 Uploaded Counter Iteration: 9050
Batch 30;INFO;2020-04-10 14:35:50;    3.1 Uploaded Counter Iteration: 9100
Batch 30;INFO;2020-04-10 14:38:29;    3.1 Uploaded Counter Iteration: 9150
Batch 30;INFO;2020-04-10 14:40:38;    3.1 Uploaded Counter Iteration: 9200
Batch 30;INFO;2020-04-10 14:42:52;    3.1 Uploaded Counter Iteration: 9250
Batch 30;INFO;2020-04-10 14:45:28;    3.1 Uploaded Counter Iteration: 9300
Batch 30;INFO;2020-04-10 14:47:20;    3.1 Uploaded Counter Iteration: 9350
Batch 30;INFO;2020-04-10 14:50:17;    3.1 Uploaded Counter Iteration: 9400
Batch 30;INFO;2020-04-10 14:51:39;    3.1 Uploaded Counter Iteration: 9450
Batch 30;INFO;2020-04-10 14:55:03;    3.1 Uploaded Counter Iteration: 9500
Batch 30;INFO;2020-04-10 14:56:06;    3.1 Uploaded Counter Iteration: 9550
Batch 30;INFO;2020-04-10 14:59:24;    3.1 Uploaded Counter Iteration: 9600
Batch 30;INFO;2020-04-10 15:00:55;    3.1 Uploaded Counter Iteration: 9650
Batch 30;INFO;2020-04-10 15:03:57;    3.1 Uploaded Counter Iteration: 9700
Batch 30;INFO;2020-04-10 15:05:46;    3.1 Uploaded Counter Iteration: 9750
Batch 30;INFO;2020-04-10 15:08:24;    3.1 Uploaded Counter Iteration: 9800
Batch 30;INFO;2020-04-10 15:10:37;    3.1 Uploaded Counter Iteration: 9850
Batch 30;INFO;2020-04-10 15:12:57;    3.1 Uploaded Counter Iteration: 9900
Batch 30;INFO;2020-04-10 15:15:29;    3.1 Uploaded Counter Iteration: 9950
Batch 30;INFO;2020-04-10 15:17:21;    3.1 Uploaded Counter Iteration: 10000
Batch 30;INFO;2020-04-10 15:20:18;    3.1 Uploaded Counter Iteration: 10050
Batch 30;INFO;2020-04-10 15:21:40;    3.1 Uploaded Counter Iteration: 10100
Batch 30;INFO;2020-04-10 15:25:04;    3.1 Uploaded Counter Iteration: 10150
Batch 30;INFO;2020-04-10 15:26:05;    3.1 Uploaded Counter Iteration: 10200
Batch 30;INFO;2020-04-10 15:29:24;    3.1 Uploaded Counter Iteration: 10250
Batch 30;INFO;2020-04-10 15:30:54;    3.1 Uploaded Counter Iteration: 10300
Batch 30;INFO;2020-04-10 15:33:54;    3.1 Uploaded Counter Iteration: 10350
Batch 30;INFO;2020-04-10 15:35:45;    3.1 Uploaded Counter Iteration: 10400
Batch 30;INFO;2020-04-10 15:38:20;    3.1 Uploaded Counter Iteration: 10450
Batch 30;INFO;2020-04-10 15:40:35;    3.1 Uploaded Counter Iteration: 10500
Batch 30;INFO;2020-04-10 15:42:34;    3.1 Uploaded Counter Iteration: 10550
Batch 30;INFO;2020-04-10 15:45:22;    3.1 Uploaded Counter Iteration: 10600
Batch 30;INFO;2020-04-10 15:46:59;    3.1 Uploaded Counter Iteration: 10650
Batch 30;INFO;2020-04-10 15:50:16;    3.1 Uploaded Counter Iteration: 10700
Batch 30;INFO;2020-04-10 15:51:22;    3.1 Uploaded Counter Iteration: 10750
Batch 30;INFO;2020-04-10 15:54:48;    3.1 Uploaded Counter Iteration: 10800
Batch 30;INFO;2020-04-10 15:56:01;    3.1 Uploaded Counter Iteration: 10850
Batch 30;INFO;2020-04-10 15:59:06;    3.1 Uploaded Counter Iteration: 10900
Batch 30;INFO;2020-04-10 16:00:49;    3.1 Uploaded Counter Iteration: 10950
Batch 30;INFO;2020-04-10 16:03:39;    3.1 Uploaded Counter Iteration: 11000
Batch 30;INFO;2020-04-10 16:05:40;    3.1 Uploaded Counter Iteration: 11050
Batch 30;INFO;2020-04-10 16:07:56;    3.1 Uploaded Counter Iteration: 11100
Batch 30;INFO;2020-04-10 16:10:29;    3.1 Uploaded Counter Iteration: 11150
Batch 30;INFO;2020-04-10 16:12:05;    3.1 Uploaded Counter Iteration: 11200
Batch 30;INFO;2020-04-10 16:15:15;    3.1 Uploaded Counter Iteration: 11250
Batch 30;INFO;2020-04-10 16:16:26;    3.1 Uploaded Counter Iteration: 11300
Batch 30;INFO;2020-04-10 16:19:58;    3.1 Uploaded Counter Iteration: 11350
Batch 30;INFO;2020-04-10 16:21:02;    3.1 Uploaded Counter Iteration: 11400
Batch 30;INFO;2020-04-10 16:24:16;    3.1 Uploaded Counter Iteration: 11450
Batch 30;INFO;2020-04-10 16:25:50;    3.1 Uploaded Counter Iteration: 11500
Batch 30;INFO;2020-04-10 16:28:25;    3.1 Uploaded Counter Iteration: 11550
Batch 30;INFO;2020-04-10 16:30:38;    3.1 Uploaded Counter Iteration: 11600
Batch 30;INFO;2020-04-10 16:32:51;    3.1 Uploaded Counter Iteration: 11650
Batch 30;INFO;2020-04-10 16:35:28;    3.1 Uploaded Counter Iteration: 11700
Batch 30;INFO;2020-04-10 16:37:16;    3.1 Uploaded Counter Iteration: 11750
Batch 30;INFO;2020-04-10 16:40:21;    3.1 Uploaded Counter Iteration: 11800
Batch 30;INFO;2020-04-10 16:41:50;    3.1 Uploaded Counter Iteration: 11850
Batch 30;INFO;2020-04-10 16:45:13;    3.1 Uploaded Counter Iteration: 11900
Batch 30;INFO;2020-04-10 16:46:27;    3.1 Uploaded Counter Iteration: 11950
Batch 30;INFO;2020-04-10 16:49:57;    3.1 Uploaded Counter Iteration: 12000
Batch 30;INFO;2020-04-10 16:51:05;    3.1 Uploaded Counter Iteration: 12050
Batch 30;INFO;2020-04-10 16:54:19;    3.1 Uploaded Counter Iteration: 12100
Batch 30;INFO;2020-04-10 16:55:56;    3.1 Uploaded Counter Iteration: 12150
Batch 30;INFO;2020-04-10 16:59:04;    3.1 Uploaded Counter Iteration: 12200
Batch 30;INFO;2020-04-10 17:00:49;    3.1 Uploaded Counter Iteration: 12250
Batch 30;INFO;2020-04-10 17:03:46;    3.1 Uploaded Counter Iteration: 12300
Batch 30;INFO;2020-04-10 17:05:43;    3.1 Uploaded Counter Iteration: 12350
Batch 30;INFO;2020-04-10 17:08:11;    3.1 Uploaded Counter Iteration: 12400
Batch 30;INFO;2020-04-10 17:10:33;    3.1 Uploaded Counter Iteration: 12450
Batch 30;INFO;2020-04-10 17:12:35;    3.1 Uploaded Counter Iteration: 12500
Batch 30;INFO;2020-04-10 17:15:22;    3.1 Uploaded Counter Iteration: 12550
Batch 30;INFO;2020-04-10 17:16:59;    3.1 Uploaded Counter Iteration: 12600
Batch 30;INFO;2020-04-10 17:20:14;    3.1 Uploaded Counter Iteration: 12650
Batch 30;INFO;2020-04-10 17:21:29;    3.1 Uploaded Counter Iteration: 12700
Batch 30;INFO;2020-04-10 17:25:05;    3.1 Uploaded Counter Iteration: 12750
Batch 30;INFO;2020-04-10 17:26:16;    3.1 Uploaded Counter Iteration: 12800
Batch 30;INFO;2020-04-10 17:29:40;    3.1 Uploaded Counter Iteration: 12850
Batch 30;INFO;2020-04-10 17:31:02;    3.1 Uploaded Counter Iteration: 12900
Batch 30;INFO;2020-04-10 17:34:09;    3.1 Uploaded Counter Iteration: 12950
Batch 30;INFO;2020-04-10 17:35:48;    3.1 Uploaded Counter Iteration: 13000
Batch 30;INFO;2020-04-10 17:38:20;    3.1 Uploaded Counter Iteration: 13050
Batch 30;INFO;2020-04-10 17:40:35;    3.1 Uploaded Counter Iteration: 13100
Batch 30;INFO;2020-04-10 17:42:46;    3.1 Uploaded Counter Iteration: 13150
Batch 30;INFO;2020-04-10 17:45:29;    3.1 Uploaded Counter Iteration: 13200
Batch 30;INFO;2020-04-10 17:47:22;    3.1 Uploaded Counter Iteration: 13250
Batch 30;INFO;2020-04-10 17:50:17;    3.1 Uploaded Counter Iteration: 13300
Batch 30;INFO;2020-04-10 17:51:31;    3.1 Uploaded Counter Iteration: 13350
Batch 30;INFO;2020-04-10 17:55:08;    3.1 Uploaded Counter Iteration: 13400
Batch 30;INFO;2020-04-10 17:56:06;    3.1 Uploaded Counter Iteration: 13450
Batch 30;INFO;2020-04-10 17:59:37;    3.1 Uploaded Counter Iteration: 13500
Batch 30;INFO;2020-04-10 18:00:59;    3.1 Uploaded Counter Iteration: 13550
Batch 30;INFO;2020-04-10 18:04:03;    3.1 Uploaded Counter Iteration: 13600
Batch 30;INFO;2020-04-10 18:05:45;    3.1 Uploaded Counter Iteration: 13650
Batch 30;INFO;2020-04-10 18:08:18;    3.1 Uploaded Counter Iteration: 13700
Batch 30;INFO;2020-04-10 18:10:37;    3.1 Uploaded Counter Iteration: 13750
Batch 30;INFO;2020-04-10 18:12:46;    3.1 Uploaded Counter Iteration: 13800
Batch 30;INFO;2020-04-10 18:15:25;    3.1 Uploaded Counter Iteration: 13850
Batch 30;INFO;2020-04-10 18:16:51;    3.1 Uploaded Counter Iteration: 13900
Batch 30;INFO;2020-04-10 18:20:14;    3.1 Uploaded Counter Iteration: 13950
Batch 30;INFO;2020-04-10 18:21:22;    3.1 Uploaded Counter Iteration: 14000
Batch 30;INFO;2020-04-10 18:24:37;    3.1 Uploaded Counter Iteration: 14050
Batch 30;INFO;2020-04-10 18:25:57;    3.1 Uploaded Counter Iteration: 14100
Batch 30;INFO;2020-04-10 18:29:06;    3.1 Uploaded Counter Iteration: 14150
Batch 30;INFO;2020-04-10 18:30:49;    3.1 Uploaded Counter Iteration: 14200
Batch 30;INFO;2020-04-10 18:33:38;    3.1 Uploaded Counter Iteration: 14250
Batch 30;INFO;2020-04-10 18:35:40;    3.1 Uploaded Counter Iteration: 14300
Batch 30;INFO;2020-04-10 18:38:06;    3.1 Uploaded Counter Iteration: 14350
Batch 30;INFO;2020-04-10 18:40:31;    3.1 Uploaded Counter Iteration: 14400
Batch 30;INFO;2020-04-10 18:42:22;    3.1 Uploaded Counter Iteration: 14450
Batch 30;INFO;2020-04-10 18:45:18;    3.1 Uploaded Counter Iteration: 14500
Batch 30;INFO;2020-04-10 18:46:41;    3.1 Uploaded Counter Iteration: 14550
Batch 30;INFO;2020-04-10 18:50:10;    3.1 Uploaded Counter Iteration: 14600
Batch 30;INFO;2020-04-10 18:51:14;    3.1 Uploaded Counter Iteration: 14650
Batch 30;INFO;2020-04-10 18:54:45;    3.1 Uploaded Counter Iteration: 14700
Batch 30;INFO;2020-04-10 18:56:02;    3.1 Uploaded Counter Iteration: 14750
Batch 30;INFO;2020-04-10 18:59:11;    3.1 Uploaded Counter Iteration: 14800
Batch 30;INFO;2020-04-10 19:00:51;    3.1 Uploaded Counter Iteration: 14850
Batch 30;INFO;2020-04-10 19:03:38;    3.1 Uploaded Counter Iteration: 14900
Batch 30;INFO;2020-04-10 19:05:43;    3.1 Uploaded Counter Iteration: 14950
Batch 30;INFO;2020-04-10 19:08:11;    3.1 Uploaded Counter Iteration: 15000
Batch 30;INFO;2020-04-10 19:10:32;    3.1 Uploaded Counter Iteration: 15050
Batch 30;INFO;2020-04-10 19:12:38;    3.1 Uploaded Counter Iteration: 15100
Batch 30;INFO;2020-04-10 19:15:25;    3.1 Uploaded Counter Iteration: 15150
Batch 30;INFO;2020-04-10 19:17:04;    3.1 Uploaded Counter Iteration: 15200
Batch 30;INFO;2020-04-10 19:20:16;    3.1 Uploaded Counter Iteration: 15250
Batch 30;INFO;2020-04-10 19:21:38;    3.1 Uploaded Counter Iteration: 15300
Batch 30;INFO;2020-04-10 19:25:04;    3.1 Uploaded Counter Iteration: 15350
Batch 30;INFO;2020-04-10 19:26:06;    3.1 Uploaded Counter Iteration: 15400
Batch 30;INFO;2020-04-10 19:29:42;    3.1 Uploaded Counter Iteration: 15450
Batch 30;INFO;2020-04-10 19:30:56;    3.1 Uploaded Counter Iteration: 15500
Batch 30;INFO;2020-04-10 19:34:07;    3.1 Uploaded Counter Iteration: 15550
Batch 30;INFO;2020-04-10 19:35:48;    3.1 Uploaded Counter Iteration: 15600
Batch 30;INFO;2020-04-10 19:38:24;    3.1 Uploaded Counter Iteration: 15650
Batch 30;INFO;2020-04-10 19:40:40;    3.1 Uploaded Counter Iteration: 15700
Batch 30;INFO;2020-04-10 19:42:50;    3.1 Uploaded Counter Iteration: 15750
Batch 30;INFO;2020-04-10 19:45:28;    3.1 Uploaded Counter Iteration: 15800
Batch 30;INFO;2020-04-10 19:47:14;    3.1 Uploaded Counter Iteration: 15850
Batch 30;INFO;2020-04-10 19:50:19;    3.1 Uploaded Counter Iteration: 15900
Batch 30;INFO;2020-04-10 19:51:48;    3.1 Uploaded Counter Iteration: 15950
Batch 30;INFO;2020-04-10 19:55:13;    3.1 Uploaded Counter Iteration: 16000
Batch 30;INFO;2020-04-10 19:56:18;    3.1 Uploaded Counter Iteration: 16050
Batch 30;INFO;2020-04-10 19:59:51;    3.1 Uploaded Counter Iteration: 16100
Batch 30;INFO;2020-04-10 20:01:01;    3.1 Uploaded Counter Iteration: 16150
Batch 30;INFO;2020-04-10 20:04:24;    3.1 Uploaded Counter Iteration: 16200
Batch 30;INFO;2020-04-10 20:05:54;    3.1 Uploaded Counter Iteration: 16250
Batch 30;INFO;2020-04-10 20:08:46;    3.1 Uploaded Counter Iteration: 16300
Batch 30;INFO;2020-04-10 20:10:42;    3.1 Uploaded Counter Iteration: 16350
Batch 30;INFO;2020-04-10 20:12:59;    3.1 Uploaded Counter Iteration: 16400
Batch 30;INFO;2020-04-10 20:15:27;    3.1 Uploaded Counter Iteration: 16450
Batch 30;INFO;2020-04-10 20:17:04;    3.1 Uploaded Counter Iteration: 16500
Batch 30;INFO;2020-04-10 20:20:18;    3.1 Uploaded Counter Iteration: 16550
Batch 30;INFO;2020-04-10 20:21:34;    3.1 Uploaded Counter Iteration: 16600
Batch 30;INFO;2020-04-10 20:24:58;    3.1 Uploaded Counter Iteration: 16650
Batch 30;INFO;2020-04-10 20:26:02;    3.1 Uploaded Counter Iteration: 16700
Batch 30;INFO;2020-04-10 20:29:13;    3.1 Uploaded Counter Iteration: 16750
Batch 30;INFO;2020-04-10 20:30:45;    3.1 Uploaded Counter Iteration: 16800
Batch 30;INFO;2020-04-10 20:33:28;    3.1 Uploaded Counter Iteration: 16850
Batch 30;INFO;2020-04-10 20:35:34;    3.1 Uploaded Counter Iteration: 16900
Batch 30;INFO;2020-04-10 20:37:50;    3.1 Uploaded Counter Iteration: 16950
Batch 30;INFO;2020-04-10 20:40:24;    3.1 Uploaded Counter Iteration: 17000
Batch 30;INFO;2020-04-10 20:42:25;    3.1 Uploaded Counter Iteration: 17050
Batch 30;INFO;2020-04-10 20:45:16;    3.1 Uploaded Counter Iteration: 17100
Batch 30;INFO;2020-04-10 20:46:45;    3.1 Uploaded Counter Iteration: 17150
Batch 30;INFO;2020-04-10 20:50:06;    3.1 Uploaded Counter Iteration: 17200
Batch 30;INFO;2020-04-10 20:51:02;    3.1 Uploaded Counter Iteration: 17250
Batch 30;INFO;2020-04-10 20:54:22;    3.1 Uploaded Counter Iteration: 17300
Batch 30;INFO;2020-04-10 20:55:51;    3.1 Uploaded Counter Iteration: 17350
Batch 30;INFO;2020-04-10 20:58:47;    3.1 Uploaded Counter Iteration: 17400
Batch 30;INFO;2020-04-10 21:00:39;    3.1 Uploaded Counter Iteration: 17450
Batch 30;INFO;2020-04-10 21:03:09;    3.1 Uploaded Counter Iteration: 17500
Batch 30;INFO;2020-04-10 21:05:31;    3.1 Uploaded Counter Iteration: 17550
Batch 30;INFO;2020-04-10 21:07:37;    3.1 Uploaded Counter Iteration: 17600
Batch 30;INFO;2020-04-10 21:10:22;    3.1 Uploaded Counter Iteration: 17650
Batch 30;INFO;2020-04-10 21:11:58;    3.1 Uploaded Counter Iteration: 17700
Batch 30;INFO;2020-04-10 21:15:10;    3.1 Uploaded Counter Iteration: 17750
Batch 30;INFO;2020-04-10 21:16:19;    3.1 Uploaded Counter Iteration: 17800
Batch 30;INFO;2020-04-10 21:19:42;    3.1 Uploaded Counter Iteration: 17850
Batch 30;INFO;2020-04-10 21:20:56;    3.1 Uploaded Counter Iteration: 17900
Batch 30;INFO;2020-04-10 21:24:05;    3.1 Uploaded Counter Iteration: 17950
Batch 30;INFO;2020-04-10 21:25:45;    3.1 Uploaded Counter Iteration: 18000
Batch 30;INFO;2020-04-10 21:28:27;    3.1 Uploaded Counter Iteration: 18050
Batch 30;INFO;2020-04-10 21:30:35;    3.1 Uploaded Counter Iteration: 18100
Batch 30;INFO;2020-04-10 21:32:52;    3.1 Uploaded Counter Iteration: 18150
Batch 30;INFO;2020-04-10 21:35:25;    3.1 Uploaded Counter Iteration: 18200
Batch 30;INFO;2020-04-10 21:37:17;    3.1 Uploaded Counter Iteration: 18250
Batch 30;INFO;2020-04-10 21:40:15;    3.1 Uploaded Counter Iteration: 18300
Batch 30;INFO;2020-04-10 21:41:36;    3.1 Uploaded Counter Iteration: 18350
Batch 30;INFO;2020-04-10 21:44:54;    3.1 Uploaded Counter Iteration: 18400
Batch 30;INFO;2020-04-10 21:45:29;3 Starting webscrapping... (Completed)
Batch 30;INFO;2020-04-10 21:45:29;5. Succesfully run batch: 30
