Module;Type;Date;Details;Time;Error Type;Error Details;Error Line
Batch 31;INFO;2020-04-10 21:45:31;1. Select all songs in nonmatch-query (S3)
Batch 31;INFO;2020-04-10 21:45:31;1. Select all songs in nonmatch-query (S3) (Completed)
Batch 31;INFO;2020-04-10 21:45:31;3 Starting webscrapping...
Batch 31;INFO;2020-04-10 21:47:45;    3.1 Uploaded Counter Iteration: 50
Batch 31;INFO;2020-04-10 21:50:21;    3.1 Uploaded Counter Iteration: 100
Batch 31;INFO;2020-04-10 21:52:01;    3.1 Uploaded Counter Iteration: 150
Batch 31;INFO;2020-04-10 21:55:11;    3.1 Uploaded Counter Iteration: 200
Batch 31;INFO;2020-04-10 21:56:22;    3.1 Uploaded Counter Iteration: 250
Batch 31;INFO;2020-04-10 21:59:48;    3.1 Uploaded Counter Iteration: 300
Batch 31;INFO;2020-04-10 22:00:57;    3.1 Uploaded Counter Iteration: 350
Batch 31;INFO;2020-04-10 22:04:19;    3.1 Uploaded Counter Iteration: 400
Batch 31;INFO;2020-04-10 22:05:50;    3.1 Uploaded Counter Iteration: 450
Batch 31;INFO;2020-04-10 22:08:44;    3.1 Uploaded Counter Iteration: 500
Batch 31;INFO;2020-04-10 22:10:39;    3.1 Uploaded Counter Iteration: 550
Batch 31;INFO;2020-04-10 22:12:59;    3.1 Uploaded Counter Iteration: 600
Batch 31;INFO;2020-04-10 22:15:28;    3.1 Uploaded Counter Iteration: 650
Batch 31;INFO;2020-04-10 22:17:16;    3.1 Uploaded Counter Iteration: 700
Batch 31;INFO;2020-04-10 22:20:15;    3.1 Uploaded Counter Iteration: 750
Batch 31;INFO;2020-04-10 22:21:35;    3.1 Uploaded Counter Iteration: 800
Batch 31;INFO;2020-04-10 22:25:04;    3.1 Uploaded Counter Iteration: 850
Batch 31;INFO;2020-04-10 22:26:03;    3.1 Uploaded Counter Iteration: 900
Batch 31;INFO;2020-04-10 22:29:21;    3.1 Uploaded Counter Iteration: 950
Batch 31;INFO;2020-04-10 22:30:50;    3.1 Uploaded Counter Iteration: 1000
Batch 31;INFO;2020-04-10 22:33:40;    3.1 Uploaded Counter Iteration: 1050
Batch 31;INFO;2020-04-10 22:35:41;    3.1 Uploaded Counter Iteration: 1100
Batch 31;INFO;2020-04-10 22:38:02;    3.1 Uploaded Counter Iteration: 1150
Batch 31;INFO;2020-04-10 22:40:24;    3.1 Uploaded Counter Iteration: 1200
Batch 31;INFO;2020-04-10 22:42:12;    3.1 Uploaded Counter Iteration: 1250
Batch 31;INFO;2020-04-10 22:45:14;    3.1 Uploaded Counter Iteration: 1300
Batch 31;INFO;2020-04-10 22:46:36;    3.1 Uploaded Counter Iteration: 1350
Batch 31;INFO;2020-04-10 22:49:59;    3.1 Uploaded Counter Iteration: 1400
Batch 31;INFO;2020-04-10 22:51:01;    3.1 Uploaded Counter Iteration: 1450
Batch 31;INFO;2020-04-10 22:54:15;    3.1 Uploaded Counter Iteration: 1500
Batch 31;INFO;2020-04-10 22:55:46;    3.1 Uploaded Counter Iteration: 1550
Batch 31;INFO;2020-04-10 22:58:24;    3.1 Uploaded Counter Iteration: 1600
Batch 31;INFO;2020-04-10 23:00:32;    3.1 Uploaded Counter Iteration: 1650
Batch 31;INFO;2020-04-10 23:02:31;    3.1 Uploaded Counter Iteration: 1700
Batch 31;INFO;2020-04-10 23:05:20;    3.1 Uploaded Counter Iteration: 1750
Batch 31;INFO;2020-04-10 23:06:49;    3.1 Uploaded Counter Iteration: 1800
Batch 31;INFO;2020-04-10 23:10:08;    3.1 Uploaded Counter Iteration: 1850
Batch 31;INFO;2020-04-10 23:11:14;    3.1 Uploaded Counter Iteration: 1900
Batch 31;INFO;2020-04-10 23:14:33;    3.1 Uploaded Counter Iteration: 1950
Batch 31;INFO;2020-04-10 23:15:52;    3.1 Uploaded Counter Iteration: 2000
Batch 31;INFO;2020-04-10 23:18:50;    3.1 Uploaded Counter Iteration: 2050
Batch 31;INFO;2020-04-10 23:20:39;    3.1 Uploaded Counter Iteration: 2100
Batch 31;INFO;2020-04-10 23:23:04;    3.1 Uploaded Counter Iteration: 2150
Batch 31;INFO;2020-04-10 23:25:26;    3.1 Uploaded Counter Iteration: 2200
Batch 31;INFO;2020-04-10 23:27:09;    3.1 Uploaded Counter Iteration: 2250
Batch 31;INFO;2020-04-10 23:30:14;    3.1 Uploaded Counter Iteration: 2300
Batch 31;INFO;2020-04-10 23:31:27;    3.1 Uploaded Counter Iteration: 2350
Batch 31;INFO;2020-04-10 23:34:50;    3.1 Uploaded Counter Iteration: 2400
Batch 31;INFO;2020-04-10 23:35:56;    3.1 Uploaded Counter Iteration: 2450
Batch 31;INFO;2020-04-10 23:39:00;    3.1 Uploaded Counter Iteration: 2500
Batch 31;INFO;2020-04-10 23:40:42;    3.1 Uploaded Counter Iteration: 2550
Batch 31;INFO;2020-04-10 23:43:10;    3.1 Uploaded Counter Iteration: 2600
Batch 31;INFO;2020-04-10 23:45:30;    3.1 Uploaded Counter Iteration: 2650
Batch 31;INFO;2020-04-10 23:47:23;    3.1 Uploaded Counter Iteration: 2700
Batch 31;INFO;2020-04-10 23:50:14;    3.1 Uploaded Counter Iteration: 2750
Batch 31;INFO;2020-04-10 23:51:23;    3.1 Uploaded Counter Iteration: 2800
Batch 31;INFO;2020-04-10 23:54:41;    3.1 Uploaded Counter Iteration: 2850
Batch 31;INFO;2020-04-10 23:55:54;    3.1 Uploaded Counter Iteration: 2900
Batch 31;INFO;2020-04-10 23:58:49;    3.1 Uploaded Counter Iteration: 2950
Batch 31;INFO;2020-04-11 00:00:40;    3.1 Uploaded Counter Iteration: 3000
Batch 31;INFO;2020-04-11 00:03:02;    3.1 Uploaded Counter Iteration: 3050
Batch 31;INFO;2020-04-11 00:05:28;    3.1 Uploaded Counter Iteration: 3100
Batch 31;INFO;2020-04-11 00:07:24;    3.1 Uploaded Counter Iteration: 3150
Batch 31;INFO;2020-04-11 00:10:18;    3.1 Uploaded Counter Iteration: 3200
Batch 31;INFO;2020-04-11 00:11:45;    3.1 Uploaded Counter Iteration: 3250
Batch 31;INFO;2020-04-11 00:15:05;    3.1 Uploaded Counter Iteration: 3300
Batch 31;INFO;2020-04-11 00:16:04;    3.1 Uploaded Counter Iteration: 3350
Batch 31;INFO;2020-04-11 00:19:21;    3.1 Uploaded Counter Iteration: 3400
Batch 31;INFO;2020-04-11 00:20:46;    3.1 Uploaded Counter Iteration: 3450
Batch 31;INFO;2020-04-11 00:23:31;    3.1 Uploaded Counter Iteration: 3500
Batch 31;INFO;2020-04-11 00:25:33;    3.1 Uploaded Counter Iteration: 3550
Batch 31;INFO;2020-04-11 00:27:40;    3.1 Uploaded Counter Iteration: 3600
Batch 31;INFO;2020-04-11 00:30:21;    3.1 Uploaded Counter Iteration: 3650
Batch 31;INFO;2020-04-11 00:31:55;    3.1 Uploaded Counter Iteration: 3700
Batch 31;INFO;2020-04-11 00:35:06;    3.1 Uploaded Counter Iteration: 3750
Batch 31;INFO;2020-04-11 00:36:02;    3.1 Uploaded Counter Iteration: 3800
Batch 31;INFO;2020-04-11 00:39:24;    3.1 Uploaded Counter Iteration: 3850
Batch 31;INFO;2020-04-11 00:40:51;    3.1 Uploaded Counter Iteration: 3900
Batch 31;INFO;2020-04-11 00:43:51;    3.1 Uploaded Counter Iteration: 3950
Batch 31;INFO;2020-04-11 00:45:40;    3.1 Uploaded Counter Iteration: 4000
Batch 31;INFO;2020-04-11 00:47:56;    3.1 Uploaded Counter Iteration: 4050
Batch 31;INFO;2020-04-11 00:50:26;    3.1 Uploaded Counter Iteration: 4100
Batch 31;INFO;2020-04-11 00:52:20;    3.1 Uploaded Counter Iteration: 4150
Batch 31;INFO;2020-04-11 00:55:17;    3.1 Uploaded Counter Iteration: 4200
Batch 31;INFO;2020-04-11 00:56:45;    3.1 Uploaded Counter Iteration: 4250
Batch 31;INFO;2020-04-11 01:00:09;    3.1 Uploaded Counter Iteration: 4300
Batch 31;INFO;2020-04-11 01:01:12;    3.1 Uploaded Counter Iteration: 4350
Batch 31;INFO;2020-04-11 01:04:33;    3.1 Uploaded Counter Iteration: 4400
Batch 31;INFO;2020-04-11 01:05:52;    3.1 Uploaded Counter Iteration: 4450
Batch 31;INFO;2020-04-11 01:08:45;    3.1 Uploaded Counter Iteration: 4500
Batch 31;INFO;2020-04-11 01:10:40;    3.1 Uploaded Counter Iteration: 4550
Batch 31;INFO;2020-04-11 01:13:14;    3.1 Uploaded Counter Iteration: 4600
Batch 31;INFO;2020-04-11 01:15:31;    3.1 Uploaded Counter Iteration: 4650
Batch 31;INFO;2020-04-11 01:17:32;    3.1 Uploaded Counter Iteration: 4700
Batch 31;INFO;2020-04-11 01:20:19;    3.1 Uploaded Counter Iteration: 4750
Batch 31;INFO;2020-04-11 01:21:43;    3.1 Uploaded Counter Iteration: 4800
Batch 31;INFO;2020-04-11 01:25:07;    3.1 Uploaded Counter Iteration: 4850
Batch 31;INFO;2020-04-11 01:26:09;    3.1 Uploaded Counter Iteration: 4900
Batch 31;INFO;2020-04-11 01:29:21;    3.1 Uploaded Counter Iteration: 4950
Batch 31;INFO;2020-04-11 01:30:48;    3.1 Uploaded Counter Iteration: 5000
Batch 31;INFO;2020-04-11 01:33:30;    3.1 Uploaded Counter Iteration: 5050
Batch 31;INFO;2020-04-11 01:35:36;    3.1 Uploaded Counter Iteration: 5100
Batch 31;INFO;2020-04-11 01:37:54;    3.1 Uploaded Counter Iteration: 5150
Batch 31;INFO;2020-04-11 01:40:24;    3.1 Uploaded Counter Iteration: 5200
Batch 31;INFO;2020-04-11 01:42:12;    3.1 Uploaded Counter Iteration: 5250
Batch 31;INFO;2020-04-11 01:45:11;    3.1 Uploaded Counter Iteration: 5300
Batch 31;INFO;2020-04-11 01:46:11;    3.1 Uploaded Counter Iteration: 5350
Batch 31;INFO;2020-04-11 01:49:25;    3.1 Uploaded Counter Iteration: 5400
Batch 31;INFO;2020-04-11 01:50:49;    3.1 Uploaded Counter Iteration: 5450
Batch 31;INFO;2020-04-11 01:53:38;    3.1 Uploaded Counter Iteration: 5500
Batch 31;INFO;2020-04-11 01:55:37;    3.1 Uploaded Counter Iteration: 5550
Batch 31;INFO;2020-04-11 01:57:57;    3.1 Uploaded Counter Iteration: 5600
Batch 31;INFO;2020-04-11 02:00:23;    3.1 Uploaded Counter Iteration: 5650
Batch 31;INFO;2020-04-11 02:01:54;    3.1 Uploaded Counter Iteration: 5700
Batch 31;INFO;2020-04-11 02:05:10;    3.1 Uploaded Counter Iteration: 5750
Batch 31;INFO;2020-04-11 02:06:22;    3.1 Uploaded Counter Iteration: 5800
Batch 31;INFO;2020-04-11 02:09:41;    3.1 Uploaded Counter Iteration: 5850
Batch 31;INFO;2020-04-11 02:10:53;    3.1 Uploaded Counter Iteration: 5900
Batch 31;INFO;2020-04-11 02:13:43;    3.1 Uploaded Counter Iteration: 5950
Batch 31;INFO;2020-04-11 02:15:40;    3.1 Uploaded Counter Iteration: 6000
Batch 31;INFO;2020-04-11 02:18:04;    3.1 Uploaded Counter Iteration: 6050
Batch 31;INFO;2020-04-11 02:20:27;    3.1 Uploaded Counter Iteration: 6100
Batch 31;INFO;2020-04-11 02:22:22;    3.1 Uploaded Counter Iteration: 6150
Batch 31;INFO;2020-04-11 02:25:17;    3.1 Uploaded Counter Iteration: 6200
Batch 31;INFO;2020-04-11 02:26:51;    3.1 Uploaded Counter Iteration: 6250
Batch 31;INFO;2020-04-11 02:30:08;    3.1 Uploaded Counter Iteration: 6300
Batch 31;INFO;2020-04-11 02:31:06;    3.1 Uploaded Counter Iteration: 6350
Batch 31;INFO;2020-04-11 02:34:26;    3.1 Uploaded Counter Iteration: 6400
Batch 31;INFO;2020-04-11 02:35:49;    3.1 Uploaded Counter Iteration: 6450
Batch 31;INFO;2020-04-11 02:38:44;    3.1 Uploaded Counter Iteration: 6500
Batch 31;INFO;2020-04-11 02:40:39;    3.1 Uploaded Counter Iteration: 6550
Batch 31;INFO;2020-04-11 02:43:06;    3.1 Uploaded Counter Iteration: 6600
Batch 31;INFO;2020-04-11 02:45:28;    3.1 Uploaded Counter Iteration: 6650
Batch 31;INFO;2020-04-11 02:47:25;    3.1 Uploaded Counter Iteration: 6700
Batch 31;INFO;2020-04-11 02:50:16;    3.1 Uploaded Counter Iteration: 6750
Batch 31;INFO;2020-04-11 02:51:51;    3.1 Uploaded Counter Iteration: 6800
Batch 31;INFO;2020-04-11 02:55:07;    3.1 Uploaded Counter Iteration: 6850
Batch 31;INFO;2020-04-11 02:56:17;    3.1 Uploaded Counter Iteration: 6900
Batch 31;INFO;2020-04-11 02:59:37;    3.1 Uploaded Counter Iteration: 6950
Batch 31;INFO;2020-04-11 03:00:53;    3.1 Uploaded Counter Iteration: 7000
Batch 31;INFO;2020-04-11 03:03:49;    3.1 Uploaded Counter Iteration: 7050
Batch 31;INFO;2020-04-11 03:05:38;    3.1 Uploaded Counter Iteration: 7100
Batch 31;INFO;2020-04-11 03:08:00;    3.1 Uploaded Counter Iteration: 7150
Batch 31;INFO;2020-04-11 03:10:27;    3.1 Uploaded Counter Iteration: 7200
Batch 31;INFO;2020-04-11 03:12:21;    3.1 Uploaded Counter Iteration: 7250
Batch 31;INFO;2020-04-11 03:15:15;    3.1 Uploaded Counter Iteration: 7300
Batch 31;INFO;2020-04-11 03:16:36;    3.1 Uploaded Counter Iteration: 7350
Batch 31;INFO;2020-04-11 03:20:00;    3.1 Uploaded Counter Iteration: 7400
Batch 31;INFO;2020-04-11 03:20:59;    3.1 Uploaded Counter Iteration: 7450
Batch 31;INFO;2020-04-11 03:24:03;    3.1 Uploaded Counter Iteration: 7500
Batch 31;INFO;2020-04-11 03:25:44;    3.1 Uploaded Counter Iteration: 7550
Batch 31;INFO;2020-04-11 03:28:13;    3.1 Uploaded Counter Iteration: 7600
Batch 31;INFO;2020-04-11 03:30:32;    3.1 Uploaded Counter Iteration: 7650
Batch 31;INFO;2020-04-11 03:32:31;    3.1 Uploaded Counter Iteration: 7700
Batch 31;INFO;2020-04-11 03:35:19;    3.1 Uploaded Counter Iteration: 7750
Batch 31;INFO;2020-04-11 03:36:38;    3.1 Uploaded Counter Iteration: 7800
Batch 31;INFO;2020-04-11 03:39:53;    3.1 Uploaded Counter Iteration: 7850
Batch 31;INFO;2020-04-11 03:40:59;    3.1 Uploaded Counter Iteration: 7900
Batch 31;INFO;2020-04-11 03:44:01;    3.1 Uploaded Counter Iteration: 7950
Batch 31;INFO;2020-04-11 03:45:47;    3.1 Uploaded Counter Iteration: 8000
Batch 31;INFO;2020-04-11 03:48:25;    3.1 Uploaded Counter Iteration: 8050
Batch 31;INFO;2020-04-11 03:50:33;    3.1 Uploaded Counter Iteration: 8100
Batch 31;INFO;2020-04-11 03:52:46;    3.1 Uploaded Counter Iteration: 8150
Batch 31;INFO;2020-04-11 03:55:22;    3.1 Uploaded Counter Iteration: 8200
Batch 31;INFO;2020-04-11 03:56:56;    3.1 Uploaded Counter Iteration: 8250
Batch 31;INFO;2020-04-11 04:00:11;    3.1 Uploaded Counter Iteration: 8300
Batch 31;INFO;2020-04-11 04:01:28;    3.1 Uploaded Counter Iteration: 8350
Batch 31;INFO;2020-04-11 04:04:53;    3.1 Uploaded Counter Iteration: 8400
Batch 31;INFO;2020-04-11 04:05:59;    3.1 Uploaded Counter Iteration: 8450
Batch 31;INFO;2020-04-11 04:09:05;    3.1 Uploaded Counter Iteration: 8500
Batch 31;INFO;2020-04-11 04:10:43;    3.1 Uploaded Counter Iteration: 8550
Batch 31;INFO;2020-04-11 04:13:19;    3.1 Uploaded Counter Iteration: 8600
Batch 31;INFO;2020-04-11 04:15:32;    3.1 Uploaded Counter Iteration: 8650
Batch 31;INFO;2020-04-11 04:17:46;    3.1 Uploaded Counter Iteration: 8700
Batch 31;INFO;2020-04-11 04:20:22;    3.1 Uploaded Counter Iteration: 8750
Batch 31;INFO;2020-04-11 04:21:56;    3.1 Uploaded Counter Iteration: 8800
Batch 31;INFO;2020-04-11 04:25:08;    3.1 Uploaded Counter Iteration: 8850
Batch 31;INFO;2020-04-11 04:26:08;    3.1 Uploaded Counter Iteration: 8900
Batch 31;INFO;2020-04-11 04:29:28;    3.1 Uploaded Counter Iteration: 8950
Batch 31;INFO;2020-04-11 04:30:52;    3.1 Uploaded Counter Iteration: 9000
Batch 31;INFO;2020-04-11 04:33:39;    3.1 Uploaded Counter Iteration: 9050
Batch 31;INFO;2020-04-11 04:35:36;    3.1 Uploaded Counter Iteration: 9100
Batch 31;INFO;2020-04-11 04:37:51;    3.1 Uploaded Counter Iteration: 9150
Batch 31;INFO;2020-04-11 04:40:23;    3.1 Uploaded Counter Iteration: 9200
Batch 31;INFO;2020-04-11 04:41:56;    3.1 Uploaded Counter Iteration: 9250
Batch 31;INFO;2020-04-11 04:45:11;    3.1 Uploaded Counter Iteration: 9300
Batch 31;INFO;2020-04-11 04:46:19;    3.1 Uploaded Counter Iteration: 9350
Batch 31;INFO;2020-04-11 04:49:40;    3.1 Uploaded Counter Iteration: 9400
Batch 31;INFO;2020-04-11 04:50:52;    3.1 Uploaded Counter Iteration: 9450
Batch 31;INFO;2020-04-11 04:53:43;    3.1 Uploaded Counter Iteration: 9500
Batch 31;INFO;2020-04-11 04:55:39;    3.1 Uploaded Counter Iteration: 9550
Batch 31;INFO;2020-04-11 04:57:54;    3.1 Uploaded Counter Iteration: 9600
Batch 31;INFO;2020-04-11 05:00:25;    3.1 Uploaded Counter Iteration: 9650
Batch 31;INFO;2020-04-11 05:01:54;    3.1 Uploaded Counter Iteration: 9700
Batch 31;INFO;2020-04-11 05:05:10;    3.1 Uploaded Counter Iteration: 9750
Batch 31;INFO;2020-04-11 05:06:15;    3.1 Uploaded Counter Iteration: 9800
Batch 31;INFO;2020-04-11 05:09:31;    3.1 Uploaded Counter Iteration: 9850
Batch 31;INFO;2020-04-11 05:10:50;    3.1 Uploaded Counter Iteration: 9900
Batch 31;INFO;2020-04-11 05:13:27;    3.1 Uploaded Counter Iteration: 9950
Batch 31;INFO;2020-04-11 05:15:36;    3.1 Uploaded Counter Iteration: 10000
Batch 31;INFO;2020-04-11 05:17:43;    3.1 Uploaded Counter Iteration: 10050
Batch 31;INFO;2020-04-11 05:20:20;    3.1 Uploaded Counter Iteration: 10100
Batch 31;INFO;2020-04-11 05:21:43;    3.1 Uploaded Counter Iteration: 10150
Batch 31;INFO;2020-04-11 05:25:03;    3.1 Uploaded Counter Iteration: 10200
Batch 31;INFO;2020-04-11 05:26:03;    3.1 Uploaded Counter Iteration: 10250
Batch 31;INFO;2020-04-11 05:29:11;    3.1 Uploaded Counter Iteration: 10300
Batch 31;INFO;2020-04-11 05:30:46;    3.1 Uploaded Counter Iteration: 10350
Batch 31;INFO;2020-04-11 05:33:18;    3.1 Uploaded Counter Iteration: 10400
Batch 31;INFO;2020-04-11 05:35:31;    3.1 Uploaded Counter Iteration: 10450
Batch 31;INFO;2020-04-11 05:37:29;    3.1 Uploaded Counter Iteration: 10500
Batch 31;INFO;2020-04-11 05:40:20;    3.1 Uploaded Counter Iteration: 10550
Batch 31;INFO;2020-04-11 05:41:45;    3.1 Uploaded Counter Iteration: 10600
Batch 31;INFO;2020-04-11 05:45:06;    3.1 Uploaded Counter Iteration: 10650
Batch 31;INFO;2020-04-11 05:46:04;    3.1 Uploaded Counter Iteration: 10700
Batch 31;INFO;2020-04-11 05:49:18;    3.1 Uploaded Counter Iteration: 10750
Batch 31;INFO;2020-04-11 05:50:50;    3.1 Uploaded Counter Iteration: 10800
Batch 31;INFO;2020-04-11 05:53:38;    3.1 Uploaded Counter Iteration: 10850
Batch 31;INFO;2020-04-11 05:55:37;    3.1 Uploaded Counter Iteration: 10900
Batch 31;INFO;2020-04-11 05:57:45;    3.1 Uploaded Counter Iteration: 10950
Batch 31;INFO;2020-04-11 06:00:20;    3.1 Uploaded Counter Iteration: 11000
Batch 31;INFO;2020-04-11 06:01:42;    3.1 Uploaded Counter Iteration: 11050
Batch 31;INFO;2020-04-11 06:05:09;    3.1 Uploaded Counter Iteration: 11100
Batch 31;INFO;2020-04-11 06:06:14;    3.1 Uploaded Counter Iteration: 11150
Batch 31;INFO;2020-04-11 06:09:37;    3.1 Uploaded Counter Iteration: 11200
Batch 31;INFO;2020-04-11 06:10:52;    3.1 Uploaded Counter Iteration: 11250
Batch 31;INFO;2020-04-11 06:13:45;    3.1 Uploaded Counter Iteration: 11300
Batch 31;INFO;2020-04-11 06:15:40;    3.1 Uploaded Counter Iteration: 11350
Batch 31;INFO;2020-04-11 06:18:01;    3.1 Uploaded Counter Iteration: 11400
Batch 31;INFO;2020-04-11 06:20:28;    3.1 Uploaded Counter Iteration: 11450
Batch 31;INFO;2020-04-11 06:22:23;    3.1 Uploaded Counter Iteration: 11500
Batch 31;INFO;2020-04-11 06:25:20;    3.1 Uploaded Counter Iteration: 11550
Batch 31;INFO;2020-04-11 06:26:55;    3.1 Uploaded Counter Iteration: 11600
Batch 31;INFO;2020-04-11 06:30:10;    3.1 Uploaded Counter Iteration: 11650
Batch 31;INFO;2020-04-11 06:31:19;    3.1 Uploaded Counter Iteration: 11700
Batch 31;INFO;2020-04-11 06:34:50;    3.1 Uploaded Counter Iteration: 11750
Batch 31;INFO;2020-04-11 06:35:55;    3.1 Uploaded Counter Iteration: 11800
Batch 31;INFO;2020-04-11 06:38:50;    3.1 Uploaded Counter Iteration: 11850
Batch 31;INFO;2020-04-11 06:40:40;    3.1 Uploaded Counter Iteration: 11900
Batch 31;INFO;2020-04-11 06:43:04;    3.1 Uploaded Counter Iteration: 11950
Batch 31;INFO;2020-04-11 06:45:28;    3.1 Uploaded Counter Iteration: 12000
Batch 31;INFO;2020-04-11 06:47:04;    3.1 Uploaded Counter Iteration: 12050
Batch 31;INFO;2020-04-11 06:50:13;    3.1 Uploaded Counter Iteration: 12100
Batch 31;INFO;2020-04-11 06:51:20;    3.1 Uploaded Counter Iteration: 12150
Batch 31;INFO;2020-04-11 06:54:41;    3.1 Uploaded Counter Iteration: 12200
Batch 31;INFO;2020-04-11 06:55:52;    3.1 Uploaded Counter Iteration: 12250
Batch 31;INFO;2020-04-11 06:59:11;    3.1 Uploaded Counter Iteration: 12300
Batch 31;INFO;2020-04-11 07:00:45;    3.1 Uploaded Counter Iteration: 12350
Batch 31;INFO;2020-04-11 07:03:18;    3.1 Uploaded Counter Iteration: 12400
Batch 31;INFO;2020-04-11 07:05:31;    3.1 Uploaded Counter Iteration: 12450
Batch 31;INFO;2020-04-11 07:07:35;    3.1 Uploaded Counter Iteration: 12500
Batch 31;INFO;2020-04-11 07:10:19;    3.1 Uploaded Counter Iteration: 12550
Batch 31;INFO;2020-04-11 07:11:50;    3.1 Uploaded Counter Iteration: 12600
Batch 31;INFO;2020-04-11 07:15:09;    3.1 Uploaded Counter Iteration: 12650
Batch 31;INFO;2020-04-11 07:16:17;    3.1 Uploaded Counter Iteration: 12700
Batch 31;INFO;2020-04-11 07:19:35;    3.1 Uploaded Counter Iteration: 12750
Batch 31;INFO;2020-04-11 07:20:53;    3.1 Uploaded Counter Iteration: 12800
Batch 31;INFO;2020-04-11 07:23:53;    3.1 Uploaded Counter Iteration: 12850
Batch 31;INFO;2020-04-11 07:25:42;    3.1 Uploaded Counter Iteration: 12900
Batch 31;INFO;2020-04-11 07:28:16;    3.1 Uploaded Counter Iteration: 12950
Batch 31;INFO;2020-04-11 07:30:32;    3.1 Uploaded Counter Iteration: 13000
Batch 31;INFO;2020-04-11 07:32:35;    3.1 Uploaded Counter Iteration: 13050
Batch 31;INFO;2020-04-11 07:35:18;    3.1 Uploaded Counter Iteration: 13100
Batch 31;INFO;2020-04-11 07:36:39;    3.1 Uploaded Counter Iteration: 13150
Batch 31;INFO;2020-04-11 07:39:58;    3.1 Uploaded Counter Iteration: 13200
Batch 31;INFO;2020-04-11 07:41:00;    3.1 Uploaded Counter Iteration: 13250
Batch 31;INFO;2020-04-11 07:44:09;    3.1 Uploaded Counter Iteration: 13300
Batch 31;INFO;2020-04-11 07:45:44;    3.1 Uploaded Counter Iteration: 13350
Batch 31;INFO;2020-04-11 07:48:11;    3.1 Uploaded Counter Iteration: 13400
Batch 31;INFO;2020-04-11 07:50:31;    3.1 Uploaded Counter Iteration: 13450
Batch 31;INFO;2020-04-11 07:52:24;    3.1 Uploaded Counter Iteration: 13500
Batch 31;INFO;2020-04-11 07:55:18;    3.1 Uploaded Counter Iteration: 13550
Batch 31;INFO;2020-04-11 07:56:35;    3.1 Uploaded Counter Iteration: 13600
Batch 31;INFO;2020-04-11 08:00:07;    3.1 Uploaded Counter Iteration: 13650
Batch 31;INFO;2020-04-11 08:01:03;    3.1 Uploaded Counter Iteration: 13700
Batch 31;INFO;2020-04-11 08:04:23;    3.1 Uploaded Counter Iteration: 13750
Batch 31;INFO;2020-04-11 08:05:52;    3.1 Uploaded Counter Iteration: 13800
Batch 31;INFO;2020-04-11 08:08:49;    3.1 Uploaded Counter Iteration: 13850
Batch 31;INFO;2020-04-11 08:10:40;    3.1 Uploaded Counter Iteration: 13900
Batch 31;INFO;2020-04-11 08:13:10;    3.1 Uploaded Counter Iteration: 13950
Batch 31;INFO;2020-04-11 08:15:30;    3.1 Uploaded Counter Iteration: 14000
Batch 31;INFO;2020-04-11 08:17:25;    3.1 Uploaded Counter Iteration: 14050
Batch 31;INFO;2020-04-11 08:20:17;    3.1 Uploaded Counter Iteration: 14100
Batch 31;INFO;2020-04-11 08:21:46;    3.1 Uploaded Counter Iteration: 14150
Batch 31;INFO;2020-04-11 08:25:00;    3.1 Uploaded Counter Iteration: 14200
Batch 31;INFO;2020-04-11 08:25:59;    3.1 Uploaded Counter Iteration: 14250
Batch 31;INFO;2020-04-11 08:29:08;    3.1 Uploaded Counter Iteration: 14300
Batch 31;INFO;2020-04-11 08:30:44;    3.1 Uploaded Counter Iteration: 14350
Batch 31;INFO;2020-04-11 08:33:26;    3.1 Uploaded Counter Iteration: 14400
Batch 31;INFO;2020-04-11 08:35:32;    3.1 Uploaded Counter Iteration: 14450
Batch 31;INFO;2020-04-11 08:37:35;    3.1 Uploaded Counter Iteration: 14500
Batch 31;INFO;2020-04-11 08:40:22;    3.1 Uploaded Counter Iteration: 14550
Batch 31;INFO;2020-04-11 08:42:02;    3.1 Uploaded Counter Iteration: 14600
Batch 31;INFO;2020-04-11 08:45:13;    3.1 Uploaded Counter Iteration: 14650
Batch 31;INFO;2020-04-11 08:46:20;    3.1 Uploaded Counter Iteration: 14700
Batch 31;INFO;2020-04-11 08:49:45;    3.1 Uploaded Counter Iteration: 14750
Batch 31;INFO;2020-04-11 08:50:57;    3.1 Uploaded Counter Iteration: 14800
Batch 31;INFO;2020-04-11 08:54:04;    3.1 Uploaded Counter Iteration: 14850
Batch 31;INFO;2020-04-11 08:55:45;    3.1 Uploaded Counter Iteration: 14900
Batch 31;INFO;2020-04-11 08:58:17;    3.1 Uploaded Counter Iteration: 14950
Batch 31;INFO;2020-04-11 09:00:32;    3.1 Uploaded Counter Iteration: 15000
Batch 31;INFO;2020-04-11 09:02:45;    3.1 Uploaded Counter Iteration: 15050
Batch 31;INFO;2020-04-11 09:05:26;    3.1 Uploaded Counter Iteration: 15100
Batch 31;INFO;2020-04-11 09:07:25;    3.1 Uploaded Counter Iteration: 15150
Batch 31;INFO;2020-04-11 09:10:18;    3.1 Uploaded Counter Iteration: 15200
Batch 31;INFO;2020-04-11 09:11:45;    3.1 Uploaded Counter Iteration: 15250
Batch 31;INFO;2020-04-11 09:15:08;    3.1 Uploaded Counter Iteration: 15300
Batch 31;INFO;2020-04-11 09:16:31;    3.1 Uploaded Counter Iteration: 15350
Batch 31;INFO;2020-04-11 09:19:55;    3.1 Uploaded Counter Iteration: 15400
Batch 31;INFO;2020-04-11 09:21:00;    3.1 Uploaded Counter Iteration: 15450
Batch 31;INFO;2020-04-11 09:24:28;    3.1 Uploaded Counter Iteration: 15500
Batch 31;INFO;2020-04-11 09:25:53;    3.1 Uploaded Counter Iteration: 15550
Batch 31;INFO;2020-04-11 09:28:49;    3.1 Uploaded Counter Iteration: 15600
Batch 31;INFO;2020-04-11 09:30:40;    3.1 Uploaded Counter Iteration: 15650
Batch 31;INFO;2020-04-11 09:33:11;    3.1 Uploaded Counter Iteration: 15700
Batch 31;INFO;2020-04-11 09:35:29;    3.1 Uploaded Counter Iteration: 15750
Batch 31;INFO;2020-04-11 09:37:26;    3.1 Uploaded Counter Iteration: 15800
Batch 31;INFO;2020-04-11 09:40:16;    3.1 Uploaded Counter Iteration: 15850
Batch 31;INFO;2020-04-11 09:41:24;    3.1 Uploaded Counter Iteration: 15900
Batch 31;INFO;2020-04-11 09:44:53;    3.1 Uploaded Counter Iteration: 15950
Batch 31;INFO;2020-04-11 09:46:01;    3.1 Uploaded Counter Iteration: 16000
Batch 31;INFO;2020-04-11 09:49:11;    3.1 Uploaded Counter Iteration: 16050
Batch 31;INFO;2020-04-11 09:50:45;    3.1 Uploaded Counter Iteration: 16100
Batch 31;INFO;2020-04-11 09:53:13;    3.1 Uploaded Counter Iteration: 16150
Batch 31;INFO;2020-04-11 09:55:32;    3.1 Uploaded Counter Iteration: 16200
Batch 31;INFO;2020-04-11 09:57:51;    3.1 Uploaded Counter Iteration: 16250
Batch 31;INFO;2020-04-11 10:00:27;    3.1 Uploaded Counter Iteration: 16300
Batch 31;INFO;2020-04-11 10:02:25;    3.1 Uploaded Counter Iteration: 16350
Batch 31;INFO;2020-04-11 10:05:21;    3.1 Uploaded Counter Iteration: 16400
Batch 31;INFO;2020-04-11 10:07:03;    3.1 Uploaded Counter Iteration: 16450
Batch 31;INFO;2020-04-11 10:10:14;    3.1 Uploaded Counter Iteration: 16500
Batch 31;INFO;2020-04-11 10:11:36;    3.1 Uploaded Counter Iteration: 16550
Batch 31;INFO;2020-04-11 10:15:01;    3.1 Uploaded Counter Iteration: 16600
Batch 31;INFO;2020-04-11 10:16:05;    3.1 Uploaded Counter Iteration: 16650
Batch 31;INFO;2020-04-11 10:19:23;    3.1 Uploaded Counter Iteration: 16700
Batch 31;INFO;2020-04-11 10:20:51;    3.1 Uploaded Counter Iteration: 16750
Batch 31;INFO;2020-04-11 10:23:49;    3.1 Uploaded Counter Iteration: 16800
Batch 31;INFO;2020-04-11 10:25:41;    3.1 Uploaded Counter Iteration: 16850
Batch 31;INFO;2020-04-11 10:28:02;    3.1 Uploaded Counter Iteration: 16900
Batch 31;INFO;2020-04-11 10:30:27;    3.1 Uploaded Counter Iteration: 16950
Batch 31;INFO;2020-04-11 10:32:28;    3.1 Uploaded Counter Iteration: 17000
Batch 31;INFO;2020-04-11 10:35:23;    3.1 Uploaded Counter Iteration: 17050
Batch 31;INFO;2020-04-11 10:37:00;    3.1 Uploaded Counter Iteration: 17100
Batch 31;INFO;2020-04-11 10:40:12;    3.1 Uploaded Counter Iteration: 17150
Batch 31;INFO;2020-04-11 10:41:27;    3.1 Uploaded Counter Iteration: 17200
Batch 31;INFO;2020-04-11 10:44:57;    3.1 Uploaded Counter Iteration: 17250
Batch 31;INFO;2020-04-11 10:46:01;    3.1 Uploaded Counter Iteration: 17300
Batch 31;INFO;2020-04-11 10:49:10;    3.1 Uploaded Counter Iteration: 17350
Batch 31;INFO;2020-04-11 10:50:49;    3.1 Uploaded Counter Iteration: 17400
Batch 31;INFO;2020-04-11 10:53:38;    3.1 Uploaded Counter Iteration: 17450
Batch 31;INFO;2020-04-11 10:55:40;    3.1 Uploaded Counter Iteration: 17500
Batch 31;INFO;2020-04-11 10:57:56;    3.1 Uploaded Counter Iteration: 17550
Batch 31;INFO;2020-04-11 11:00:27;    3.1 Uploaded Counter Iteration: 17600
Batch 31;INFO;2020-04-11 11:02:11;    3.1 Uploaded Counter Iteration: 17650
Batch 31;INFO;2020-04-11 11:05:21;    3.1 Uploaded Counter Iteration: 17700
Batch 31;INFO;2020-04-11 11:07:06;    3.1 Uploaded Counter Iteration: 17750
Batch 31;INFO;2020-04-11 11:10:10;    3.1 Uploaded Counter Iteration: 17800
Batch 31;INFO;2020-04-11 11:11:20;    3.1 Uploaded Counter Iteration: 17850
Batch 31;INFO;2020-04-11 11:14:35;    3.1 Uploaded Counter Iteration: 17900
Batch 31;INFO;2020-04-11 11:15:55;    3.1 Uploaded Counter Iteration: 17950
Batch 31;INFO;2020-04-11 11:18:47;    3.1 Uploaded Counter Iteration: 18000
Batch 31;INFO;2020-04-11 11:20:41;    3.1 Uploaded Counter Iteration: 18050
Batch 31;INFO;2020-04-11 11:23:12;    3.1 Uploaded Counter Iteration: 18100
Batch 31;INFO;2020-04-11 11:25:32;    3.1 Uploaded Counter Iteration: 18150
Batch 31;INFO;2020-04-11 11:27:36;    3.1 Uploaded Counter Iteration: 18200
Batch 31;INFO;2020-04-11 11:30:20;    3.1 Uploaded Counter Iteration: 18250
Batch 31;INFO;2020-04-11 11:31:40;    3.1 Uploaded Counter Iteration: 18300
Batch 31;INFO;2020-04-11 11:34:58;    3.1 Uploaded Counter Iteration: 18350
Batch 31;INFO;2020-04-11 11:36:02;    3.1 Uploaded Counter Iteration: 18400
Batch 31;INFO;2020-04-11 11:39:21;    3.1 Uploaded Counter Iteration: 18450
Batch 31;INFO;2020-04-11 11:40:50;    3.1 Uploaded Counter Iteration: 18500
Batch 31;INFO;2020-04-11 11:43:34;    3.1 Uploaded Counter Iteration: 18550
Batch 31;INFO;2020-04-11 11:45:37;    3.1 Uploaded Counter Iteration: 18600
Batch 31;INFO;2020-04-11 11:47:54;    3.1 Uploaded Counter Iteration: 18650
Batch 31;INFO;2020-04-11 11:50:26;    3.1 Uploaded Counter Iteration: 18700
Batch 31;INFO;2020-04-11 11:52:10;    3.1 Uploaded Counter Iteration: 18750
Batch 31;INFO;2020-04-11 11:55:13;    3.1 Uploaded Counter Iteration: 18800
Batch 31;INFO;2020-04-11 11:56:21;    3.1 Uploaded Counter Iteration: 18850
Batch 31;INFO;2020-04-11 11:59:43;    3.1 Uploaded Counter Iteration: 18900
Batch 31;INFO;2020-04-11 12:00:56;    3.1 Uploaded Counter Iteration: 18950
Batch 31;INFO;2020-04-11 12:04:01;    3.1 Uploaded Counter Iteration: 19000
Batch 31;INFO;2020-04-11 12:05:47;    3.1 Uploaded Counter Iteration: 19050
Batch 31;INFO;2020-04-11 12:08:24;    3.1 Uploaded Counter Iteration: 19100
Batch 31;INFO;2020-04-11 12:10:35;    3.1 Uploaded Counter Iteration: 19150
Batch 31;INFO;2020-04-11 12:12:48;    3.1 Uploaded Counter Iteration: 19200
Batch 31;INFO;2020-04-11 12:15:26;    3.1 Uploaded Counter Iteration: 19250
Batch 31;INFO;2020-04-11 12:17:09;    3.1 Uploaded Counter Iteration: 19300
Batch 31;INFO;2020-04-11 12:20:14;    3.1 Uploaded Counter Iteration: 19350
Batch 31;INFO;2020-04-11 12:21:23;    3.1 Uploaded Counter Iteration: 19400
Batch 31;INFO;2020-04-11 12:24:46;    3.1 Uploaded Counter Iteration: 19450
Batch 31;INFO;2020-04-11 12:25:59;    3.1 Uploaded Counter Iteration: 19500
Batch 31;INFO;2020-04-11 12:29:18;    3.1 Uploaded Counter Iteration: 19550
Batch 31;INFO;2020-04-11 12:30:49;    3.1 Uploaded Counter Iteration: 19600
Batch 31;INFO;2020-04-11 12:32:43;3 Starting webscrapping... (Completed)
Batch 31;INFO;2020-04-11 12:32:43;5. Succesfully run batch: 31
