Module;Type;Date;Details;Time;Error Type;Error Details;Error Line
Batch 32;INFO;2020-04-11 12:32:48;1. Select all songs in nonmatch-query (S3)
Batch 32;INFO;2020-04-11 12:32:49;1. Select all songs in nonmatch-query (S3) (Completed)
Batch 32;INFO;2020-04-11 12:32:49;3 Starting webscrapping...
Batch 32;INFO;2020-04-11 12:35:28;    3.1 Uploaded Counter Iteration: 50
Batch 32;INFO;2020-04-11 12:37:17;    3.1 Uploaded Counter Iteration: 100
Batch 32;INFO;2020-04-11 12:40:16;    3.1 Uploaded Counter Iteration: 150
Batch 32;INFO;2020-04-11 12:41:35;    3.1 Uploaded Counter Iteration: 200
Batch 32;INFO;2020-04-11 12:44:54;    3.1 Uploaded Counter Iteration: 250
Batch 32;INFO;2020-04-11 12:45:59;    3.1 Uploaded Counter Iteration: 300
Batch 32;INFO;2020-04-11 12:49:10;    3.1 Uploaded Counter Iteration: 350
Batch 32;INFO;2020-04-11 12:50:48;    3.1 Uploaded Counter Iteration: 400
Batch 32;INFO;2020-04-11 12:53:25;    3.1 Uploaded Counter Iteration: 450
Batch 32;INFO;2020-04-11 12:55:35;    3.1 Uploaded Counter Iteration: 500
Batch 32;INFO;2020-04-11 12:57:45;    3.1 Uploaded Counter Iteration: 550
Batch 32;INFO;2020-04-11 13:00:25;    3.1 Uploaded Counter Iteration: 600
Batch 32;INFO;2020-04-11 13:02:15;    3.1 Uploaded Counter Iteration: 650
Batch 32;INFO;2020-04-11 13:05:17;    3.1 Uploaded Counter Iteration: 700
Batch 32;INFO;2020-04-11 13:06:42;    3.1 Uploaded Counter Iteration: 750
Batch 32;INFO;2020-04-11 13:10:07;    3.1 Uploaded Counter Iteration: 800
Batch 32;INFO;2020-04-11 13:11:05;    3.1 Uploaded Counter Iteration: 850
Batch 32;INFO;2020-04-11 13:14:29;    3.1 Uploaded Counter Iteration: 900
Batch 32;INFO;2020-04-11 13:15:53;    3.1 Uploaded Counter Iteration: 950
Batch 32;INFO;2020-04-11 13:18:47;    3.1 Uploaded Counter Iteration: 1000
Batch 32;INFO;2020-04-11 13:20:41;    3.1 Uploaded Counter Iteration: 1050
Batch 32;INFO;2020-04-11 13:23:06;    3.1 Uploaded Counter Iteration: 1100
Batch 32;INFO;2020-04-11 13:25:29;    3.1 Uploaded Counter Iteration: 1150
Batch 32;INFO;2020-04-11 13:27:15;    3.1 Uploaded Counter Iteration: 1200
Batch 32;INFO;2020-04-11 13:30:16;    3.1 Uploaded Counter Iteration: 1250
Batch 32;INFO;2020-04-11 13:31:30;    3.1 Uploaded Counter Iteration: 1300
Batch 32;INFO;2020-04-11 13:34:49;    3.1 Uploaded Counter Iteration: 1350
Batch 32;INFO;2020-04-11 13:35:58;    3.1 Uploaded Counter Iteration: 1400
Batch 32;INFO;2020-04-11 13:39:06;    3.1 Uploaded Counter Iteration: 1450
Batch 32;INFO;2020-04-11 13:40:49;    3.1 Uploaded Counter Iteration: 1500
Batch 32;INFO;2020-04-11 13:43:29;    3.1 Uploaded Counter Iteration: 1550
Batch 32;INFO;2020-04-11 13:45:35;    3.1 Uploaded Counter Iteration: 1600
Batch 32;INFO;2020-04-11 13:47:42;    3.1 Uploaded Counter Iteration: 1650
Batch 32;INFO;2020-04-11 13:50:25;    3.1 Uploaded Counter Iteration: 1700
Batch 32;INFO;2020-04-11 13:52:04;    3.1 Uploaded Counter Iteration: 1750
Batch 32;INFO;2020-04-11 13:55:14;    3.1 Uploaded Counter Iteration: 1800
Batch 32;INFO;2020-04-11 13:56:25;    3.1 Uploaded Counter Iteration: 1850
Batch 32;INFO;2020-04-11 13:59:41;    3.1 Uploaded Counter Iteration: 1900
Batch 32;INFO;2020-04-11 14:00:53;    3.1 Uploaded Counter Iteration: 1950
Batch 32;INFO;2020-04-11 14:03:49;    3.1 Uploaded Counter Iteration: 2000
Batch 32;INFO;2020-04-11 14:05:44;    3.1 Uploaded Counter Iteration: 2050
Batch 32;INFO;2020-04-11 14:08:27;    3.1 Uploaded Counter Iteration: 2100
Batch 32;INFO;2020-04-11 14:10:38;    3.1 Uploaded Counter Iteration: 2150
Batch 32;INFO;2020-04-11 14:12:57;    3.1 Uploaded Counter Iteration: 2200
Batch 32;INFO;2020-04-11 14:15:28;    3.1 Uploaded Counter Iteration: 2250
Batch 32;INFO;2020-04-11 14:17:25;    3.1 Uploaded Counter Iteration: 2300
Batch 32;INFO;2020-04-11 14:20:23;    3.1 Uploaded Counter Iteration: 2350
Batch 32;INFO;2020-04-11 14:22:00;    3.1 Uploaded Counter Iteration: 2400
Batch 32;INFO;2020-04-11 14:25:11;    3.1 Uploaded Counter Iteration: 2450
Batch 32;INFO;2020-04-11 14:26:16;    3.1 Uploaded Counter Iteration: 2500
Batch 32;INFO;2020-04-11 14:29:37;    3.1 Uploaded Counter Iteration: 2550
Batch 32;INFO;2020-04-11 14:30:55;    3.1 Uploaded Counter Iteration: 2600
Batch 32;INFO;2020-04-11 14:33:57;    3.1 Uploaded Counter Iteration: 2650
Batch 32;INFO;2020-04-11 14:35:44;    3.1 Uploaded Counter Iteration: 2700
Batch 32;INFO;2020-04-11 14:38:27;    3.1 Uploaded Counter Iteration: 2750
Batch 32;INFO;2020-04-11 14:40:36;    3.1 Uploaded Counter Iteration: 2800
Batch 32;INFO;2020-04-11 14:42:50;    3.1 Uploaded Counter Iteration: 2850
Batch 32;INFO;2020-04-11 14:45:29;    3.1 Uploaded Counter Iteration: 2900
Batch 32;INFO;2020-04-11 14:47:30;    3.1 Uploaded Counter Iteration: 2950
Batch 32;INFO;2020-04-11 14:50:21;    3.1 Uploaded Counter Iteration: 3000
Batch 32;INFO;2020-04-11 14:51:45;    3.1 Uploaded Counter Iteration: 3050
Batch 32;INFO;2020-04-11 14:55:10;    3.1 Uploaded Counter Iteration: 3100
Batch 32;INFO;2020-04-11 14:56:18;    3.1 Uploaded Counter Iteration: 3150
Batch 32;INFO;2020-04-11 14:59:35;    3.1 Uploaded Counter Iteration: 3200
Batch 32;INFO;2020-04-11 15:00:52;    3.1 Uploaded Counter Iteration: 3250
Batch 32;INFO;2020-04-11 15:03:42;    3.1 Uploaded Counter Iteration: 3300
Batch 32;INFO;2020-04-11 15:05:41;    3.1 Uploaded Counter Iteration: 3350
Batch 32;INFO;2020-04-11 15:08:05;    3.1 Uploaded Counter Iteration: 3400
Batch 32;INFO;2020-04-11 15:10:31;    3.1 Uploaded Counter Iteration: 3450
Batch 32;INFO;2020-04-11 15:12:31;    3.1 Uploaded Counter Iteration: 3500
Batch 32;INFO;2020-04-11 15:15:22;    3.1 Uploaded Counter Iteration: 3550
Batch 32;INFO;2020-04-11 15:16:59;    3.1 Uploaded Counter Iteration: 3600
Batch 32;INFO;2020-04-11 15:20:12;    3.1 Uploaded Counter Iteration: 3650
Batch 32;INFO;2020-04-11 15:21:10;    3.1 Uploaded Counter Iteration: 3700
Batch 32;INFO;2020-04-11 15:24:40;    3.1 Uploaded Counter Iteration: 3750
Batch 32;INFO;2020-04-11 15:25:56;    3.1 Uploaded Counter Iteration: 3800
Batch 32;INFO;2020-04-11 15:29:09;    3.1 Uploaded Counter Iteration: 3850
Batch 32;INFO;2020-04-11 15:30:48;    3.1 Uploaded Counter Iteration: 3900
Batch 32;INFO;2020-04-11 15:33:38;    3.1 Uploaded Counter Iteration: 3950
Batch 32;INFO;2020-04-11 15:35:39;    3.1 Uploaded Counter Iteration: 4000
Batch 32;INFO;2020-04-11 15:37:53;    3.1 Uploaded Counter Iteration: 4050
Batch 32;INFO;2020-04-11 15:40:29;    3.1 Uploaded Counter Iteration: 4100
Batch 32;INFO;2020-04-11 15:42:17;    3.1 Uploaded Counter Iteration: 4150
Batch 32;INFO;2020-04-11 15:45:17;    3.1 Uploaded Counter Iteration: 4200
Batch 32;INFO;2020-04-11 15:46:30;    3.1 Uploaded Counter Iteration: 4250
Batch 32;INFO;2020-04-11 15:49:58;    3.1 Uploaded Counter Iteration: 4300
Batch 32;INFO;2020-04-11 15:51:02;    3.1 Uploaded Counter Iteration: 4350
Batch 32;INFO;2020-04-11 15:54:23;    3.1 Uploaded Counter Iteration: 4400
Batch 32;INFO;2020-04-11 15:55:54;    3.1 Uploaded Counter Iteration: 4450
Batch 32;INFO;2020-04-11 15:58:45;    3.1 Uploaded Counter Iteration: 4500
Batch 32;INFO;2020-04-11 16:00:43;    3.1 Uploaded Counter Iteration: 4550
Batch 32;INFO;2020-04-11 16:03:17;    3.1 Uploaded Counter Iteration: 4600
Batch 32;INFO;2020-04-11 16:05:34;    3.1 Uploaded Counter Iteration: 4650
Batch 32;INFO;2020-04-11 16:07:41;    3.1 Uploaded Counter Iteration: 4700
Batch 32;INFO;2020-04-11 16:10:23;    3.1 Uploaded Counter Iteration: 4750
Batch 32;INFO;2020-04-11 16:11:49;    3.1 Uploaded Counter Iteration: 4800
Batch 32;INFO;2020-04-11 16:15:11;    3.1 Uploaded Counter Iteration: 4850
Batch 32;INFO;2020-04-11 16:16:13;    3.1 Uploaded Counter Iteration: 4900
Batch 32;INFO;2020-04-11 16:19:29;    3.1 Uploaded Counter Iteration: 4950
Batch 32;INFO;2020-04-11 16:20:53;    3.1 Uploaded Counter Iteration: 5000
Batch 32;INFO;2020-04-11 16:23:45;    3.1 Uploaded Counter Iteration: 5050
Batch 32;INFO;2020-04-11 16:25:42;    3.1 Uploaded Counter Iteration: 5100
Batch 32;INFO;2020-04-11 16:28:09;    3.1 Uploaded Counter Iteration: 5150
Batch 32;INFO;2020-04-11 16:30:31;    3.1 Uploaded Counter Iteration: 5200
Batch 32;INFO;2020-04-11 16:32:25;    3.1 Uploaded Counter Iteration: 5250
Batch 32;INFO;2020-04-11 16:35:19;    3.1 Uploaded Counter Iteration: 5300
Batch 32;INFO;2020-04-11 16:36:45;    3.1 Uploaded Counter Iteration: 5350
Batch 32;INFO;2020-04-11 16:40:09;    3.1 Uploaded Counter Iteration: 5400
Batch 32;INFO;2020-04-11 16:41:03;    3.1 Uploaded Counter Iteration: 5450
Batch 32;INFO;2020-04-11 16:44:39;    3.1 Uploaded Counter Iteration: 5500
Batch 32;INFO;2020-04-11 16:45:57;    3.1 Uploaded Counter Iteration: 5550
Batch 32;INFO;2020-04-11 16:48:57;    3.1 Uploaded Counter Iteration: 5600
Batch 32;INFO;2020-04-11 16:50:43;    3.1 Uploaded Counter Iteration: 5650
Batch 32;INFO;2020-04-11 16:53:08;    3.1 Uploaded Counter Iteration: 5700
Batch 32;INFO;2020-04-11 16:55:30;    3.1 Uploaded Counter Iteration: 5750
Batch 32;INFO;2020-04-11 16:57:31;    3.1 Uploaded Counter Iteration: 5800
Batch 32;INFO;2020-04-11 17:00:20;    3.1 Uploaded Counter Iteration: 5850
Batch 32;INFO;2020-04-11 17:01:49;    3.1 Uploaded Counter Iteration: 5900
Batch 32;INFO;2020-04-11 17:05:11;    3.1 Uploaded Counter Iteration: 5950
Batch 32;INFO;2020-04-11 17:06:06;    3.1 Uploaded Counter Iteration: 6000
Batch 32;INFO;2020-04-11 17:09:25;    3.1 Uploaded Counter Iteration: 6050
Batch 32;INFO;2020-04-11 17:10:53;    3.1 Uploaded Counter Iteration: 6100
Batch 32;INFO;2020-04-11 17:13:56;    3.1 Uploaded Counter Iteration: 6150
Batch 32;INFO;2020-04-11 17:15:45;    3.1 Uploaded Counter Iteration: 6200
Batch 32;INFO;2020-04-11 17:18:17;    3.1 Uploaded Counter Iteration: 6250
Batch 32;INFO;2020-04-11 17:20:33;    3.1 Uploaded Counter Iteration: 6300
Batch 32;INFO;2020-04-11 17:22:47;    3.1 Uploaded Counter Iteration: 6350
Batch 32;INFO;2020-04-11 17:25:26;    3.1 Uploaded Counter Iteration: 6400
Batch 32;INFO;2020-04-11 17:27:05;    3.1 Uploaded Counter Iteration: 6450
Batch 32;INFO;2020-04-11 17:30:15;    3.1 Uploaded Counter Iteration: 6500
Batch 32;INFO;2020-04-11 17:31:28;    3.1 Uploaded Counter Iteration: 6550
Batch 32;INFO;2020-04-11 17:34:52;    3.1 Uploaded Counter Iteration: 6600
Batch 32;INFO;2020-04-11 17:36:00;    3.1 Uploaded Counter Iteration: 6650
Batch 32;INFO;2020-04-11 17:39:27;    3.1 Uploaded Counter Iteration: 6700
Batch 32;INFO;2020-04-11 17:40:54;    3.1 Uploaded Counter Iteration: 6750
Batch 32;INFO;2020-04-11 17:44:01;    3.1 Uploaded Counter Iteration: 6800
Batch 32;INFO;2020-04-11 17:45:44;    3.1 Uploaded Counter Iteration: 6850
Batch 32;INFO;2020-04-11 17:48:21;    3.1 Uploaded Counter Iteration: 6900
Batch 32;INFO;2020-04-11 17:50:39;    3.1 Uploaded Counter Iteration: 6950
Batch 32;INFO;2020-04-11 17:52:55;    3.1 Uploaded Counter Iteration: 7000
Batch 32;INFO;2020-04-11 17:55:29;    3.1 Uploaded Counter Iteration: 7050
Batch 32;INFO;2020-04-11 17:57:21;    3.1 Uploaded Counter Iteration: 7100
Batch 32;INFO;2020-04-11 18:00:18;    3.1 Uploaded Counter Iteration: 7150
Batch 32;INFO;2020-04-11 18:01:46;    3.1 Uploaded Counter Iteration: 7200
Batch 32;INFO;2020-04-11 18:05:11;    3.1 Uploaded Counter Iteration: 7250
Batch 32;INFO;2020-04-11 18:06:24;    3.1 Uploaded Counter Iteration: 7300
Batch 32;INFO;2020-04-11 18:09:53;    3.1 Uploaded Counter Iteration: 7350
Batch 32;INFO;2020-04-11 18:11:00;    3.1 Uploaded Counter Iteration: 7400
Batch 32;INFO;2020-04-11 18:14:13;    3.1 Uploaded Counter Iteration: 7450
Batch 32;INFO;2020-04-11 18:15:51;    3.1 Uploaded Counter Iteration: 7500
Batch 32;INFO;2020-04-11 18:18:38;    3.1 Uploaded Counter Iteration: 7550
Batch 32;INFO;2020-04-11 18:20:39;    3.1 Uploaded Counter Iteration: 7600
Batch 32;INFO;2020-04-11 18:22:56;    3.1 Uploaded Counter Iteration: 7650
Batch 32;INFO;2020-04-11 18:25:27;    3.1 Uploaded Counter Iteration: 7700
Batch 32;INFO;2020-04-11 18:27:10;    3.1 Uploaded Counter Iteration: 7750
Batch 32;INFO;2020-04-11 18:30:16;    3.1 Uploaded Counter Iteration: 7800
Batch 32;INFO;2020-04-11 18:31:30;    3.1 Uploaded Counter Iteration: 7850
Batch 32;INFO;2020-04-11 18:35:00;    3.1 Uploaded Counter Iteration: 7900
Batch 32;INFO;2020-04-11 18:36:03;    3.1 Uploaded Counter Iteration: 7950
Batch 32;INFO;2020-04-11 18:39:16;    3.1 Uploaded Counter Iteration: 8000
Batch 32;INFO;2020-04-11 18:40:52;    3.1 Uploaded Counter Iteration: 8050
Batch 32;INFO;2020-04-11 18:43:45;    3.1 Uploaded Counter Iteration: 8100
Batch 32;INFO;2020-04-11 18:45:40;    3.1 Uploaded Counter Iteration: 8150
Batch 32;INFO;2020-04-11 18:48:01;    3.1 Uploaded Counter Iteration: 8200
Batch 32;INFO;2020-04-11 18:50:30;    3.1 Uploaded Counter Iteration: 8250
Batch 32;INFO;2020-04-11 18:52:23;    3.1 Uploaded Counter Iteration: 8300
Batch 32;INFO;2020-04-11 18:55:19;    3.1 Uploaded Counter Iteration: 8350
Batch 32;INFO;2020-04-11 18:56:45;    3.1 Uploaded Counter Iteration: 8400
Batch 32;INFO;2020-04-11 19:00:08;    3.1 Uploaded Counter Iteration: 8450
Batch 32;INFO;2020-04-11 19:01:14;    3.1 Uploaded Counter Iteration: 8500
Batch 32;INFO;2020-04-11 19:04:47;    3.1 Uploaded Counter Iteration: 8550
Batch 32;INFO;2020-04-11 19:06:01;    3.1 Uploaded Counter Iteration: 8600
Batch 32;INFO;2020-04-11 19:09:33;    3.1 Uploaded Counter Iteration: 8650
Batch 32;INFO;2020-04-11 19:10:53;    3.1 Uploaded Counter Iteration: 8700
Batch 32;INFO;2020-04-11 19:13:59;    3.1 Uploaded Counter Iteration: 8750
Batch 32;INFO;2020-04-11 19:15:48;    3.1 Uploaded Counter Iteration: 8800
Batch 32;INFO;2020-04-11 19:18:25;    3.1 Uploaded Counter Iteration: 8850
Batch 32;INFO;2020-04-11 19:20:36;    3.1 Uploaded Counter Iteration: 8900
Batch 32;INFO;2020-04-11 19:22:35;    3.1 Uploaded Counter Iteration: 8950
Batch 32;INFO;2020-04-11 19:25:20;    3.1 Uploaded Counter Iteration: 9000
Batch 32;INFO;2020-04-11 19:26:45;    3.1 Uploaded Counter Iteration: 9050
Batch 32;INFO;2020-04-11 19:30:09;    3.1 Uploaded Counter Iteration: 9100
Batch 32;INFO;2020-04-11 19:31:13;    3.1 Uploaded Counter Iteration: 9150
Batch 32;INFO;2020-04-11 19:34:38;    3.1 Uploaded Counter Iteration: 9200
Batch 32;INFO;2020-04-11 19:35:53;    3.1 Uploaded Counter Iteration: 9250
Batch 32;INFO;2020-04-11 19:38:53;    3.1 Uploaded Counter Iteration: 9300
Batch 32;INFO;2020-04-11 19:40:43;    3.1 Uploaded Counter Iteration: 9350
Batch 32;INFO;2020-04-11 19:43:12;    3.1 Uploaded Counter Iteration: 9400
Batch 32;INFO;2020-04-11 19:45:31;    3.1 Uploaded Counter Iteration: 9450
Batch 32;INFO;2020-04-11 19:47:29;    3.1 Uploaded Counter Iteration: 9500
Batch 32;INFO;2020-04-11 19:50:19;    3.1 Uploaded Counter Iteration: 9550
Batch 32;INFO;2020-04-11 19:51:48;    3.1 Uploaded Counter Iteration: 9600
Batch 32;INFO;2020-04-11 19:55:11;    3.1 Uploaded Counter Iteration: 9650
Batch 32;INFO;2020-04-11 19:56:13;    3.1 Uploaded Counter Iteration: 9700
Batch 32;INFO;2020-04-11 19:59:34;    3.1 Uploaded Counter Iteration: 9750
Batch 32;INFO;2020-04-11 20:00:57;    3.1 Uploaded Counter Iteration: 9800
Batch 32;INFO;2020-04-11 20:03:56;    3.1 Uploaded Counter Iteration: 9850
Batch 32;INFO;2020-04-11 20:05:46;    3.1 Uploaded Counter Iteration: 9900
Batch 32;INFO;2020-04-11 20:08:24;    3.1 Uploaded Counter Iteration: 9950
Batch 32;INFO;2020-04-11 20:10:34;    3.1 Uploaded Counter Iteration: 10000
Batch 32;INFO;2020-04-11 20:12:39;    3.1 Uploaded Counter Iteration: 10050
Batch 32;INFO;2020-04-11 20:15:24;    3.1 Uploaded Counter Iteration: 10100
Batch 32;INFO;2020-04-11 20:16:55;    3.1 Uploaded Counter Iteration: 10150
Batch 32;INFO;2020-04-11 20:20:10;    3.1 Uploaded Counter Iteration: 10200
Batch 32;INFO;2020-04-11 20:21:15;    3.1 Uploaded Counter Iteration: 10250
Batch 32;INFO;2020-04-11 20:24:44;    3.1 Uploaded Counter Iteration: 10300
Batch 32;INFO;2020-04-11 20:25:59;    3.1 Uploaded Counter Iteration: 10350
Batch 32;INFO;2020-04-11 20:29:02;    3.1 Uploaded Counter Iteration: 10400
Batch 32;INFO;2020-04-11 20:30:49;    3.1 Uploaded Counter Iteration: 10450
Batch 32;INFO;2020-04-11 20:33:32;    3.1 Uploaded Counter Iteration: 10500
Batch 32;INFO;2020-04-11 20:35:38;    3.1 Uploaded Counter Iteration: 10550
Batch 32;INFO;2020-04-11 20:37:47;    3.1 Uploaded Counter Iteration: 10600
Batch 32;INFO;2020-04-11 20:40:24;    3.1 Uploaded Counter Iteration: 10650
Batch 32;INFO;2020-04-11 20:41:59;    3.1 Uploaded Counter Iteration: 10700
Batch 32;INFO;2020-04-11 20:45:12;    3.1 Uploaded Counter Iteration: 10750
Batch 32;INFO;2020-04-11 20:46:08;    3.1 Uploaded Counter Iteration: 10800
Batch 32;INFO;2020-04-11 20:49:28;    3.1 Uploaded Counter Iteration: 10850
Batch 32;INFO;2020-04-11 20:50:55;    3.1 Uploaded Counter Iteration: 10900
Batch 32;INFO;2020-04-11 20:53:46;    3.1 Uploaded Counter Iteration: 10950
Batch 32;INFO;2020-04-11 20:55:42;    3.1 Uploaded Counter Iteration: 11000
Batch 32;INFO;2020-04-11 20:58:10;    3.1 Uploaded Counter Iteration: 11050
Batch 32;INFO;2020-04-11 21:00:32;    3.1 Uploaded Counter Iteration: 11100
Batch 32;INFO;2020-04-11 21:02:30;    3.1 Uploaded Counter Iteration: 11150
Batch 32;INFO;2020-04-11 21:05:20;    3.1 Uploaded Counter Iteration: 11200
Batch 32;INFO;2020-04-11 21:06:49;    3.1 Uploaded Counter Iteration: 11250
Batch 32;INFO;2020-04-11 21:10:08;    3.1 Uploaded Counter Iteration: 11300
Batch 32;INFO;2020-04-11 21:11:03;    3.1 Uploaded Counter Iteration: 11350
Batch 32;INFO;2020-04-11 21:14:32;    3.1 Uploaded Counter Iteration: 11400
Batch 32;INFO;2020-04-11 21:15:52;    3.1 Uploaded Counter Iteration: 11450
Batch 32;INFO;2020-04-11 21:18:42;    3.1 Uploaded Counter Iteration: 11500
Batch 32;INFO;2020-04-11 21:20:42;    3.1 Uploaded Counter Iteration: 11550
Batch 32;INFO;2020-04-11 21:23:09;    3.1 Uploaded Counter Iteration: 11600
Batch 32;INFO;2020-04-11 21:25:31;    3.1 Uploaded Counter Iteration: 11650
Batch 32;INFO;2020-04-11 21:27:36;    3.1 Uploaded Counter Iteration: 11700
Batch 32;INFO;2020-04-11 21:30:24;    3.1 Uploaded Counter Iteration: 11750
Batch 32;INFO;2020-04-11 21:31:59;    3.1 Uploaded Counter Iteration: 11800
Batch 32;INFO;2020-04-11 21:35:13;    3.1 Uploaded Counter Iteration: 11850
Batch 32;INFO;2020-04-11 21:36:24;    3.1 Uploaded Counter Iteration: 11900
Batch 32;INFO;2020-04-11 21:39:45;    3.1 Uploaded Counter Iteration: 11950
Batch 32;INFO;2020-04-11 21:40:58;    3.1 Uploaded Counter Iteration: 12000
Batch 32;INFO;2020-04-11 21:43:46;    3.1 Uploaded Counter Iteration: 12050
Batch 32;INFO;2020-04-11 21:45:41;    3.1 Uploaded Counter Iteration: 12100
Batch 32;INFO;2020-04-11 21:47:51;    3.1 Uploaded Counter Iteration: 12150
Batch 32;INFO;2020-04-11 21:50:25;    3.1 Uploaded Counter Iteration: 12200
Batch 32;INFO;2020-04-11 21:52:07;    3.1 Uploaded Counter Iteration: 12250
Batch 32;INFO;2020-04-11 21:55:15;    3.1 Uploaded Counter Iteration: 12300
Batch 32;INFO;2020-04-11 21:56:23;    3.1 Uploaded Counter Iteration: 12350
Batch 32;INFO;2020-04-11 21:59:47;    3.1 Uploaded Counter Iteration: 12400
Batch 32;INFO;2020-04-11 22:01:00;    3.1 Uploaded Counter Iteration: 12450
Batch 32;INFO;2020-04-11 22:04:12;    3.1 Uploaded Counter Iteration: 12500
Batch 32;INFO;2020-04-11 22:05:46;    3.1 Uploaded Counter Iteration: 12550
Batch 32;INFO;2020-04-11 22:08:15;    3.1 Uploaded Counter Iteration: 12600
Batch 32;INFO;2020-04-11 22:10:35;    3.1 Uploaded Counter Iteration: 12650
Batch 32;INFO;2020-04-11 22:12:46;    3.1 Uploaded Counter Iteration: 12700
Batch 32;INFO;2020-04-11 22:15:27;    3.1 Uploaded Counter Iteration: 12750
Batch 32;INFO;2020-04-11 22:17:01;    3.1 Uploaded Counter Iteration: 12800
Batch 32;INFO;2020-04-11 22:20:13;    3.1 Uploaded Counter Iteration: 12850
Batch 32;INFO;2020-04-11 22:21:15;    3.1 Uploaded Counter Iteration: 12900
Batch 32;INFO;2020-04-11 22:24:33;    3.1 Uploaded Counter Iteration: 12950
Batch 32;INFO;2020-04-11 22:25:55;    3.1 Uploaded Counter Iteration: 13000
Batch 32;INFO;2020-04-11 22:28:47;    3.1 Uploaded Counter Iteration: 13050
Batch 32;INFO;2020-04-11 22:30:45;    3.1 Uploaded Counter Iteration: 13100
Batch 32;INFO;2020-04-11 22:33:17;    3.1 Uploaded Counter Iteration: 13150
Batch 32;INFO;2020-04-11 22:35:34;    3.1 Uploaded Counter Iteration: 13200
Batch 32;INFO;2020-04-11 22:37:26;    3.1 Uploaded Counter Iteration: 13250
Batch 32;INFO;2020-04-11 22:40:20;    3.1 Uploaded Counter Iteration: 13300
Batch 32;INFO;2020-04-11 22:41:52;    3.1 Uploaded Counter Iteration: 13350
Batch 32;INFO;2020-04-11 22:41:53;    3.0 ERROR: Error in iteration : 13351
Batch 32;INFO;2020-04-11 22:41:54;    3.0 ERROR: Error in iteration : 13352
Batch 32;INFO;2020-04-11 22:45:09;    3.1 Uploaded Counter Iteration: 13400
Batch 32;INFO;2020-04-11 22:46:05;    3.1 Uploaded Counter Iteration: 13450
Batch 32;INFO;2020-04-11 22:49:24;    3.1 Uploaded Counter Iteration: 13500
Batch 32;INFO;2020-04-11 22:50:52;    3.1 Uploaded Counter Iteration: 13550
Batch 32;INFO;2020-04-11 22:53:42;    3.1 Uploaded Counter Iteration: 13600
Batch 32;INFO;2020-04-11 22:55:41;    3.1 Uploaded Counter Iteration: 13650
Batch 32;INFO;2020-04-11 22:57:59;    3.1 Uploaded Counter Iteration: 13700
Batch 32;INFO;2020-04-11 23:00:28;    3.1 Uploaded Counter Iteration: 13750
Batch 32;INFO;2020-04-11 23:02:06;    3.1 Uploaded Counter Iteration: 13800
Batch 32;INFO;2020-04-11 23:05:12;    3.1 Uploaded Counter Iteration: 13850
Batch 32;INFO;2020-04-11 23:06:12;    3.1 Uploaded Counter Iteration: 13900
Batch 32;INFO;2020-04-11 23:09:41;    3.1 Uploaded Counter Iteration: 13950
Batch 32;INFO;2020-04-11 23:10:54;    3.1 Uploaded Counter Iteration: 14000
Batch 32;INFO;2020-04-11 23:13:55;    3.1 Uploaded Counter Iteration: 14050
Batch 32;INFO;2020-04-11 23:15:44;    3.1 Uploaded Counter Iteration: 14100
Batch 32;INFO;2020-04-11 23:18:05;    3.1 Uploaded Counter Iteration: 14150
Batch 32;INFO;2020-04-11 23:20:32;    3.1 Uploaded Counter Iteration: 14200
Batch 32;INFO;2020-04-11 23:22:34;    3.1 Uploaded Counter Iteration: 14250
Batch 32;INFO;2020-04-11 23:25:21;    3.1 Uploaded Counter Iteration: 14300
Batch 32;INFO;2020-04-11 23:26:35;    3.1 Uploaded Counter Iteration: 14350
Batch 32;INFO;2020-04-11 23:29:57;    3.1 Uploaded Counter Iteration: 14400
Batch 32;INFO;2020-04-11 23:31:05;    3.1 Uploaded Counter Iteration: 14450
Batch 32;INFO;2020-04-11 23:34:14;    3.1 Uploaded Counter Iteration: 14500
Batch 32;INFO;2020-04-11 23:35:46;    3.1 Uploaded Counter Iteration: 14550
Batch 32;INFO;2020-04-11 23:38:36;    3.1 Uploaded Counter Iteration: 14600
Batch 32;INFO;2020-04-11 23:40:40;    3.1 Uploaded Counter Iteration: 14650
Batch 32;INFO;2020-04-11 23:42:57;    3.1 Uploaded Counter Iteration: 14700
Batch 32;INFO;2020-04-11 23:45:28;    3.1 Uploaded Counter Iteration: 14750
Batch 32;INFO;2020-04-11 23:47:19;    3.1 Uploaded Counter Iteration: 14800
Batch 32;INFO;2020-04-11 23:50:17;    3.1 Uploaded Counter Iteration: 14850
Batch 32;INFO;2020-04-11 23:51:37;    3.1 Uploaded Counter Iteration: 14900
Batch 32;INFO;2020-04-11 23:54:52;    3.1 Uploaded Counter Iteration: 14950
Batch 32;INFO;2020-04-11 23:56:02;    3.1 Uploaded Counter Iteration: 15000
Batch 32;INFO;2020-04-11 23:59:08;    3.1 Uploaded Counter Iteration: 15050
Batch 32;INFO;2020-04-12 00:00:48;    3.1 Uploaded Counter Iteration: 15100
Batch 32;INFO;2020-04-12 00:03:33;    3.1 Uploaded Counter Iteration: 15150
Batch 32;INFO;2020-04-12 00:05:38;    3.1 Uploaded Counter Iteration: 15200
Batch 32;INFO;2020-04-12 00:07:47;    3.1 Uploaded Counter Iteration: 15250
Batch 32;INFO;2020-04-12 00:10:13;3 Starting webscrapping... (Completed)
Batch 32;INFO;2020-04-12 00:10:13;5. Succesfully run batch: 32
