Module;Type;Date;Details;Time;Error Type;Error Details;Error Line
Batch 33;INFO;2020-04-12 00:10:15;1. Select all songs in nonmatch-query (S3)
Batch 33;INFO;2020-04-12 00:10:15;1. Select all songs in nonmatch-query (S3) (Completed)
Batch 33;INFO;2020-04-12 00:10:15;3 Starting webscrapping...
Batch 33;INFO;2020-04-12 00:10:23;    3.0 ERROR: Error in iteration : 6
Batch 33;INFO;2020-04-12 00:11:31;    3.1 Uploaded Counter Iteration: 50
Batch 33;INFO;2020-04-12 00:14:53;    3.1 Uploaded Counter Iteration: 100
Batch 33;INFO;2020-04-12 00:16:02;    3.1 Uploaded Counter Iteration: 150
Batch 33;INFO;2020-04-12 00:19:05;    3.1 Uploaded Counter Iteration: 200
Batch 33;INFO;2020-04-12 00:20:46;    3.1 Uploaded Counter Iteration: 250
Batch 33;INFO;2020-04-12 00:23:13;    3.1 Uploaded Counter Iteration: 300
Batch 33;INFO;2020-04-12 00:25:34;    3.1 Uploaded Counter Iteration: 350
Batch 33;INFO;2020-04-12 00:27:34;    3.1 Uploaded Counter Iteration: 400
Batch 33;INFO;2020-04-12 00:30:22;    3.1 Uploaded Counter Iteration: 450
Batch 33;INFO;2020-04-12 00:31:56;    3.1 Uploaded Counter Iteration: 500
Batch 33;INFO;2020-04-12 00:35:13;    3.1 Uploaded Counter Iteration: 550
Batch 33;INFO;2020-04-12 00:36:14;    3.1 Uploaded Counter Iteration: 600
Batch 33;INFO;2020-04-12 00:39:43;    3.1 Uploaded Counter Iteration: 650
Batch 33;INFO;2020-04-12 00:40:57;    3.1 Uploaded Counter Iteration: 700
Batch 33;INFO;2020-04-12 00:43:49;    3.1 Uploaded Counter Iteration: 750
Batch 33;INFO;2020-04-12 00:45:40;    3.1 Uploaded Counter Iteration: 800
Batch 33;INFO;2020-04-12 00:48:02;    3.1 Uploaded Counter Iteration: 850
Batch 33;INFO;2020-04-12 00:50:29;    3.1 Uploaded Counter Iteration: 900
Batch 33;INFO;2020-04-12 00:52:13;    3.1 Uploaded Counter Iteration: 950
Batch 33;INFO;2020-04-12 00:55:14;    3.1 Uploaded Counter Iteration: 1000
Batch 33;INFO;2020-04-12 00:56:15;    3.1 Uploaded Counter Iteration: 1050
Batch 33;INFO;2020-04-12 00:59:50;    3.1 Uploaded Counter Iteration: 1100
Batch 33;INFO;2020-04-12 01:00:58;    3.1 Uploaded Counter Iteration: 1150
Batch 33;INFO;2020-04-12 01:04:02;    3.1 Uploaded Counter Iteration: 1200
Batch 33;INFO;2020-04-12 01:05:45;    3.1 Uploaded Counter Iteration: 1250
Batch 33;INFO;2020-04-12 01:08:15;    3.1 Uploaded Counter Iteration: 1300
Batch 33;INFO;2020-04-12 01:10:34;    3.1 Uploaded Counter Iteration: 1350
Batch 33;INFO;2020-04-12 01:12:35;    3.1 Uploaded Counter Iteration: 1400
Batch 33;INFO;2020-04-12 01:15:25;    3.1 Uploaded Counter Iteration: 1450
Batch 33;INFO;2020-04-12 01:16:53;    3.1 Uploaded Counter Iteration: 1500
Batch 33;INFO;2020-04-12 01:20:10;    3.1 Uploaded Counter Iteration: 1550
Batch 33;INFO;2020-04-12 01:21:08;    3.1 Uploaded Counter Iteration: 1600
Batch 33;INFO;2020-04-12 01:24:29;    3.1 Uploaded Counter Iteration: 1650
Batch 33;INFO;2020-04-12 01:25:51;    3.1 Uploaded Counter Iteration: 1700
Batch 33;INFO;2020-04-12 01:28:33;    3.1 Uploaded Counter Iteration: 1750
Batch 33;INFO;2020-04-12 01:30:38;    3.1 Uploaded Counter Iteration: 1800
Batch 33;INFO;2020-04-12 01:32:46;    3.1 Uploaded Counter Iteration: 1850
Batch 33;INFO;2020-04-12 01:35:27;    3.1 Uploaded Counter Iteration: 1900
Batch 33;INFO;2020-04-12 01:36:57;    3.1 Uploaded Counter Iteration: 1950
Batch 33;INFO;2020-04-12 01:40:11;    3.1 Uploaded Counter Iteration: 2000
Batch 33;INFO;2020-04-12 01:41:06;    3.1 Uploaded Counter Iteration: 2050
Batch 33;INFO;2020-04-12 01:44:18;    3.1 Uploaded Counter Iteration: 2100
Batch 33;INFO;2020-04-12 01:45:51;    3.1 Uploaded Counter Iteration: 2150
Batch 33;INFO;2020-04-12 01:48:38;    3.1 Uploaded Counter Iteration: 2200
Batch 33;INFO;2020-04-12 01:50:42;    3.1 Uploaded Counter Iteration: 2250
Batch 33;INFO;2020-04-12 01:53:06;    3.1 Uploaded Counter Iteration: 2300
Batch 33;INFO;2020-04-12 01:55:31;    3.1 Uploaded Counter Iteration: 2350
Batch 33;INFO;2020-04-12 01:57:34;    3.1 Uploaded Counter Iteration: 2400
Batch 33;INFO;2020-04-12 02:00:21;    3.1 Uploaded Counter Iteration: 2450
Batch 33;INFO;2020-04-12 02:01:42;    3.1 Uploaded Counter Iteration: 2500
Batch 33;INFO;2020-04-12 02:05:01;    3.1 Uploaded Counter Iteration: 2550
Batch 33;INFO;2020-04-12 02:06:04;    3.1 Uploaded Counter Iteration: 2600
Batch 33;INFO;2020-04-12 02:09:18;    3.1 Uploaded Counter Iteration: 2650
Batch 33;INFO;2020-04-12 02:10:51;    3.1 Uploaded Counter Iteration: 2700
Batch 33;INFO;2020-04-12 02:13:31;    3.1 Uploaded Counter Iteration: 2750
Batch 33;INFO;2020-04-12 02:15:39;    3.1 Uploaded Counter Iteration: 2800
Batch 33;INFO;2020-04-12 02:17:52;    3.1 Uploaded Counter Iteration: 2850
Batch 33;INFO;2020-04-12 02:20:29;    3.1 Uploaded Counter Iteration: 2900
Batch 33;INFO;2020-04-12 02:22:10;    3.1 Uploaded Counter Iteration: 2950
Batch 33;INFO;2020-04-12 02:25:16;    3.1 Uploaded Counter Iteration: 3000
Batch 33;INFO;2020-04-12 02:26:27;    3.1 Uploaded Counter Iteration: 3050
Batch 33;INFO;2020-04-12 02:29:57;    3.1 Uploaded Counter Iteration: 3100
Batch 33;INFO;2020-04-12 02:31:02;    3.1 Uploaded Counter Iteration: 3150
Batch 33;INFO;2020-04-12 02:34:21;    3.1 Uploaded Counter Iteration: 3200
Batch 33;INFO;2020-04-12 02:35:53;    3.1 Uploaded Counter Iteration: 3250
Batch 33;INFO;2020-04-12 02:38:37;    3.1 Uploaded Counter Iteration: 3300
Batch 33;INFO;2020-04-12 02:40:39;    3.1 Uploaded Counter Iteration: 3350
Batch 33;INFO;2020-04-12 02:42:54;    3.1 Uploaded Counter Iteration: 3400
Batch 33;INFO;2020-04-12 02:45:28;    3.1 Uploaded Counter Iteration: 3450
Batch 33;INFO;2020-04-12 02:47:09;    3.1 Uploaded Counter Iteration: 3500
Batch 33;INFO;2020-04-12 02:50:16;    3.1 Uploaded Counter Iteration: 3550
Batch 33;INFO;2020-04-12 02:51:25;    3.1 Uploaded Counter Iteration: 3600
Batch 33;INFO;2020-04-12 02:55:01;    3.1 Uploaded Counter Iteration: 3650
Batch 33;INFO;2020-04-12 02:56:04;    3.1 Uploaded Counter Iteration: 3700
Batch 33;INFO;2020-04-12 02:59:18;    3.1 Uploaded Counter Iteration: 3750
Batch 33;INFO;2020-04-12 03:00:49;    3.1 Uploaded Counter Iteration: 3800
Batch 33;INFO;2020-04-12 03:03:37;    3.1 Uploaded Counter Iteration: 3850
Batch 33;INFO;2020-04-12 03:05:41;    3.1 Uploaded Counter Iteration: 3900
Batch 33;INFO;2020-04-12 03:08:08;    3.1 Uploaded Counter Iteration: 3950
Batch 33;INFO;2020-04-12 03:10:30;    3.1 Uploaded Counter Iteration: 4000
Batch 33;INFO;2020-04-12 03:12:30;    3.1 Uploaded Counter Iteration: 4050
Batch 33;INFO;2020-04-12 03:15:20;    3.1 Uploaded Counter Iteration: 4100
Batch 33;INFO;2020-04-12 03:16:38;    3.1 Uploaded Counter Iteration: 4150
Batch 33;INFO;2020-04-12 03:19:58;    3.1 Uploaded Counter Iteration: 4200
Batch 33;INFO;2020-04-12 03:21:01;    3.1 Uploaded Counter Iteration: 4250
Batch 33;INFO;2020-04-12 03:24:07;    3.1 Uploaded Counter Iteration: 4300
Batch 33;INFO;2020-04-12 03:25:47;    3.1 Uploaded Counter Iteration: 4350
Batch 33;INFO;2020-04-12 03:28:20;    3.1 Uploaded Counter Iteration: 4400
Batch 33;INFO;2020-04-12 03:30:36;    3.1 Uploaded Counter Iteration: 4450
Batch 33;INFO;2020-04-12 03:32:41;    3.1 Uploaded Counter Iteration: 4500
Batch 33;INFO;2020-04-12 03:35:26;    3.1 Uploaded Counter Iteration: 4550
Batch 33;INFO;2020-04-12 03:37:16;    3.1 Uploaded Counter Iteration: 4600
Batch 33;INFO;2020-04-12 03:40:16;    3.1 Uploaded Counter Iteration: 4650
Batch 33;INFO;2020-04-12 03:41:32;    3.1 Uploaded Counter Iteration: 4700
Batch 33;INFO;2020-04-12 03:45:04;    3.1 Uploaded Counter Iteration: 4750
Batch 33;INFO;2020-04-12 03:46:04;    3.1 Uploaded Counter Iteration: 4800
Batch 33;INFO;2020-04-12 03:49:16;    3.1 Uploaded Counter Iteration: 4850
Batch 33;INFO;2020-04-12 03:50:53;    3.1 Uploaded Counter Iteration: 4900
Batch 33;INFO;2020-04-12 03:53:37;    3.1 Uploaded Counter Iteration: 4950
Batch 33;INFO;2020-04-12 03:55:37;    3.1 Uploaded Counter Iteration: 5000
Batch 33;INFO;2020-04-12 03:57:38;    3.1 Uploaded Counter Iteration: 5050
Batch 33;INFO;2020-04-12 04:00:23;    3.1 Uploaded Counter Iteration: 5100
Batch 33;INFO;2020-04-12 04:01:49;    3.1 Uploaded Counter Iteration: 5150
Batch 33;INFO;2020-04-12 04:05:10;    3.1 Uploaded Counter Iteration: 5200
Batch 33;INFO;2020-04-12 04:06:06;    3.1 Uploaded Counter Iteration: 5250
Batch 33;INFO;2020-04-12 04:09:12;    3.1 Uploaded Counter Iteration: 5300
Batch 33;INFO;2020-04-12 04:10:48;    3.1 Uploaded Counter Iteration: 5350
Batch 33;INFO;2020-04-12 04:13:24;    3.1 Uploaded Counter Iteration: 5400
Batch 33;INFO;2020-04-12 04:15:36;    3.1 Uploaded Counter Iteration: 5450
Batch 33;INFO;2020-04-12 04:17:41;    3.1 Uploaded Counter Iteration: 5500
Batch 33;INFO;2020-04-12 04:20:21;    3.1 Uploaded Counter Iteration: 5550
Batch 33;INFO;2020-04-12 04:21:54;    3.1 Uploaded Counter Iteration: 5600
Batch 33;INFO;2020-04-12 04:25:08;    3.1 Uploaded Counter Iteration: 5650
Batch 33;INFO;2020-04-12 04:26:06;    3.1 Uploaded Counter Iteration: 5700
Batch 33;INFO;2020-04-12 04:29:34;    3.1 Uploaded Counter Iteration: 5750
Batch 33;INFO;2020-04-12 04:30:52;    3.1 Uploaded Counter Iteration: 5800
Batch 33;INFO;2020-04-12 04:33:55;    3.1 Uploaded Counter Iteration: 5850
Batch 33;INFO;2020-04-12 04:35:42;    3.1 Uploaded Counter Iteration: 5900
Batch 33;INFO;2020-04-12 04:38:11;    3.1 Uploaded Counter Iteration: 5950
Batch 33;INFO;2020-04-12 04:40:31;    3.1 Uploaded Counter Iteration: 6000
Batch 33;INFO;2020-04-12 04:42:32;    3.1 Uploaded Counter Iteration: 6050
Batch 33;INFO;2020-04-12 04:45:18;    3.1 Uploaded Counter Iteration: 6100
Batch 33;INFO;2020-04-12 04:46:49;    3.1 Uploaded Counter Iteration: 6150
Batch 33;INFO;2020-04-12 04:50:07;    3.1 Uploaded Counter Iteration: 6200
Batch 33;INFO;2020-04-12 04:51:15;    3.1 Uploaded Counter Iteration: 6250
Batch 33;INFO;2020-04-12 04:54:39;    3.1 Uploaded Counter Iteration: 6300
Batch 33;INFO;2020-04-12 04:55:51;    3.1 Uploaded Counter Iteration: 6350
Batch 33;INFO;2020-04-12 04:58:39;    3.1 Uploaded Counter Iteration: 6400
Batch 33;INFO;2020-04-12 05:00:38;    3.1 Uploaded Counter Iteration: 6450
Batch 33;INFO;2020-04-12 05:02:53;    3.1 Uploaded Counter Iteration: 6500
Batch 33;INFO;2020-04-12 05:05:22;    3.1 Uploaded Counter Iteration: 6550
Batch 33;INFO;2020-04-12 05:06:57;    3.1 Uploaded Counter Iteration: 6600
Batch 33;INFO;2020-04-12 05:10:10;    3.1 Uploaded Counter Iteration: 6650
Batch 33;INFO;2020-04-12 05:11:11;    3.1 Uploaded Counter Iteration: 6700
Batch 33;INFO;2020-04-12 05:14:30;    3.1 Uploaded Counter Iteration: 6750
Batch 33;INFO;2020-04-12 05:15:52;    3.1 Uploaded Counter Iteration: 6800
Batch 33;INFO;2020-04-12 05:18:48;    3.1 Uploaded Counter Iteration: 6850
Batch 33;INFO;2020-04-12 05:20:40;    3.1 Uploaded Counter Iteration: 6900
Batch 33;INFO;2020-04-12 05:23:00;    3.1 Uploaded Counter Iteration: 6950
Batch 33;INFO;2020-04-12 05:25:29;    3.1 Uploaded Counter Iteration: 7000
Batch 33;INFO;2020-04-12 05:27:14;    3.1 Uploaded Counter Iteration: 7050
Batch 33;INFO;2020-04-12 05:30:14;    3.1 Uploaded Counter Iteration: 7100
Batch 33;INFO;2020-04-12 05:31:35;    3.1 Uploaded Counter Iteration: 7150
Batch 33;INFO;2020-04-12 05:35:01;    3.1 Uploaded Counter Iteration: 7200
Batch 33;INFO;2020-04-12 05:36:17;    3.1 Uploaded Counter Iteration: 7250
Batch 33;INFO;2020-04-12 05:39:40;    3.1 Uploaded Counter Iteration: 7300
Batch 33;INFO;2020-04-12 05:40:55;    3.1 Uploaded Counter Iteration: 7350
Batch 33;INFO;2020-04-12 05:44:01;    3.1 Uploaded Counter Iteration: 7400
Batch 33;INFO;2020-04-12 05:45:41;    3.1 Uploaded Counter Iteration: 7450
Batch 33;INFO;2020-04-12 05:48:12;    3.1 Uploaded Counter Iteration: 7500
Batch 33;INFO;2020-04-12 05:50:29;    3.1 Uploaded Counter Iteration: 7550
Batch 33;INFO;2020-04-12 05:52:23;    3.1 Uploaded Counter Iteration: 7600
Batch 33;INFO;2020-04-12 05:55:18;    3.1 Uploaded Counter Iteration: 7650
Batch 33;INFO;2020-04-12 05:56:44;    3.1 Uploaded Counter Iteration: 7700
Batch 33;INFO;2020-04-12 06:00:07;    3.1 Uploaded Counter Iteration: 7750
Batch 33;INFO;2020-04-12 06:01:04;    3.1 Uploaded Counter Iteration: 7800
Batch 33;INFO;2020-04-12 06:04:46;    3.1 Uploaded Counter Iteration: 7850
Batch 33;INFO;2020-04-12 06:05:58;    3.1 Uploaded Counter Iteration: 7900
Batch 33;INFO;2020-04-12 06:09:17;    3.1 Uploaded Counter Iteration: 7950
Batch 33;INFO;2020-04-12 06:10:48;    3.1 Uploaded Counter Iteration: 8000
Batch 33;INFO;2020-04-12 06:13:34;    3.1 Uploaded Counter Iteration: 8050
Batch 33;INFO;2020-04-12 06:15:35;    3.1 Uploaded Counter Iteration: 8100
Batch 33;INFO;2020-04-12 06:17:50;    3.1 Uploaded Counter Iteration: 8150
Batch 33;INFO;2020-04-12 06:20:24;    3.1 Uploaded Counter Iteration: 8200
Batch 33;INFO;2020-04-12 06:22:05;    3.1 Uploaded Counter Iteration: 8250
Batch 33;INFO;2020-04-12 06:25:13;    3.1 Uploaded Counter Iteration: 8300
Batch 33;INFO;2020-04-12 06:26:25;    3.1 Uploaded Counter Iteration: 8350
Batch 33;INFO;2020-04-12 06:29:58;    3.1 Uploaded Counter Iteration: 8400
Batch 33;INFO;2020-04-12 06:30:59;    3.1 Uploaded Counter Iteration: 8450
Batch 33;INFO;2020-04-12 06:34:09;    3.1 Uploaded Counter Iteration: 8500
Batch 33;INFO;2020-04-12 06:35:43;    3.1 Uploaded Counter Iteration: 8550
Batch 33;INFO;2020-04-12 06:38:28;    3.1 Uploaded Counter Iteration: 8600
Batch 33;INFO;2020-04-12 06:40:32;    3.1 Uploaded Counter Iteration: 8650
Batch 33;INFO;2020-04-12 06:42:50;    3.1 Uploaded Counter Iteration: 8700
Batch 33;INFO;2020-04-12 06:45:23;    3.1 Uploaded Counter Iteration: 8750
Batch 33;INFO;2020-04-12 06:47:06;    3.1 Uploaded Counter Iteration: 8800
Batch 33;INFO;2020-04-12 06:50:09;    3.1 Uploaded Counter Iteration: 8850
Batch 33;INFO;2020-04-12 06:51:13;    3.1 Uploaded Counter Iteration: 8900
Batch 33;INFO;2020-04-12 06:54:43;    3.1 Uploaded Counter Iteration: 8950
Batch 33;INFO;2020-04-12 06:55:52;    3.1 Uploaded Counter Iteration: 9000
Batch 33;INFO;2020-04-12 06:58:56;    3.1 Uploaded Counter Iteration: 9050
Batch 33;INFO;2020-04-12 07:00:43;    3.1 Uploaded Counter Iteration: 9100
Batch 33;INFO;2020-04-12 07:03:16;    3.1 Uploaded Counter Iteration: 9150
Batch 33;INFO;2020-04-12 07:05:32;    3.1 Uploaded Counter Iteration: 9200
Batch 33;INFO;2020-04-12 07:07:39;    3.1 Uploaded Counter Iteration: 9250
Batch 33;INFO;2020-04-12 07:10:22;    3.1 Uploaded Counter Iteration: 9300
Batch 33;INFO;2020-04-12 07:11:52;    3.1 Uploaded Counter Iteration: 9350
Batch 33;INFO;2020-04-12 07:15:10;    3.1 Uploaded Counter Iteration: 9400
Batch 33;INFO;2020-04-12 07:16:07;    3.1 Uploaded Counter Iteration: 9450
Batch 33;INFO;2020-04-12 07:19:32;    3.1 Uploaded Counter Iteration: 9500
Batch 33;INFO;2020-04-12 07:20:52;    3.1 Uploaded Counter Iteration: 9550
Batch 33;INFO;2020-04-12 07:23:47;    3.1 Uploaded Counter Iteration: 9600
Batch 33;INFO;2020-04-12 07:25:39;    3.1 Uploaded Counter Iteration: 9650
Batch 33;INFO;2020-04-12 07:28:07;    3.1 Uploaded Counter Iteration: 9700
Batch 33;INFO;2020-04-12 07:30:30;    3.1 Uploaded Counter Iteration: 9750
Batch 33;INFO;2020-04-12 07:32:31;    3.1 Uploaded Counter Iteration: 9800
Batch 33;INFO;2020-04-12 07:35:20;    3.1 Uploaded Counter Iteration: 9850
Batch 33;INFO;2020-04-12 07:36:55;    3.1 Uploaded Counter Iteration: 9900
Batch 33;INFO;2020-04-12 07:40:10;    3.1 Uploaded Counter Iteration: 9950
Batch 33;INFO;2020-04-12 07:41:24;    3.1 Uploaded Counter Iteration: 10000
Batch 33;INFO;2020-04-12 07:44:59;    3.1 Uploaded Counter Iteration: 10050
Batch 33;INFO;2020-04-12 07:46:03;    3.1 Uploaded Counter Iteration: 10100
Batch 33;INFO;2020-04-12 07:49:39;    3.1 Uploaded Counter Iteration: 10150
Batch 33;INFO;2020-04-12 07:50:59;    3.1 Uploaded Counter Iteration: 10200
Batch 33;INFO;2020-04-12 07:54:18;    3.1 Uploaded Counter Iteration: 10250
Batch 33;INFO;2020-04-12 07:55:48;    3.1 Uploaded Counter Iteration: 10300
Batch 33;INFO;2020-04-12 07:58:38;    3.1 Uploaded Counter Iteration: 10350
Batch 33;INFO;2020-04-12 08:00:34;    3.1 Uploaded Counter Iteration: 10400
Batch 33;INFO;2020-04-12 08:02:41;    3.1 Uploaded Counter Iteration: 10450
Batch 33;INFO;2020-04-12 08:05:20;    3.1 Uploaded Counter Iteration: 10500
Batch 33;INFO;2020-04-12 08:06:56;    3.1 Uploaded Counter Iteration: 10550
Batch 33;INFO;2020-04-12 08:10:11;    3.1 Uploaded Counter Iteration: 10600
Batch 33;INFO;2020-04-12 08:11:18;    3.1 Uploaded Counter Iteration: 10650
Batch 33;INFO;2020-04-12 08:14:46;    3.1 Uploaded Counter Iteration: 10700
Batch 33;INFO;2020-04-12 08:15:57;    3.1 Uploaded Counter Iteration: 10750
Batch 33;INFO;2020-04-12 08:19:10;    3.1 Uploaded Counter Iteration: 10800
Batch 33;INFO;2020-04-12 08:20:43;    3.1 Uploaded Counter Iteration: 10850
Batch 33;INFO;2020-04-12 08:23:20;    3.1 Uploaded Counter Iteration: 10900
Batch 33;INFO;2020-04-12 08:25:32;    3.1 Uploaded Counter Iteration: 10950
Batch 33;INFO;2020-04-12 08:27:39;    3.1 Uploaded Counter Iteration: 11000
Batch 33;INFO;2020-04-12 08:30:23;    3.1 Uploaded Counter Iteration: 11050
Batch 33;INFO;2020-04-12 08:32:07;    3.1 Uploaded Counter Iteration: 11100
Batch 33;INFO;2020-04-12 08:35:13;    3.1 Uploaded Counter Iteration: 11150
Batch 33;INFO;2020-04-12 08:36:28;    3.1 Uploaded Counter Iteration: 11200
Batch 33;INFO;2020-04-12 08:39:50;    3.1 Uploaded Counter Iteration: 11250
Batch 33;INFO;2020-04-12 08:40:56;    3.1 Uploaded Counter Iteration: 11300
Batch 33;INFO;2020-04-12 08:44:09;    3.1 Uploaded Counter Iteration: 11350
Batch 33;INFO;2020-04-12 08:45:48;    3.1 Uploaded Counter Iteration: 11400
Batch 33;INFO;2020-04-12 08:48:33;    3.1 Uploaded Counter Iteration: 11450
Batch 33;INFO;2020-04-12 08:50:33;    3.1 Uploaded Counter Iteration: 11500
Batch 33;INFO;2020-04-12 08:52:44;    3.1 Uploaded Counter Iteration: 11550
Batch 33;INFO;2020-04-12 08:55:24;    3.1 Uploaded Counter Iteration: 11600
Batch 33;INFO;2020-04-12 08:57:14;    3.1 Uploaded Counter Iteration: 11650
Batch 33;INFO;2020-04-12 09:00:17;    3.1 Uploaded Counter Iteration: 11700
Batch 33;INFO;2020-04-12 09:02:07;    3.1 Uploaded Counter Iteration: 11750
Batch 33;INFO;2020-04-12 09:05:13;    3.1 Uploaded Counter Iteration: 11800
Batch 33;INFO;2020-04-12 09:06:21;    3.1 Uploaded Counter Iteration: 11850
Batch 33;INFO;2020-04-12 09:09:44;    3.1 Uploaded Counter Iteration: 11900
Batch 33;INFO;2020-04-12 09:10:56;    3.1 Uploaded Counter Iteration: 11950
Batch 33;INFO;2020-04-12 09:14:00;    3.1 Uploaded Counter Iteration: 12000
Batch 33;INFO;2020-04-12 09:15:44;    3.1 Uploaded Counter Iteration: 12050
Batch 33;INFO;2020-04-12 09:18:12;    3.1 Uploaded Counter Iteration: 12100
Batch 33;INFO;2020-04-12 09:20:30;    3.1 Uploaded Counter Iteration: 12150
Batch 33;INFO;2020-04-12 09:22:37;    3.1 Uploaded Counter Iteration: 12200
Batch 33;INFO;2020-04-12 09:25:20;    3.1 Uploaded Counter Iteration: 12250
Batch 33;INFO;2020-04-12 09:26:59;    3.1 Uploaded Counter Iteration: 12300
Batch 33;INFO;2020-04-12 09:30:10;    3.1 Uploaded Counter Iteration: 12350
Batch 33;INFO;2020-04-12 09:31:24;    3.1 Uploaded Counter Iteration: 12400
Batch 33;INFO;2020-04-12 09:34:49;    3.1 Uploaded Counter Iteration: 12450
Batch 33;INFO;2020-04-12 09:35:59;    3.1 Uploaded Counter Iteration: 12500
Batch 33;INFO;2020-04-12 09:39:18;    3.1 Uploaded Counter Iteration: 12550
Batch 33;INFO;2020-04-12 09:40:48;    3.1 Uploaded Counter Iteration: 12600
Batch 33;INFO;2020-04-12 09:43:28;    3.1 Uploaded Counter Iteration: 12650
Batch 33;INFO;2020-04-12 09:45:35;    3.1 Uploaded Counter Iteration: 12700
Batch 33;INFO;2020-04-12 09:47:52;    3.1 Uploaded Counter Iteration: 12750
Batch 33;INFO;2020-04-12 09:50:24;    3.1 Uploaded Counter Iteration: 12800
Batch 33;INFO;2020-04-12 09:52:18;    3.1 Uploaded Counter Iteration: 12850
Batch 33;INFO;2020-04-12 09:55:17;    3.1 Uploaded Counter Iteration: 12900
Batch 33;INFO;2020-04-12 09:56:52;    3.1 Uploaded Counter Iteration: 12950
Batch 33;INFO;2020-04-12 10:00:11;    3.1 Uploaded Counter Iteration: 13000
Batch 33;INFO;2020-04-12 10:01:25;    3.1 Uploaded Counter Iteration: 13050
Batch 33;INFO;2020-04-12 10:05:01;    3.1 Uploaded Counter Iteration: 13100
Batch 33;INFO;2020-04-12 10:05:59;    3.1 Uploaded Counter Iteration: 13150
Batch 33;INFO;2020-04-12 10:09:25;    3.1 Uploaded Counter Iteration: 13200
Batch 33;INFO;2020-04-12 10:10:52;    3.1 Uploaded Counter Iteration: 13250
Batch 33;INFO;2020-04-12 10:13:56;    3.1 Uploaded Counter Iteration: 13300
Batch 33;INFO;2020-04-12 10:15:41;    3.1 Uploaded Counter Iteration: 13350
Batch 33;INFO;2020-04-12 10:18:14;    3.1 Uploaded Counter Iteration: 13400
Batch 33;INFO;2020-04-12 10:20:31;    3.1 Uploaded Counter Iteration: 13450
Batch 33;INFO;2020-04-12 10:22:27;    3.1 Uploaded Counter Iteration: 13500
Batch 33;INFO;2020-04-12 10:25:19;    3.1 Uploaded Counter Iteration: 13550
Batch 33;INFO;2020-04-12 10:26:53;    3.1 Uploaded Counter Iteration: 13600
Batch 33;INFO;2020-04-12 10:30:10;    3.1 Uploaded Counter Iteration: 13650
Batch 33;INFO;2020-04-12 10:31:10;    3.1 Uploaded Counter Iteration: 13700
Batch 33;INFO;2020-04-12 10:34:41;    3.1 Uploaded Counter Iteration: 13750
Batch 33;INFO;2020-04-12 10:35:54;    3.1 Uploaded Counter Iteration: 13800
Batch 33;INFO;2020-04-12 10:39:10;    3.1 Uploaded Counter Iteration: 13850
Batch 33;INFO;2020-04-12 10:40:47;    3.1 Uploaded Counter Iteration: 13900
Batch 33;INFO;2020-04-12 10:43:38;    3.1 Uploaded Counter Iteration: 13950
Batch 33;INFO;2020-04-12 10:45:38;    3.1 Uploaded Counter Iteration: 14000
Batch 33;INFO;2020-04-12 10:48:02;    3.1 Uploaded Counter Iteration: 14050
Batch 33;INFO;2020-04-12 10:50:29;    3.1 Uploaded Counter Iteration: 14100
Batch 33;INFO;2020-04-12 10:52:20;    3.1 Uploaded Counter Iteration: 14150
Batch 33;INFO;2020-04-12 10:55:15;    3.1 Uploaded Counter Iteration: 14200
Batch 33;INFO;2020-04-12 10:56:38;    3.1 Uploaded Counter Iteration: 14250
Batch 33;INFO;2020-04-12 11:00:00;    3.1 Uploaded Counter Iteration: 14300
Batch 33;INFO;2020-04-12 11:00:57;    3.1 Uploaded Counter Iteration: 14350
Batch 33;INFO;2020-04-12 11:04:09;    3.1 Uploaded Counter Iteration: 14400
Batch 33;INFO;2020-04-12 11:05:50;    3.1 Uploaded Counter Iteration: 14450
Batch 33;INFO;2020-04-12 11:08:48;    3.1 Uploaded Counter Iteration: 14500
Batch 33;INFO;2020-04-12 11:10:40;    3.1 Uploaded Counter Iteration: 14550
Batch 33;INFO;2020-04-12 11:13:12;    3.1 Uploaded Counter Iteration: 14600
Batch 33;INFO;2020-04-12 11:15:32;    3.1 Uploaded Counter Iteration: 14650
Batch 33;INFO;2020-04-12 11:17:39;    3.1 Uploaded Counter Iteration: 14700
Batch 33;INFO;2020-04-12 11:20:22;    3.1 Uploaded Counter Iteration: 14750
Batch 33;INFO;2020-04-12 11:21:50;    3.1 Uploaded Counter Iteration: 14800
Batch 33;INFO;2020-04-12 11:25:07;    3.1 Uploaded Counter Iteration: 14850
Batch 33;INFO;2020-04-12 11:26:05;    3.1 Uploaded Counter Iteration: 14900
Batch 33;INFO;2020-04-12 11:29:33;    3.1 Uploaded Counter Iteration: 14950
Batch 33;INFO;2020-04-12 11:30:56;    3.1 Uploaded Counter Iteration: 15000
Batch 33;INFO;2020-04-12 11:34:06;    3.1 Uploaded Counter Iteration: 15050
Batch 33;INFO;2020-04-12 11:35:47;    3.1 Uploaded Counter Iteration: 15100
Batch 33;INFO;2020-04-12 11:38:23;    3.1 Uploaded Counter Iteration: 15150
Batch 33;INFO;2020-04-12 11:40:35;    3.1 Uploaded Counter Iteration: 15200
Batch 33;INFO;2020-04-12 11:42:50;    3.1 Uploaded Counter Iteration: 15250
Batch 33;INFO;2020-04-12 11:45:23;    3.1 Uploaded Counter Iteration: 15300
Batch 33;INFO;2020-04-12 11:47:05;    3.1 Uploaded Counter Iteration: 15350
Batch 33;INFO;2020-04-12 11:50:12;    3.1 Uploaded Counter Iteration: 15400
Batch 33;INFO;2020-04-12 11:51:45;    3.1 Uploaded Counter Iteration: 15450
Batch 33;INFO;2020-04-12 11:55:02;    3.1 Uploaded Counter Iteration: 15500
Batch 33;INFO;2020-04-12 11:56:00;    3.1 Uploaded Counter Iteration: 15550
Batch 33;INFO;2020-04-12 11:59:17;    3.1 Uploaded Counter Iteration: 15600
Batch 33;INFO;2020-04-12 12:00:48;    3.1 Uploaded Counter Iteration: 15650
Batch 33;INFO;2020-04-12 12:03:41;    3.1 Uploaded Counter Iteration: 15700
Batch 33;INFO;2020-04-12 12:05:37;    3.1 Uploaded Counter Iteration: 15750
Batch 33;INFO;2020-04-12 12:08:07;    3.1 Uploaded Counter Iteration: 15800
Batch 33;INFO;2020-04-12 12:10:28;    3.1 Uploaded Counter Iteration: 15850
Batch 33;INFO;2020-04-12 12:12:20;    3.1 Uploaded Counter Iteration: 15900
Batch 33;INFO;2020-04-12 12:15:16;    3.1 Uploaded Counter Iteration: 15950
Batch 33;INFO;2020-04-12 12:16:39;    3.1 Uploaded Counter Iteration: 16000
Batch 33;INFO;2020-04-12 12:19:59;    3.1 Uploaded Counter Iteration: 16050
Batch 33;INFO;2020-04-12 12:21:00;    3.1 Uploaded Counter Iteration: 16100
Batch 33;INFO;2020-04-12 12:24:10;    3.1 Uploaded Counter Iteration: 16150
Batch 33;INFO;2020-04-12 12:25:50;    3.1 Uploaded Counter Iteration: 16200
Batch 33;INFO;2020-04-12 12:28:42;    3.1 Uploaded Counter Iteration: 16250
Batch 33;INFO;2020-04-12 12:30:39;    3.1 Uploaded Counter Iteration: 16300
Batch 33;INFO;2020-04-12 12:33:05;    3.1 Uploaded Counter Iteration: 16350
Batch 33;INFO;2020-04-12 12:35:27;    3.1 Uploaded Counter Iteration: 16400
Batch 33;INFO;2020-04-12 12:37:21;    3.1 Uploaded Counter Iteration: 16450
Batch 33;INFO;2020-04-12 12:40:16;    3.1 Uploaded Counter Iteration: 16500
Batch 33;INFO;2020-04-12 12:41:30;    3.1 Uploaded Counter Iteration: 16550
Batch 33;INFO;2020-04-12 12:44:55;    3.1 Uploaded Counter Iteration: 16600
Batch 33;INFO;2020-04-12 12:46:00;    3.1 Uploaded Counter Iteration: 16650
Batch 33;INFO;2020-04-12 12:49:23;    3.1 Uploaded Counter Iteration: 16700
Batch 33;INFO;2020-04-12 12:50:51;    3.1 Uploaded Counter Iteration: 16750
Batch 33;INFO;2020-04-12 12:53:37;    3.1 Uploaded Counter Iteration: 16800
Batch 33;INFO;2020-04-12 12:55:36;    3.1 Uploaded Counter Iteration: 16850
Batch 33;INFO;2020-04-12 12:57:50;    3.1 Uploaded Counter Iteration: 16900
Batch 33;INFO;2020-04-12 13:00:23;    3.1 Uploaded Counter Iteration: 16950
Batch 33;INFO;2020-04-12 13:02:01;    3.1 Uploaded Counter Iteration: 17000
Batch 33;INFO;2020-04-12 13:05:15;    3.1 Uploaded Counter Iteration: 17050
Batch 33;INFO;2020-04-12 13:06:37;    3.1 Uploaded Counter Iteration: 17100
Batch 33;INFO;2020-04-12 13:10:00;    3.1 Uploaded Counter Iteration: 17150
Batch 33;INFO;2020-04-12 13:11:02;    3.1 Uploaded Counter Iteration: 17200
Batch 33;INFO;2020-04-12 13:14:16;    3.1 Uploaded Counter Iteration: 17250
Batch 33;INFO;2020-04-12 13:15:47;    3.1 Uploaded Counter Iteration: 17300
Batch 33;INFO;2020-04-12 13:18:28;    3.1 Uploaded Counter Iteration: 17350
Batch 33;INFO;2020-04-12 13:20:35;    3.1 Uploaded Counter Iteration: 17400
Batch 33;INFO;2020-04-12 13:22:41;    3.1 Uploaded Counter Iteration: 17450
Batch 33;INFO;2020-04-12 13:25:25;    3.1 Uploaded Counter Iteration: 17500
Batch 33;INFO;2020-04-12 13:27:11;    3.1 Uploaded Counter Iteration: 17550
Batch 33;INFO;2020-04-12 13:30:15;    3.1 Uploaded Counter Iteration: 17600
Batch 33;INFO;2020-04-12 13:31:46;    3.1 Uploaded Counter Iteration: 17650
Batch 33;INFO;2020-04-12 13:34:56;3 Starting webscrapping... (Completed)
Batch 33;INFO;2020-04-12 13:34:56;5. Succesfully run batch: 33
