Module;Type;Date;Details;Time;Error Type;Error Details;Error Line
Batch 34;INFO;2020-04-12 13:35:02;1. Select all songs in nonmatch-query (S3)
Batch 34;INFO;2020-04-12 13:35:02;1. Select all songs in nonmatch-query (S3) (Completed)
Batch 34;INFO;2020-04-12 13:35:02;3 Starting webscrapping...
Batch 34;INFO;2020-04-12 13:36:06;    3.1 Uploaded Counter Iteration: 50
Batch 34;INFO;2020-04-12 13:39:37;    3.1 Uploaded Counter Iteration: 100
Batch 34;INFO;2020-04-12 13:40:53;    3.1 Uploaded Counter Iteration: 150
Batch 34;INFO;2020-04-12 13:43:53;    3.1 Uploaded Counter Iteration: 200
Batch 34;INFO;2020-04-12 13:45:42;    3.1 Uploaded Counter Iteration: 250
Batch 34;INFO;2020-04-12 13:48:16;    3.1 Uploaded Counter Iteration: 300
Batch 34;INFO;2020-04-12 13:50:34;    3.1 Uploaded Counter Iteration: 350
Batch 34;INFO;2020-04-12 13:52:45;    3.1 Uploaded Counter Iteration: 400
Batch 34;INFO;2020-04-12 13:55:23;    3.1 Uploaded Counter Iteration: 450
Batch 34;INFO;2020-04-12 13:57:10;    3.1 Uploaded Counter Iteration: 500
Batch 34;INFO;2020-04-12 14:00:13;    3.1 Uploaded Counter Iteration: 550
Batch 34;INFO;2020-04-12 14:01:17;    3.1 Uploaded Counter Iteration: 600
Batch 34;INFO;2020-04-12 14:04:43;    3.1 Uploaded Counter Iteration: 650
Batch 34;INFO;2020-04-12 14:05:58;    3.1 Uploaded Counter Iteration: 700
Batch 34;INFO;2020-04-12 14:09:12;    3.1 Uploaded Counter Iteration: 750
Batch 34;INFO;2020-04-12 14:10:46;    3.1 Uploaded Counter Iteration: 800
Batch 34;INFO;2020-04-12 14:13:19;    3.1 Uploaded Counter Iteration: 850
Batch 34;INFO;2020-04-12 14:15:33;    3.1 Uploaded Counter Iteration: 900
Batch 34;INFO;2020-04-12 14:17:36;    3.1 Uploaded Counter Iteration: 950
Batch 34;INFO;2020-04-12 14:20:20;    3.1 Uploaded Counter Iteration: 1000
Batch 34;INFO;2020-04-12 14:21:59;    3.1 Uploaded Counter Iteration: 1050
Batch 34;INFO;2020-04-12 14:25:14;    3.1 Uploaded Counter Iteration: 1100
Batch 34;INFO;2020-04-12 14:26:35;    3.1 Uploaded Counter Iteration: 1150
