Module;Type;Date;Details;Time;Error Type;Error Details;Error Line
Batch 0;INFO;2020-03-24 18:34:46;1 Connect to database...
Batch 0;INFO;2020-03-24 18:34:46;2 Select all songs in the nonmatch...
Batch 0;INFO;2020-03-24 18:34:46;2 Select all songs in the nonmatch...(Completed)
Batch 0;INFO;2020-03-24 18:34:46;3 Starting webscrapping...
Batch 0;INFO;2020-03-24 18:39:02;1 Connect to database...
Batch 0;INFO;2020-03-24 18:39:02;2 Select all songs in the nonmatch...
Batch 0;INFO;2020-03-24 18:39:02;2 Select all songs in the nonmatch...(Completed)
Batch 0;INFO;2020-03-24 18:39:02;3 Starting webscrapping...
Batch 0;INFO;2020-03-24 18:40:46;    3.1 Uploaded Counter Iteration: 100
Batch 0;INFO;2020-03-24 18:42:26;    3.1 Uploaded Counter Iteration: 200
Batch 0;INFO;2020-03-24 18:43:59;    3.1 Uploaded Counter Iteration: 300
Batch 0;INFO;2020-03-24 18:45:38;    3.1 Uploaded Counter Iteration: 400
Batch 0;INFO;2020-03-24 18:47:12;    3.1 Uploaded Counter Iteration: 500
Batch 0;INFO;2020-03-24 18:48:44;    3.1 Uploaded Counter Iteration: 600
Batch 0;INFO;2020-03-24 18:50:12;    3.1 Uploaded Counter Iteration: 700
Batch 0;INFO;2020-03-24 18:51:40;    3.1 Uploaded Counter Iteration: 800
Batch 0;INFO;2020-03-24 18:53:12;    3.1 Uploaded Counter Iteration: 900
Batch 0;INFO;2020-03-24 18:54:43;    3.1 Uploaded Counter Iteration: 1000
Batch 0;INFO;2020-03-24 18:56:14;    3.1 Uploaded Counter Iteration: 1100
Batch 0;INFO;2020-03-24 18:57:52;    3.1 Uploaded Counter Iteration: 1200
Batch 0;INFO;2020-03-24 18:59:30;    3.1 Uploaded Counter Iteration: 1300
Batch 0;INFO;2020-03-24 19:01:15;    3.1 Uploaded Counter Iteration: 1400
Batch 0;INFO;2020-03-24 19:02:46;    3.1 Uploaded Counter Iteration: 1500
Batch 0;INFO;2020-03-24 19:04:20;    3.1 Uploaded Counter Iteration: 1600
Batch 0;INFO;2020-03-24 19:05:49;    3.1 Uploaded Counter Iteration: 1700
Batch 0;INFO;2020-03-24 19:07:21;    3.1 Uploaded Counter Iteration: 1800
Batch 0;INFO;2020-03-24 19:08:52;    3.1 Uploaded Counter Iteration: 1900
Batch 0;INFO;2020-03-24 19:10:24;    3.1 Uploaded Counter Iteration: 2000
Batch 0;INFO;2020-03-24 19:11:55;    3.1 Uploaded Counter Iteration: 2100
Batch 0;INFO;2020-03-24 19:13:26;    3.1 Uploaded Counter Iteration: 2200
Batch 0;INFO;2020-03-24 19:14:54;    3.1 Uploaded Counter Iteration: 2300
Batch 0;INFO;2020-03-24 19:16:30;    3.1 Uploaded Counter Iteration: 2400
Batch 0;INFO;2020-03-24 19:17:56;    3.1 Uploaded Counter Iteration: 2500
Batch 0;INFO;2020-03-24 19:19:28;    3.1 Uploaded Counter Iteration: 2600
Batch 0;INFO;2020-03-24 19:21:01;    3.1 Uploaded Counter Iteration: 2700
Batch 0;INFO;2020-03-24 19:22:30;    3.1 Uploaded Counter Iteration: 2800
Batch 0;INFO;2020-03-24 19:24:02;    3.1 Uploaded Counter Iteration: 2900
Batch 0;INFO;2020-03-24 19:25:35;    3.1 Uploaded Counter Iteration: 3000
Batch 0;INFO;2020-03-24 19:27:08;    3.1 Uploaded Counter Iteration: 3100
Batch 0;INFO;2020-03-24 19:28:45;    3.1 Uploaded Counter Iteration: 3200
Batch 0;INFO;2020-03-24 19:30:19;    3.1 Uploaded Counter Iteration: 3300
Batch 0;INFO;2020-03-24 19:31:52;    3.1 Uploaded Counter Iteration: 3400
Batch 0;INFO;2020-03-24 19:33:26;    3.1 Uploaded Counter Iteration: 3500
Batch 0;INFO;2020-03-24 19:34:56;    3.1 Uploaded Counter Iteration: 3600
Batch 0;INFO;2020-03-24 19:36:28;    3.1 Uploaded Counter Iteration: 3700
Batch 0;INFO;2020-03-24 19:38:06;    3.1 Uploaded Counter Iteration: 3800
Batch 0;INFO;2020-03-24 19:39:45;    3.1 Uploaded Counter Iteration: 3900
Batch 0;INFO;2020-03-24 19:41:34;    3.1 Uploaded Counter Iteration: 4000
Batch 0;INFO;2020-03-24 19:43:28;    3.1 Uploaded Counter Iteration: 4100
Batch 0;INFO;2020-03-24 19:45:27;    3.1 Uploaded Counter Iteration: 4200
Batch 0;INFO;2020-03-24 19:47:25;    3.1 Uploaded Counter Iteration: 4300
Batch 0;INFO;2020-03-24 19:49:22;    3.1 Uploaded Counter Iteration: 4400
Batch 0;INFO;2020-03-24 19:51:05;    3.1 Uploaded Counter Iteration: 4500
Batch 0;INFO;2020-03-24 19:52:50;    3.1 Uploaded Counter Iteration: 4600
Batch 0;INFO;2020-03-24 19:54:36;    3.1 Uploaded Counter Iteration: 4700
Batch 0;INFO;2020-03-24 19:56:19;    3.1 Uploaded Counter Iteration: 4800
Batch 0;INFO;2020-03-24 19:57:57;    3.1 Uploaded Counter Iteration: 4900
Batch 0;INFO;2020-03-24 19:59:36;    3.1 Uploaded Counter Iteration: 5000
Batch 0;INFO;2020-03-24 20:01:25;    3.1 Uploaded Counter Iteration: 5100
Batch 0;INFO;2020-03-24 20:03:25;    3.1 Uploaded Counter Iteration: 5200
Batch 0;INFO;2020-03-24 20:05:29;    3.1 Uploaded Counter Iteration: 5300
Batch 0;INFO;2020-03-24 20:07:46;    3.1 Uploaded Counter Iteration: 5400
Batch 0;INFO;2020-03-24 20:10:00;    3.1 Uploaded Counter Iteration: 5500
Batch 0;INFO;2020-03-24 20:12:09;    3.1 Uploaded Counter Iteration: 5600
Batch 0;INFO;2020-03-24 20:14:17;    3.1 Uploaded Counter Iteration: 5700
Batch 0;INFO;2020-03-24 20:16:29;    3.1 Uploaded Counter Iteration: 5800
Batch 0;INFO;2020-03-24 20:18:37;    3.1 Uploaded Counter Iteration: 5900
Batch 0;INFO;2020-03-24 20:20:36;    3.1 Uploaded Counter Iteration: 6000
Batch 0;INFO;2020-03-24 20:22:29;    3.1 Uploaded Counter Iteration: 6100
Batch 0;INFO;2020-03-24 20:24:16;    3.1 Uploaded Counter Iteration: 6200
Batch 0;INFO;2020-03-24 20:25:56;    3.1 Uploaded Counter Iteration: 6300
Batch 0;INFO;2020-03-24 20:27:31;    3.1 Uploaded Counter Iteration: 6400
Batch 0;INFO;2020-03-24 20:29:01;    3.1 Uploaded Counter Iteration: 6500
Batch 0;INFO;2020-03-24 20:30:30;    3.1 Uploaded Counter Iteration: 6600
Batch 0;INFO;2020-03-24 20:32:00;    3.1 Uploaded Counter Iteration: 6700
Batch 0;INFO;2020-03-24 20:33:38;    3.1 Uploaded Counter Iteration: 6800
Batch 0;INFO;2020-03-24 20:35:06;    3.1 Uploaded Counter Iteration: 6900
Batch 0;INFO;2020-03-24 20:36:49;    3.1 Uploaded Counter Iteration: 7000
Batch 0;INFO;2020-03-24 20:38:25;    3.1 Uploaded Counter Iteration: 7100
Batch 0;INFO;2020-03-24 20:40:00;    3.1 Uploaded Counter Iteration: 7200
Batch 0;INFO;2020-03-24 20:41:40;    3.1 Uploaded Counter Iteration: 7300
Batch 0;INFO;2020-03-24 20:43:15;    3.1 Uploaded Counter Iteration: 7400
Batch 0;INFO;2020-03-24 20:44:51;    3.1 Uploaded Counter Iteration: 7500
Batch 0;INFO;2020-03-24 20:46:27;    3.1 Uploaded Counter Iteration: 7600
Batch 0;INFO;2020-03-24 20:48:07;    3.1 Uploaded Counter Iteration: 7700
Batch 0;INFO;2020-03-24 20:49:49;    3.1 Uploaded Counter Iteration: 7800
Batch 0;INFO;2020-03-24 20:51:25;    3.1 Uploaded Counter Iteration: 7900
Batch 0;INFO;2020-03-24 20:53:01;    3.1 Uploaded Counter Iteration: 8000
Batch 0;INFO;2020-03-24 20:54:34;    3.1 Uploaded Counter Iteration: 8100
Batch 0;INFO;2020-03-24 20:56:05;    3.1 Uploaded Counter Iteration: 8200
Batch 0;INFO;2020-03-24 20:57:37;    3.1 Uploaded Counter Iteration: 8300
Batch 0;INFO;2020-03-24 20:59:07;    3.1 Uploaded Counter Iteration: 8400
Batch 0;INFO;2020-03-24 21:00:39;    3.1 Uploaded Counter Iteration: 8500
Batch 0;INFO;2020-03-24 21:02:13;    3.1 Uploaded Counter Iteration: 8600
Batch 0;INFO;2020-03-24 21:03:44;    3.1 Uploaded Counter Iteration: 8700
Batch 0;INFO;2020-03-24 21:05:15;    3.1 Uploaded Counter Iteration: 8800
Batch 0;INFO;2020-03-24 21:06:50;    3.1 Uploaded Counter Iteration: 8900
Batch 0;INFO;2020-03-24 21:08:19;    3.1 Uploaded Counter Iteration: 9000
Batch 0;INFO;2020-03-24 21:09:56;    3.1 Uploaded Counter Iteration: 9100
Batch 0;INFO;2020-03-24 21:11:37;    3.1 Uploaded Counter Iteration: 9200
Batch 0;INFO;2020-03-24 21:13:17;    3.1 Uploaded Counter Iteration: 9300
Batch 0;INFO;2020-03-24 21:14:53;    3.1 Uploaded Counter Iteration: 9400
Batch 0;INFO;2020-03-24 21:16:22;    3.1 Uploaded Counter Iteration: 9500
Batch 0;INFO;2020-03-24 21:17:51;    3.1 Uploaded Counter Iteration: 9600
Batch 0;INFO;2020-03-24 21:19:21;    3.1 Uploaded Counter Iteration: 9700
Batch 0;INFO;2020-03-24 21:20:50;    3.1 Uploaded Counter Iteration: 9800
Batch 0;INFO;2020-03-24 21:22:21;    3.1 Uploaded Counter Iteration: 9900
Batch 0;INFO;2020-03-24 21:23:55;    3.1 Uploaded Counter Iteration: 10000
Batch 0;INFO;2020-03-24 21:25:27;    3.1 Uploaded Counter Iteration: 10100
Batch 0;INFO;2020-03-24 21:26:59;    3.1 Uploaded Counter Iteration: 10200
Batch 0;INFO;2020-03-24 21:28:27;    3.1 Uploaded Counter Iteration: 10300
Batch 0;INFO;2020-03-24 21:29:59;    3.1 Uploaded Counter Iteration: 10400
Batch 0;INFO;2020-03-24 21:31:34;    3.1 Uploaded Counter Iteration: 10500
Batch 0;INFO;2020-03-24 21:33:06;    3.1 Uploaded Counter Iteration: 10600
Batch 0;INFO;2020-03-24 21:34:39;    3.1 Uploaded Counter Iteration: 10700
Batch 0;INFO;2020-03-24 21:36:14;    3.1 Uploaded Counter Iteration: 10800
Batch 0;INFO;2020-03-24 21:38:08;    3.1 Uploaded Counter Iteration: 10900
Batch 0;INFO;2020-03-24 21:39:41;    3.1 Uploaded Counter Iteration: 11000
Batch 0;INFO;2020-03-24 21:41:12;    3.1 Uploaded Counter Iteration: 11100
Batch 0;INFO;2020-03-24 21:42:43;    3.1 Uploaded Counter Iteration: 11200
Batch 0;INFO;2020-03-24 21:44:16;    3.1 Uploaded Counter Iteration: 11300
Batch 0;INFO;2020-03-24 21:45:48;    3.1 Uploaded Counter Iteration: 11400
Batch 0;INFO;2020-03-24 21:47:21;    3.1 Uploaded Counter Iteration: 11500
Batch 0;INFO;2020-03-24 21:48:54;    3.1 Uploaded Counter Iteration: 11600
Batch 0;INFO;2020-03-24 21:50:23;    3.1 Uploaded Counter Iteration: 11700
Batch 0;INFO;2020-03-24 21:51:52;    3.1 Uploaded Counter Iteration: 11800
Batch 0;INFO;2020-03-24 21:53:22;    3.1 Uploaded Counter Iteration: 11900
Batch 0;INFO;2020-03-24 21:54:53;    3.1 Uploaded Counter Iteration: 12000
Batch 0;INFO;2020-03-24 21:56:23;    3.1 Uploaded Counter Iteration: 12100
Batch 0;INFO;2020-03-24 21:57:52;    3.1 Uploaded Counter Iteration: 12200
Batch 0;INFO;2020-03-24 21:59:26;    3.1 Uploaded Counter Iteration: 12300
Batch 0;INFO;2020-03-24 22:00:57;    3.1 Uploaded Counter Iteration: 12400
Batch 0;INFO;2020-03-24 22:02:26;    3.1 Uploaded Counter Iteration: 12500
Batch 0;INFO;2020-03-24 22:03:57;    3.1 Uploaded Counter Iteration: 12600
Batch 0;INFO;2020-03-24 22:05:27;    3.1 Uploaded Counter Iteration: 12700
Batch 0;INFO;2020-03-24 22:06:54;    3.1 Uploaded Counter Iteration: 12800
Batch 0;INFO;2020-03-24 22:08:17;    3.1 Uploaded Counter Iteration: 12900
Batch 0;INFO;2020-03-24 22:09:42;    3.1 Uploaded Counter Iteration: 13000
Batch 0;INFO;2020-03-24 22:11:10;    3.1 Uploaded Counter Iteration: 13100
Batch 0;INFO;2020-03-24 22:12:38;    3.1 Uploaded Counter Iteration: 13200
Batch 0;INFO;2020-03-24 22:14:07;    3.1 Uploaded Counter Iteration: 13300
Batch 0;INFO;2020-03-24 22:15:35;    3.1 Uploaded Counter Iteration: 13400
Batch 0;INFO;2020-03-24 22:17:03;    3.1 Uploaded Counter Iteration: 13500
Batch 0;INFO;2020-03-24 22:18:30;    3.1 Uploaded Counter Iteration: 13600
Batch 0;INFO;2020-03-24 22:20:01;    3.1 Uploaded Counter Iteration: 13700
Batch 0;INFO;2020-03-24 22:21:26;    3.1 Uploaded Counter Iteration: 13800
Batch 0;INFO;2020-03-24 22:22:52;    3.1 Uploaded Counter Iteration: 13900
Batch 0;INFO;2020-03-24 22:24:18;    3.1 Uploaded Counter Iteration: 14000
Batch 0;INFO;2020-03-24 22:25:48;    3.1 Uploaded Counter Iteration: 14100
Batch 0;INFO;2020-03-24 22:27:17;    3.1 Uploaded Counter Iteration: 14200
Batch 0;INFO;2020-03-24 22:28:43;    3.1 Uploaded Counter Iteration: 14300
Batch 0;INFO;2020-03-24 22:30:12;    3.1 Uploaded Counter Iteration: 14400
Batch 0;INFO;2020-03-24 22:31:40;    3.1 Uploaded Counter Iteration: 14500
Batch 0;INFO;2020-03-24 22:33:11;    3.1 Uploaded Counter Iteration: 14600
Batch 0;INFO;2020-03-24 22:34:44;    3.1 Uploaded Counter Iteration: 14700
Batch 0;INFO;2020-03-24 22:36:17;    3.1 Uploaded Counter Iteration: 14800
Batch 0;INFO;2020-03-24 22:37:50;    3.1 Uploaded Counter Iteration: 14900
Batch 0;INFO;2020-03-24 22:39:27;    3.1 Uploaded Counter Iteration: 15000
Batch 0;INFO;2020-03-24 22:41:04;    3.1 Uploaded Counter Iteration: 15100
Batch 0;INFO;2020-03-24 22:42:34;    3.1 Uploaded Counter Iteration: 15200
Batch 0;INFO;2020-03-24 22:44:06;    3.1 Uploaded Counter Iteration: 15300
Batch 0;INFO;2020-03-24 22:45:39;    3.1 Uploaded Counter Iteration: 15400
Batch 0;INFO;2020-03-24 22:47:10;    3.1 Uploaded Counter Iteration: 15500
Batch 0;INFO;2020-03-24 22:48:35;    3.1 Uploaded Counter Iteration: 15600
Batch 0;INFO;2020-03-24 22:50:01;    3.1 Uploaded Counter Iteration: 15700
Batch 0;INFO;2020-03-24 22:51:31;    3.1 Uploaded Counter Iteration: 15800
Batch 0;INFO;2020-03-24 22:52:56;    3.1 Uploaded Counter Iteration: 15900
Batch 0;INFO;2020-03-24 22:54:26;    3.1 Uploaded Counter Iteration: 16000
Batch 0;INFO;2020-03-24 22:55:56;    3.1 Uploaded Counter Iteration: 16100
Batch 0;INFO;2020-03-24 22:57:30;    3.1 Uploaded Counter Iteration: 16200
Batch 0;INFO;2020-03-24 22:58:59;    3.1 Uploaded Counter Iteration: 16300
Batch 0;INFO;2020-03-24 23:00:29;    3.1 Uploaded Counter Iteration: 16400
Batch 0;INFO;2020-03-24 23:02:10;    3.1 Uploaded Counter Iteration: 16500
Batch 0;INFO;2020-03-24 23:03:43;    3.1 Uploaded Counter Iteration: 16600
Batch 0;INFO;2020-03-24 23:05:12;    3.1 Uploaded Counter Iteration: 16700
Batch 0;INFO;2020-03-24 23:06:43;    3.1 Uploaded Counter Iteration: 16800
Batch 0;INFO;2020-03-24 23:08:13;    3.1 Uploaded Counter Iteration: 16900
Batch 0;INFO;2020-03-24 23:09:36;    3.1 Uploaded Counter Iteration: 17000
Batch 0;INFO;2020-03-24 23:11:00;    3.1 Uploaded Counter Iteration: 17100
Batch 0;INFO;2020-03-24 23:12:24;    3.1 Uploaded Counter Iteration: 17200
Batch 0;INFO;2020-03-24 23:13:50;    3.1 Uploaded Counter Iteration: 17300
Batch 0;INFO;2020-03-24 23:15:14;    3.1 Uploaded Counter Iteration: 17400
Batch 0;INFO;2020-03-24 23:16:40;    3.1 Uploaded Counter Iteration: 17500
Batch 0;INFO;2020-03-24 23:18:04;    3.1 Uploaded Counter Iteration: 17600
Batch 0;INFO;2020-03-24 23:19:30;    3.1 Uploaded Counter Iteration: 17700
Batch 0;INFO;2020-03-24 23:20:54;    3.1 Uploaded Counter Iteration: 17800
Batch 0;INFO;2020-03-24 23:22:18;    3.1 Uploaded Counter Iteration: 17900
Batch 0;INFO;2020-03-24 23:23:49;    3.1 Uploaded Counter Iteration: 18000
Batch 0;INFO;2020-03-24 23:25:17;    3.1 Uploaded Counter Iteration: 18100
Batch 0;INFO;2020-03-24 23:26:43;    3.1 Uploaded Counter Iteration: 18200
Batch 0;INFO;2020-03-24 23:28:10;    3.1 Uploaded Counter Iteration: 18300
Batch 0;INFO;2020-03-24 23:29:42;    3.1 Uploaded Counter Iteration: 18400
Batch 0;INFO;2020-03-24 23:31:08;    3.1 Uploaded Counter Iteration: 18500
Batch 0;INFO;2020-03-24 23:32:35;    3.1 Uploaded Counter Iteration: 18600
Batch 0;INFO;2020-03-24 23:34:01;    3.1 Uploaded Counter Iteration: 18700
Batch 0;INFO;2020-03-24 23:35:24;    3.1 Uploaded Counter Iteration: 18800
Batch 0;INFO;2020-03-24 23:36:48;    3.1 Uploaded Counter Iteration: 18900
Batch 0;INFO;2020-03-24 23:38:13;    3.1 Uploaded Counter Iteration: 19000
Batch 0;INFO;2020-03-24 23:39:37;    3.1 Uploaded Counter Iteration: 19100
Batch 0;INFO;2020-03-24 23:41:02;    3.1 Uploaded Counter Iteration: 19200
Batch 0;INFO;2020-03-24 23:42:28;    3.1 Uploaded Counter Iteration: 19300
Batch 0;INFO;2020-03-24 23:43:55;    3.1 Uploaded Counter Iteration: 19400
Batch 0;INFO;2020-03-24 23:45:23;    3.1 Uploaded Counter Iteration: 19500
Batch 0;INFO;2020-03-24 23:46:46;    3.1 Uploaded Counter Iteration: 19600
Batch 0;INFO;2020-03-24 23:48:15;    3.1 Uploaded Counter Iteration: 19700
Batch 0;INFO;2020-03-24 23:49:41;    3.1 Uploaded Counter Iteration: 19800
Batch 0;INFO;2020-03-24 23:51:07;    3.1 Uploaded Counter Iteration: 19900
Batch 0;INFO;2020-03-24 23:52:31;    3.1 Uploaded Counter Iteration: 20000
Batch 0;INFO;2020-03-24 23:53:58;    3.1 Uploaded Counter Iteration: 20100
Batch 0;INFO;2020-03-24 23:55:31;    3.1 Uploaded Counter Iteration: 20200
Batch 0;INFO;2020-03-24 23:56:57;    3.1 Uploaded Counter Iteration: 20300
Batch 0;INFO;2020-03-24 23:58:31;    3.1 Uploaded Counter Iteration: 20400
Batch 0;INFO;2020-03-24 23:59:40;3 Starting webscrapping... (Completed)
Batch 0;INFO;2020-03-24 23:59:41;4. Uploaded the remaining songs
Batch 0;INFO;2020-03-24 23:59:41;5. Succesfully run batch: 0
