Module;Type;Date;Details;Time;Error Type;Error Details;Error Line
Batch 0;INFO;2020-03-22 18:42:13;1 Connect to database...
Batch 0;INFO;2020-03-22 18:42:13;2 Select all songs...
Batch 0;INFO;2020-03-22 18:42:17;2 Select all songs... (Completed)
Batch 0;INFO;2020-03-22 18:42:17;3 Create list of songs for each artist...
Batch 0;INFO;2020-03-22 18:42:19;3 Create list of songs for each artist... (Completed)
Batch 0;INFO;2020-03-22 18:42:19;4 Select artists in batch...
Batch 0;INFO;2020-03-22 18:42:19;4 Select artists in batch... (Completed)
Batch 0;INFO;2020-03-22 18:42:19;5 Scrapping...
Batch 0;INFO;2020-03-22 18:42:19;5.1 Launching Chrome...
Batch 0;INFO;2020-03-22 18:42:24;5.1 Scrapping Artist the bristols...
Batch 0;INFO;2020-03-22 18:42:26;5.1 Scrapping Artist stephen varcoe...
Batch 0;INFO;2020-03-22 18:42:27;5.1 Scrapping Artist carroll thompson...
Batch 0;INFO;2020-03-22 18:42:28;5.1 Scrapping Artist gorodisch...
Batch 0;INFO;2020-03-22 18:42:29;5.1 Scrapping Artist 1.000 mexicans...
Batch 0;INFO;2020-03-22 18:42:30;5.1 Scrapping Artist the meatmen...
Batch 0;INFO;2020-03-22 18:42:32;5.1 Scrapping Artist miles davis...
Batch 0;INFO;2020-03-22 18:42:33;5.1 Scrapping Artist deepack...
Batch 0;INFO;2020-03-22 18:42:34;5.1 Scrapping Artist basslovers united...
Batch 0;INFO;2020-03-22 18:42:35;5.1 Scrapping Artist autokratz...
Batch 0;INFO;2020-03-22 18:42:41;5 Scrapping... (Completed)
Batch 0;INFO;2020-03-22 18:42:41;6 Inserting into match and nonmatch tables...
Batch 0;INFO;2020-03-22 18:42:41;7 Succesfully scrapped Batch 0
Batch 1;INFO;2020-03-22 18:44:30;1 Connect to database...
Batch 1;INFO;2020-03-22 18:44:30;2 Select all songs...
Batch 1;INFO;2020-03-22 18:44:34;2 Select all songs... (Completed)
Batch 1;INFO;2020-03-22 18:44:35;3 Create list of songs for each artist...
Batch 1;INFO;2020-03-22 18:44:36;3 Create list of songs for each artist... (Completed)
Batch 1;INFO;2020-03-22 18:44:36;4 Select artists in batch...
Batch 1;INFO;2020-03-22 18:44:36;4 Select artists in batch... (Completed)
Batch 1;INFO;2020-03-22 18:44:36;5 Scrapping...
Batch 1;INFO;2020-03-22 18:44:36;5.1 Launching Chrome...
Batch 1;INFO;2020-03-22 18:44:41;5.1 Scrapping Artist panda...
Batch 1;INFO;2020-03-22 18:44:43;5.1 Scrapping Artist griminal...
Batch 1;INFO;2020-03-22 18:44:45;5.1 Scrapping Artist state of shock...
Batch 1;INFO;2020-03-22 18:44:46;5.1 Scrapping Artist danger mouse & jemini...
Batch 1;INFO;2020-03-22 18:44:47;5.1 Scrapping Artist farm fresh...
Batch 1;INFO;2020-03-22 18:44:48;5.1 Scrapping Artist saigon...
Batch 1;INFO;2020-03-22 18:44:49;5.1 Scrapping Artist sir scratch...
Batch 1;INFO;2020-03-22 18:44:51;5.1 Scrapping Artist batch...
Batch 1;INFO;2020-03-22 18:44:52;5.1 Scrapping Artist memphis minnie...
Batch 1;INFO;2020-03-22 18:44:53;5.1 Scrapping Artist chris carrier...
Batch 1;INFO;2020-03-22 18:44:58;5 Scrapping... (Completed)
Batch 1;INFO;2020-03-22 18:44:58;6 Inserting into match and nonmatch tables...
Batch 1;INFO;2020-03-22 18:44:59;7 Succesfully scrapped Batch 1
